#
# There is insufficient memory for the Java Runtime Environment to continue.
# Native memory allocation (malloc) failed to allocate 1247136 bytes for Chunk::new
# Possible reasons:
#   The system is out of physical RAM or swap space
#   The process is running with CompressedOops enabled, and the Java Heap may be blocking the growth of the native heap
# Possible solutions:
#   Reduce memory load on the system
#   Increase physical memory or swap space
#   Check if swap backing store is full
#   Decrease Java heap size (-Xmx/-Xms)
#   Decrease number of Java threads
#   Decrease Java thread stack sizes (-Xss)
#   Set larger code cache with -XX:ReservedCodeCacheSize=
#   JVM is running with Zero Based Compressed Oops mode in which the Java heap is
#     placed in the first 32GB address space. The Java Heap base address is the
#     maximum limit for the native heap growth. Please use -XX:HeapBaseMinAddress
#     to set the Java Heap base and to place the Java Heap above 32GB virtual address.
# This output file may be truncated or incomplete.
#
#  Out of Memory Error (allocation.cpp:389), pid=6968, tid=0x00000000000067e0
#
# JRE version: Java(TM) SE Runtime Environment (8.0_261-b12) (build 1.8.0_261-b12)
# Java VM: Java HotSpot(TM) 64-Bit Server VM (25.261-b12 mixed mode windows-amd64 compressed oops)
# Failed to write core dump. Minidumps are not enabled by default on client versions of Windows
#

---------------  T H R E A D  ---------------

Current thread (0x0000022e5299c000):  JavaThread "C2 CompilerThread2" daemon [_thread_in_native, id=26592, stack(0x000000e31a400000,0x000000e31a500000)]

Stack: [0x000000e31a400000,0x000000e31a500000]
Native frames: (J=compiled Java code, j=interpreted, Vv=VM code, C=native code)
V  [jvm.dll+0x33e5f9]


Current CompileTask:
C2:  24690 2945       4       com.sun.javafx.iio.gif.GIFImageLoader2::load (339 bytes)


---------------  P R O C E S S  ---------------

Java Threads: ( => current thread )
  0x0000022e54f8d000 JavaThread "Thread-69" [_thread_blocked, id=28940, stack(0x000000e31e100000,0x000000e31e200000)]
  0x0000022e5bab0000 JavaThread "Thread-47" [_thread_blocked, id=26056, stack(0x000000e31e000000,0x000000e31e100000)]
  0x0000022e5baad000 JavaThread "Thread-46" [_thread_blocked, id=28676, stack(0x000000e31df00000,0x000000e31e000000)]
  0x0000022e5baaa800 JavaThread "Thread-45" [_thread_blocked, id=4276, stack(0x000000e31de00000,0x000000e31df00000)]
  0x0000022e5baaf000 JavaThread "Thread-44" [_thread_blocked, id=25712, stack(0x000000e31dd00000,0x000000e31de00000)]
  0x0000022e5baac000 JavaThread "Thread-43" [_thread_blocked, id=11848, stack(0x000000e31dc00000,0x000000e31dd00000)]
  0x0000022e5baaa000 JavaThread "Thread-42" [_thread_blocked, id=28748, stack(0x000000e31db00000,0x000000e31dc00000)]
  0x0000022e5bab0800 JavaThread "Thread-41" [_thread_blocked, id=28264, stack(0x000000e31da00000,0x000000e31db00000)]
  0x0000022e5baae800 JavaThread "Thread-40" [_thread_blocked, id=23368, stack(0x000000e31d900000,0x000000e31da00000)]
  0x0000022e5ba2b800 JavaThread "Thread-39" [_thread_blocked, id=27660, stack(0x000000e31d800000,0x000000e31d900000)]
  0x0000022e5ba2b000 JavaThread "Thread-38" [_thread_blocked, id=22804, stack(0x000000e31d700000,0x000000e31d800000)]
  0x0000022e5ba28000 JavaThread "Thread-37" [_thread_blocked, id=28864, stack(0x000000e31d600000,0x000000e31d700000)]
  0x0000022e5ba28800 JavaThread "Thread-36" [_thread_blocked, id=6340, stack(0x000000e31d500000,0x000000e31d600000)]
  0x0000022e5ba29800 JavaThread "Thread-35" [_thread_blocked, id=4960, stack(0x000000e31d400000,0x000000e31d500000)]
  0x0000022e5ba2a000 JavaThread "Thread-34" [_thread_blocked, id=25192, stack(0x000000e31d300000,0x000000e31d400000)]
  0x0000022e5ba20800 JavaThread "Thread-33" [_thread_blocked, id=19584, stack(0x000000e31d200000,0x000000e31d300000)]
  0x0000022e5ba26800 JavaThread "Thread-32" [_thread_blocked, id=26068, stack(0x000000e31d100000,0x000000e31d200000)]
  0x0000022e5ba25800 JavaThread "Thread-31" [_thread_blocked, id=12568, stack(0x000000e31d000000,0x000000e31d100000)]
  0x0000022e5ba27000 JavaThread "Thread-30" [_thread_blocked, id=23212, stack(0x000000e31cf00000,0x000000e31d000000)]
  0x0000022e5ba22800 JavaThread "Thread-29" [_thread_blocked, id=14312, stack(0x000000e31ce00000,0x000000e31cf00000)]
  0x0000022e5ba25000 JavaThread "Thread-28" [_thread_blocked, id=27536, stack(0x000000e31cd00000,0x000000e31ce00000)]
  0x0000022e5ba1e000 JavaThread "Thread-27" [_thread_blocked, id=22264, stack(0x000000e31cc00000,0x000000e31cd00000)]
  0x0000022e5ba24000 JavaThread "Thread-26" [_thread_blocked, id=8352, stack(0x000000e31cb00000,0x000000e31cc00000)]
  0x0000022e55af0800 JavaThread "Prism Font Disposer" daemon [_thread_blocked, id=1360, stack(0x000000e31b300000,0x000000e31b400000)]
  0x0000022e55714000 JavaThread "Thread-3" daemon [_thread_in_native, id=21592, stack(0x000000e31ae00000,0x000000e31af00000)]
  0x0000022e55663000 JavaThread "JavaFX-Launcher" [_thread_blocked, id=21092, stack(0x000000e31af00000,0x000000e31b000000)]
  0x0000022e55486800 JavaThread "JavaFX Application Thread" [_thread_in_Java, id=23936, stack(0x000000e31aa00000,0x000000e31ab00000)]
  0x0000022e55481800 JavaThread "Thread-1" daemon [_thread_blocked, id=24632, stack(0x000000e31a900000,0x000000e31aa00000)]
  0x0000022e551a4000 JavaThread "QuantumRenderer-0" daemon [_thread_blocked, id=29160, stack(0x000000e31a800000,0x000000e31a900000)]
  0x0000022e54df9800 JavaThread "Service Thread" daemon [_thread_blocked, id=23052, stack(0x000000e31a600000,0x000000e31a700000)]
  0x0000022e5299f000 JavaThread "C1 CompilerThread3" daemon [_thread_blocked, id=29428, stack(0x000000e31a500000,0x000000e31a600000)]
=>0x0000022e5299c000 JavaThread "C2 CompilerThread2" daemon [_thread_in_native, id=26592, stack(0x000000e31a400000,0x000000e31a500000)]
  0x0000022e5298c800 JavaThread "C2 CompilerThread1" daemon [_thread_blocked, id=9660, stack(0x000000e31a300000,0x000000e31a400000)]
  0x0000022e52983000 JavaThread "C2 CompilerThread0" daemon [_thread_blocked, id=8488, stack(0x000000e31a200000,0x000000e31a300000)]
  0x0000022e52994800 JavaThread "Attach Listener" daemon [_thread_blocked, id=26720, stack(0x000000e31a100000,0x000000e31a200000)]
  0x0000022e52993800 JavaThread "Signal Dispatcher" daemon [_thread_blocked, id=20756, stack(0x000000e31a000000,0x000000e31a100000)]
  0x0000022e52965800 JavaThread "Finalizer" daemon [_thread_blocked, id=3084, stack(0x000000e319f00000,0x000000e31a000000)]
  0x0000022e5295e800 JavaThread "Reference Handler" daemon [_thread_blocked, id=23512, stack(0x000000e319e00000,0x000000e319f00000)]
  0x0000022e37c11000 JavaThread "main" [_thread_blocked, id=26820, stack(0x000000e319200000,0x000000e319300000)]

Other Threads:
  0x0000022e52934000 VMThread [stack: 0x000000e319d00000,0x000000e319e00000] [id=16432]
  0x0000022e54dfc000 WatcherThread [stack: 0x000000e31a700000,0x000000e31a800000] [id=27388]

VM state:not at safepoint (normal execution)

VM Mutex/Monitor currently owned by a thread: None

heap address: 0x00000006c2000000, size: 4064 MB, Compressed Oops mode: Zero based, Oop shift amount: 3
Narrow klass base: 0x0000000000000000, Narrow klass shift: 3
Compressed class space size: 1073741824 Address: 0x00000007c0000000

Heap:
 PSYoungGen      total 673280K, used 393124K [0x000000076b580000, 0x0000000796000000, 0x00000007c0000000)
  eden space 647680K, 59% used [0x000000076b580000,0x00000007830da0d0,0x0000000792e00000)
  from space 25600K, 18% used [0x0000000792e00000,0x000000079328ef80,0x0000000794700000)
  to   space 15360K, 0% used [0x0000000795100000,0x0000000795100000,0x0000000796000000)
 ParOldGen       total 413184K, used 264039K [0x00000006c2000000, 0x00000006db380000, 0x000000076b580000)
  object space 413184K, 63% used [0x00000006c2000000,0x00000006d21d9f60,0x00000006db380000)
 Metaspace       used 14338K, capacity 14940K, committed 15104K, reserved 1062912K
  class space    used 1832K, capacity 1996K, committed 2048K, reserved 1048576K

Card table byte_map: [0x0000022e48a90000,0x0000022e49290000] byte_map_base: 0x0000022e45480000

Marking Bits: (ParMarkBitMap*) 0x000000005dfd4fb0
 Begin Bits: [0x0000022e497e0000, 0x0000022e4d760000)
 End Bits:   [0x0000022e4d760000, 0x0000022e516e0000)

Polling page: 0x0000022e37e50000

CodeCache: size=245760Kb used=9613Kb max_used=9683Kb free=236146Kb
 bounds [0x0000022e396d0000, 0x0000022e3a060000, 0x0000022e486d0000]
 total_blobs=3290 nmethods=2651 adapters=551
 compilation: enabled

Compilation events (10 events):
Event: 24.083 Thread 0x0000022e5299c000 nmethod 2940 0x0000022e39d423d0 code [0x0000022e39d425a0, 0x0000022e39d436e8]
Event: 24.202 Thread 0x0000022e5298c800 2943       4       javafx.collections.ListChangeBuilder::finalizeSubChange (44 bytes)
Event: 24.205 Thread 0x0000022e5298c800 nmethod 2943 0x0000022e397e59d0 code [0x0000022e397e5b20, 0x0000022e397e5cb8]
Event: 24.435 Thread 0x0000022e52983000 2944       4       java.util.regex.Pattern$BmpCharProperty::match (50 bytes)
Event: 24.438 Thread 0x0000022e52983000 nmethod 2944 0x0000022e39d44b90 code [0x0000022e39d44d20, 0x0000022e39d45148]
Event: 24.486 Thread 0x0000022e5299c000 2945       4       com.sun.javafx.iio.gif.GIFImageLoader2::load (339 bytes)
Event: 24.626 Thread 0x0000022e5298c800 2946   !   4       com.sun.javafx.collections.ListListenerHelper$SingleChange::fireValueChangedEvent (30 bytes)
Event: 24.629 Thread 0x0000022e5298c800 nmethod 2946 0x0000022e3a04a4d0 code [0x0000022e3a04a640, 0x0000022e3a04a798]
Event: 24.637 Thread 0x0000022e52983000 2947       4       java.util.WeakHashMap::entrySet (28 bytes)
Event: 24.638 Thread 0x0000022e52983000 nmethod 2947 0x0000022e39d45690 code [0x0000022e39d457e0, 0x0000022e39d458d8]

GC Heap History (10 events):
Event: 18.679 GC heap before
{Heap before GC invocations=21 (full 2):
 PSYoungGen      total 624640K, used 620884K [0x000000076b580000, 0x0000000793480000, 0x00000007c0000000)
  eden space 605184K, 100% used [0x000000076b580000,0x0000000790480000,0x0000000790480000)
  from space 19456K, 80% used [0x0000000792180000,0x00000007930d5350,0x0000000793480000)
  to   space 24576K, 0% used [0x0000000790480000,0x0000000790480000,0x0000000791c80000)
 ParOldGen       total 413184K, used 264023K [0x00000006c2000000, 0x00000006db380000, 0x000000076b580000)
  object space 413184K, 63% used [0x00000006c2000000,0x00000006d21d5f60,0x00000006db380000)
 Metaspace       used 14294K, capacity 14860K, committed 15104K, reserved 1062912K
  class space    used 1832K, capacity 1996K, committed 2048K, reserved 1048576K
Event: 18.691 GC heap after
Heap after GC invocations=21 (full 2):
 PSYoungGen      total 629760K, used 16538K [0x000000076b580000, 0x0000000796a80000, 0x00000007c0000000)
  eden space 605184K, 0% used [0x000000076b580000,0x000000076b580000,0x0000000790480000)
  from space 24576K, 67% used [0x0000000790480000,0x00000007914a6ae0,0x0000000791c80000)
  to   space 26112K, 0% used [0x0000000795100000,0x0000000795100000,0x0000000796a80000)
 ParOldGen       total 413184K, used 264023K [0x00000006c2000000, 0x00000006db380000, 0x000000076b580000)
  object space 413184K, 63% used [0x00000006c2000000,0x00000006d21d5f60,0x00000006db380000)
 Metaspace       used 14294K, capacity 14860K, committed 15104K, reserved 1062912K
  class space    used 1832K, capacity 1996K, committed 2048K, reserved 1048576K
}
Event: 20.701 GC heap before
{Heap before GC invocations=22 (full 2):
 PSYoungGen      total 629760K, used 621722K [0x000000076b580000, 0x0000000796a80000, 0x00000007c0000000)
  eden space 605184K, 100% used [0x000000076b580000,0x0000000790480000,0x0000000790480000)
  from space 24576K, 67% used [0x0000000790480000,0x00000007914a6ae0,0x0000000791c80000)
  to   space 26112K, 0% used [0x0000000795100000,0x0000000795100000,0x0000000796a80000)
 ParOldGen       total 413184K, used 264023K [0x00000006c2000000, 0x00000006db380000, 0x000000076b580000)
  object space 413184K, 63% used [0x00000006c2000000,0x00000006d21d5f60,0x00000006db380000)
 Metaspace       used 14296K, capacity 14860K, committed 15104K, reserved 1062912K
  class space    used 1832K, capacity 1996K, committed 2048K, reserved 1048576K
Event: 20.703 GC heap after
Heap after GC invocations=22 (full 2):
 PSYoungGen      total 663040K, used 3997K [0x000000076b580000, 0x0000000796000000, 0x00000007c0000000)
  eden space 647680K, 0% used [0x000000076b580000,0x000000076b580000,0x0000000792e00000)
  from space 15360K, 26% used [0x0000000795100000,0x00000007954e76f0,0x0000000796000000)
  to   space 25600K, 0% used [0x0000000792e00000,0x0000000792e00000,0x0000000794700000)
 ParOldGen       total 413184K, used 264023K [0x00000006c2000000, 0x00000006db380000, 0x000000076b580000)
  object space 413184K, 63% used [0x00000006c2000000,0x00000006d21d5f60,0x00000006db380000)
 Metaspace       used 14296K, capacity 14860K, committed 15104K, reserved 1062912K
  class space    used 1832K, capacity 1996K, committed 2048K, reserved 1048576K
}
Event: 21.760 GC heap before
{Heap before GC invocations=23 (full 2):
 PSYoungGen      total 663040K, used 651677K [0x000000076b580000, 0x0000000796000000, 0x00000007c0000000)
  eden space 647680K, 100% used [0x000000076b580000,0x0000000792e00000,0x0000000792e00000)
  from space 15360K, 26% used [0x0000000795100000,0x00000007954e76f0,0x0000000796000000)
  to   space 25600K, 0% used [0x0000000792e00000,0x0000000792e00000,0x0000000794700000)
 ParOldGen       total 413184K, used 264023K [0x00000006c2000000, 0x00000006db380000, 0x000000076b580000)
  object space 413184K, 63% used [0x00000006c2000000,0x00000006d21d5f60,0x00000006db380000)
 Metaspace       used 14300K, capacity 14860K, committed 15104K, reserved 1062912K
  class space    used 1832K, capacity 1996K, committed 2048K, reserved 1048576K
Event: 21.762 GC heap after
Heap after GC invocations=23 (full 2):
 PSYoungGen      total 673280K, used 3554K [0x000000076b580000, 0x0000000796000000, 0x00000007c0000000)
  eden space 647680K, 0% used [0x000000076b580000,0x000000076b580000,0x0000000792e00000)
  from space 25600K, 13% used [0x0000000792e00000,0x0000000793178850,0x0000000794700000)
  to   space 15360K, 0% used [0x0000000795100000,0x0000000795100000,0x0000000796000000)
 ParOldGen       total 413184K, used 264031K [0x00000006c2000000, 0x00000006db380000, 0x000000076b580000)
  object space 413184K, 63% used [0x00000006c2000000,0x00000006d21d7f60,0x00000006db380000)
 Metaspace       used 14300K, capacity 14860K, committed 15104K, reserved 1062912K
  class space    used 1832K, capacity 1996K, committed 2048K, reserved 1048576K
}
Event: 22.753 GC heap before
{Heap before GC invocations=24 (full 2):
 PSYoungGen      total 673280K, used 650910K [0x000000076b580000, 0x0000000796000000, 0x00000007c0000000)
  eden space 647680K, 99% used [0x000000076b580000,0x0000000792daf210,0x0000000792e00000)
  from space 25600K, 13% used [0x0000000792e00000,0x0000000793178850,0x0000000794700000)
  to   space 15360K, 0% used [0x0000000795100000,0x0000000795100000,0x0000000796000000)
 ParOldGen       total 413184K, used 264031K [0x00000006c2000000, 0x00000006db380000, 0x000000076b580000)
  object space 413184K, 63% used [0x00000006c2000000,0x00000006d21d7f60,0x00000006db380000)
 Metaspace       used 14325K, capacity 14940K, committed 15104K, reserved 1062912K
  class space    used 1832K, capacity 1996K, committed 2048K, reserved 1048576K
Event: 22.755 GC heap after
Heap after GC invocations=24 (full 2):
 PSYoungGen      total 663040K, used 4318K [0x000000076b580000, 0x0000000796000000, 0x00000007c0000000)
  eden space 647680K, 0% used [0x000000076b580000,0x000000076b580000,0x0000000792e00000)
  from space 15360K, 28% used [0x0000000795100000,0x0000000795537950,0x0000000796000000)
  to   space 25600K, 0% used [0x0000000792e00000,0x0000000792e00000,0x0000000794700000)
 ParOldGen       total 413184K, used 264031K [0x00000006c2000000, 0x00000006db380000, 0x000000076b580000)
  object space 413184K, 63% used [0x00000006c2000000,0x00000006d21d7f60,0x00000006db380000)
 Metaspace       used 14325K, capacity 14940K, committed 15104K, reserved 1062912K
  class space    used 1832K, capacity 1996K, committed 2048K, reserved 1048576K
}
Event: 23.985 GC heap before
{Heap before GC invocations=25 (full 2):
 PSYoungGen      total 663040K, used 651998K [0x000000076b580000, 0x0000000796000000, 0x00000007c0000000)
  eden space 647680K, 100% used [0x000000076b580000,0x0000000792e00000,0x0000000792e00000)
  from space 15360K, 28% used [0x0000000795100000,0x0000000795537950,0x0000000796000000)
  to   space 25600K, 0% used [0x0000000792e00000,0x0000000792e00000,0x0000000794700000)
 ParOldGen       total 413184K, used 264031K [0x00000006c2000000, 0x00000006db380000, 0x000000076b580000)
  object space 413184K, 63% used [0x00000006c2000000,0x00000006d21d7f60,0x00000006db380000)
 Metaspace       used 14338K, capacity 14940K, committed 15104K, reserved 1062912K
  class space    used 1832K, capacity 1996K, committed 2048K, reserved 1048576K
Event: 23.987 GC heap after
Heap after GC invocations=25 (full 2):
 PSYoungGen      total 673280K, used 4667K [0x000000076b580000, 0x0000000796000000, 0x00000007c0000000)
  eden space 647680K, 0% used [0x000000076b580000,0x000000076b580000,0x0000000792e00000)
  from space 25600K, 18% used [0x0000000792e00000,0x000000079328ef80,0x0000000794700000)
  to   space 15360K, 0% used [0x0000000795100000,0x0000000795100000,0x0000000796000000)
 ParOldGen       total 413184K, used 264039K [0x00000006c2000000, 0x00000006db380000, 0x000000076b580000)
  object space 413184K, 63% used [0x00000006c2000000,0x00000006d21d9f60,0x00000006db380000)
 Metaspace       used 14338K, capacity 14940K, committed 15104K, reserved 1062912K
  class space    used 1832K, capacity 1996K, committed 2048K, reserved 1048576K
}

Deoptimization events (10 events):
Event: 10.227 Thread 0x0000022e55486800 Uncommon trap: reason=unstable_if action=reinterpret pc=0x0000022e39dae3dc method=Game.EnemyBee.move()V @ 92
Event: 17.348 Thread 0x0000022e551a4000 Uncommon trap: reason=unstable_if action=reinterpret pc=0x0000022e39977cd8 method=com.sun.prism.impl.ManagedResource.bumpAge(I)V @ 7
Event: 17.357 Thread 0x0000022e551a4000 Uncommon trap: reason=unstable_if action=reinterpret pc=0x0000022e3987a960 method=com.sun.prism.impl.ManagedResource.bumpAge(I)V @ 7
Event: 17.373 Thread 0x0000022e551a4000 Uncommon trap: reason=unstable_if action=reinterpret pc=0x0000022e39945744 method=com.sun.prism.impl.ManagedResource.bumpAge(I)V @ 7
Event: 21.280 Thread 0x0000022e55486800 Uncommon trap: reason=predicate action=maybe_recompile pc=0x0000022e3a0398b4 method=java.util.AbstractCollection.toArray([Ljava/lang/Object;)[Ljava/lang/Object; @ 49
Event: 21.544 Thread 0x0000022e55486800 Uncommon trap: reason=array_check action=maybe_recompile pc=0x0000022e3a038d00 method=java.util.AbstractCollection.toArray([Ljava/lang/Object;)[Ljava/lang/Object; @ 119
Event: 21.544 Thread 0x0000022e55486800 Uncommon trap: reason=array_check action=maybe_recompile pc=0x0000022e3a038d00 method=java.util.AbstractCollection.toArray([Ljava/lang/Object;)[Ljava/lang/Object; @ 119
Event: 21.544 Thread 0x0000022e55486800 Uncommon trap: reason=array_check action=maybe_recompile pc=0x0000022e3a038d00 method=java.util.AbstractCollection.toArray([Ljava/lang/Object;)[Ljava/lang/Object; @ 119
Event: 21.544 Thread 0x0000022e55486800 Uncommon trap: reason=array_check action=maybe_recompile pc=0x0000022e3a038d00 method=java.util.AbstractCollection.toArray([Ljava/lang/Object;)[Ljava/lang/Object; @ 119
Event: 22.757 Thread 0x0000022e551a4000 Uncommon trap: reason=unstable_if action=reinterpret pc=0x0000022e39b4e1bc method=java.util.WeakHashMap.expungeStaleEntries()V @ 9

Classes redefined (0 events):
No events

Internal exceptions (10 events):
Event: 23.827 Thread 0x0000022e55486800 Exception <a 'java/util/ConcurrentModificationException'> (0x000000078fbec010) thrown at [C:\jenkins\workspace\8-2-build-windows-amd64-cygwin\jdk8u261\295\hotspot\src\share\vm\prims\jvm.cpp, line 1516]
Event: 23.843 Thread 0x0000022e55486800 Exception <a 'java/util/ConcurrentModificationException'> (0x00000007901051f8) thrown at [C:\jenkins\workspace\8-2-build-windows-amd64-cygwin\jdk8u261\295\hotspot\src\share\vm\prims\jvm.cpp, line 1516]
Event: 23.860 Thread 0x0000022e55486800 Exception <a 'java/util/ConcurrentModificationException'> (0x000000079061df40) thrown at [C:\jenkins\workspace\8-2-build-windows-amd64-cygwin\jdk8u261\295\hotspot\src\share\vm\prims\jvm.cpp, line 1516]
Event: 23.875 Thread 0x0000022e55486800 Exception <a 'java/util/ConcurrentModificationException'> (0x0000000790b49fe8) thrown at [C:\jenkins\workspace\8-2-build-windows-amd64-cygwin\jdk8u261\295\hotspot\src\share\vm\prims\jvm.cpp, line 1516]
Event: 23.891 Thread 0x0000022e55486800 Exception <a 'java/util/ConcurrentModificationException'> (0x0000000791062ca8) thrown at [C:\jenkins\workspace\8-2-build-windows-amd64-cygwin\jdk8u261\295\hotspot\src\share\vm\prims\jvm.cpp, line 1516]
Event: 23.908 Thread 0x0000022e55486800 Exception <a 'java/util/ConcurrentModificationException'> (0x00000007914ebf98) thrown at [C:\jenkins\workspace\8-2-build-windows-amd64-cygwin\jdk8u261\295\hotspot\src\share\vm\prims\jvm.cpp, line 1516]
Event: 23.923 Thread 0x0000022e55486800 Exception <a 'java/util/ConcurrentModificationException'> (0x0000000791aa5798) thrown at [C:\jenkins\workspace\8-2-build-windows-amd64-cygwin\jdk8u261\295\hotspot\src\share\vm\prims\jvm.cpp, line 1516]
Event: 23.939 Thread 0x0000022e55486800 Exception <a 'java/util/ConcurrentModificationException'> (0x0000000791fbeac8) thrown at [C:\jenkins\workspace\8-2-build-windows-amd64-cygwin\jdk8u261\295\hotspot\src\share\vm\prims\jvm.cpp, line 1516]
Event: 23.955 Thread 0x0000022e55486800 Exception <a 'java/util/ConcurrentModificationException'> (0x0000000792504cf8) thrown at [C:\jenkins\workspace\8-2-build-windows-amd64-cygwin\jdk8u261\295\hotspot\src\share\vm\prims\jvm.cpp, line 1516]
Event: 23.971 Thread 0x0000022e55486800 Exception <a 'java/util/ConcurrentModificationException'> (0x0000000792a1e058) thrown at [C:\jenkins\workspace\8-2-build-windows-amd64-cygwin\jdk8u261\295\hotspot\src\share\vm\prims\jvm.cpp, line 1516]

Events (10 events):
Event: 24.030 Thread 0x0000022e52983000 flushing nmethod 0x0000022e397e6110
Event: 24.030 Thread 0x0000022e52983000 flushing nmethod 0x0000022e39813890
Event: 24.073 Thread 0x0000022e5298c800 flushing nmethod 0x0000022e39842590
Event: 24.073 Thread 0x0000022e5298c800 flushing nmethod 0x0000022e3985e590
Event: 24.205 Thread 0x0000022e5298c800 flushing nmethod 0x0000022e3998fa50
Event: 24.205 Thread 0x0000022e5298c800 flushing nmethod 0x0000022e399af590
Event: 24.205 Thread 0x0000022e5298c800 flushing nmethod 0x0000022e399b9810
Event: 24.629 Thread 0x0000022e5298c800 flushing nmethod 0x0000022e39a63050
Event: 24.629 Thread 0x0000022e5298c800 flushing nmethod 0x0000022e39a6eed0
Event: 24.638 Thread 0x0000022e52983000 flushing nmethod 0x0000022e39aedad0


Dynamic libraries:
0x00007ff7b2220000 - 0x00007ff7b2267000 	C:\Program Files\Java\jdk1.8.0_261\bin\javaw.exe
0x00007ffacb9c0000 - 0x00007ffacbbc9000 	C:\WINDOWS\SYSTEM32\ntdll.dll
0x00007ffacb010000 - 0x00007ffacb0ce000 	C:\WINDOWS\System32\KERNEL32.DLL
0x00007ffac9450000 - 0x00007ffac97cb000 	C:\WINDOWS\System32\KERNELBASE.dll
0x00007ffacb2b0000 - 0x00007ffacb35e000 	C:\WINDOWS\System32\ADVAPI32.dll
0x00007ffacb0e0000 - 0x00007ffacb183000 	C:\WINDOWS\System32\msvcrt.dll
0x00007ffacaa60000 - 0x00007ffacaafe000 	C:\WINDOWS\System32\sechost.dll
0x00007ffacb190000 - 0x00007ffacb2b0000 	C:\WINDOWS\System32\RPCRT4.dll
0x00007ffacb520000 - 0x00007ffacb6cd000 	C:\WINDOWS\System32\USER32.dll
0x00007ffac8f50000 - 0x00007ffac8f76000 	C:\WINDOWS\System32\win32u.dll
0x00007ffacab10000 - 0x00007ffacab39000 	C:\WINDOWS\System32\GDI32.dll
0x00007ffac9290000 - 0x00007ffac93a8000 	C:\WINDOWS\System32\gdi32full.dll
0x00007ffac93b0000 - 0x00007ffac944d000 	C:\WINDOWS\System32\msvcp_win.dll
0x00007ffac8f80000 - 0x00007ffac9091000 	C:\WINDOWS\System32\ucrtbase.dll
0x00007ffab43f0000 - 0x00007ffab4695000 	C:\WINDOWS\WinSxS\amd64_microsoft.windows.common-controls_6595b64144ccf1df_6.0.22000.120_none_9d947278b86cc467\COMCTL32.dll
0x00007ffacb6d0000 - 0x00007ffacb702000 	C:\WINDOWS\System32\IMM32.DLL
0x00007ffac2de0000 - 0x00007ffac2df5000 	C:\Program Files\Java\jdk1.8.0_261\jre\bin\vcruntime140.dll
0x00007ffac13a0000 - 0x00007ffac143b000 	C:\Program Files\Java\jdk1.8.0_261\jre\bin\msvcp140.dll
0x000000005d7e0000 - 0x000000005e04c000 	C:\Program Files\Java\jdk1.8.0_261\jre\bin\server\jvm.dll
0x00007ffacb0d0000 - 0x00007ffacb0d8000 	C:\WINDOWS\System32\PSAPI.DLL
0x00007ffaa1f70000 - 0x00007ffaa1f79000 	C:\WINDOWS\SYSTEM32\WSOCK32.dll
0x00007ffac10f0000 - 0x00007ffac1123000 	C:\WINDOWS\SYSTEM32\WINMM.dll
0x00007ffac17a0000 - 0x00007ffac17aa000 	C:\WINDOWS\SYSTEM32\VERSION.dll
0x00007ffacb910000 - 0x00007ffacb97f000 	C:\WINDOWS\System32\WS2_32.dll
0x00007ffac7fc0000 - 0x00007ffac7fd8000 	C:\WINDOWS\SYSTEM32\kernel.appcore.dll
0x00007ffaa1d00000 - 0x00007ffaa1d10000 	C:\Program Files\Java\jdk1.8.0_261\jre\bin\verify.dll
0x00007ffa6da70000 - 0x00007ffa6da9b000 	C:\Program Files\Java\jdk1.8.0_261\jre\bin\java.dll
0x00007ffa6da50000 - 0x00007ffa6da68000 	C:\Program Files\Java\jdk1.8.0_261\jre\bin\zip.dll
0x00007ffac9e20000 - 0x00007ffaca5d7000 	C:\WINDOWS\System32\SHELL32.dll
0x00007ffac6f50000 - 0x00007ffac77b5000 	C:\WINDOWS\SYSTEM32\windows.storage.dll
0x00007ffaca5e0000 - 0x00007ffaca958000 	C:\WINDOWS\System32\combase.dll
0x00007ffac6de0000 - 0x00007ffac6f46000 	C:\WINDOWS\SYSTEM32\wintypes.dll
0x00007ffac9a90000 - 0x00007ffac9b7a000 	C:\WINDOWS\System32\SHCORE.dll
0x00007ffac98d0000 - 0x00007ffac992d000 	C:\WINDOWS\System32\shlwapi.dll
0x00007ffac8dc0000 - 0x00007ffac8de1000 	C:\WINDOWS\SYSTEM32\profapi.dll
0x0000022e37ee0000 - 0x0000022e37ee3000 	C:\Program Files\Java\jdk1.8.0_261\jre\bin\api-ms-win-core-console-l1-1-0.dll
0x0000022e37ef0000 - 0x0000022e37ef3000 	C:\Program Files\Java\jdk1.8.0_261\jre\bin\api-ms-win-core-datetime-l1-1-0.dll
0x0000022e37f00000 - 0x0000022e37f03000 	C:\Program Files\Java\jdk1.8.0_261\jre\bin\api-ms-win-core-debug-l1-1-0.dll
0x0000022e37f10000 - 0x0000022e37f13000 	C:\Program Files\Java\jdk1.8.0_261\jre\bin\api-ms-win-core-errorhandling-l1-1-0.dll
0x0000022e551e0000 - 0x0000022e551e4000 	C:\Program Files\Java\jdk1.8.0_261\jre\bin\api-ms-win-core-file-l1-1-0.dll
0x0000022e551f0000 - 0x0000022e551f3000 	C:\Program Files\Java\jdk1.8.0_261\jre\bin\api-ms-win-core-file-l1-2-0.dll
0x0000022e55200000 - 0x0000022e55203000 	C:\Program Files\Java\jdk1.8.0_261\jre\bin\api-ms-win-core-file-l2-1-0.dll
0x0000022e55210000 - 0x0000022e55213000 	C:\Program Files\Java\jdk1.8.0_261\jre\bin\api-ms-win-core-handle-l1-1-0.dll
0x0000022e55220000 - 0x0000022e55223000 	C:\Program Files\Java\jdk1.8.0_261\jre\bin\api-ms-win-core-heap-l1-1-0.dll
0x0000022e55230000 - 0x0000022e55233000 	C:\Program Files\Java\jdk1.8.0_261\jre\bin\api-ms-win-core-interlocked-l1-1-0.dll
0x0000022e55240000 - 0x0000022e55243000 	C:\Program Files\Java\jdk1.8.0_261\jre\bin\api-ms-win-core-libraryloader-l1-1-0.dll
0x0000022e55250000 - 0x0000022e55253000 	C:\Program Files\Java\jdk1.8.0_261\jre\bin\api-ms-win-core-localization-l1-2-0.dll
0x0000022e55260000 - 0x0000022e55263000 	C:\Program Files\Java\jdk1.8.0_261\jre\bin\api-ms-win-core-memory-l1-1-0.dll
0x0000022e55270000 - 0x0000022e55273000 	C:\Program Files\Java\jdk1.8.0_261\jre\bin\api-ms-win-core-namedpipe-l1-1-0.dll
0x0000022e55280000 - 0x0000022e55283000 	C:\Program Files\Java\jdk1.8.0_261\jre\bin\api-ms-win-core-processenvironment-l1-1-0.dll
0x0000022e55290000 - 0x0000022e55293000 	C:\Program Files\Java\jdk1.8.0_261\jre\bin\api-ms-win-core-processthreads-l1-1-0.dll
0x0000022e552a0000 - 0x0000022e552a3000 	C:\Program Files\Java\jdk1.8.0_261\jre\bin\api-ms-win-core-processthreads-l1-1-1.dll
0x0000022e552b0000 - 0x0000022e552b3000 	C:\Program Files\Java\jdk1.8.0_261\jre\bin\api-ms-win-core-profile-l1-1-0.dll
0x0000022e552c0000 - 0x0000022e552c3000 	C:\Program Files\Java\jdk1.8.0_261\jre\bin\api-ms-win-core-rtlsupport-l1-1-0.dll
0x0000022e552d0000 - 0x0000022e552d3000 	C:\Program Files\Java\jdk1.8.0_261\jre\bin\api-ms-win-core-string-l1-1-0.dll
0x0000022e552e0000 - 0x0000022e552e3000 	C:\Program Files\Java\jdk1.8.0_261\jre\bin\api-ms-win-core-synch-l1-1-0.dll
0x0000022e552f0000 - 0x0000022e552f3000 	C:\Program Files\Java\jdk1.8.0_261\jre\bin\api-ms-win-core-synch-l1-2-0.dll
0x0000022e55300000 - 0x0000022e55303000 	C:\Program Files\Java\jdk1.8.0_261\jre\bin\api-ms-win-core-sysinfo-l1-1-0.dll
0x0000022e55310000 - 0x0000022e55313000 	C:\Program Files\Java\jdk1.8.0_261\jre\bin\api-ms-win-core-timezone-l1-1-0.dll
0x0000022e55320000 - 0x0000022e55323000 	C:\Program Files\Java\jdk1.8.0_261\jre\bin\api-ms-win-core-util-l1-1-0.dll
0x0000022e55330000 - 0x0000022e55333000 	C:\Program Files\Java\jdk1.8.0_261\jre\bin\api-ms-win-crt-conio-l1-1-0.dll
0x0000022e55340000 - 0x0000022e55344000 	C:\Program Files\Java\jdk1.8.0_261\jre\bin\api-ms-win-crt-convert-l1-1-0.dll
0x0000022e55350000 - 0x0000022e55353000 	C:\Program Files\Java\jdk1.8.0_261\jre\bin\api-ms-win-crt-environment-l1-1-0.dll
0x0000022e55360000 - 0x0000022e55363000 	C:\Program Files\Java\jdk1.8.0_261\jre\bin\api-ms-win-crt-filesystem-l1-1-0.dll
0x0000022e55370000 - 0x0000022e55373000 	C:\Program Files\Java\jdk1.8.0_261\jre\bin\api-ms-win-crt-heap-l1-1-0.dll
0x0000022e55380000 - 0x0000022e55383000 	C:\Program Files\Java\jdk1.8.0_261\jre\bin\api-ms-win-crt-locale-l1-1-0.dll
0x0000022e55390000 - 0x0000022e55395000 	C:\Program Files\Java\jdk1.8.0_261\jre\bin\api-ms-win-crt-math-l1-1-0.dll
0x0000022e553a0000 - 0x0000022e553a5000 	C:\Program Files\Java\jdk1.8.0_261\jre\bin\api-ms-win-crt-multibyte-l1-1-0.dll
0x0000022e553b0000 - 0x0000022e553c0000 	C:\Program Files\Java\jdk1.8.0_261\jre\bin\api-ms-win-crt-private-l1-1-0.dll
0x0000022e553c0000 - 0x0000022e553c3000 	C:\Program Files\Java\jdk1.8.0_261\jre\bin\api-ms-win-crt-process-l1-1-0.dll
0x0000022e553d0000 - 0x0000022e553d4000 	C:\Program Files\Java\jdk1.8.0_261\jre\bin\api-ms-win-crt-runtime-l1-1-0.dll
0x0000022e553e0000 - 0x0000022e553e4000 	C:\Program Files\Java\jdk1.8.0_261\jre\bin\api-ms-win-crt-stdio-l1-1-0.dll
0x0000022e553f0000 - 0x0000022e553f4000 	C:\Program Files\Java\jdk1.8.0_261\jre\bin\api-ms-win-crt-string-l1-1-0.dll
0x0000022e55400000 - 0x0000022e55403000 	C:\Program Files\Java\jdk1.8.0_261\jre\bin\api-ms-win-crt-time-l1-1-0.dll
0x0000022e55410000 - 0x0000022e55413000 	C:\Program Files\Java\jdk1.8.0_261\jre\bin\api-ms-win-crt-utility-l1-1-0.dll
0x00007ffac12a0000 - 0x00007ffac139c000 	C:\Program Files\Java\jdk1.8.0_261\jre\bin\ucrtbase.dll
0x00007ffac2a50000 - 0x00007ffac2aa1000 	C:\Program Files\Java\jdk1.8.0_261\jre\bin\concrt140.dll
0x00007ffac2db0000 - 0x00007ffac2dd3000 	C:\Program Files\Java\jdk1.8.0_261\jre\bin\prism_d3d.dll
0x00007ffabd470000 - 0x00007ffabd616000 	C:\WINDOWS\system32\d3d9.dll
0x00007ffac67e0000 - 0x00007ffac680f000 	C:\WINDOWS\SYSTEM32\dwmapi.dll
0x00007ffac6380000 - 0x00007ffac63b8000 	C:\WINDOWS\SYSTEM32\dxcore.dll
0x00007ffac6040000 - 0x00007ffac60ec000 	C:\WINDOWS\system32\uxtheme.dll
0x00007ffa9fd10000 - 0x00007ffa9fe75000 	C:\WINDOWS\System32\DriverStore\FileRepository\iigd_dch.inf_amd64_e6980897e3126266\igdumdim64.dll
0x00007ffacb710000 - 0x00007ffacb8aa000 	C:\WINDOWS\System32\ole32.dll
0x00007ffa2e9a0000 - 0x00007ffa3262b000 	C:\WINDOWS\System32\DriverStore\FileRepository\iigd_dch.inf_amd64_e6980897e3126266\igd9dxva64.dll
0x00007ffaca960000 - 0x00007ffacaa36000 	C:\WINDOWS\System32\OLEAUT32.dll
0x00007ffacaba0000 - 0x00007ffacb00c000 	C:\WINDOWS\System32\SETUPAPI.dll
0x00007ffac8b60000 - 0x00007ffac8bac000 	C:\WINDOWS\SYSTEM32\cfgmgr32.dll
0x00007ffabed20000 - 0x00007ffabf056000 	C:\WINDOWS\System32\DriverStore\FileRepository\iigd_dch.inf_amd64_e6980897e3126266\igdgmm64.dll
0x00007ffac45d0000 - 0x00007ffac4614000 	C:\WINDOWS\SYSTEM32\directxdatabasehelper.dll
0x00007ffac7fe0000 - 0x00007ffac8014000 	C:\WINDOWS\SYSTEM32\ntmarta.dll
0x00007ffac1250000 - 0x00007ffac1295000 	C:\Program Files\Java\jdk1.8.0_261\jre\bin\glass.dll
0x00007ffac99a0000 - 0x00007ffac9a8c000 	C:\WINDOWS\System32\COMDLG32.dll
0x00007ffacb360000 - 0x00007ffacb47d000 	C:\WINDOWS\System32\MSCTF.dll
0x00007ffac90a0000 - 0x00007ffac911f000 	C:\WINDOWS\System32\bcryptPrimitives.dll
0x00007ffa6eea0000 - 0x00007ffa6eec7000 	C:\WINDOWS\System32\DriverStore\FileRepository\iigd_dch.inf_amd64_e6980897e3126266\igdinfo64.dll
0x00007ffac86f0000 - 0x00007ffac8708000 	C:\WINDOWS\SYSTEM32\CRYPTSP.dll
0x00007ffac7f20000 - 0x00007ffac7f55000 	C:\WINDOWS\system32\rsaenh.dll
0x00007ffac86e0000 - 0x00007ffac86ec000 	C:\WINDOWS\SYSTEM32\CRYPTBASE.dll
0x00007ffac8870000 - 0x00007ffac8897000 	C:\WINDOWS\SYSTEM32\bcrypt.dll
0x00007ffab9470000 - 0x00007ffabc1ff000 	C:\WINDOWS\System32\DriverStore\FileRepository\iigd_dch.inf_amd64_e6980897e3126266\igc64.dll
0x00007ffac2a30000 - 0x00007ffac2a44000 	C:\Program Files\Java\jdk1.8.0_261\jre\bin\javafx_font.dll
0x00007ffaaa480000 - 0x00007ffaaa6df000 	C:\WINDOWS\SYSTEM32\dwrite.dll
0x00007ffac9ba0000 - 0x00007ffac9c55000 	C:\WINDOWS\System32\clbcatq.dll
0x00007ffac15d0000 - 0x00007ffac177e000 	C:\WINDOWS\SYSTEM32\WindowsCodecs.dll
0x00007ffaa7840000 - 0x00007ffaa789d000 	C:\WINDOWS\system32\dataexchange.dll
0x00007ffac2fb0000 - 0x00007ffac3216000 	C:\WINDOWS\system32\twinapi.appcore.dll
0x00007ffac0360000 - 0x00007ffac0392000 	C:\Program Files\Common Files\Microsoft Shared\Ink\rtscom.dll
0x00007ffab17e0000 - 0x00007ffab190d000 	C:\WINDOWS\SYSTEM32\textinputframework.dll
0x00007ffac5c60000 - 0x00007ffac5d91000 	C:\WINDOWS\SYSTEM32\CoreMessaging.dll
0x00007ffac33e0000 - 0x00007ffac374d000 	C:\WINDOWS\SYSTEM32\CoreUIComponents.dll
0x00007ffac4b80000 - 0x00007ffac5138000 	C:\WINDOWS\SYSTEM32\d2d1.dll
0x00007ffac2740000 - 0x00007ffac29c0000 	C:\WINDOWS\SYSTEM32\d3d11.dll
0x00007ffac61b0000 - 0x00007ffac62a3000 	C:\WINDOWS\SYSTEM32\dxgi.dll
0x00007ffac1d60000 - 0x00007ffac2462000 	C:\WINDOWS\SYSTEM32\D3D10Warp.dll
0x00007ffaace10000 - 0x00007ffaace22000 	C:\Program Files\Java\jdk1.8.0_261\jre\bin\prism_common.dll

VM Arguments:
jvm_args: -Dfile.encoding=Cp1252 
java_command: Game.RunGame
java_class_path (initial): C:\Users\Jay Latigay\CMSC 22\MiniProject\bin;C:\Users\Jay Latigay\OneDrive\Desktop\eclipse\plugins\org.eclipse.fx.ide.css.jfx8_2.4.0.201605112122.jar
Launcher Type: SUN_STANDARD

Environment Variables:
PATH=C:/Program Files/Java/jdk1.8.0_261/bin/../jre/bin/server;C:/Program Files/Java/jdk1.8.0_261/bin/../jre/bin;C:/Program Files/Java/jdk1.8.0_261/bin/../jre/lib/amd64;C:\Windows\system32;C:\Windows;C:\Windows\System32\Wbem;C:\Windows\System32\WindowsPowerShell\v1.0\;C:\Windows\System32\OpenSSH\;C:\Program Files (x86)\NVIDIA Corporation\PhysX\Common;C:\Program Files\NVIDIA Corporation\NVIDIA NvDLISR;C:\WINDOWS\system32;C:\WINDOWS;C:\WINDOWS\System32\Wbem;C:\WINDOWS\System32\WindowsPowerShell\v1.0\;C:\WINDOWS\System32\OpenSSH\;C:\Program Files\Git\cmd;C:\Program Files\Java\jdk1.8.0_261\bin;C:\Program Files\PowerShell\7\;C:\Users\Jay Latigay\AppData\Local\Programs\Python\Python310\Scripts\;C:\Users\Jay Latigay\AppData\Local\Programs\Python\Python310\;C:\Users\Jay Latigay\AppData\Local\Microsoft\WindowsApps;;C:\Users\Jay Latigay\OneDrive\Desktop\eclipse;
USERNAME=Jay Latigay
OS=Windows_NT
PROCESSOR_IDENTIFIER=Intel64 Family 6 Model 165 Stepping 2, GenuineIntel



---------------  S Y S T E M  ---------------

OS: Windows 10.0 , 64 bit Build 22000 (10.0.22000.1335)

CPU:total 12 (initial active 12) (6 cores per cpu, 2 threads per core) family 6 model 165 stepping 2, cmov, cx8, fxsr, mmx, sse, sse2, sse3, ssse3, sse4.1, sse4.2, popcnt, avx, avx2, aes, clmul, erms, 3dnowpref, lzcnt, ht, tsc, tscinvbit, bmi1, bmi2, adx

Memory: 4k page, physical 16641840k(6279904k free), swap 66973488k(5192k free)

vm_info: Java HotSpot(TM) 64-Bit Server VM (25.261-b12) for windows-amd64 JRE (1.8.0_261-b12), built on Jun 18 2020 06:56:32 by "" with unknown MS VC++:1916

time: Tue Jan 10 17:18:01 2023
timezone: Malay Peninsula Standard Time
elapsed time: 24 seconds (0d 0h 0m 24s)

