#
# There is insufficient memory for the Java Runtime Environment to continue.
# Native memory allocation (malloc) failed to allocate 1153056 bytes for Chunk::new
# Possible reasons:
#   The system is out of physical RAM or swap space
#   The process is running with CompressedOops enabled, and the Java Heap may be blocking the growth of the native heap
# Possible solutions:
#   Reduce memory load on the system
#   Increase physical memory or swap space
#   Check if swap backing store is full
#   Decrease Java heap size (-Xmx/-Xms)
#   Decrease number of Java threads
#   Decrease Java thread stack sizes (-Xss)
#   Set larger code cache with -XX:ReservedCodeCacheSize=
#   JVM is running with Zero Based Compressed Oops mode in which the Java heap is
#     placed in the first 32GB address space. The Java Heap base address is the
#     maximum limit for the native heap growth. Please use -XX:HeapBaseMinAddress
#     to set the Java Heap base and to place the Java Heap above 32GB virtual address.
# This output file may be truncated or incomplete.
#
#  Out of Memory Error (allocation.cpp:389), pid=26156, tid=0x0000000000006914
#
# JRE version: Java(TM) SE Runtime Environment (8.0_261-b12) (build 1.8.0_261-b12)
# Java VM: Java HotSpot(TM) 64-Bit Server VM (25.261-b12 mixed mode windows-amd64 compressed oops)
# Failed to write core dump. Minidumps are not enabled by default on client versions of Windows
#

---------------  T H R E A D  ---------------

Current thread (0x000001ded943d800):  JavaThread "C2 CompilerThread1" daemon [_thread_in_native, id=26900, stack(0x000000bf77100000,0x000000bf77200000)]

Stack: [0x000000bf77100000,0x000000bf77200000]
Native frames: (J=compiled Java code, j=interpreted, Vv=VM code, C=native code)
V  [jvm.dll+0x33e5f9]
V  [jvm.dll+0x2850e2]
V  [jvm.dll+0x285d8d]
V  [jvm.dll+0x27c895]
V  [jvm.dll+0xe4d6c]
V  [jvm.dll+0xe556c]
V  [jvm.dll+0x461812]
V  [jvm.dll+0x49cc3d]
V  [jvm.dll+0x45107e]
V  [jvm.dll+0x44eb84]
V  [jvm.dll+0x439bc7]
V  [jvm.dll+0xbbbcb]
V  [jvm.dll+0xba22b]
V  [jvm.dll+0x24d962]
V  [jvm.dll+0x2a1cfc]
C  [ucrtbase.dll+0x26c0c]
C  [KERNEL32.DLL+0x155a0]
C  [ntdll.dll+0x485b]


Current CompileTask:
C2:   6717 1919       4       Game.GameTimer::handle (1478 bytes)


---------------  P R O C E S S  ---------------

Java Threads: ( => current thread )
  0x000001dee2591000 JavaThread "Thread-47" [_thread_blocked, id=27576, stack(0x000000bf7ae00000,0x000000bf7af00000)]
  0x000001dee2590000 JavaThread "Thread-46" [_thread_blocked, id=21556, stack(0x000000bf7ad00000,0x000000bf7ae00000)]
  0x000001dee258e000 JavaThread "Thread-45" [_thread_blocked, id=31788, stack(0x000000bf7ac00000,0x000000bf7ad00000)]
  0x000001dee258a000 JavaThread "Thread-44" [_thread_blocked, id=25780, stack(0x000000bf7ab00000,0x000000bf7ac00000)]
  0x000001dee258f800 JavaThread "Thread-43" [_thread_blocked, id=26800, stack(0x000000bf7aa00000,0x000000bf7ab00000)]
  0x000001dee258b000 JavaThread "Thread-42" [_thread_blocked, id=1148, stack(0x000000bf7a900000,0x000000bf7aa00000)]
  0x000001dee258e800 JavaThread "Thread-41" [_thread_blocked, id=17212, stack(0x000000bf7a800000,0x000000bf7a900000)]
  0x000001dee254c800 JavaThread "Thread-40" [_thread_blocked, id=28480, stack(0x000000bf7a700000,0x000000bf7a800000)]
  0x000001dee254f000 JavaThread "Thread-39" [_thread_blocked, id=31340, stack(0x000000bf7a600000,0x000000bf7a700000)]
  0x000001dee2549800 JavaThread "Thread-38" [_thread_blocked, id=8612, stack(0x000000bf7a500000,0x000000bf7a600000)]
  0x000001dee2547800 JavaThread "Thread-37" [_thread_blocked, id=1764, stack(0x000000bf7a400000,0x000000bf7a500000)]
  0x000001dee2549000 JavaThread "Thread-36" [_thread_blocked, id=32232, stack(0x000000bf7a300000,0x000000bf7a400000)]
  0x000001dee254e000 JavaThread "Thread-35" [_thread_blocked, id=25828, stack(0x000000bf7a200000,0x000000bf7a300000)]
  0x000001dee254a800 JavaThread "Thread-34" [_thread_blocked, id=33460, stack(0x000000bf7a100000,0x000000bf7a200000)]
  0x000001dee254c000 JavaThread "Thread-33" [_thread_blocked, id=33696, stack(0x000000bf7a000000,0x000000bf7a100000)]
  0x000001dee254b000 JavaThread "Thread-32" [_thread_blocked, id=5076, stack(0x000000bf79f00000,0x000000bf7a000000)]
  0x000001dee2548000 JavaThread "Thread-31" [_thread_blocked, id=21768, stack(0x000000bf79e00000,0x000000bf79f00000)]
  0x000001dee254d800 JavaThread "Thread-30" [_thread_blocked, id=24384, stack(0x000000bf79d00000,0x000000bf79e00000)]
  0x000001dee2540000 JavaThread "Thread-29" [_thread_blocked, id=14472, stack(0x000000bf79c00000,0x000000bf79d00000)]
  0x000001dee2546000 JavaThread "Thread-28" [_thread_blocked, id=25884, stack(0x000000bf79b00000,0x000000bf79c00000)]
  0x000001dee2542000 JavaThread "Thread-27" [_thread_blocked, id=17248, stack(0x000000bf79a00000,0x000000bf79b00000)]
  0x000001dee2543800 JavaThread "Thread-26" [_thread_blocked, id=25452, stack(0x000000bf79900000,0x000000bf79a00000)]
  0x000001dee2546800 JavaThread "Thread-25" [_thread_blocked, id=33388, stack(0x000000bf79800000,0x000000bf79900000)]
  0x000001dee2545000 JavaThread "Thread-24" [_thread_blocked, id=15960, stack(0x000000bf79700000,0x000000bf79800000)]
  0x000001dee2543000 JavaThread "Thread-23" [_thread_blocked, id=4520, stack(0x000000bf79600000,0x000000bf79700000)]
  0x000001dee2544800 JavaThread "Thread-22" [_thread_blocked, id=31604, stack(0x000000bf79500000,0x000000bf79600000)]
  0x000001dee2540800 JavaThread "Thread-21" [_thread_blocked, id=4284, stack(0x000000bf79400000,0x000000bf79500000)]
  0x000001dee2541800 JavaThread "Thread-20" [_thread_blocked, id=28372, stack(0x000000bf79300000,0x000000bf79400000)]
  0x000001dee2585800 JavaThread "Thread-19" [_thread_blocked, id=32980, stack(0x000000bf79200000,0x000000bf79300000)]
  0x000001dee2585000 JavaThread "Thread-18" [_thread_blocked, id=27756, stack(0x000000bf79100000,0x000000bf79200000)]
  0x000001dee2584000 JavaThread "Thread-17" [_thread_blocked, id=26328, stack(0x000000bf79000000,0x000000bf79100000)]
  0x000001dee2583800 JavaThread "Thread-16" [_thread_blocked, id=20920, stack(0x000000bf78f00000,0x000000bf79000000)]
  0x000001dee2582800 JavaThread "Thread-15" [_thread_blocked, id=33268, stack(0x000000bf78e00000,0x000000bf78f00000)]
  0x000001dee257f000 JavaThread "Thread-14" [_thread_blocked, id=1672, stack(0x000000bf78d00000,0x000000bf78e00000)]
  0x000001dee2581000 JavaThread "Thread-13" [_thread_blocked, id=4108, stack(0x000000bf78c00000,0x000000bf78d00000)]
  0x000001dee2580800 JavaThread "Thread-12" [_thread_blocked, id=32148, stack(0x000000bf78b00000,0x000000bf78c00000)]
  0x000001dee2582000 JavaThread "Thread-11" [_thread_blocked, id=31948, stack(0x000000bf78a00000,0x000000bf78b00000)]
  0x000001dee257f800 JavaThread "Thread-10" [_thread_blocked, id=13264, stack(0x000000bf78900000,0x000000bf78a00000)]
  0x000001dee246e800 JavaThread "Thread-9" [_thread_blocked, id=12904, stack(0x000000bf78800000,0x000000bf78900000)]
  0x000001dee246d800 JavaThread "Thread-8" [_thread_blocked, id=18056, stack(0x000000bf78700000,0x000000bf78800000)]
  0x000001dee2471800 JavaThread "Thread-7" [_thread_blocked, id=25044, stack(0x000000bf78600000,0x000000bf78700000)]
  0x000001dee2471000 JavaThread "Thread-6" [_thread_blocked, id=28884, stack(0x000000bf78500000,0x000000bf78600000)]
  0x000001dedc40f800 JavaThread "Prism Font Disposer" daemon [_thread_blocked, id=31840, stack(0x000000bf78100000,0x000000bf78200000)]
  0x000001dedc198800 JavaThread "Thread-3" daemon [_thread_in_native, id=26516, stack(0x000000bf77c00000,0x000000bf77d00000)]
  0x000001dedc164000 JavaThread "JavaFX-Launcher" [_thread_blocked, id=28200, stack(0x000000bf77d00000,0x000000bf77e00000)]
  0x000001dedbf60000 JavaThread "JavaFX Application Thread" [_thread_in_Java, id=21312, stack(0x000000bf77800000,0x000000bf77900000)]
  0x000001dedbf40800 JavaThread "Thread-1" daemon [_thread_blocked, id=28552, stack(0x000000bf77700000,0x000000bf77800000)]
  0x000001dedbc58000 JavaThread "QuantumRenderer-0" daemon [_thread_blocked, id=26068, stack(0x000000bf77600000,0x000000bf77700000)]
  0x000001dedb8eb000 JavaThread "Service Thread" daemon [_thread_blocked, id=22668, stack(0x000000bf77400000,0x000000bf77500000)]
  0x000001ded944c000 JavaThread "C1 CompilerThread3" daemon [_thread_blocked, id=5896, stack(0x000000bf77300000,0x000000bf77400000)]
  0x000001ded9441000 JavaThread "C2 CompilerThread2" daemon [_thread_blocked, id=23160, stack(0x000000bf77200000,0x000000bf77300000)]
=>0x000001ded943d800 JavaThread "C2 CompilerThread1" daemon [_thread_in_native, id=26900, stack(0x000000bf77100000,0x000000bf77200000)]
  0x000001ded9431800 JavaThread "C2 CompilerThread0" daemon [_thread_blocked, id=4384, stack(0x000000bf77000000,0x000000bf77100000)]
  0x000001ded9428800 JavaThread "Attach Listener" daemon [_thread_blocked, id=28944, stack(0x000000bf76f00000,0x000000bf77000000)]
  0x000001ded9437800 JavaThread "Signal Dispatcher" daemon [_thread_blocked, id=17876, stack(0x000000bf76e00000,0x000000bf76f00000)]
  0x000001ded9408000 JavaThread "Finalizer" daemon [_thread_blocked, id=22404, stack(0x000000bf76d00000,0x000000bf76e00000)]
  0x000001ded9401000 JavaThread "Reference Handler" daemon [_thread_blocked, id=29140, stack(0x000000bf76c00000,0x000000bf76d00000)]
  0x000001debe7b5800 JavaThread "main" [_thread_blocked, id=32176, stack(0x000000bf76000000,0x000000bf76100000)]

Other Threads:
  0x000001ded93d7800 VMThread [stack: 0x000000bf76b00000,0x000000bf76c00000] [id=13768]
  0x000001dedb90d000 WatcherThread [stack: 0x000000bf77500000,0x000000bf77600000] [id=19272]

VM state:not at safepoint (normal execution)

VM Mutex/Monitor currently owned by a thread: None

heap address: 0x00000006c2000000, size: 4064 MB, Compressed Oops mode: Zero based, Oop shift amount: 3
Narrow klass base: 0x0000000000000000, Narrow klass shift: 3
Compressed class space size: 1073741824 Address: 0x00000007c0000000

Heap:
 PSYoungGen      total 139264K, used 116082K [0x000000076b580000, 0x000000077c880000, 0x00000007c0000000)
  eden space 128512K, 90% used [0x000000076b580000,0x00000007726dc8c0,0x0000000773300000)
  from space 10752K, 0% used [0x0000000773300000,0x0000000773300000,0x0000000773d80000)
  to   space 14336K, 0% used [0x000000077ba80000,0x000000077ba80000,0x000000077c880000)
 ParOldGen       total 249344K, used 228814K [0x00000006c2000000, 0x00000006d1380000, 0x000000076b580000)
  object space 249344K, 91% used [0x00000006c2000000,0x00000006cff73970,0x00000006d1380000)
 Metaspace       used 13705K, capacity 14276K, committed 14336K, reserved 1060864K
  class space    used 1831K, capacity 1996K, committed 2048K, reserved 1048576K

Card table byte_map: [0x000001decf4e0000,0x000001decfce0000] byte_map_base: 0x000001decbed0000

Marking Bits: (ParMarkBitMap*) 0x0000000074d04fb0
 Begin Bits: [0x000001ded0230000, 0x000001ded41b0000)
 End Bits:   [0x000001ded41b0000, 0x000001ded8130000)

Polling page: 0x000001debe930000

CodeCache: size=245760Kb used=6798Kb max_used=6798Kb free=238961Kb
 bounds [0x000001dec0120000, 0x000001dec07d0000, 0x000001decf120000]
 total_blobs=2596 nmethods=1957 adapters=551
 compilation: enabled

Compilation events (10 events):
Event: 6.641 Thread 0x000001ded944c000 1951       3       javafx.animation.AnimationTimer$AnimationTimerReceiver::handle (39 bytes)
Event: 6.641 Thread 0x000001ded944c000 nmethod 1951 0x000001dec07c3110 code [0x000001dec07c32e0, 0x000001dec07c38e0]
Event: 6.645 Thread 0x000001ded944c000 1953       3       java.util.concurrent.CountDownLatch::<init> (31 bytes)
Event: 6.646 Thread 0x000001ded944c000 nmethod 1953 0x000001dec07c3cd0 code [0x000001dec07c3e80, 0x000001dec07c4410]
Event: 6.646 Thread 0x000001ded944c000 1954       3       java.util.concurrent.CountDownLatch$Sync::<init> (10 bytes)
Event: 6.646 Thread 0x000001ded944c000 nmethod 1954 0x000001dec07c4690 code [0x000001dec07c4800, 0x000001dec07c4b58]
Event: 6.646 Thread 0x000001ded944c000 1955       3       com.sun.javafx.font.FontStrikeDesc::<init> (73 bytes)
Event: 6.646 Thread 0x000001ded944c000 nmethod 1955 0x000001dec07c4c90 code [0x000001dec07c4e40, 0x000001dec07c5480]
Event: 6.654 Thread 0x000001ded944c000 1956       3       sun.misc.URLClassPath$JarLoader::findResource (18 bytes)
Event: 6.654 Thread 0x000001ded944c000 nmethod 1956 0x000001dec07c5790 code [0x000001dec07c5900, 0x000001dec07c5ba0]

GC Heap History (10 events):
Event: 5.648 GC heap before
{Heap before GC invocations=15 (full 10):
 PSYoungGen      total 139264K, used 125852K [0x000000076b580000, 0x000000077c880000, 0x00000007c0000000)
  eden space 128512K, 97% used [0x000000076b580000,0x00000007730670b8,0x0000000773300000)
  from space 10752K, 0% used [0x0000000773300000,0x0000000773300000,0x0000000773d80000)
  to   space 14336K, 0% used [0x000000077ba80000,0x000000077ba80000,0x000000077c880000)
 ParOldGen       total 249344K, used 228254K [0x00000006c2000000, 0x00000006d1380000, 0x000000076b580000)
  object space 249344K, 91% used [0x00000006c2000000,0x00000006cfee78c0,0x00000006d1380000)
 Metaspace       used 13576K, capacity 14148K, committed 14336K, reserved 1060864K
  class space    used 1831K, capacity 1996K, committed 2048K, reserved 1048576K
Event: 5.661 GC heap after
Heap after GC invocations=15 (full 10):
 PSYoungGen      total 139264K, used 0K [0x000000076b580000, 0x000000077c880000, 0x00000007c0000000)
  eden space 128512K, 0% used [0x000000076b580000,0x000000076b580000,0x0000000773300000)
  from space 10752K, 0% used [0x0000000773300000,0x0000000773300000,0x0000000773d80000)
  to   space 14336K, 0% used [0x000000077ba80000,0x000000077ba80000,0x000000077c880000)
 ParOldGen       total 249344K, used 228371K [0x00000006c2000000, 0x00000006d1380000, 0x000000076b580000)
  object space 249344K, 91% used [0x00000006c2000000,0x00000006cff04d88,0x00000006d1380000)
 Metaspace       used 13576K, capacity 14148K, committed 14336K, reserved 1060864K
  class space    used 1831K, capacity 1996K, committed 2048K, reserved 1048576K
}
Event: 5.836 GC heap before
{Heap before GC invocations=16 (full 11):
 PSYoungGen      total 139264K, used 118957K [0x000000076b580000, 0x000000077c880000, 0x00000007c0000000)
  eden space 128512K, 92% used [0x000000076b580000,0x00000007729ab4d0,0x0000000773300000)
  from space 10752K, 0% used [0x0000000773300000,0x0000000773300000,0x0000000773d80000)
  to   space 14336K, 0% used [0x000000077ba80000,0x000000077ba80000,0x000000077c880000)
 ParOldGen       total 249344K, used 228371K [0x00000006c2000000, 0x00000006d1380000, 0x000000076b580000)
  object space 249344K, 91% used [0x00000006c2000000,0x00000006cff04d88,0x00000006d1380000)
 Metaspace       used 13586K, capacity 14148K, committed 14336K, reserved 1060864K
  class space    used 1831K, capacity 1996K, committed 2048K, reserved 1048576K
Event: 5.848 GC heap after
Heap after GC invocations=16 (full 11):
 PSYoungGen      total 139264K, used 0K [0x000000076b580000, 0x000000077c880000, 0x00000007c0000000)
  eden space 128512K, 0% used [0x000000076b580000,0x000000076b580000,0x0000000773300000)
  from space 10752K, 0% used [0x0000000773300000,0x0000000773300000,0x0000000773d80000)
  to   space 14336K, 0% used [0x000000077ba80000,0x000000077ba80000,0x000000077c880000)
 ParOldGen       total 249344K, used 228502K [0x00000006c2000000, 0x00000006d1380000, 0x000000076b580000)
  object space 249344K, 91% used [0x00000006c2000000,0x00000006cff25960,0x00000006d1380000)
 Metaspace       used 13586K, capacity 14148K, committed 14336K, reserved 1060864K
  class space    used 1831K, capacity 1996K, committed 2048K, reserved 1048576K
}
Event: 6.013 GC heap before
{Heap before GC invocations=17 (full 12):
 PSYoungGen      total 139264K, used 116088K [0x000000076b580000, 0x000000077c880000, 0x00000007c0000000)
  eden space 128512K, 90% used [0x000000076b580000,0x00000007726de250,0x0000000773300000)
  from space 10752K, 0% used [0x0000000773300000,0x0000000773300000,0x0000000773d80000)
  to   space 14336K, 0% used [0x000000077ba80000,0x000000077ba80000,0x000000077c880000)
 ParOldGen       total 249344K, used 228502K [0x00000006c2000000, 0x00000006d1380000, 0x000000076b580000)
  object space 249344K, 91% used [0x00000006c2000000,0x00000006cff25960,0x00000006d1380000)
 Metaspace       used 13593K, capacity 14148K, committed 14336K, reserved 1060864K
  class space    used 1831K, capacity 1996K, committed 2048K, reserved 1048576K
Event: 6.026 GC heap after
Heap after GC invocations=17 (full 12):
 PSYoungGen      total 139264K, used 0K [0x000000076b580000, 0x000000077c880000, 0x00000007c0000000)
  eden space 128512K, 0% used [0x000000076b580000,0x000000076b580000,0x0000000773300000)
  from space 10752K, 0% used [0x0000000773300000,0x0000000773300000,0x0000000773d80000)
  to   space 14336K, 0% used [0x000000077ba80000,0x000000077ba80000,0x000000077c880000)
 ParOldGen       total 249344K, used 228683K [0x00000006c2000000, 0x00000006d1380000, 0x000000076b580000)
  object space 249344K, 91% used [0x00000006c2000000,0x00000006cff52f80,0x00000006d1380000)
 Metaspace       used 13593K, capacity 14148K, committed 14336K, reserved 1060864K
  class space    used 1831K, capacity 1996K, committed 2048K, reserved 1048576K
}
Event: 6.187 GC heap before
{Heap before GC invocations=18 (full 13):
 PSYoungGen      total 139264K, used 115384K [0x000000076b580000, 0x000000077c880000, 0x00000007c0000000)
  eden space 128512K, 89% used [0x000000076b580000,0x000000077262e370,0x0000000773300000)
  from space 10752K, 0% used [0x0000000773300000,0x0000000773300000,0x0000000773d80000)
  to   space 14336K, 0% used [0x000000077ba80000,0x000000077ba80000,0x000000077c880000)
 ParOldGen       total 249344K, used 228683K [0x00000006c2000000, 0x00000006d1380000, 0x000000076b580000)
  object space 249344K, 91% used [0x00000006c2000000,0x00000006cff52f80,0x00000006d1380000)
 Metaspace       used 13610K, capacity 14148K, committed 14336K, reserved 1060864K
  class space    used 1831K, capacity 1996K, committed 2048K, reserved 1048576K
Event: 6.201 GC heap after
Heap after GC invocations=18 (full 13):
 PSYoungGen      total 139264K, used 0K [0x000000076b580000, 0x000000077c880000, 0x00000007c0000000)
  eden space 128512K, 0% used [0x000000076b580000,0x000000076b580000,0x0000000773300000)
  from space 10752K, 0% used [0x0000000773300000,0x0000000773300000,0x0000000773d80000)
  to   space 14336K, 0% used [0x000000077ba80000,0x000000077ba80000,0x000000077c880000)
 ParOldGen       total 249344K, used 228757K [0x00000006c2000000, 0x00000006d1380000, 0x000000076b580000)
  object space 249344K, 91% used [0x00000006c2000000,0x00000006cff655b8,0x00000006d1380000)
 Metaspace       used 13610K, capacity 14148K, committed 14336K, reserved 1060864K
  class space    used 1831K, capacity 1996K, committed 2048K, reserved 1048576K
}
Event: 6.470 GC heap before
{Heap before GC invocations=19 (full 14):
 PSYoungGen      total 139264K, used 118018K [0x000000076b580000, 0x000000077c880000, 0x00000007c0000000)
  eden space 128512K, 91% used [0x000000076b580000,0x00000007728c08d8,0x0000000773300000)
  from space 10752K, 0% used [0x0000000773300000,0x0000000773300000,0x0000000773d80000)
  to   space 14336K, 0% used [0x000000077ba80000,0x000000077ba80000,0x000000077c880000)
 ParOldGen       total 249344K, used 228757K [0x00000006c2000000, 0x00000006d1380000, 0x000000076b580000)
  object space 249344K, 91% used [0x00000006c2000000,0x00000006cff655b8,0x00000006d1380000)
 Metaspace       used 13645K, capacity 14212K, committed 14336K, reserved 1060864K
  class space    used 1831K, capacity 1996K, committed 2048K, reserved 1048576K
Event: 6.483 GC heap after
Heap after GC invocations=19 (full 14):
 PSYoungGen      total 139264K, used 0K [0x000000076b580000, 0x000000077c880000, 0x00000007c0000000)
  eden space 128512K, 0% used [0x000000076b580000,0x000000076b580000,0x0000000773300000)
  from space 10752K, 0% used [0x0000000773300000,0x0000000773300000,0x0000000773d80000)
  to   space 14336K, 0% used [0x000000077ba80000,0x000000077ba80000,0x000000077c880000)
 ParOldGen       total 249344K, used 228814K [0x00000006c2000000, 0x00000006d1380000, 0x000000076b580000)
  object space 249344K, 91% used [0x00000006c2000000,0x00000006cff73970,0x00000006d1380000)
 Metaspace       used 13645K, capacity 14212K, committed 14336K, reserved 1060864K
  class space    used 1831K, capacity 1996K, committed 2048K, reserved 1048576K
}

Deoptimization events (10 events):
Event: 3.843 Thread 0x000001dedbf60000 Uncommon trap: reason=unstable_if action=reinterpret pc=0x000001dec038f0b0 method=com.sun.javafx.iio.png.PNGImageLoader2.paethPr(III)I @ 30
Event: 3.843 Thread 0x000001dedbf60000 Uncommon trap: reason=unstable_if action=reinterpret pc=0x000001dec038a1ec method=java.lang.Math.abs(I)I @ 1
Event: 3.844 Thread 0x000001dedbf60000 Uncommon trap: reason=unstable_if action=reinterpret pc=0x000001dec03920ec method=com.sun.javafx.iio.png.PNGImageLoader2.paethPr(III)I @ 30
Event: 4.292 Thread 0x000001dedbf60000 Uncommon trap: reason=unstable_if action=reinterpret pc=0x000001dec055b4d0 method=java.util.ArrayList$Itr.checkForComodification()V @ 11
Event: 5.770 Thread 0x000001dedbf60000 Uncommon trap: reason=unstable_if action=reinterpret pc=0x000001dec068c428 method=Game.EnemyBee.checkCollision2(LGame/EnemyBee;)V @ 17
Event: 5.891 Thread 0x000001dedbf60000 Uncommon trap: reason=unstable_if action=reinterpret pc=0x000001dec05a920c method=Game.EnemyBee.checkCollision2(LGame/EnemyBee;)V @ 90
Event: 5.894 Thread 0x000001dedbf60000 Uncommon trap: reason=unstable_if action=reinterpret pc=0x000001dec06fd4f4 method=Game.GameTimer.handle(J)V @ 700
Event: 6.270 Thread 0x000001dedbf60000 Uncommon trap: reason=unstable_if action=reinterpret pc=0x000001dec05e6130 method=com.sun.javafx.sg.prism.GrowableDataBuffer.putObject(Ljava/lang/Object;)V @ 9
Event: 6.605 Thread 0x000001dedbf60000 Uncommon trap: reason=unstable_if action=reinterpret pc=0x000001dec06508f8 method=com.sun.javafx.sg.prism.GrowableDataBuffer.putObject(Ljava/lang/Object;)V @ 9
Event: 6.638 Thread 0x000001dedbf60000 Uncommon trap: reason=unstable_if action=reinterpret pc=0x000001dec0789598 method=Game.GameTimer.handle(J)V @ 1030

Classes redefined (0 events):
No events

Internal exceptions (10 events):
Event: 6.240 Thread 0x000001dedbf60000 Exception <a 'java/util/ConcurrentModificationException'> (0x000000076c291ec0) thrown at [C:\jenkins\workspace\8-2-build-windows-amd64-cygwin\jdk8u261\295\hotspot\src\share\vm\prims\jvm.cpp, line 1516]
Event: 6.254 Thread 0x000001dedbf60000 Exception <a 'java/util/ConcurrentModificationException'> (0x000000076c297cd0) thrown at [C:\jenkins\workspace\8-2-build-windows-amd64-cygwin\jdk8u261\295\hotspot\src\share\vm\prims\jvm.cpp, line 1516]
Event: 6.273 Thread 0x000001dedbc58000 Implicit null exception at 0x000001dec05cfd54 to 0x000001dec05d2edf
Event: 6.273 Thread 0x000001dedbc58000 Exception <a 'java/lang/NullPointerException'> (0x000000076e5673b8) thrown at [C:\jenkins\workspace\8-2-build-windows-amd64-cygwin\jdk8u261\295\hotspot\src\share\vm\runtime\sharedRuntime.cpp, line 605]
Event: 6.276 Thread 0x000001dedbc58000 Implicit null exception at 0x000001dec05cfd54 to 0x000001dec05d2edf
Event: 6.276 Thread 0x000001dedbc58000 Exception <a 'java/lang/NullPointerException'> (0x000000076e56d4c8) thrown at [C:\jenkins\workspace\8-2-build-windows-amd64-cygwin\jdk8u261\295\hotspot\src\share\vm\runtime\sharedRuntime.cpp, line 605]
Event: 6.280 Thread 0x000001dedbc58000 Implicit null exception at 0x000001dec05cfd54 to 0x000001dec05d2edf
Event: 6.280 Thread 0x000001dedbc58000 Exception <a 'java/lang/NullPointerException'> (0x000000076e573598) thrown at [C:\jenkins\workspace\8-2-build-windows-amd64-cygwin\jdk8u261\295\hotspot\src\share\vm\runtime\sharedRuntime.cpp, line 605]
Event: 6.523 Thread 0x000001dedbf60000 Exception <a 'java/util/ConcurrentModificationException'> (0x000000076c28e7e8) thrown at [C:\jenkins\workspace\8-2-build-windows-amd64-cygwin\jdk8u261\295\hotspot\src\share\vm\prims\jvm.cpp, line 1516]
Event: 6.526 Thread 0x000001dedbf60000 Exception <a 'java/util/ConcurrentModificationException'> (0x000000076c294548) thrown at [C:\jenkins\workspace\8-2-build-windows-amd64-cygwin\jdk8u261\295\hotspot\src\share\vm\prims\jvm.cpp, line 1516]

Events (10 events):
Event: 6.589 Thread 0x000001dedbf60000 DEOPT PACKING pc=0x000001dec073513d sp=0x000000bf778fd080
Event: 6.589 Thread 0x000001dedbf60000 DEOPT UNPACKING pc=0x000001dec0167898 sp=0x000000bf778fd198 mode 0
Event: 6.605 Thread 0x000001dedbf60000 Uncommon trap: trap_request=0xffffff65 fr.pc=0x000001dec06508f8
Event: 6.605 Thread 0x000001dedbf60000 DEOPT PACKING pc=0x000001dec06508f8 sp=0x000000bf778fcfd0
Event: 6.605 Thread 0x000001dedbf60000 DEOPT UNPACKING pc=0x000001dec0165843 sp=0x000000bf778fcf30 mode 2
Event: 6.638 Thread 0x000001dedbf60000 DEOPT PACKING pc=0x000001dec07347c4 sp=0x000000bf778fd080
Event: 6.638 Thread 0x000001dedbf60000 DEOPT UNPACKING pc=0x000001dec0167898 sp=0x000000bf778fd198 mode 0
Event: 6.638 Thread 0x000001dedbf60000 Uncommon trap: trap_request=0xffffff65 fr.pc=0x000001dec0789598
Event: 6.638 Thread 0x000001dedbf60000 DEOPT PACKING pc=0x000001dec0789598 sp=0x000000bf778fd420
Event: 6.638 Thread 0x000001dedbf60000 DEOPT UNPACKING pc=0x000001dec0165843 sp=0x000000bf778fd428 mode 2


Dynamic libraries:
0x00007ff616b20000 - 0x00007ff616b67000 	C:\Program Files\Java\jdk1.8.0_261\bin\javaw.exe
0x00007ffb5a360000 - 0x00007ffb5a569000 	C:\WINDOWS\SYSTEM32\ntdll.dll
0x00007ffb58930000 - 0x00007ffb589ee000 	C:\WINDOWS\System32\KERNEL32.DLL
0x00007ffb57b40000 - 0x00007ffb57ebb000 	C:\WINDOWS\System32\KERNELBASE.dll
0x00007ffb58f70000 - 0x00007ffb5901e000 	C:\WINDOWS\System32\ADVAPI32.dll
0x00007ffb58400000 - 0x00007ffb584a3000 	C:\WINDOWS\System32\msvcrt.dll
0x00007ffb58e70000 - 0x00007ffb58f0e000 	C:\WINDOWS\System32\sechost.dll
0x00007ffb587a0000 - 0x00007ffb588c0000 	C:\WINDOWS\System32\RPCRT4.dll
0x00007ffb59b90000 - 0x00007ffb59d3d000 	C:\WINDOWS\System32\USER32.dll
0x00007ffb57950000 - 0x00007ffb57976000 	C:\WINDOWS\System32\win32u.dll
0x00007ffb58730000 - 0x00007ffb58759000 	C:\WINDOWS\System32\GDI32.dll
0x00007ffb57980000 - 0x00007ffb57a98000 	C:\WINDOWS\System32\gdi32full.dll
0x00007ffb57aa0000 - 0x00007ffb57b3d000 	C:\WINDOWS\System32\msvcp_win.dll
0x00007ffb57830000 - 0x00007ffb57941000 	C:\WINDOWS\System32\ucrtbase.dll
0x00007ffb42e30000 - 0x00007ffb430d5000 	C:\WINDOWS\WinSxS\amd64_microsoft.windows.common-controls_6595b64144ccf1df_6.0.22000.120_none_9d947278b86cc467\COMCTL32.dll
0x00007ffb58760000 - 0x00007ffb58792000 	C:\WINDOWS\System32\IMM32.DLL
0x00007ffb47070000 - 0x00007ffb47085000 	C:\Program Files\Java\jdk1.8.0_261\jre\bin\vcruntime140.dll
0x00007ffb45990000 - 0x00007ffb45a2b000 	C:\Program Files\Java\jdk1.8.0_261\jre\bin\msvcp140.dll
0x0000000074510000 - 0x0000000074d7c000 	C:\Program Files\Java\jdk1.8.0_261\jre\bin\server\jvm.dll
0x00007ffb58e60000 - 0x00007ffb58e68000 	C:\WINDOWS\System32\PSAPI.DLL
0x00007ffb4f790000 - 0x00007ffb4f79a000 	C:\WINDOWS\SYSTEM32\VERSION.dll
0x00007ffb46070000 - 0x00007ffb46079000 	C:\WINDOWS\SYSTEM32\WSOCK32.dll
0x00007ffb4f430000 - 0x00007ffb4f463000 	C:\WINDOWS\SYSTEM32\WINMM.dll
0x00007ffb588c0000 - 0x00007ffb5892f000 	C:\WINDOWS\System32\WS2_32.dll
0x00007ffb56960000 - 0x00007ffb56978000 	C:\WINDOWS\SYSTEM32\kernel.appcore.dll
0x00007ffb534d0000 - 0x00007ffb534e0000 	C:\Program Files\Java\jdk1.8.0_261\jre\bin\verify.dll
0x00007ffb45a30000 - 0x00007ffb45a5b000 	C:\Program Files\Java\jdk1.8.0_261\jre\bin\java.dll
0x00007ffb51200000 - 0x00007ffb51218000 	C:\Program Files\Java\jdk1.8.0_261\jre\bin\zip.dll
0x00007ffb59040000 - 0x00007ffb597f7000 	C:\WINDOWS\System32\SHELL32.dll
0x00007ffb558f0000 - 0x00007ffb56155000 	C:\WINDOWS\SYSTEM32\windows.storage.dll
0x00007ffb59ec0000 - 0x00007ffb5a238000 	C:\WINDOWS\System32\combase.dll
0x00007ffb55780000 - 0x00007ffb558e6000 	C:\WINDOWS\SYSTEM32\wintypes.dll
0x00007ffb59dd0000 - 0x00007ffb59eba000 	C:\WINDOWS\System32\SHCORE.dll
0x00007ffb584b0000 - 0x00007ffb5850d000 	C:\WINDOWS\System32\shlwapi.dll
0x00007ffb57760000 - 0x00007ffb57781000 	C:\WINDOWS\SYSTEM32\profapi.dll
0x000001dedbc90000 - 0x000001dedbc93000 	C:\Program Files\Java\jdk1.8.0_261\jre\bin\api-ms-win-core-console-l1-1-0.dll
0x000001dedbca0000 - 0x000001dedbca3000 	C:\Program Files\Java\jdk1.8.0_261\jre\bin\api-ms-win-core-datetime-l1-1-0.dll
0x000001dedbcb0000 - 0x000001dedbcb3000 	C:\Program Files\Java\jdk1.8.0_261\jre\bin\api-ms-win-core-debug-l1-1-0.dll
0x000001dedbcc0000 - 0x000001dedbcc3000 	C:\Program Files\Java\jdk1.8.0_261\jre\bin\api-ms-win-core-errorhandling-l1-1-0.dll
0x000001dedbcd0000 - 0x000001dedbcd4000 	C:\Program Files\Java\jdk1.8.0_261\jre\bin\api-ms-win-core-file-l1-1-0.dll
0x000001dedbce0000 - 0x000001dedbce3000 	C:\Program Files\Java\jdk1.8.0_261\jre\bin\api-ms-win-core-file-l1-2-0.dll
0x000001dedbcf0000 - 0x000001dedbcf3000 	C:\Program Files\Java\jdk1.8.0_261\jre\bin\api-ms-win-core-file-l2-1-0.dll
0x000001dedbd00000 - 0x000001dedbd03000 	C:\Program Files\Java\jdk1.8.0_261\jre\bin\api-ms-win-core-handle-l1-1-0.dll
0x000001dedbd10000 - 0x000001dedbd13000 	C:\Program Files\Java\jdk1.8.0_261\jre\bin\api-ms-win-core-heap-l1-1-0.dll
0x000001dedbd20000 - 0x000001dedbd23000 	C:\Program Files\Java\jdk1.8.0_261\jre\bin\api-ms-win-core-interlocked-l1-1-0.dll
0x000001dedbd30000 - 0x000001dedbd33000 	C:\Program Files\Java\jdk1.8.0_261\jre\bin\api-ms-win-core-libraryloader-l1-1-0.dll
0x000001dedbd40000 - 0x000001dedbd43000 	C:\Program Files\Java\jdk1.8.0_261\jre\bin\api-ms-win-core-localization-l1-2-0.dll
0x000001dedbd50000 - 0x000001dedbd53000 	C:\Program Files\Java\jdk1.8.0_261\jre\bin\api-ms-win-core-memory-l1-1-0.dll
0x000001dedbd60000 - 0x000001dedbd63000 	C:\Program Files\Java\jdk1.8.0_261\jre\bin\api-ms-win-core-namedpipe-l1-1-0.dll
0x000001dedbd70000 - 0x000001dedbd73000 	C:\Program Files\Java\jdk1.8.0_261\jre\bin\api-ms-win-core-processenvironment-l1-1-0.dll
0x000001dedbd80000 - 0x000001dedbd83000 	C:\Program Files\Java\jdk1.8.0_261\jre\bin\api-ms-win-core-processthreads-l1-1-0.dll
0x000001dedbd90000 - 0x000001dedbd93000 	C:\Program Files\Java\jdk1.8.0_261\jre\bin\api-ms-win-core-processthreads-l1-1-1.dll
0x000001dedbda0000 - 0x000001dedbda3000 	C:\Program Files\Java\jdk1.8.0_261\jre\bin\api-ms-win-core-profile-l1-1-0.dll
0x000001dedbdb0000 - 0x000001dedbdb3000 	C:\Program Files\Java\jdk1.8.0_261\jre\bin\api-ms-win-core-rtlsupport-l1-1-0.dll
0x000001dedbdc0000 - 0x000001dedbdc3000 	C:\Program Files\Java\jdk1.8.0_261\jre\bin\api-ms-win-core-string-l1-1-0.dll
0x000001dedbdd0000 - 0x000001dedbdd3000 	C:\Program Files\Java\jdk1.8.0_261\jre\bin\api-ms-win-core-synch-l1-1-0.dll
0x000001dedbde0000 - 0x000001dedbde3000 	C:\Program Files\Java\jdk1.8.0_261\jre\bin\api-ms-win-core-synch-l1-2-0.dll
0x000001dedbdf0000 - 0x000001dedbdf3000 	C:\Program Files\Java\jdk1.8.0_261\jre\bin\api-ms-win-core-sysinfo-l1-1-0.dll
0x000001dedbe00000 - 0x000001dedbe03000 	C:\Program Files\Java\jdk1.8.0_261\jre\bin\api-ms-win-core-timezone-l1-1-0.dll
0x000001dedbe10000 - 0x000001dedbe13000 	C:\Program Files\Java\jdk1.8.0_261\jre\bin\api-ms-win-core-util-l1-1-0.dll
0x000001dedbe20000 - 0x000001dedbe23000 	C:\Program Files\Java\jdk1.8.0_261\jre\bin\api-ms-win-crt-conio-l1-1-0.dll
0x000001dedbe30000 - 0x000001dedbe34000 	C:\Program Files\Java\jdk1.8.0_261\jre\bin\api-ms-win-crt-convert-l1-1-0.dll
0x000001dedbe40000 - 0x000001dedbe43000 	C:\Program Files\Java\jdk1.8.0_261\jre\bin\api-ms-win-crt-environment-l1-1-0.dll
0x000001dedbe50000 - 0x000001dedbe53000 	C:\Program Files\Java\jdk1.8.0_261\jre\bin\api-ms-win-crt-filesystem-l1-1-0.dll
0x000001dedbe60000 - 0x000001dedbe63000 	C:\Program Files\Java\jdk1.8.0_261\jre\bin\api-ms-win-crt-heap-l1-1-0.dll
0x000001dedbe70000 - 0x000001dedbe73000 	C:\Program Files\Java\jdk1.8.0_261\jre\bin\api-ms-win-crt-locale-l1-1-0.dll
0x000001dedbe80000 - 0x000001dedbe85000 	C:\Program Files\Java\jdk1.8.0_261\jre\bin\api-ms-win-crt-math-l1-1-0.dll
0x000001dedbe90000 - 0x000001dedbe95000 	C:\Program Files\Java\jdk1.8.0_261\jre\bin\api-ms-win-crt-multibyte-l1-1-0.dll
0x000001dedbea0000 - 0x000001dedbeb0000 	C:\Program Files\Java\jdk1.8.0_261\jre\bin\api-ms-win-crt-private-l1-1-0.dll
0x000001dedbeb0000 - 0x000001dedbeb3000 	C:\Program Files\Java\jdk1.8.0_261\jre\bin\api-ms-win-crt-process-l1-1-0.dll
0x000001dedbec0000 - 0x000001dedbec4000 	C:\Program Files\Java\jdk1.8.0_261\jre\bin\api-ms-win-crt-runtime-l1-1-0.dll
0x000001dedbed0000 - 0x000001dedbed4000 	C:\Program Files\Java\jdk1.8.0_261\jre\bin\api-ms-win-crt-stdio-l1-1-0.dll
0x000001dedbee0000 - 0x000001dedbee4000 	C:\Program Files\Java\jdk1.8.0_261\jre\bin\api-ms-win-crt-string-l1-1-0.dll
0x000001dedbef0000 - 0x000001dedbef3000 	C:\Program Files\Java\jdk1.8.0_261\jre\bin\api-ms-win-crt-time-l1-1-0.dll
0x000001dedbf00000 - 0x000001dedbf03000 	C:\Program Files\Java\jdk1.8.0_261\jre\bin\api-ms-win-crt-utility-l1-1-0.dll
0x00007ffb453f0000 - 0x00007ffb454ec000 	C:\Program Files\Java\jdk1.8.0_261\jre\bin\ucrtbase.dll
0x00007ffb45930000 - 0x00007ffb45981000 	C:\Program Files\Java\jdk1.8.0_261\jre\bin\concrt140.dll
0x00007ffb45900000 - 0x00007ffb45923000 	C:\Program Files\Java\jdk1.8.0_261\jre\bin\prism_d3d.dll
0x00007ffb477c0000 - 0x00007ffb47966000 	C:\WINDOWS\system32\d3d9.dll
0x00007ffb54f50000 - 0x00007ffb54f7f000 	C:\WINDOWS\SYSTEM32\dwmapi.dll
0x00007ffb54d20000 - 0x00007ffb54d58000 	C:\WINDOWS\SYSTEM32\dxcore.dll
0x00007ffb549e0000 - 0x00007ffb54a8c000 	C:\WINDOWS\system32\uxtheme.dll
0x00007ffb43ac0000 - 0x00007ffb43c25000 	C:\WINDOWS\System32\DriverStore\FileRepository\iigd_dch.inf_amd64_e6980897e3126266\igdumdim64.dll
0x00007ffb58510000 - 0x00007ffb586aa000 	C:\WINDOWS\System32\ole32.dll
0x00007ffab16a0000 - 0x00007ffab532b000 	C:\WINDOWS\System32\DriverStore\FileRepository\iigd_dch.inf_amd64_e6980897e3126266\igd9dxva64.dll
0x00007ffb59800000 - 0x00007ffb598d6000 	C:\WINDOWS\System32\OLEAUT32.dll
0x00007ffb589f0000 - 0x00007ffb58e5c000 	C:\WINDOWS\System32\SETUPAPI.dll
0x00007ffb57500000 - 0x00007ffb5754c000 	C:\WINDOWS\SYSTEM32\cfgmgr32.dll
0x00007ffb4da40000 - 0x00007ffb4dd76000 	C:\WINDOWS\System32\DriverStore\FileRepository\iigd_dch.inf_amd64_e6980897e3126266\igdgmm64.dll
0x00007ffb52cb0000 - 0x00007ffb52cf4000 	C:\WINDOWS\SYSTEM32\directxdatabasehelper.dll
0x00007ffb56980000 - 0x00007ffb569b4000 	C:\WINDOWS\SYSTEM32\ntmarta.dll
0x00007ffb457e0000 - 0x00007ffb45825000 	C:\Program Files\Java\jdk1.8.0_261\jre\bin\glass.dll
0x00007ffb59aa0000 - 0x00007ffb59b8c000 	C:\WINDOWS\System32\COMDLG32.dll
0x00007ffb58200000 - 0x00007ffb5831d000 	C:\WINDOWS\System32\MSCTF.dll
0x00007ffb57f30000 - 0x00007ffb57faf000 	C:\WINDOWS\System32\bcryptPrimitives.dll
0x00007ffb128b0000 - 0x00007ffb128d7000 	C:\WINDOWS\System32\DriverStore\FileRepository\iigd_dch.inf_amd64_e6980897e3126266\igdinfo64.dll
0x00007ffb57090000 - 0x00007ffb570a8000 	C:\WINDOWS\SYSTEM32\CRYPTSP.dll
0x00007ffb568c0000 - 0x00007ffb568f5000 	C:\WINDOWS\system32\rsaenh.dll
0x00007ffb57080000 - 0x00007ffb5708c000 	C:\WINDOWS\SYSTEM32\CRYPTBASE.dll
0x00007ffb57210000 - 0x00007ffb57237000 	C:\WINDOWS\SYSTEM32\bcrypt.dll
0x00007ffb48140000 - 0x00007ffb4aecf000 	C:\WINDOWS\System32\DriverStore\FileRepository\iigd_dch.inf_amd64_e6980897e3126266\igc64.dll
0x00007ffb47050000 - 0x00007ffb47064000 	C:\Program Files\Java\jdk1.8.0_261\jre\bin\javafx_font.dll
0x00007ffb39140000 - 0x00007ffb3939f000 	C:\WINDOWS\SYSTEM32\dwrite.dll
0x00007ffb58330000 - 0x00007ffb583e5000 	C:\WINDOWS\System32\clbcatq.dll
0x00007ffb4f7a0000 - 0x00007ffb4f94e000 	C:\WINDOWS\SYSTEM32\WindowsCodecs.dll
0x00007ffb36130000 - 0x00007ffb3618d000 	C:\WINDOWS\system32\dataexchange.dll
0x00007ffb51610000 - 0x00007ffb51876000 	C:\WINDOWS\system32\twinapi.appcore.dll
0x00007ffb45760000 - 0x00007ffb45792000 	C:\Program Files\Common Files\Microsoft Shared\Ink\rtscom.dll
0x00007ffb3ec70000 - 0x00007ffb3ed9d000 	C:\WINDOWS\SYSTEM32\textinputframework.dll
0x00007ffb54600000 - 0x00007ffb54731000 	C:\WINDOWS\SYSTEM32\CoreMessaging.dll
0x00007ffb51d20000 - 0x00007ffb5208d000 	C:\WINDOWS\SYSTEM32\CoreUIComponents.dll
0x00007ffb53510000 - 0x00007ffb53ac8000 	C:\WINDOWS\SYSTEM32\d2d1.dll
0x00007ffb51250000 - 0x00007ffb514d0000 	C:\WINDOWS\SYSTEM32\d3d11.dll
0x00007ffb54b50000 - 0x00007ffb54c43000 	C:\WINDOWS\SYSTEM32\dxgi.dll
0x00007ffb50760000 - 0x00007ffb50e62000 	C:\WINDOWS\SYSTEM32\D3D10Warp.dll
0x00007ffb458e0000 - 0x00007ffb458f2000 	C:\Program Files\Java\jdk1.8.0_261\jre\bin\prism_common.dll
0x00007ffb54f80000 - 0x00007ffb551a1000 	C:\WINDOWS\SYSTEM32\dbghelp.dll

VM Arguments:
jvm_args: -Dfile.encoding=Cp1252 
java_command: Game.RunGame
java_class_path (initial): C:\Users\Jay Latigay\CMSC 22\MiniProject\bin;C:\Users\Jay Latigay\OneDrive\Desktop\eclipse\plugins\org.eclipse.fx.ide.css.jfx8_2.4.0.201605112122.jar
Launcher Type: SUN_STANDARD

Environment Variables:
PATH=C:/Program Files/Java/jdk1.8.0_261/bin/../jre/bin/server;C:/Program Files/Java/jdk1.8.0_261/bin/../jre/bin;C:/Program Files/Java/jdk1.8.0_261/bin/../jre/lib/amd64;C:\Windows\system32;C:\Windows;C:\Windows\System32\Wbem;C:\Windows\System32\WindowsPowerShell\v1.0\;C:\Windows\System32\OpenSSH\;C:\Program Files (x86)\NVIDIA Corporation\PhysX\Common;C:\Program Files\NVIDIA Corporation\NVIDIA NvDLISR;C:\WINDOWS\system32;C:\WINDOWS;C:\WINDOWS\System32\Wbem;C:\WINDOWS\System32\WindowsPowerShell\v1.0\;C:\WINDOWS\System32\OpenSSH\;C:\Program Files\Git\cmd;C:\Program Files\Java\jdk1.8.0_261\bin;C:\Program Files\PowerShell\7\;C:\Users\Jay Latigay\AppData\Local\Programs\Python\Python310\Scripts\;C:\Users\Jay Latigay\AppData\Local\Programs\Python\Python310\;C:\Users\Jay Latigay\AppData\Local\Microsoft\WindowsApps;;C:\Users\Jay Latigay\OneDrive\Desktop\eclipse;
USERNAME=Jay Latigay
OS=Windows_NT
PROCESSOR_IDENTIFIER=Intel64 Family 6 Model 165 Stepping 2, GenuineIntel



---------------  S Y S T E M  ---------------

OS: Windows 10.0 , 64 bit Build 22000 (10.0.22000.1335)

CPU:total 12 (initial active 12) (6 cores per cpu, 2 threads per core) family 6 model 165 stepping 2, cmov, cx8, fxsr, mmx, sse, sse2, sse3, ssse3, sse4.1, sse4.2, popcnt, avx, avx2, aes, clmul, erms, 3dnowpref, lzcnt, ht, tsc, tscinvbit, bmi1, bmi2, adx

Memory: 4k page, physical 16641840k(6411772k free), swap 66973488k(5136k free)

vm_info: Java HotSpot(TM) 64-Bit Server VM (25.261-b12) for windows-amd64 JRE (1.8.0_261-b12), built on Jun 18 2020 06:56:32 by "" with unknown MS VC++:1916

time: Tue Jan 10 05:09:55 2023
timezone: Malay Peninsula Standard Time
elapsed time: 6 seconds (0d 0h 0m 6s)

