#
# There is insufficient memory for the Java Runtime Environment to continue.
# Native memory allocation (malloc) failed to allocate 343968 bytes for Chunk::new
# Possible reasons:
#   The system is out of physical RAM or swap space
#   The process is running with CompressedOops enabled, and the Java Heap may be blocking the growth of the native heap
# Possible solutions:
#   Reduce memory load on the system
#   Increase physical memory or swap space
#   Check if swap backing store is full
#   Decrease Java heap size (-Xmx/-Xms)
#   Decrease number of Java threads
#   Decrease Java thread stack sizes (-Xss)
#   Set larger code cache with -XX:ReservedCodeCacheSize=
#   JVM is running with Zero Based Compressed Oops mode in which the Java heap is
#     placed in the first 32GB address space. The Java Heap base address is the
#     maximum limit for the native heap growth. Please use -XX:HeapBaseMinAddress
#     to set the Java Heap base and to place the Java Heap above 32GB virtual address.
# This output file may be truncated or incomplete.
#
#  Out of Memory Error (allocation.cpp:389), pid=6852, tid=0x00000000000074a8
#
# JRE version: Java(TM) SE Runtime Environment (8.0_261-b12) (build 1.8.0_261-b12)
# Java VM: Java HotSpot(TM) 64-Bit Server VM (25.261-b12 mixed mode windows-amd64 compressed oops)
# Failed to write core dump. Minidumps are not enabled by default on client versions of Windows
#

---------------  T H R E A D  ---------------

Current thread (0x0000016e72b9d000):  JavaThread "C2 CompilerThread0" daemon [_thread_in_native, id=29864, stack(0x0000004eccd00000,0x0000004ecce00000)]

Stack: [0x0000004eccd00000,0x0000004ecce00000]
Native frames: (J=compiled Java code, j=interpreted, Vv=VM code, C=native code)
V  [jvm.dll+0x33e5f9]
V  [jvm.dll+0x2850e2]
V  [jvm.dll+0x285d8d]
V  [gdi32full.dll+0x27c895]
V  [jvm.dll+0xe4d6c]
V  [jvm.dll+0xe556c]
V  [jvm.dll+0x47ed35]
V  [api-ms-win-crt-process-l1-1-0.dll+0x446900]
V  [jvm.dll+0x44f8f5]
V  [jvm.dll+0x44ecb5]
V  [jvm.dll+0x439bc7]
V  [jvm.dll+0xbbbcb]
V  [jvm.dll+0xba22b]
V  [api-ms-win-core-sysinfo-l1-1-0.dll+0x24d962]
V  [profapi.dll+0x2a1cfc]
C  [ucrtbase.dll+0x26c0c]
C  [KERNEL32.DLL+0x155a0]
C  [ntdll.dll+0x485b]


Current CompileTask:
C2:   4351 1476       4       Game.Food::checkCollision (60 bytes)


---------------  P R O C E S S  ---------------

Java Threads: ( => current thread )
  0x0000016e7bcfe800 JavaThread "Thread-47" [_thread_blocked, id=10880, stack(0x0000004ed0b00000,0x0000004ed0c00000)]
  0x0000016e7bd05000 JavaThread "Thread-46" [_thread_blocked, id=31584, stack(0x0000004ed0a00000,0x0000004ed0b00000)]
  0x0000016e7bd04000 JavaThread "Thread-45" [_thread_blocked, id=23924, stack(0x0000004ed0900000,0x0000004ed0a00000)]
  0x0000016e7bd03000 JavaThread "Thread-44" [_thread_blocked, id=30956, stack(0x0000004ed0800000,0x0000004ed0900000)]
  0x0000016e7bcff800 JavaThread "Thread-43" [_thread_blocked, id=1680, stack(0x0000004ed0700000,0x0000004ed0800000)]
  0x0000016e7bcfd000 JavaThread "Thread-42" [_thread_blocked, id=30448, stack(0x0000004ed0600000,0x0000004ed0700000)]
  0x0000016e7bd02800 JavaThread "Thread-41" [_thread_blocked, id=28696, stack(0x0000004ed0500000,0x0000004ed0600000)]
  0x0000016e7bd01800 JavaThread "Thread-40" [_thread_blocked, id=22916, stack(0x0000004ed0400000,0x0000004ed0500000)]
  0x0000016e7bbc3000 JavaThread "Thread-39" [_thread_blocked, id=3440, stack(0x0000004ed0300000,0x0000004ed0400000)]
  0x0000016e7bbbc000 JavaThread "Thread-38" [_thread_blocked, id=20584, stack(0x0000004ed0200000,0x0000004ed0300000)]
  0x0000016e7bbc2000 JavaThread "Thread-37" [_thread_blocked, id=29812, stack(0x0000004ed0100000,0x0000004ed0200000)]
  0x0000016e7bbc0800 JavaThread "Thread-36" [_thread_blocked, id=24864, stack(0x0000004ed0000000,0x0000004ed0100000)]
  0x0000016e7bbbd800 JavaThread "Thread-35" [_thread_blocked, id=29892, stack(0x0000004ecff00000,0x0000004ed0000000)]
  0x0000016e7bbbf000 JavaThread "Thread-34" [_thread_blocked, id=24112, stack(0x0000004ecfe00000,0x0000004ecff00000)]
  0x0000016e7bbbd000 JavaThread "Thread-33" [_thread_blocked, id=25612, stack(0x0000004ecfd00000,0x0000004ecfe00000)]
  0x0000016e7bbc1800 JavaThread "Thread-32" [_thread_blocked, id=23992, stack(0x0000004ecfc00000,0x0000004ecfd00000)]
  0x0000016e7bbc0000 JavaThread "Thread-31" [_thread_blocked, id=20700, stack(0x0000004ecfb00000,0x0000004ecfc00000)]
  0x0000016e7bbbe800 JavaThread "Thread-30" [_thread_blocked, id=26460, stack(0x0000004ecfa00000,0x0000004ecfb00000)]
  0x0000016e7bbb4800 JavaThread "Thread-29" [_thread_blocked, id=22044, stack(0x0000004ecf900000,0x0000004ecfa00000)]
  0x0000016e7bbb7800 JavaThread "Thread-28" [_thread_blocked, id=12860, stack(0x0000004ecf800000,0x0000004ecf900000)]
  0x0000016e7bbbb800 JavaThread "Thread-27" [_thread_blocked, id=32696, stack(0x0000004ecf700000,0x0000004ecf800000)]
  0x0000016e7bbb6000 JavaThread "Thread-26" [_thread_blocked, id=31356, stack(0x0000004ecf600000,0x0000004ecf700000)]
  0x0000016e7bbba800 JavaThread "Thread-25" [_thread_blocked, id=28484, stack(0x0000004ecf500000,0x0000004ecf600000)]
  0x0000016e7bbb5800 JavaThread "Thread-24" [_thread_blocked, id=29400, stack(0x0000004ecf400000,0x0000004ecf500000)]
  0x0000016e7bbba000 JavaThread "Thread-23" [_thread_blocked, id=5532, stack(0x0000004ecf300000,0x0000004ecf400000)]
  0x0000016e7bbb7000 JavaThread "Thread-22" [_thread_blocked, id=16280, stack(0x0000004ecf200000,0x0000004ecf300000)]
  0x0000016e7bbb9000 JavaThread "Thread-21" [_thread_blocked, id=23868, stack(0x0000004ecf100000,0x0000004ecf200000)]
  0x0000016e7bbb4000 JavaThread "Thread-20" [_thread_blocked, id=28264, stack(0x0000004ecf000000,0x0000004ecf100000)]
  0x0000016e7bbb8800 JavaThread "Thread-19" [_thread_blocked, id=4696, stack(0x0000004ecef00000,0x0000004ecf000000)]
  0x0000016e75388000 JavaThread "Thread-18" [_thread_blocked, id=28472, stack(0x0000004ecee00000,0x0000004ecef00000)]
  0x0000016e75387800 JavaThread "Thread-17" [_thread_blocked, id=7424, stack(0x0000004eced00000,0x0000004ecee00000)]
  0x0000016e7538a800 JavaThread "Thread-16" [_thread_blocked, id=29512, stack(0x0000004ecec00000,0x0000004eced00000)]
  0x0000016e75386800 JavaThread "Thread-15" [_thread_blocked, id=17224, stack(0x0000004eceb00000,0x0000004ecec00000)]
  0x0000016e75389000 JavaThread "Thread-14" [_thread_blocked, id=30508, stack(0x0000004ecea00000,0x0000004eceb00000)]
  0x0000016e75383800 JavaThread "Thread-13" [_thread_blocked, id=30604, stack(0x0000004ece900000,0x0000004ecea00000)]
  0x0000016e75386000 JavaThread "Thread-12" [_thread_blocked, id=13396, stack(0x0000004ece800000,0x0000004ece900000)]
  0x0000016e75389800 JavaThread "Thread-11" [_thread_blocked, id=30076, stack(0x0000004ece700000,0x0000004ece800000)]
  0x0000016e75384800 JavaThread "Thread-10" [_thread_blocked, id=24500, stack(0x0000004ece600000,0x0000004ece700000)]
  0x0000016e7bcf8800 JavaThread "Thread-9" [_thread_blocked, id=22688, stack(0x0000004ece500000,0x0000004ece600000)]
  0x0000016e7bcf5800 JavaThread "Thread-8" [_thread_blocked, id=28460, stack(0x0000004ece400000,0x0000004ece500000)]
  0x0000016e7bb77000 JavaThread "Thread-7" [_thread_blocked, id=25120, stack(0x0000004ece300000,0x0000004ece400000)]
  0x0000016e7bcf4800 JavaThread "Thread-6" [_thread_blocked, id=12724, stack(0x0000004ece200000,0x0000004ece300000)]
  0x0000016e75d3b800 JavaThread "Prism Font Disposer" daemon [_thread_blocked, id=22932, stack(0x0000004ecde00000,0x0000004ecdf00000)]
  0x0000016e758cb800 JavaThread "Thread-3" daemon [_thread_in_native, id=33512, stack(0x0000004ecd900000,0x0000004ecda00000)]
  0x0000016e758af000 JavaThread "JavaFX-Launcher" [_thread_blocked, id=23308, stack(0x0000004ecda00000,0x0000004ecdb00000)]
  0x0000016e756fd000 JavaThread "JavaFX Application Thread" [_thread_in_Java, id=31016, stack(0x0000004ecd500000,0x0000004ecd600000)]
  0x0000016e756c1000 JavaThread "Thread-1" daemon [_thread_in_vm_trans, id=9516, stack(0x0000004ecd400000,0x0000004ecd500000)]
  0x0000016e753e2800 JavaThread "QuantumRenderer-0" daemon [_thread_in_native, id=31844, stack(0x0000004ecd300000,0x0000004ecd400000)]
  0x0000016e7506b000 JavaThread "Service Thread" daemon [_thread_blocked, id=30800, stack(0x0000004ecd100000,0x0000004ecd200000)]
  0x0000016e72bb1000 JavaThread "C1 CompilerThread3" daemon [_thread_blocked, id=22156, stack(0x0000004ecd000000,0x0000004ecd100000)]
  0x0000016e72bac000 JavaThread "C2 CompilerThread2" daemon [_thread_in_native, id=12748, stack(0x0000004eccf00000,0x0000004ecd000000)]
  0x0000016e72ba4800 JavaThread "C2 CompilerThread1" daemon [_thread_blocked, id=14240, stack(0x0000004ecce00000,0x0000004eccf00000)]
=>0x0000016e72b9d000 JavaThread "C2 CompilerThread0" daemon [_thread_in_native, id=29864, stack(0x0000004eccd00000,0x0000004ecce00000)]
  0x0000016e72b99800 JavaThread "Attach Listener" daemon [_thread_blocked, id=6064, stack(0x0000004eccc00000,0x0000004eccd00000)]
  0x0000016e72b98800 JavaThread "Signal Dispatcher" daemon [_thread_blocked, id=26712, stack(0x0000004eccb00000,0x0000004eccc00000)]
  0x0000016e72b74800 JavaThread "Finalizer" daemon [_thread_blocked, id=6300, stack(0x0000004ecca00000,0x0000004eccb00000)]
  0x0000016e72b6d800 JavaThread "Reference Handler" daemon [_thread_blocked, id=23716, stack(0x0000004ecc900000,0x0000004ecca00000)]
  0x0000016e57d83000 JavaThread "main" [_thread_blocked, id=32248, stack(0x0000004ecbd00000,0x0000004ecbe00000)]

Other Threads:
  0x0000016e72b43800 VMThread [stack: 0x0000004ecc800000,0x0000004ecc900000] [id=27608]
  0x0000016e7502b800 WatcherThread [stack: 0x0000004ecd200000,0x0000004ecd300000] [id=21904]

VM state:not at safepoint (normal execution)

VM Mutex/Monitor currently owned by a thread: None

heap address: 0x00000006c2000000, size: 4064 MB, Compressed Oops mode: Zero based, Oop shift amount: 3
Narrow klass base: 0x0000000000000000, Narrow klass shift: 3
Compressed class space size: 1073741824 Address: 0x00000007c0000000

Heap:
 PSYoungGen      total 139264K, used 87810K [0x000000076b580000, 0x0000000774800000, 0x00000007c0000000)
  eden space 128512K, 68% used [0x000000076b580000,0x0000000770b40b78,0x0000000773300000)
  from space 10752K, 0% used [0x0000000773300000,0x0000000773300000,0x0000000773d80000)
  to   space 9216K, 0% used [0x0000000773f00000,0x0000000773f00000,0x0000000774800000)
 ParOldGen       total 249856K, used 227968K [0x00000006c2000000, 0x00000006d1400000, 0x000000076b580000)
  object space 249856K, 91% used [0x00000006c2000000,0x00000006cfea01b0,0x00000006d1400000)
 Metaspace       used 13417K, capacity 14010K, committed 14080K, reserved 1060864K
  class space    used 1826K, capacity 1995K, committed 2048K, reserved 1048576K

Card table byte_map: [0x0000016e68c50000,0x0000016e69450000] byte_map_base: 0x0000016e65640000

Marking Bits: (ParMarkBitMap*) 0x0000000074d04fb0
 Begin Bits: [0x0000016e699a0000, 0x0000016e6d920000)
 End Bits:   [0x0000016e6d920000, 0x0000016e718a0000)

Polling page: 0x0000016e580a0000

CodeCache: size=245760Kb used=5161Kb max_used=5161Kb free=240598Kb
 bounds [0x0000016e59890000, 0x0000016e59da0000, 0x0000016e68890000]
 total_blobs=2200 nmethods=1561 adapters=551
 compilation: enabled

Compilation events (10 events):
Event: 4.293 Thread 0x0000016e72bac000 1541       4       Game.SuperSpeed::checkCollision (7 bytes)
Event: 4.294 Thread 0x0000016e72bb1000 nmethod 1539 0x0000016e59d4f910 code [0x0000016e59d4fc40, 0x0000016e59d518d0]
Event: 4.294 Thread 0x0000016e72bb1000 1542       3       com.sun.prism.impl.BaseGraphics::isAlphaTestShader (26 bytes)
Event: 4.295 Thread 0x0000016e72bb1000 nmethod 1542 0x0000016e59d52250 code [0x0000016e59d523c0, 0x0000016e59d526f8]
Event: 4.295 Thread 0x0000016e72bb1000 1540       3       java.lang.StackTraceElement::isNativeMethod (15 bytes)
Event: 4.295 Thread 0x0000016e72bb1000 nmethod 1540 0x0000016e59d52790 code [0x0000016e59d528e0, 0x0000016e59d52a98]
Event: 4.295 Thread 0x0000016e72ba4800 1543       4       sun.nio.cs.SingleByte$Encoder::encodeArrayLoop (236 bytes)
Event: 4.296 Thread 0x0000016e72bb1000 1544 %     3       Game.GameTimer::handle @ 294 (1478 bytes)
Event: 4.296 Thread 0x0000016e72bac000 nmethod 1541 0x0000016e59d55950 code [0x0000016e59d55aa0, 0x0000016e59d55cd8]
Event: 4.306 Thread 0x0000016e72ba4800 nmethod 1543 0x0000016e59d536d0 code [0x0000016e59d53840, 0x0000016e59d53ed8]

GC Heap History (10 events):
Event: 3.208 GC heap before
{Heap before GC invocations=5 (full 1):
 PSYoungGen      total 75776K, used 46793K [0x000000076b580000, 0x0000000774980000, 0x00000007c0000000)
  eden space 65024K, 71% used [0x000000076b580000,0x000000076e332420,0x000000076f500000)
  from space 10752K, 0% used [0x000000076f500000,0x000000076f500000,0x000000076ff80000)
  to   space 10752K, 0% used [0x0000000773f00000,0x0000000773f00000,0x0000000774980000)
 ParOldGen       total 249856K, used 117460K [0x00000006c2000000, 0x00000006d1400000, 0x000000076b580000)
  object space 249856K, 47% used [0x00000006c2000000,0x00000006c92b5178,0x00000006d1400000)
 Metaspace       used 13035K, capacity 13544K, committed 13824K, reserved 1060864K
  class space    used 1793K, capacity 1927K, committed 2048K, reserved 1048576K
Event: 3.230 GC heap after
Heap after GC invocations=5 (full 1):
 PSYoungGen      total 137728K, used 793K [0x000000076b580000, 0x0000000774800000, 0x00000007c0000000)
  eden space 128512K, 0% used [0x000000076b580000,0x000000076b580000,0x0000000773300000)
  from space 9216K, 8% used [0x0000000773f00000,0x0000000773fc6440,0x0000000774800000)
  to   space 10752K, 0% used [0x0000000773300000,0x0000000773300000,0x0000000773d80000)
 ParOldGen       total 249856K, used 162460K [0x00000006c2000000, 0x00000006d1400000, 0x000000076b580000)
  object space 249856K, 65% used [0x00000006c2000000,0x00000006cbea7198,0x00000006d1400000)
 Metaspace       used 13035K, capacity 13544K, committed 13824K, reserved 1060864K
  class space    used 1793K, capacity 1927K, committed 2048K, reserved 1048576K
}
Event: 3.659 GC heap before
{Heap before GC invocations=6 (full 1):
 PSYoungGen      total 137728K, used 122540K [0x000000076b580000, 0x0000000774800000, 0x00000007c0000000)
  eden space 128512K, 94% used [0x000000076b580000,0x0000000772c64ea0,0x0000000773300000)
  from space 9216K, 8% used [0x0000000773f00000,0x0000000773fc6440,0x0000000774800000)
  to   space 10752K, 0% used [0x0000000773300000,0x0000000773300000,0x0000000773d80000)
 ParOldGen       total 249856K, used 162460K [0x00000006c2000000, 0x00000006d1400000, 0x000000076b580000)
  object space 249856K, 65% used [0x00000006c2000000,0x00000006cbea7198,0x00000006d1400000)
 Metaspace       used 13128K, capacity 13674K, committed 13824K, reserved 1060864K
  class space    used 1816K, capacity 1993K, committed 2048K, reserved 1048576K
Event: 3.692 GC heap after
Heap after GC invocations=6 (full 1):
 PSYoungGen      total 139264K, used 3754K [0x000000076b580000, 0x0000000774800000, 0x00000007c0000000)
  eden space 128512K, 0% used [0x000000076b580000,0x000000076b580000,0x0000000773300000)
  from space 10752K, 34% used [0x0000000773300000,0x00000007736aa910,0x0000000773d80000)
  to   space 9216K, 0% used [0x0000000773f00000,0x0000000773f00000,0x0000000774800000)
 ParOldGen       total 249856K, used 243193K [0x00000006c2000000, 0x00000006d1400000, 0x000000076b580000)
  object space 249856K, 97% used [0x00000006c2000000,0x00000006d0d7e5d8,0x00000006d1400000)
 Metaspace       used 13128K, capacity 13674K, committed 13824K, reserved 1060864K
  class space    used 1816K, capacity 1993K, committed 2048K, reserved 1048576K
}
Event: 3.692 GC heap before
{Heap before GC invocations=7 (full 2):
 PSYoungGen      total 139264K, used 3754K [0x000000076b580000, 0x0000000774800000, 0x00000007c0000000)
  eden space 128512K, 0% used [0x000000076b580000,0x000000076b580000,0x0000000773300000)
  from space 10752K, 34% used [0x0000000773300000,0x00000007736aa910,0x0000000773d80000)
  to   space 9216K, 0% used [0x0000000773f00000,0x0000000773f00000,0x0000000774800000)
 ParOldGen       total 249856K, used 243193K [0x00000006c2000000, 0x00000006d1400000, 0x000000076b580000)
  object space 249856K, 97% used [0x00000006c2000000,0x00000006d0d7e5d8,0x00000006d1400000)
 Metaspace       used 13128K, capacity 13674K, committed 13824K, reserved 1060864K
  class space    used 1816K, capacity 1993K, committed 2048K, reserved 1048576K
Event: 3.731 GC heap after
Heap after GC invocations=7 (full 2):
 PSYoungGen      total 139264K, used 0K [0x000000076b580000, 0x0000000774800000, 0x00000007c0000000)
  eden space 128512K, 0% used [0x000000076b580000,0x000000076b580000,0x0000000773300000)
  from space 10752K, 0% used [0x0000000773300000,0x0000000773300000,0x0000000773d80000)
  to   space 9216K, 0% used [0x0000000773f00000,0x0000000773f00000,0x0000000774800000)
 ParOldGen       total 249856K, used 245365K [0x00000006c2000000, 0x00000006d1400000, 0x000000076b580000)
  object space 249856K, 98% used [0x00000006c2000000,0x00000006d0f9d6c0,0x00000006d1400000)
 Metaspace       used 13128K, capacity 13674K, committed 13824K, reserved 1060864K
  class space    used 1816K, capacity 1993K, committed 2048K, reserved 1048576K
}
Event: 3.927 GC heap before
{Heap before GC invocations=8 (full 3):
 PSYoungGen      total 139264K, used 117605K [0x000000076b580000, 0x0000000774800000, 0x00000007c0000000)
  eden space 128512K, 91% used [0x000000076b580000,0x0000000772859450,0x0000000773300000)
  from space 10752K, 0% used [0x0000000773300000,0x0000000773300000,0x0000000773d80000)
  to   space 9216K, 0% used [0x0000000773f00000,0x0000000773f00000,0x0000000774800000)
 ParOldGen       total 249856K, used 245365K [0x00000006c2000000, 0x00000006d1400000, 0x000000076b580000)
  object space 249856K, 98% used [0x00000006c2000000,0x00000006d0f9d6c0,0x00000006d1400000)
 Metaspace       used 13223K, capacity 13810K, committed 14080K, reserved 1060864K
  class space    used 1824K, capacity 1995K, committed 2048K, reserved 1048576K
Event: 3.961 GC heap after
Heap after GC invocations=8 (full 3):
 PSYoungGen      total 139264K, used 0K [0x000000076b580000, 0x0000000774800000, 0x00000007c0000000)
  eden space 128512K, 0% used [0x000000076b580000,0x000000076b580000,0x0000000773300000)
  from space 10752K, 0% used [0x0000000773300000,0x0000000773300000,0x0000000773d80000)
  to   space 9216K, 0% used [0x0000000773f00000,0x0000000773f00000,0x0000000774800000)
 ParOldGen       total 249856K, used 227903K [0x00000006c2000000, 0x00000006d1400000, 0x000000076b580000)
  object space 249856K, 91% used [0x00000006c2000000,0x00000006cfe8fe90,0x00000006d1400000)
 Metaspace       used 13223K, capacity 13810K, committed 14080K, reserved 1060864K
  class space    used 1824K, capacity 1995K, committed 2048K, reserved 1048576K
}
Event: 4.097 GC heap before
{Heap before GC invocations=9 (full 4):
 PSYoungGen      total 139264K, used 115817K [0x000000076b580000, 0x0000000774800000, 0x00000007c0000000)
  eden space 128512K, 90% used [0x000000076b580000,0x000000077269a650,0x0000000773300000)
  from space 10752K, 0% used [0x0000000773300000,0x0000000773300000,0x0000000773d80000)
  to   space 9216K, 0% used [0x0000000773f00000,0x0000000773f00000,0x0000000774800000)
 ParOldGen       total 249856K, used 227903K [0x00000006c2000000, 0x00000006d1400000, 0x000000076b580000)
  object space 249856K, 91% used [0x00000006c2000000,0x00000006cfe8fe90,0x00000006d1400000)
 Metaspace       used 13262K, capacity 13810K, committed 14080K, reserved 1060864K
  class space    used 1826K, capacity 1995K, committed 2048K, reserved 1048576K
Event: 4.109 GC heap after
Heap after GC invocations=9 (full 4):
 PSYoungGen      total 139264K, used 0K [0x000000076b580000, 0x0000000774800000, 0x00000007c0000000)
  eden space 128512K, 0% used [0x000000076b580000,0x000000076b580000,0x0000000773300000)
  from space 10752K, 0% used [0x0000000773300000,0x0000000773300000,0x0000000773d80000)
  to   space 9216K, 0% used [0x0000000773f00000,0x0000000773f00000,0x0000000774800000)
 ParOldGen       total 249856K, used 227968K [0x00000006c2000000, 0x00000006d1400000, 0x000000076b580000)
  object space 249856K, 91% used [0x00000006c2000000,0x00000006cfea01b0,0x00000006d1400000)
 Metaspace       used 13262K, capacity 13810K, committed 14080K, reserved 1060864K
  class space    used 1826K, capacity 1995K, committed 2048K, reserved 1048576K
}

Deoptimization events (10 events):
Event: 1.176 Thread 0x0000016e756fd000 Uncommon trap: reason=class_check action=maybe_recompile pc=0x0000016e599aea00 method=java.lang.String.equals(Ljava/lang/Object;)Z @ 8
Event: 1.221 Thread 0x0000016e756fd000 Uncommon trap: reason=unstable_if action=reinterpret pc=0x0000016e59b77020 method=sun.net.www.ParseUtil.encodePath(Ljava/lang/String;Z)Ljava/lang/String; @ 109
Event: 3.579 Thread 0x0000016e756fd000 Uncommon trap: reason=unstable_if action=reinterpret pc=0x0000016e59ad1684 method=com.sun.javafx.iio.common.RoughScaler.putSourceScanline([BI)Z @ 33
Event: 3.581 Thread 0x0000016e756fd000 Uncommon trap: reason=unstable_if action=reinterpret pc=0x0000016e59c91a9c method=com.sun.javafx.iio.gif.GIFImageLoader2.restoreToBackground([BIIII)V @ 7
Event: 3.590 Thread 0x0000016e756fd000 Uncommon trap: reason=unstable_if action=reinterpret pc=0x0000016e59af4254 method=com.sun.javafx.image.impl.ByteBgra$ToByteBgraPreConv.doConvert([BII[BIIII)V @ 75
Event: 3.602 Thread 0x0000016e756fd000 Uncommon trap: reason=unstable_if action=reinterpret pc=0x0000016e59b00030 method=com.sun.javafx.iio.png.PNGImageLoader2.paethPr(III)I @ 30
Event: 3.602 Thread 0x0000016e756fd000 Uncommon trap: reason=unstable_if action=reinterpret pc=0x0000016e59afb3ec method=java.lang.Math.abs(I)I @ 1
Event: 3.603 Thread 0x0000016e756fd000 Uncommon trap: reason=unstable_if action=reinterpret pc=0x0000016e59b0c8ec method=com.sun.javafx.iio.png.PNGImageLoader2.paethPr(III)I @ 30
Event: 4.028 Thread 0x0000016e756fd000 Uncommon trap: reason=unstable_if action=reinterpret pc=0x0000016e59cc6210 method=java.util.ArrayList$Itr.checkForComodification()V @ 11
Event: 4.060 Thread 0x0000016e756fd000 Uncommon trap: reason=unstable_if action=reinterpret pc=0x0000016e59cd5ae0 method=Game.Food.checkCollision(LGame/EnemyBee;)V @ 5

Classes redefined (0 events):
No events

Internal exceptions (10 events):
Event: 4.290 Thread 0x0000016e753e2800 Implicit null exception at 0x0000016e59d1e754 to 0x0000016e59d218df
Event: 4.290 Thread 0x0000016e753e2800 Exception <a 'java/lang/NullPointerException'> (0x00000007705dce40) thrown at [C:\jenkins\workspace\8-2-build-windows-amd64-cygwin\jdk8u261\295\hotspot\src\share\vm\runtime\sharedRuntime.cpp, line 605]
Event: 4.292 Thread 0x0000016e753e2800 Implicit null exception at 0x0000016e59d1e754 to 0x0000016e59d218df
Event: 4.292 Thread 0x0000016e753e2800 Exception <a 'java/lang/NullPointerException'> (0x00000007705e2f00) thrown at [C:\jenkins\workspace\8-2-build-windows-amd64-cygwin\jdk8u261\295\hotspot\src\share\vm\runtime\sharedRuntime.cpp, line 605]
Event: 4.294 Thread 0x0000016e753e2800 Implicit null exception at 0x0000016e59d1e754 to 0x0000016e59d218df
Event: 4.295 Thread 0x0000016e753e2800 Exception <a 'java/lang/NullPointerException'> (0x00000007705e8fc0) thrown at [C:\jenkins\workspace\8-2-build-windows-amd64-cygwin\jdk8u261\295\hotspot\src\share\vm\runtime\sharedRuntime.cpp, line 605]
Event: 4.297 Thread 0x0000016e753e2800 Implicit null exception at 0x0000016e59d1e754 to 0x0000016e59d218df
Event: 4.297 Thread 0x0000016e753e2800 Exception <a 'java/lang/NullPointerException'> (0x00000007705ef080) thrown at [C:\jenkins\workspace\8-2-build-windows-amd64-cygwin\jdk8u261\295\hotspot\src\share\vm\runtime\sharedRuntime.cpp, line 605]
Event: 4.299 Thread 0x0000016e753e2800 Implicit null exception at 0x0000016e59d1e754 to 0x0000016e59d218df
Event: 4.299 Thread 0x0000016e753e2800 Exception <a 'java/lang/NullPointerException'> (0x00000007705f5140) thrown at [C:\jenkins\workspace\8-2-build-windows-amd64-cygwin\jdk8u261\295\hotspot\src\share\vm\runtime\sharedRuntime.cpp, line 605]

Events (10 events):
Event: 4.028 Thread 0x0000016e756fd000 DEOPT UNPACKING pc=0x0000016e598d5843 sp=0x0000004ecd5fd7e8 mode 2
Event: 4.028 loading class java/util/ConcurrentModificationException
Event: 4.028 loading class java/util/ConcurrentModificationException done
Event: 4.060 Thread 0x0000016e756fd000 Uncommon trap: trap_request=0xffffff65 fr.pc=0x0000016e59cd5ae0
Event: 4.060 Thread 0x0000016e756fd000 DEOPT PACKING pc=0x0000016e59cd5ae0 sp=0x0000004ecd5fd850
Event: 4.060 Thread 0x0000016e756fd000 DEOPT UNPACKING pc=0x0000016e598d5843 sp=0x0000004ecd5fd848 mode 2
Event: 4.097 Executing VM operation: ParallelGCFailedAllocation
Event: 4.109 Executing VM operation: ParallelGCFailedAllocation done
Event: 4.155 Executing VM operation: EnableBiasedLocking
Event: 4.159 Executing VM operation: EnableBiasedLocking done


Dynamic libraries:
0x00007ff616b20000 - 0x00007ff616b67000 	C:\Program Files\Java\jdk1.8.0_261\bin\javaw.exe
0x00007ffb5a360000 - 0x00007ffb5a569000 	C:\WINDOWS\SYSTEM32\ntdll.dll
0x00007ffb58930000 - 0x00007ffb589ee000 	C:\WINDOWS\System32\KERNEL32.DLL
0x00007ffb57b40000 - 0x00007ffb57ebb000 	C:\WINDOWS\System32\KERNELBASE.dll
0x00007ffb58f70000 - 0x00007ffb5901e000 	C:\WINDOWS\System32\ADVAPI32.dll
0x00007ffb58400000 - 0x00007ffb584a3000 	C:\WINDOWS\System32\msvcrt.dll
0x00007ffb58e70000 - 0x00007ffb58f0e000 	C:\WINDOWS\System32\sechost.dll
0x00007ffb587a0000 - 0x00007ffb588c0000 	C:\WINDOWS\System32\RPCRT4.dll
0x00007ffb59b90000 - 0x00007ffb59d3d000 	C:\WINDOWS\System32\USER32.dll
0x00007ffb57950000 - 0x00007ffb57976000 	C:\WINDOWS\System32\win32u.dll
0x00007ffb58730000 - 0x00007ffb58759000 	C:\WINDOWS\System32\GDI32.dll
0x00007ffb57980000 - 0x00007ffb57a98000 	C:\WINDOWS\System32\gdi32full.dll
0x00007ffb57aa0000 - 0x00007ffb57b3d000 	C:\WINDOWS\System32\msvcp_win.dll
0x00007ffb57830000 - 0x00007ffb57941000 	C:\WINDOWS\System32\ucrtbase.dll
0x00007ffb42e30000 - 0x00007ffb430d5000 	C:\WINDOWS\WinSxS\amd64_microsoft.windows.common-controls_6595b64144ccf1df_6.0.22000.120_none_9d947278b86cc467\COMCTL32.dll
0x00007ffb58760000 - 0x00007ffb58792000 	C:\WINDOWS\System32\IMM32.DLL
0x00007ffb47070000 - 0x00007ffb47085000 	C:\Program Files\Java\jdk1.8.0_261\jre\bin\vcruntime140.dll
0x00007ffb45990000 - 0x00007ffb45a2b000 	C:\Program Files\Java\jdk1.8.0_261\jre\bin\msvcp140.dll
0x0000000074510000 - 0x0000000074d7c000 	C:\Program Files\Java\jdk1.8.0_261\jre\bin\server\jvm.dll
0x00007ffb58e60000 - 0x00007ffb58e68000 	C:\WINDOWS\System32\PSAPI.DLL
0x00007ffb4f430000 - 0x00007ffb4f463000 	C:\WINDOWS\SYSTEM32\WINMM.dll
0x00007ffb46070000 - 0x00007ffb46079000 	C:\WINDOWS\SYSTEM32\WSOCK32.dll
0x00007ffb4f790000 - 0x00007ffb4f79a000 	C:\WINDOWS\SYSTEM32\VERSION.dll
0x00007ffb588c0000 - 0x00007ffb5892f000 	C:\WINDOWS\System32\WS2_32.dll
0x00007ffb56960000 - 0x00007ffb56978000 	C:\WINDOWS\SYSTEM32\kernel.appcore.dll
0x00007ffb534d0000 - 0x00007ffb534e0000 	C:\Program Files\Java\jdk1.8.0_261\jre\bin\verify.dll
0x00007ffb45a30000 - 0x00007ffb45a5b000 	C:\Program Files\Java\jdk1.8.0_261\jre\bin\java.dll
0x00007ffb51200000 - 0x00007ffb51218000 	C:\Program Files\Java\jdk1.8.0_261\jre\bin\zip.dll
0x00007ffb59040000 - 0x00007ffb597f7000 	C:\WINDOWS\System32\SHELL32.dll
0x00007ffb558f0000 - 0x00007ffb56155000 	C:\WINDOWS\SYSTEM32\windows.storage.dll
0x00007ffb59ec0000 - 0x00007ffb5a238000 	C:\WINDOWS\System32\combase.dll
0x00007ffb55780000 - 0x00007ffb558e6000 	C:\WINDOWS\SYSTEM32\wintypes.dll
0x00007ffb59dd0000 - 0x00007ffb59eba000 	C:\WINDOWS\System32\SHCORE.dll
0x00007ffb584b0000 - 0x00007ffb5850d000 	C:\WINDOWS\System32\shlwapi.dll
0x00007ffb57760000 - 0x00007ffb57781000 	C:\WINDOWS\SYSTEM32\profapi.dll
0x0000016e75410000 - 0x0000016e75413000 	C:\Program Files\Java\jdk1.8.0_261\jre\bin\api-ms-win-core-console-l1-1-0.dll
0x0000016e75420000 - 0x0000016e75423000 	C:\Program Files\Java\jdk1.8.0_261\jre\bin\api-ms-win-core-datetime-l1-1-0.dll
0x0000016e75430000 - 0x0000016e75433000 	C:\Program Files\Java\jdk1.8.0_261\jre\bin\api-ms-win-core-debug-l1-1-0.dll
0x0000016e75440000 - 0x0000016e75443000 	C:\Program Files\Java\jdk1.8.0_261\jre\bin\api-ms-win-core-errorhandling-l1-1-0.dll
0x0000016e75450000 - 0x0000016e75454000 	C:\Program Files\Java\jdk1.8.0_261\jre\bin\api-ms-win-core-file-l1-1-0.dll
0x0000016e75460000 - 0x0000016e75463000 	C:\Program Files\Java\jdk1.8.0_261\jre\bin\api-ms-win-core-file-l1-2-0.dll
0x0000016e75470000 - 0x0000016e75473000 	C:\Program Files\Java\jdk1.8.0_261\jre\bin\api-ms-win-core-file-l2-1-0.dll
0x0000016e75480000 - 0x0000016e75483000 	C:\Program Files\Java\jdk1.8.0_261\jre\bin\api-ms-win-core-handle-l1-1-0.dll
0x0000016e75490000 - 0x0000016e75493000 	C:\Program Files\Java\jdk1.8.0_261\jre\bin\api-ms-win-core-heap-l1-1-0.dll
0x0000016e754a0000 - 0x0000016e754a3000 	C:\Program Files\Java\jdk1.8.0_261\jre\bin\api-ms-win-core-interlocked-l1-1-0.dll
0x0000016e754b0000 - 0x0000016e754b3000 	C:\Program Files\Java\jdk1.8.0_261\jre\bin\api-ms-win-core-libraryloader-l1-1-0.dll
0x0000016e754c0000 - 0x0000016e754c3000 	C:\Program Files\Java\jdk1.8.0_261\jre\bin\api-ms-win-core-localization-l1-2-0.dll
0x0000016e754d0000 - 0x0000016e754d3000 	C:\Program Files\Java\jdk1.8.0_261\jre\bin\api-ms-win-core-memory-l1-1-0.dll
0x0000016e754e0000 - 0x0000016e754e3000 	C:\Program Files\Java\jdk1.8.0_261\jre\bin\api-ms-win-core-namedpipe-l1-1-0.dll
0x0000016e754f0000 - 0x0000016e754f3000 	C:\Program Files\Java\jdk1.8.0_261\jre\bin\api-ms-win-core-processenvironment-l1-1-0.dll
0x0000016e75500000 - 0x0000016e75503000 	C:\Program Files\Java\jdk1.8.0_261\jre\bin\api-ms-win-core-processthreads-l1-1-0.dll
0x0000016e75510000 - 0x0000016e75513000 	C:\Program Files\Java\jdk1.8.0_261\jre\bin\api-ms-win-core-processthreads-l1-1-1.dll
0x0000016e75520000 - 0x0000016e75523000 	C:\Program Files\Java\jdk1.8.0_261\jre\bin\api-ms-win-core-profile-l1-1-0.dll
0x0000016e75530000 - 0x0000016e75533000 	C:\Program Files\Java\jdk1.8.0_261\jre\bin\api-ms-win-core-rtlsupport-l1-1-0.dll
0x0000016e75540000 - 0x0000016e75543000 	C:\Program Files\Java\jdk1.8.0_261\jre\bin\api-ms-win-core-string-l1-1-0.dll
0x0000016e75550000 - 0x0000016e75553000 	C:\Program Files\Java\jdk1.8.0_261\jre\bin\api-ms-win-core-synch-l1-1-0.dll
0x0000016e75560000 - 0x0000016e75563000 	C:\Program Files\Java\jdk1.8.0_261\jre\bin\api-ms-win-core-synch-l1-2-0.dll
0x0000016e75570000 - 0x0000016e75573000 	C:\Program Files\Java\jdk1.8.0_261\jre\bin\api-ms-win-core-sysinfo-l1-1-0.dll
0x0000016e75580000 - 0x0000016e75583000 	C:\Program Files\Java\jdk1.8.0_261\jre\bin\api-ms-win-core-timezone-l1-1-0.dll
0x0000016e75590000 - 0x0000016e75593000 	C:\Program Files\Java\jdk1.8.0_261\jre\bin\api-ms-win-core-util-l1-1-0.dll
0x0000016e755a0000 - 0x0000016e755a3000 	C:\Program Files\Java\jdk1.8.0_261\jre\bin\api-ms-win-crt-conio-l1-1-0.dll
0x0000016e755b0000 - 0x0000016e755b4000 	C:\Program Files\Java\jdk1.8.0_261\jre\bin\api-ms-win-crt-convert-l1-1-0.dll
0x0000016e755c0000 - 0x0000016e755c3000 	C:\Program Files\Java\jdk1.8.0_261\jre\bin\api-ms-win-crt-environment-l1-1-0.dll
0x0000016e755d0000 - 0x0000016e755d3000 	C:\Program Files\Java\jdk1.8.0_261\jre\bin\api-ms-win-crt-filesystem-l1-1-0.dll
0x0000016e755e0000 - 0x0000016e755e3000 	C:\Program Files\Java\jdk1.8.0_261\jre\bin\api-ms-win-crt-heap-l1-1-0.dll
0x0000016e755f0000 - 0x0000016e755f3000 	C:\Program Files\Java\jdk1.8.0_261\jre\bin\api-ms-win-crt-locale-l1-1-0.dll
0x0000016e75600000 - 0x0000016e75605000 	C:\Program Files\Java\jdk1.8.0_261\jre\bin\api-ms-win-crt-math-l1-1-0.dll
0x0000016e75610000 - 0x0000016e75615000 	C:\Program Files\Java\jdk1.8.0_261\jre\bin\api-ms-win-crt-multibyte-l1-1-0.dll
0x0000016e75620000 - 0x0000016e75630000 	C:\Program Files\Java\jdk1.8.0_261\jre\bin\api-ms-win-crt-private-l1-1-0.dll
0x0000016e75630000 - 0x0000016e75633000 	C:\Program Files\Java\jdk1.8.0_261\jre\bin\api-ms-win-crt-process-l1-1-0.dll
0x0000016e75640000 - 0x0000016e75644000 	C:\Program Files\Java\jdk1.8.0_261\jre\bin\api-ms-win-crt-runtime-l1-1-0.dll
0x0000016e75650000 - 0x0000016e75654000 	C:\Program Files\Java\jdk1.8.0_261\jre\bin\api-ms-win-crt-stdio-l1-1-0.dll
0x0000016e75660000 - 0x0000016e75664000 	C:\Program Files\Java\jdk1.8.0_261\jre\bin\api-ms-win-crt-string-l1-1-0.dll
0x0000016e75670000 - 0x0000016e75673000 	C:\Program Files\Java\jdk1.8.0_261\jre\bin\api-ms-win-crt-time-l1-1-0.dll
0x0000016e75680000 - 0x0000016e75683000 	C:\Program Files\Java\jdk1.8.0_261\jre\bin\api-ms-win-crt-utility-l1-1-0.dll
0x00007ffb453f0000 - 0x00007ffb454ec000 	C:\Program Files\Java\jdk1.8.0_261\jre\bin\ucrtbase.dll
0x00007ffb45930000 - 0x00007ffb45981000 	C:\Program Files\Java\jdk1.8.0_261\jre\bin\concrt140.dll
0x00007ffb45900000 - 0x00007ffb45923000 	C:\Program Files\Java\jdk1.8.0_261\jre\bin\prism_d3d.dll
0x00007ffb477c0000 - 0x00007ffb47966000 	C:\WINDOWS\system32\d3d9.dll
0x00007ffb54f50000 - 0x00007ffb54f7f000 	C:\WINDOWS\SYSTEM32\dwmapi.dll
0x00007ffb54d20000 - 0x00007ffb54d58000 	C:\WINDOWS\SYSTEM32\dxcore.dll
0x00007ffb549e0000 - 0x00007ffb54a8c000 	C:\WINDOWS\system32\uxtheme.dll
0x00007ffb26500000 - 0x00007ffb26665000 	C:\WINDOWS\System32\DriverStore\FileRepository\iigd_dch.inf_amd64_e6980897e3126266\igdumdim64.dll
0x00007ffb58510000 - 0x00007ffb586aa000 	C:\WINDOWS\System32\ole32.dll
0x00007ffab16a0000 - 0x00007ffab532b000 	C:\WINDOWS\System32\DriverStore\FileRepository\iigd_dch.inf_amd64_e6980897e3126266\igd9dxva64.dll
0x00007ffb59800000 - 0x00007ffb598d6000 	C:\WINDOWS\System32\OLEAUT32.dll
0x00007ffb589f0000 - 0x00007ffb58e5c000 	C:\WINDOWS\System32\SETUPAPI.dll
0x00007ffb57500000 - 0x00007ffb5754c000 	C:\WINDOWS\SYSTEM32\cfgmgr32.dll
0x00007ffb4da40000 - 0x00007ffb4dd76000 	C:\WINDOWS\System32\DriverStore\FileRepository\iigd_dch.inf_amd64_e6980897e3126266\igdgmm64.dll
0x00007ffb52cb0000 - 0x00007ffb52cf4000 	C:\WINDOWS\SYSTEM32\directxdatabasehelper.dll
0x00007ffb56980000 - 0x00007ffb569b4000 	C:\WINDOWS\SYSTEM32\ntmarta.dll
0x00007ffb457e0000 - 0x00007ffb45825000 	C:\Program Files\Java\jdk1.8.0_261\jre\bin\glass.dll
0x00007ffb59aa0000 - 0x00007ffb59b8c000 	C:\WINDOWS\System32\COMDLG32.dll
0x00007ffb58200000 - 0x00007ffb5831d000 	C:\WINDOWS\System32\MSCTF.dll
0x00007ffb57f30000 - 0x00007ffb57faf000 	C:\WINDOWS\System32\bcryptPrimitives.dll
0x00007ffb128b0000 - 0x00007ffb128d7000 	C:\WINDOWS\System32\DriverStore\FileRepository\iigd_dch.inf_amd64_e6980897e3126266\igdinfo64.dll
0x00007ffb57090000 - 0x00007ffb570a8000 	C:\WINDOWS\SYSTEM32\CRYPTSP.dll
0x00007ffb568c0000 - 0x00007ffb568f5000 	C:\WINDOWS\system32\rsaenh.dll
0x00007ffb57080000 - 0x00007ffb5708c000 	C:\WINDOWS\SYSTEM32\CRYPTBASE.dll
0x00007ffb57210000 - 0x00007ffb57237000 	C:\WINDOWS\SYSTEM32\bcrypt.dll
0x00007ffb48140000 - 0x00007ffb4aecf000 	C:\WINDOWS\System32\DriverStore\FileRepository\iigd_dch.inf_amd64_e6980897e3126266\igc64.dll
0x00007ffb47050000 - 0x00007ffb47064000 	C:\Program Files\Java\jdk1.8.0_261\jre\bin\javafx_font.dll
0x00007ffb39140000 - 0x00007ffb3939f000 	C:\WINDOWS\SYSTEM32\dwrite.dll
0x00007ffb58330000 - 0x00007ffb583e5000 	C:\WINDOWS\System32\clbcatq.dll
0x00007ffb4f7a0000 - 0x00007ffb4f94e000 	C:\WINDOWS\SYSTEM32\WindowsCodecs.dll
0x00007ffb36130000 - 0x00007ffb3618d000 	C:\WINDOWS\system32\dataexchange.dll
0x00007ffb51610000 - 0x00007ffb51876000 	C:\WINDOWS\system32\twinapi.appcore.dll
0x00007ffb43dd0000 - 0x00007ffb43e02000 	C:\Program Files\Common Files\Microsoft Shared\Ink\rtscom.dll
0x00007ffb3ec70000 - 0x00007ffb3ed9d000 	C:\WINDOWS\SYSTEM32\textinputframework.dll
0x00007ffb54600000 - 0x00007ffb54731000 	C:\WINDOWS\SYSTEM32\CoreMessaging.dll
0x00007ffb51d20000 - 0x00007ffb5208d000 	C:\WINDOWS\SYSTEM32\CoreUIComponents.dll
0x00007ffb53510000 - 0x00007ffb53ac8000 	C:\WINDOWS\SYSTEM32\d2d1.dll
0x00007ffb51250000 - 0x00007ffb514d0000 	C:\WINDOWS\SYSTEM32\d3d11.dll
0x00007ffb54b50000 - 0x00007ffb54c43000 	C:\WINDOWS\SYSTEM32\dxgi.dll
0x00007ffb50760000 - 0x00007ffb50e62000 	C:\WINDOWS\SYSTEM32\D3D10Warp.dll
0x00007ffb458e0000 - 0x00007ffb458f2000 	C:\Program Files\Java\jdk1.8.0_261\jre\bin\prism_common.dll
0x00007ffb54f80000 - 0x00007ffb551a1000 	C:\WINDOWS\SYSTEM32\dbghelp.dll

VM Arguments:
jvm_args: -Dfile.encoding=Cp1252 
java_command: Game.RunGame
java_class_path (initial): C:\Users\Jay Latigay\CMSC 22\MiniProject\bin;C:\Users\Jay Latigay\OneDrive\Desktop\eclipse\plugins\org.eclipse.fx.ide.css.jfx8_2.4.0.201605112122.jar
Launcher Type: SUN_STANDARD

Environment Variables:
PATH=C:/Program Files/Java/jdk1.8.0_261/bin/../jre/bin/server;C:/Program Files/Java/jdk1.8.0_261/bin/../jre/bin;C:/Program Files/Java/jdk1.8.0_261/bin/../jre/lib/amd64;C:\Windows\system32;C:\Windows;C:\Windows\System32\Wbem;C:\Windows\System32\WindowsPowerShell\v1.0\;C:\Windows\System32\OpenSSH\;C:\Program Files (x86)\NVIDIA Corporation\PhysX\Common;C:\Program Files\NVIDIA Corporation\NVIDIA NvDLISR;C:\WINDOWS\system32;C:\WINDOWS;C:\WINDOWS\System32\Wbem;C:\WINDOWS\System32\WindowsPowerShell\v1.0\;C:\WINDOWS\System32\OpenSSH\;C:\Program Files\Git\cmd;C:\Program Files\Java\jdk1.8.0_261\bin;C:\Program Files\PowerShell\7\;C:\Users\Jay Latigay\AppData\Local\Programs\Python\Python310\Scripts\;C:\Users\Jay Latigay\AppData\Local\Programs\Python\Python310\;C:\Users\Jay Latigay\AppData\Local\Microsoft\WindowsApps;;C:\Users\Jay Latigay\OneDrive\Desktop\eclipse;
USERNAME=Jay Latigay
OS=Windows_NT
PROCESSOR_IDENTIFIER=Intel64 Family 6 Model 165 Stepping 2, GenuineIntel



---------------  S Y S T E M  ---------------

OS: Windows 10.0 , 64 bit Build 22000 (10.0.22000.1335)

CPU:total 12 (initial active 12) (6 cores per cpu, 2 threads per core) family 6 model 165 stepping 2, cmov, cx8, fxsr, mmx, sse, sse2, sse3, ssse3, sse4.1, sse4.2, popcnt, avx, avx2, aes, clmul, erms, 3dnowpref, lzcnt, ht, tsc, tscinvbit, bmi1, bmi2, adx

Memory: 4k page, physical 16641840k(1554368k free), swap 66973488k(4124k free)

vm_info: Java HotSpot(TM) 64-Bit Server VM (25.261-b12) for windows-amd64 JRE (1.8.0_261-b12), built on Jun 18 2020 06:56:32 by "" with unknown MS VC++:1916

time: Tue Jan 10 05:05:19 2023
timezone: Malay Peninsula Standard Time
elapsed time: 4 seconds (0d 0h 0m 4s)

