#
# There is insufficient memory for the Java Runtime Environment to continue.
# Native memory allocation (malloc) failed to allocate 1810096 bytes for Chunk::new
# Possible reasons:
#   The system is out of physical RAM or swap space
#   The process is running with CompressedOops enabled, and the Java Heap may be blocking the growth of the native heap
# Possible solutions:
#   Reduce memory load on the system
#   Increase physical memory or swap space
#   Check if swap backing store is full
#   Decrease Java heap size (-Xmx/-Xms)
#   Decrease number of Java threads
#   Decrease Java thread stack sizes (-Xss)
#   Set larger code cache with -XX:ReservedCodeCacheSize=
#   JVM is running with Zero Based Compressed Oops mode in which the Java heap is
#     placed in the first 32GB address space. The Java Heap base address is the
#     maximum limit for the native heap growth. Please use -XX:HeapBaseMinAddress
#     to set the Java Heap base and to place the Java Heap above 32GB virtual address.
# This output file may be truncated or incomplete.
#
#  Out of Memory Error (allocation.cpp:389), pid=32640, tid=0x0000000000000fd0
#
# JRE version: Java(TM) SE Runtime Environment (8.0_261-b12) (build 1.8.0_261-b12)
# Java VM: Java HotSpot(TM) 64-Bit Server VM (25.261-b12 mixed mode windows-amd64 compressed oops)
# Failed to write core dump. Minidumps are not enabled by default on client versions of Windows
#

---------------  T H R E A D  ---------------

Current thread (0x0000025de51e6000):  JavaThread "C2 CompilerThread1" daemon [_thread_in_native, id=4048, stack(0x0000009f6fd00000,0x0000009f6fe00000)]

Stack: [0x0000009f6fd00000,0x0000009f6fe00000]
Native frames: (J=compiled Java code, j=interpreted, Vv=VM code, C=native code)
V  [jvm.dll+0x33e5f9]


Current CompileTask:
C2:   3824 1629 %     4       Game.GameTimer::handle @ 294 (1478 bytes)


---------------  P R O C E S S  ---------------

Java Threads: ( => current thread )
  0x0000025dee313000 JavaThread "Thread-47" [_thread_blocked, id=22780, stack(0x0000009f73a00000,0x0000009f73b00000)]
  0x0000025dee311800 JavaThread "Thread-46" [_thread_blocked, id=2660, stack(0x0000009f73900000,0x0000009f73a00000)]
  0x0000025dee310000 JavaThread "Thread-45" [_thread_blocked, id=30196, stack(0x0000009f73800000,0x0000009f73900000)]
  0x0000025dee312000 JavaThread "Thread-44" [_thread_blocked, id=30356, stack(0x0000009f73700000,0x0000009f73800000)]
  0x0000025dee30f000 JavaThread "Thread-43" [_thread_blocked, id=27344, stack(0x0000009f73600000,0x0000009f73700000)]
  0x0000025dee310800 JavaThread "Thread-42" [_thread_blocked, id=4960, stack(0x0000009f73500000,0x0000009f73600000)]
  0x0000025de7f85800 JavaThread "Thread-41" [_thread_blocked, id=10476, stack(0x0000009f73400000,0x0000009f73500000)]
  0x0000025de7f80000 JavaThread "Thread-40" [_thread_blocked, id=23884, stack(0x0000009f73300000,0x0000009f73400000)]
  0x0000025de7f84800 JavaThread "Thread-39" [_thread_blocked, id=21140, stack(0x0000009f73200000,0x0000009f73300000)]
  0x0000025de7f84000 JavaThread "Thread-38" [_thread_blocked, id=32476, stack(0x0000009f73100000,0x0000009f73200000)]
  0x0000025de7f81000 JavaThread "Thread-37" [_thread_blocked, id=33040, stack(0x0000009f73000000,0x0000009f73100000)]
  0x0000025de7f83000 JavaThread "Thread-36" [_thread_blocked, id=24824, stack(0x0000009f72f00000,0x0000009f73000000)]
  0x0000025de7f86000 JavaThread "Thread-35" [_thread_blocked, id=30648, stack(0x0000009f72e00000,0x0000009f72f00000)]
  0x0000025de7f81800 JavaThread "Thread-34" [_thread_blocked, id=27000, stack(0x0000009f72d00000,0x0000009f72e00000)]
  0x0000025de7f82800 JavaThread "Thread-33" [_thread_blocked, id=6300, stack(0x0000009f72c00000,0x0000009f72d00000)]
  0x0000025de7f78800 JavaThread "Thread-32" [_thread_blocked, id=26212, stack(0x0000009f72b00000,0x0000009f72c00000)]
  0x0000025de7f7f800 JavaThread "Thread-31" [_thread_blocked, id=24836, stack(0x0000009f72a00000,0x0000009f72b00000)]
  0x0000025de7f78000 JavaThread "Thread-30" [_thread_blocked, id=20164, stack(0x0000009f72900000,0x0000009f72a00000)]
  0x0000025de7f7e800 JavaThread "Thread-29" [_thread_blocked, id=11788, stack(0x0000009f72800000,0x0000009f72900000)]
  0x0000025de7f7e000 JavaThread "Thread-28" [_thread_blocked, id=29640, stack(0x0000009f72700000,0x0000009f72800000)]
  0x0000025de7f7d000 JavaThread "Thread-27" [_thread_blocked, id=22456, stack(0x0000009f72600000,0x0000009f72700000)]
  0x0000025de7f7a000 JavaThread "Thread-26" [_thread_blocked, id=11440, stack(0x0000009f72500000,0x0000009f72600000)]
  0x0000025de7f77000 JavaThread "Thread-25" [_thread_blocked, id=8880, stack(0x0000009f72400000,0x0000009f72500000)]
  0x0000025de7f79800 JavaThread "Thread-24" [_thread_blocked, id=12860, stack(0x0000009f72300000,0x0000009f72400000)]
  0x0000025de7f7b800 JavaThread "Thread-23" [_thread_blocked, id=25292, stack(0x0000009f72200000,0x0000009f72300000)]
  0x0000025de7f7c800 JavaThread "Thread-22" [_thread_blocked, id=7344, stack(0x0000009f72100000,0x0000009f72200000)]
  0x0000025de7f7b000 JavaThread "Thread-21" [_thread_blocked, id=31736, stack(0x0000009f72000000,0x0000009f72100000)]
  0x0000025dee378800 JavaThread "Thread-20" [_thread_blocked, id=12512, stack(0x0000009f71f00000,0x0000009f72000000)]
  0x0000025dee377800 JavaThread "Thread-19" [_thread_blocked, id=21488, stack(0x0000009f71e00000,0x0000009f71f00000)]
  0x0000025dee375800 JavaThread "Thread-18" [_thread_blocked, id=23744, stack(0x0000009f71d00000,0x0000009f71e00000)]
  0x0000025dee37a800 JavaThread "Thread-17" [_thread_blocked, id=21548, stack(0x0000009f71c00000,0x0000009f71d00000)]
  0x0000025dee37b800 JavaThread "Thread-16" [_thread_blocked, id=18848, stack(0x0000009f71b00000,0x0000009f71c00000)]
  0x0000025dee376000 JavaThread "Thread-15" [_thread_blocked, id=2612, stack(0x0000009f71a00000,0x0000009f71b00000)]
  0x0000025dee377000 JavaThread "Thread-14" [_thread_blocked, id=1672, stack(0x0000009f71900000,0x0000009f71a00000)]
  0x0000025dee379000 JavaThread "Thread-13" [_thread_blocked, id=29004, stack(0x0000009f71800000,0x0000009f71900000)]
  0x0000025dee37a000 JavaThread "Thread-12" [_thread_blocked, id=18476, stack(0x0000009f71700000,0x0000009f71800000)]
  0x0000025dee374800 JavaThread "Thread-11" [_thread_blocked, id=25076, stack(0x0000009f71600000,0x0000009f71700000)]
  0x0000025dee2a8000 JavaThread "Thread-10" [_thread_blocked, id=21508, stack(0x0000009f71500000,0x0000009f71600000)]
  0x0000025dee2a6800 JavaThread "Thread-9" [_thread_blocked, id=3440, stack(0x0000009f71400000,0x0000009f71500000)]
  0x0000025dee37f000 JavaThread "Thread-8" [_thread_blocked, id=14752, stack(0x0000009f71300000,0x0000009f71400000)]
  0x0000025dee1cf000 JavaThread "Thread-7" [_thread_blocked, id=25228, stack(0x0000009f71200000,0x0000009f71300000)]
  0x0000025dee37e800 JavaThread "Thread-6" [_thread_blocked, id=26804, stack(0x0000009f71100000,0x0000009f71200000)]
  0x0000025de8372000 JavaThread "Prism Font Disposer" daemon [_thread_blocked, id=19648, stack(0x0000009f70d00000,0x0000009f70e00000)]
  0x0000025de7f75800 JavaThread "Thread-3" daemon [_thread_in_native, id=30112, stack(0x0000009f70800000,0x0000009f70900000)]
  0x0000025de7f48000 JavaThread "JavaFX-Launcher" [_thread_blocked, id=31012, stack(0x0000009f70900000,0x0000009f70a00000)]
  0x0000025de7d80000 JavaThread "JavaFX Application Thread" [_thread_in_Java, id=28996, stack(0x0000009f70400000,0x0000009f70500000)]
  0x0000025de7d7b800 JavaThread "Thread-1" daemon [_thread_blocked, id=4348, stack(0x0000009f70300000,0x0000009f70400000)]
  0x0000025de7cf9800 JavaThread "QuantumRenderer-0" daemon [_thread_blocked, id=29952, stack(0x0000009f70200000,0x0000009f70300000)]
  0x0000025de76b1800 JavaThread "Service Thread" daemon [_thread_blocked, id=23728, stack(0x0000009f70000000,0x0000009f70100000)]
  0x0000025de51f6000 JavaThread "C1 CompilerThread3" daemon [_thread_blocked, id=27788, stack(0x0000009f6ff00000,0x0000009f70000000)]
  0x0000025de51f2800 JavaThread "C2 CompilerThread2" daemon [_thread_blocked, id=9284, stack(0x0000009f6fe00000,0x0000009f6ff00000)]
=>0x0000025de51e6000 JavaThread "C2 CompilerThread1" daemon [_thread_in_native, id=4048, stack(0x0000009f6fd00000,0x0000009f6fe00000)]
  0x0000025de51e0800 JavaThread "C2 CompilerThread0" daemon [_thread_blocked, id=20760, stack(0x0000009f6fc00000,0x0000009f6fd00000)]
  0x0000025de51ee000 JavaThread "Attach Listener" daemon [_thread_blocked, id=30812, stack(0x0000009f6fb00000,0x0000009f6fc00000)]
  0x0000025de51ed800 JavaThread "Signal Dispatcher" daemon [_thread_blocked, id=19056, stack(0x0000009f6fa00000,0x0000009f6fb00000)]
  0x0000025de51c0800 JavaThread "Finalizer" daemon [_thread_blocked, id=11156, stack(0x0000009f6f900000,0x0000009f6fa00000)]
  0x0000025de51b2000 JavaThread "Reference Handler" daemon [_thread_blocked, id=19620, stack(0x0000009f6f800000,0x0000009f6f900000)]
  0x0000025dca5a4000 JavaThread "main" [_thread_blocked, id=26544, stack(0x0000009f6ec00000,0x0000009f6ed00000)]

Other Threads:
  0x0000025de5187800 VMThread [stack: 0x0000009f6f700000,0x0000009f6f800000] [id=19704]
  0x0000025de76e5000 WatcherThread [stack: 0x0000009f70100000,0x0000009f70200000] [id=21896]

VM state:not at safepoint (normal execution)

VM Mutex/Monitor currently owned by a thread: None

heap address: 0x00000006c2000000, size: 4064 MB, Compressed Oops mode: Zero based, Oop shift amount: 3
Narrow klass base: 0x0000000000000000, Narrow klass shift: 3
Compressed class space size: 1073741824 Address: 0x00000007c0000000

Heap:
 PSYoungGen      total 243712K, used 212155K [0x000000076b580000, 0x000000077c780000, 0x00000007c0000000)
  eden space 227328K, 87% used [0x000000076b580000,0x000000077772d2f8,0x0000000779380000)
  from space 16384K, 84% used [0x000000077a780000,0x000000077b501bd0,0x000000077b780000)
  to   space 13824K, 0% used [0x000000077ba00000,0x000000077ba00000,0x000000077c780000)
 ParOldGen       total 414720K, used 251993K [0x00000006c2000000, 0x00000006db500000, 0x000000076b580000)
  object space 414720K, 60% used [0x00000006c2000000,0x00000006d16165b8,0x00000006db500000)
 Metaspace       used 13536K, capacity 14138K, committed 14336K, reserved 1060864K
  class space    used 1826K, capacity 1995K, committed 2048K, reserved 1048576K

Card table byte_map: [0x0000025ddb290000,0x0000025ddba90000] byte_map_base: 0x0000025dd7c80000

Marking Bits: (ParMarkBitMap*) 0x0000000074d04fb0
 Begin Bits: [0x0000025ddbfe0000, 0x0000025ddff60000)
 End Bits:   [0x0000025ddff60000, 0x0000025de3ee0000)

Polling page: 0x0000025dca6f0000

CodeCache: size=245760Kb used=5719Kb max_used=5731Kb free=240041Kb
 bounds [0x0000025dcbed0000, 0x0000025dcc470000, 0x0000025ddaed0000]
 total_blobs=2328 nmethods=1689 adapters=551
 compilation: enabled

Compilation events (10 events):
Event: 3.751 Thread 0x0000025de51f6000 nmethod 1686 0x0000025dcc464710 code [0x0000025dcc464880, 0x0000025dcc464ab0]
Event: 3.766 Thread 0x0000025de51f6000 1687       3       java.nio.ByteBuffer::<init> (45 bytes)
Event: 3.766 Thread 0x0000025de51f6000 nmethod 1687 0x0000025dcc464250 code [0x0000025dcc4643c0, 0x0000025dcc464610]
Event: 3.770 Thread 0x0000025de51f2800 nmethod 1685 0x0000025dcc466ed0 code [0x0000025dcc4671a0, 0x0000025dcc468d98]
Event: 3.791 Thread 0x0000025de51f6000 1688 %     3       com.sun.javafx.iio.common.ImageTools::scaleImage @ 35 (112 bytes)
Event: 3.791 Thread 0x0000025de51f6000 nmethod 1688% 0x0000025dcc465a10 code [0x0000025dcc465c40, 0x0000025dcc466860]
Event: 3.808 Thread 0x0000025de51f6000 1689       3       com.sun.javafx.iio.common.ImageTools::scaleImage (112 bytes)
Event: 3.808 Thread 0x0000025de51e0800 1690       4       java.io.SequenceInputStream::read (31 bytes)
Event: 3.809 Thread 0x0000025de51f6000 nmethod 1689 0x0000025dcc462e50 code [0x0000025dcc463060, 0x0000025dcc463bc0]
Event: 3.811 Thread 0x0000025de51e0800 nmethod 1690 0x0000025dcc464e90 code [0x0000025dcc465000, 0x0000025dcc465718]

GC Heap History (10 events):
Event: 2.561 GC heap before
{Heap before GC invocations=5 (full 1):
 PSYoungGen      total 75776K, used 46792K [0x000000076b580000, 0x0000000774980000, 0x00000007c0000000)
  eden space 65024K, 71% used [0x000000076b580000,0x000000076e3323c0,0x000000076f500000)
  from space 10752K, 0% used [0x000000076f500000,0x000000076f500000,0x000000076ff80000)
  to   space 10752K, 0% used [0x0000000773f00000,0x0000000773f00000,0x0000000774980000)
 ParOldGen       total 249856K, used 117459K [0x00000006c2000000, 0x00000006d1400000, 0x000000076b580000)
  object space 249856K, 47% used [0x00000006c2000000,0x00000006c92b4e50,0x00000006d1400000)
 Metaspace       used 13034K, capacity 13544K, committed 13824K, reserved 1060864K
  class space    used 1793K, capacity 1927K, committed 2048K, reserved 1048576K
Event: 2.572 GC heap after
Heap after GC invocations=5 (full 1):
 PSYoungGen      total 137728K, used 825K [0x000000076b580000, 0x0000000774800000, 0x00000007c0000000)
  eden space 128512K, 0% used [0x000000076b580000,0x000000076b580000,0x0000000773300000)
  from space 9216K, 8% used [0x0000000773f00000,0x0000000773fce440,0x0000000774800000)
  to   space 10752K, 0% used [0x0000000773300000,0x0000000773300000,0x0000000773d80000)
 ParOldGen       total 249856K, used 162459K [0x00000006c2000000, 0x00000006d1400000, 0x000000076b580000)
  object space 249856K, 65% used [0x00000006c2000000,0x00000006cbea6e70,0x00000006d1400000)
 Metaspace       used 13034K, capacity 13544K, committed 13824K, reserved 1060864K
  class space    used 1793K, capacity 1927K, committed 2048K, reserved 1048576K
}
Event: 2.893 GC heap before
{Heap before GC invocations=6 (full 1):
 PSYoungGen      total 137728K, used 122572K [0x000000076b580000, 0x0000000774800000, 0x00000007c0000000)
  eden space 128512K, 94% used [0x000000076b580000,0x0000000772c64cc0,0x0000000773300000)
  from space 9216K, 8% used [0x0000000773f00000,0x0000000773fce440,0x0000000774800000)
  to   space 10752K, 0% used [0x0000000773300000,0x0000000773300000,0x0000000773d80000)
 ParOldGen       total 249856K, used 162459K [0x00000006c2000000, 0x00000006d1400000, 0x000000076b580000)
  object space 249856K, 65% used [0x00000006c2000000,0x00000006cbea6e70,0x00000006d1400000)
 Metaspace       used 13124K, capacity 13674K, committed 13824K, reserved 1060864K
  class space    used 1816K, capacity 1993K, committed 2048K, reserved 1048576K
Event: 2.906 GC heap after
Heap after GC invocations=6 (full 1):
 PSYoungGen      total 139264K, used 3754K [0x000000076b580000, 0x000000077c780000, 0x00000007c0000000)
  eden space 128512K, 0% used [0x000000076b580000,0x000000076b580000,0x0000000773300000)
  from space 10752K, 34% used [0x0000000773300000,0x00000007736aa910,0x0000000773d80000)
  to   space 13824K, 0% used [0x000000077ba00000,0x000000077ba00000,0x000000077c780000)
 ParOldGen       total 249856K, used 243192K [0x00000006c2000000, 0x00000006d1400000, 0x000000076b580000)
  object space 249856K, 97% used [0x00000006c2000000,0x00000006d0d7e2b0,0x00000006d1400000)
 Metaspace       used 13124K, capacity 13674K, committed 13824K, reserved 1060864K
  class space    used 1816K, capacity 1993K, committed 2048K, reserved 1048576K
}
Event: 2.906 GC heap before
{Heap before GC invocations=7 (full 2):
 PSYoungGen      total 139264K, used 3754K [0x000000076b580000, 0x000000077c780000, 0x00000007c0000000)
  eden space 128512K, 0% used [0x000000076b580000,0x000000076b580000,0x0000000773300000)
  from space 10752K, 34% used [0x0000000773300000,0x00000007736aa910,0x0000000773d80000)
  to   space 13824K, 0% used [0x000000077ba00000,0x000000077ba00000,0x000000077c780000)
 ParOldGen       total 249856K, used 243192K [0x00000006c2000000, 0x00000006d1400000, 0x000000076b580000)
  object space 249856K, 97% used [0x00000006c2000000,0x00000006d0d7e2b0,0x00000006d1400000)
 Metaspace       used 13124K, capacity 13674K, committed 13824K, reserved 1060864K
  class space    used 1816K, capacity 1993K, committed 2048K, reserved 1048576K
Event: 2.933 GC heap after
Heap after GC invocations=7 (full 2):
 PSYoungGen      total 139264K, used 0K [0x000000076b580000, 0x000000077c780000, 0x00000007c0000000)
  eden space 128512K, 0% used [0x000000076b580000,0x000000076b580000,0x0000000773300000)
  from space 10752K, 0% used [0x0000000773300000,0x0000000773300000,0x0000000773d80000)
  to   space 13824K, 0% used [0x000000077ba00000,0x000000077ba00000,0x000000077c780000)
 ParOldGen       total 414720K, used 245364K [0x00000006c2000000, 0x00000006db500000, 0x000000076b580000)
  object space 414720K, 59% used [0x00000006c2000000,0x00000006d0f9d398,0x00000006db500000)
 Metaspace       used 13124K, capacity 13674K, committed 13824K, reserved 1060864K
  class space    used 1816K, capacity 1993K, committed 2048K, reserved 1048576K
}
Event: 3.219 GC heap before
{Heap before GC invocations=8 (full 2):
 PSYoungGen      total 139264K, used 120042K [0x000000076b580000, 0x000000077c780000, 0x00000007c0000000)
  eden space 128512K, 93% used [0x000000076b580000,0x0000000772aba820,0x0000000773300000)
  from space 10752K, 0% used [0x0000000773300000,0x0000000773300000,0x0000000773d80000)
  to   space 13824K, 0% used [0x000000077ba00000,0x000000077ba00000,0x000000077c780000)
 ParOldGen       total 414720K, used 245364K [0x00000006c2000000, 0x00000006db500000, 0x000000076b580000)
  object space 414720K, 59% used [0x00000006c2000000,0x00000006d0f9d398,0x00000006db500000)
 Metaspace       used 13321K, capacity 13882K, committed 14080K, reserved 1060864K
  class space    used 1823K, capacity 1995K, committed 2048K, reserved 1048576K
Event: 3.227 GC heap after
Heap after GC invocations=8 (full 2):
 PSYoungGen      total 241152K, used 13577K [0x000000076b580000, 0x000000077c780000, 0x00000007c0000000)
  eden space 227328K, 0% used [0x000000076b580000,0x000000076b580000,0x0000000779380000)
  from space 13824K, 98% used [0x000000077ba00000,0x000000077c742410,0x000000077c780000)
  to   space 16384K, 0% used [0x000000077a780000,0x000000077a780000,0x000000077b780000)
 ParOldGen       total 414720K, used 248679K [0x00000006c2000000, 0x00000006db500000, 0x000000076b580000)
  object space 414720K, 59% used [0x00000006c2000000,0x00000006d12d9ca8,0x00000006db500000)
 Metaspace       used 13321K, capacity 13882K, committed 14080K, reserved 1060864K
  class space    used 1823K, capacity 1995K, committed 2048K, reserved 1048576K
}
Event: 3.565 GC heap before
{Heap before GC invocations=9 (full 2):
 PSYoungGen      total 241152K, used 229923K [0x000000076b580000, 0x000000077c780000, 0x00000007c0000000)
  eden space 227328K, 95% used [0x000000076b580000,0x00000007788c6ba0,0x0000000779380000)
  from space 13824K, 98% used [0x000000077ba00000,0x000000077c742410,0x000000077c780000)
  to   space 16384K, 0% used [0x000000077a780000,0x000000077a780000,0x000000077b780000)
 ParOldGen       total 414720K, used 248679K [0x00000006c2000000, 0x00000006db500000, 0x000000076b580000)
  object space 414720K, 59% used [0x00000006c2000000,0x00000006d12d9ca8,0x00000006db500000)
 Metaspace       used 13503K, capacity 14074K, committed 14336K, reserved 1060864K
  class space    used 1826K, capacity 1995K, committed 2048K, reserved 1048576K
Event: 3.572 GC heap after
Heap after GC invocations=9 (full 2):
 PSYoungGen      total 243712K, used 13830K [0x000000076b580000, 0x000000077c780000, 0x00000007c0000000)
  eden space 227328K, 0% used [0x000000076b580000,0x000000076b580000,0x0000000779380000)
  from space 16384K, 84% used [0x000000077a780000,0x000000077b501bd0,0x000000077b780000)
  to   space 13824K, 0% used [0x000000077ba00000,0x000000077ba00000,0x000000077c780000)
 ParOldGen       total 414720K, used 251993K [0x00000006c2000000, 0x00000006db500000, 0x000000076b580000)
  object space 414720K, 60% used [0x00000006c2000000,0x00000006d16165b8,0x00000006db500000)
 Metaspace       used 13503K, capacity 14074K, committed 14336K, reserved 1060864K
  class space    used 1826K, capacity 1995K, committed 2048K, reserved 1048576K
}

Deoptimization events (10 events):
Event: 2.840 Thread 0x0000025de7d80000 Uncommon trap: reason=unstable_if action=reinterpret pc=0x0000025dcc2d699c method=com.sun.javafx.iio.gif.GIFImageLoader2.restoreToBackground([BIIII)V @ 7
Event: 2.845 Thread 0x0000025de7d80000 Uncommon trap: reason=unstable_if action=reinterpret pc=0x0000025dcc127d14 method=com.sun.javafx.image.impl.ByteBgra$ToByteBgraPreConv.doConvert([BII[BIIII)V @ 75
Event: 2.852 Thread 0x0000025de7d80000 Uncommon trap: reason=unstable_if action=reinterpret pc=0x0000025dcc1310f0 method=com.sun.javafx.iio.png.PNGImageLoader2.paethPr(III)I @ 30
Event: 2.853 Thread 0x0000025de7d80000 Uncommon trap: reason=unstable_if action=reinterpret pc=0x0000025dcc1328ec method=java.lang.Math.abs(I)I @ 1
Event: 3.198 Thread 0x0000025de7d80000 Uncommon trap: reason=unstable_if action=reinterpret pc=0x0000025dcc31e8e0 method=Game.Food.checkCollision(LGame/EnemyBee;)V @ 5
Event: 3.282 Thread 0x0000025de7d80000 Uncommon trap: reason=unstable_if action=reinterpret pc=0x0000025dcc303a10 method=java.util.ArrayList$Itr.checkForComodification()V @ 11
Event: 3.298 Thread 0x0000025de7d80000 Uncommon trap: reason=unstable_if action=reinterpret pc=0x0000025dcc351ba0 method=com.sun.javafx.sg.prism.GrowableDataBuffer.ensureWriteCapacity(I)V @ 11
Event: 3.298 Thread 0x0000025de7d80000 Uncommon trap: reason=unstable_if action=reinterpret pc=0x0000025dcc354708 method=Game.EnemyBee.checkCollision2(LGame/EnemyBee;)V @ 17
Event: 3.541 Thread 0x0000025de7d80000 Uncommon trap: reason=unstable_if action=reinterpret pc=0x0000025dcc31b9e4 method=com.sun.javafx.sg.prism.GrowableDataBuffer.ensureWriteCapacity(I)V @ 11
Event: 3.635 Thread 0x0000025de7cf9800 Uncommon trap: reason=unstable_if action=reinterpret pc=0x0000025dcc3486bc method=java.util.WeakHashMap.expungeStaleEntries()V @ 9

Classes redefined (0 events):
No events

Internal exceptions (10 events):
Event: 3.547 Thread 0x0000025de7cf9800 Implicit null exception at 0x0000025dcc32661c to 0x0000025dcc3297a7
Event: 3.547 Thread 0x0000025de7cf9800 Exception <a 'java/lang/NullPointerException'> (0x00000007704f6290) thrown at [C:\jenkins\workspace\8-2-build-windows-amd64-cygwin\jdk8u261\295\hotspot\src\share\vm\runtime\sharedRuntime.cpp, line 605]
Event: 3.548 Thread 0x0000025de7cf9800 Implicit null exception at 0x0000025dcc32661c to 0x0000025dcc3297a7
Event: 3.548 Thread 0x0000025de7cf9800 Exception <a 'java/lang/NullPointerException'> (0x00000007704fc350) thrown at [C:\jenkins\workspace\8-2-build-windows-amd64-cygwin\jdk8u261\295\hotspot\src\share\vm\runtime\sharedRuntime.cpp, line 605]
Event: 3.550 Thread 0x0000025de7cf9800 Implicit null exception at 0x0000025dcc32661c to 0x0000025dcc3297a7
Event: 3.550 Thread 0x0000025de7cf9800 Exception <a 'java/lang/NullPointerException'> (0x0000000770502410) thrown at [C:\jenkins\workspace\8-2-build-windows-amd64-cygwin\jdk8u261\295\hotspot\src\share\vm\runtime\sharedRuntime.cpp, line 605]
Event: 3.636 Thread 0x0000025de7cf9800 Implicit null exception at 0x0000025dcc32661c to 0x0000025dcc3297a7
Event: 3.636 Thread 0x0000025de7cf9800 Exception <a 'java/lang/NullPointerException'> (0x0000000771434d28) thrown at [C:\jenkins\workspace\8-2-build-windows-amd64-cygwin\jdk8u261\295\hotspot\src\share\vm\runtime\sharedRuntime.cpp, line 605]
Event: 3.636 Thread 0x0000025de7d80000 Exception <a 'java/util/ConcurrentModificationException'> (0x000000076c621180) thrown at [C:\jenkins\workspace\8-2-build-windows-amd64-cygwin\jdk8u261\295\hotspot\src\share\vm\prims\jvm.cpp, line 1516]
Event: 3.650 Thread 0x0000025de7d80000 Exception <a 'java/util/ConcurrentModificationException'> (0x000000076c626f18) thrown at [C:\jenkins\workspace\8-2-build-windows-amd64-cygwin\jdk8u261\295\hotspot\src\share\vm\prims\jvm.cpp, line 1516]

Events (10 events):
Event: 3.634 Thread 0x0000025de7d80000 DEOPT UNPACKING pc=0x0000025dcbf17898 sp=0x0000009f704fcbe8 mode 0
Event: 3.634 Thread 0x0000025de7d80000 DEOPT PACKING pc=0x0000025dcc2d5f8f sp=0x0000009f704fced0
Event: 3.634 Thread 0x0000025de7d80000 DEOPT UNPACKING pc=0x0000025dcbf17898 sp=0x0000009f704fcbe8 mode 0
Event: 3.634 Thread 0x0000025de7d80000 DEOPT PACKING pc=0x0000025dcc2d5f8f sp=0x0000009f704fced0
Event: 3.634 Thread 0x0000025de7d80000 DEOPT UNPACKING pc=0x0000025dcbf17898 sp=0x0000009f704fcbe8 mode 0
Event: 3.634 Thread 0x0000025de7d80000 DEOPT PACKING pc=0x0000025dcc2d5f8f sp=0x0000009f704fced0
Event: 3.634 Thread 0x0000025de7d80000 DEOPT UNPACKING pc=0x0000025dcbf17898 sp=0x0000009f704fcbe8 mode 0
Event: 3.635 Thread 0x0000025de7cf9800 Uncommon trap: trap_request=0xffffff65 fr.pc=0x0000025dcc3486bc
Event: 3.635 Thread 0x0000025de7cf9800 DEOPT PACKING pc=0x0000025dcc3486bc sp=0x0000009f702fe5a0
Event: 3.635 Thread 0x0000025de7cf9800 DEOPT UNPACKING pc=0x0000025dcbf15843 sp=0x0000009f702fe530 mode 2


Dynamic libraries:
0x00007ff616b20000 - 0x00007ff616b67000 	C:\Program Files\Java\jdk1.8.0_261\bin\javaw.exe
0x00007ffb5a360000 - 0x00007ffb5a569000 	C:\WINDOWS\SYSTEM32\ntdll.dll
0x00007ffb58930000 - 0x00007ffb589ee000 	C:\WINDOWS\System32\KERNEL32.DLL
0x00007ffb57b40000 - 0x00007ffb57ebb000 	C:\WINDOWS\System32\KERNELBASE.dll
0x00007ffb58f70000 - 0x00007ffb5901e000 	C:\WINDOWS\System32\ADVAPI32.dll
0x00007ffb58400000 - 0x00007ffb584a3000 	C:\WINDOWS\System32\msvcrt.dll
0x00007ffb58e70000 - 0x00007ffb58f0e000 	C:\WINDOWS\System32\sechost.dll
0x00007ffb587a0000 - 0x00007ffb588c0000 	C:\WINDOWS\System32\RPCRT4.dll
0x00007ffb59b90000 - 0x00007ffb59d3d000 	C:\WINDOWS\System32\USER32.dll
0x00007ffb57950000 - 0x00007ffb57976000 	C:\WINDOWS\System32\win32u.dll
0x00007ffb58730000 - 0x00007ffb58759000 	C:\WINDOWS\System32\GDI32.dll
0x00007ffb57980000 - 0x00007ffb57a98000 	C:\WINDOWS\System32\gdi32full.dll
0x00007ffb57aa0000 - 0x00007ffb57b3d000 	C:\WINDOWS\System32\msvcp_win.dll
0x00007ffb57830000 - 0x00007ffb57941000 	C:\WINDOWS\System32\ucrtbase.dll
0x00007ffb42e30000 - 0x00007ffb430d5000 	C:\WINDOWS\WinSxS\amd64_microsoft.windows.common-controls_6595b64144ccf1df_6.0.22000.120_none_9d947278b86cc467\COMCTL32.dll
0x00007ffb58760000 - 0x00007ffb58792000 	C:\WINDOWS\System32\IMM32.DLL
0x00007ffb47070000 - 0x00007ffb47085000 	C:\Program Files\Java\jdk1.8.0_261\jre\bin\vcruntime140.dll
0x00007ffb45990000 - 0x00007ffb45a2b000 	C:\Program Files\Java\jdk1.8.0_261\jre\bin\msvcp140.dll
0x0000000074510000 - 0x0000000074d7c000 	C:\Program Files\Java\jdk1.8.0_261\jre\bin\server\jvm.dll
0x00007ffb58e60000 - 0x00007ffb58e68000 	C:\WINDOWS\System32\PSAPI.DLL
0x00007ffb46070000 - 0x00007ffb46079000 	C:\WINDOWS\SYSTEM32\WSOCK32.dll
0x00007ffb4f790000 - 0x00007ffb4f79a000 	C:\WINDOWS\SYSTEM32\VERSION.dll
0x00007ffb588c0000 - 0x00007ffb5892f000 	C:\WINDOWS\System32\WS2_32.dll
0x00007ffb4f430000 - 0x00007ffb4f463000 	C:\WINDOWS\SYSTEM32\WINMM.dll
0x00007ffb56960000 - 0x00007ffb56978000 	C:\WINDOWS\SYSTEM32\kernel.appcore.dll
0x00007ffb534d0000 - 0x00007ffb534e0000 	C:\Program Files\Java\jdk1.8.0_261\jre\bin\verify.dll
0x00007ffb45a30000 - 0x00007ffb45a5b000 	C:\Program Files\Java\jdk1.8.0_261\jre\bin\java.dll
0x00007ffb51200000 - 0x00007ffb51218000 	C:\Program Files\Java\jdk1.8.0_261\jre\bin\zip.dll
0x00007ffb59040000 - 0x00007ffb597f7000 	C:\WINDOWS\System32\SHELL32.dll
0x00007ffb558f0000 - 0x00007ffb56155000 	C:\WINDOWS\SYSTEM32\windows.storage.dll
0x00007ffb59ec0000 - 0x00007ffb5a238000 	C:\WINDOWS\System32\combase.dll
0x00007ffb55780000 - 0x00007ffb558e6000 	C:\WINDOWS\SYSTEM32\wintypes.dll
0x00007ffb59dd0000 - 0x00007ffb59eba000 	C:\WINDOWS\System32\SHCORE.dll
0x00007ffb584b0000 - 0x00007ffb5850d000 	C:\WINDOWS\System32\shlwapi.dll
0x00007ffb57760000 - 0x00007ffb57781000 	C:\WINDOWS\SYSTEM32\profapi.dll
0x0000025de7a60000 - 0x0000025de7a63000 	C:\Program Files\Java\jdk1.8.0_261\jre\bin\api-ms-win-core-console-l1-1-0.dll
0x0000025de7a70000 - 0x0000025de7a73000 	C:\Program Files\Java\jdk1.8.0_261\jre\bin\api-ms-win-core-datetime-l1-1-0.dll
0x0000025de7a80000 - 0x0000025de7a83000 	C:\Program Files\Java\jdk1.8.0_261\jre\bin\api-ms-win-core-debug-l1-1-0.dll
0x0000025de7a90000 - 0x0000025de7a93000 	C:\Program Files\Java\jdk1.8.0_261\jre\bin\api-ms-win-core-errorhandling-l1-1-0.dll
0x0000025de7aa0000 - 0x0000025de7aa4000 	C:\Program Files\Java\jdk1.8.0_261\jre\bin\api-ms-win-core-file-l1-1-0.dll
0x0000025de7ab0000 - 0x0000025de7ab3000 	C:\Program Files\Java\jdk1.8.0_261\jre\bin\api-ms-win-core-file-l1-2-0.dll
0x0000025de7ac0000 - 0x0000025de7ac3000 	C:\Program Files\Java\jdk1.8.0_261\jre\bin\api-ms-win-core-file-l2-1-0.dll
0x0000025de7ad0000 - 0x0000025de7ad3000 	C:\Program Files\Java\jdk1.8.0_261\jre\bin\api-ms-win-core-handle-l1-1-0.dll
0x0000025de7ae0000 - 0x0000025de7ae3000 	C:\Program Files\Java\jdk1.8.0_261\jre\bin\api-ms-win-core-heap-l1-1-0.dll
0x0000025de7af0000 - 0x0000025de7af3000 	C:\Program Files\Java\jdk1.8.0_261\jre\bin\api-ms-win-core-interlocked-l1-1-0.dll
0x0000025de7b00000 - 0x0000025de7b03000 	C:\Program Files\Java\jdk1.8.0_261\jre\bin\api-ms-win-core-libraryloader-l1-1-0.dll
0x0000025de7b10000 - 0x0000025de7b13000 	C:\Program Files\Java\jdk1.8.0_261\jre\bin\api-ms-win-core-localization-l1-2-0.dll
0x0000025de7b20000 - 0x0000025de7b23000 	C:\Program Files\Java\jdk1.8.0_261\jre\bin\api-ms-win-core-memory-l1-1-0.dll
0x0000025de7b30000 - 0x0000025de7b33000 	C:\Program Files\Java\jdk1.8.0_261\jre\bin\api-ms-win-core-namedpipe-l1-1-0.dll
0x0000025de7b40000 - 0x0000025de7b43000 	C:\Program Files\Java\jdk1.8.0_261\jre\bin\api-ms-win-core-processenvironment-l1-1-0.dll
0x0000025de7b50000 - 0x0000025de7b53000 	C:\Program Files\Java\jdk1.8.0_261\jre\bin\api-ms-win-core-processthreads-l1-1-0.dll
0x0000025de7b60000 - 0x0000025de7b63000 	C:\Program Files\Java\jdk1.8.0_261\jre\bin\api-ms-win-core-processthreads-l1-1-1.dll
0x0000025de7b70000 - 0x0000025de7b73000 	C:\Program Files\Java\jdk1.8.0_261\jre\bin\api-ms-win-core-profile-l1-1-0.dll
0x0000025de7b80000 - 0x0000025de7b83000 	C:\Program Files\Java\jdk1.8.0_261\jre\bin\api-ms-win-core-rtlsupport-l1-1-0.dll
0x0000025de7b90000 - 0x0000025de7b93000 	C:\Program Files\Java\jdk1.8.0_261\jre\bin\api-ms-win-core-string-l1-1-0.dll
0x0000025de7ba0000 - 0x0000025de7ba3000 	C:\Program Files\Java\jdk1.8.0_261\jre\bin\api-ms-win-core-synch-l1-1-0.dll
0x0000025de7bb0000 - 0x0000025de7bb3000 	C:\Program Files\Java\jdk1.8.0_261\jre\bin\api-ms-win-core-synch-l1-2-0.dll
0x0000025de7bc0000 - 0x0000025de7bc3000 	C:\Program Files\Java\jdk1.8.0_261\jre\bin\api-ms-win-core-sysinfo-l1-1-0.dll
0x0000025de7bd0000 - 0x0000025de7bd3000 	C:\Program Files\Java\jdk1.8.0_261\jre\bin\api-ms-win-core-timezone-l1-1-0.dll
0x0000025de7be0000 - 0x0000025de7be3000 	C:\Program Files\Java\jdk1.8.0_261\jre\bin\api-ms-win-core-util-l1-1-0.dll
0x0000025de7bf0000 - 0x0000025de7bf3000 	C:\Program Files\Java\jdk1.8.0_261\jre\bin\api-ms-win-crt-conio-l1-1-0.dll
0x0000025de7c00000 - 0x0000025de7c04000 	C:\Program Files\Java\jdk1.8.0_261\jre\bin\api-ms-win-crt-convert-l1-1-0.dll
0x0000025de7c10000 - 0x0000025de7c13000 	C:\Program Files\Java\jdk1.8.0_261\jre\bin\api-ms-win-crt-environment-l1-1-0.dll
0x0000025de7c20000 - 0x0000025de7c23000 	C:\Program Files\Java\jdk1.8.0_261\jre\bin\api-ms-win-crt-filesystem-l1-1-0.dll
0x0000025de7c30000 - 0x0000025de7c33000 	C:\Program Files\Java\jdk1.8.0_261\jre\bin\api-ms-win-crt-heap-l1-1-0.dll
0x0000025de7c40000 - 0x0000025de7c43000 	C:\Program Files\Java\jdk1.8.0_261\jre\bin\api-ms-win-crt-locale-l1-1-0.dll
0x0000025de7c50000 - 0x0000025de7c55000 	C:\Program Files\Java\jdk1.8.0_261\jre\bin\api-ms-win-crt-math-l1-1-0.dll
0x0000025de7c60000 - 0x0000025de7c65000 	C:\Program Files\Java\jdk1.8.0_261\jre\bin\api-ms-win-crt-multibyte-l1-1-0.dll
0x0000025de7c70000 - 0x0000025de7c80000 	C:\Program Files\Java\jdk1.8.0_261\jre\bin\api-ms-win-crt-private-l1-1-0.dll
0x0000025de7c80000 - 0x0000025de7c83000 	C:\Program Files\Java\jdk1.8.0_261\jre\bin\api-ms-win-crt-process-l1-1-0.dll
0x0000025de7c90000 - 0x0000025de7c94000 	C:\Program Files\Java\jdk1.8.0_261\jre\bin\api-ms-win-crt-runtime-l1-1-0.dll
0x0000025de7ca0000 - 0x0000025de7ca4000 	C:\Program Files\Java\jdk1.8.0_261\jre\bin\api-ms-win-crt-stdio-l1-1-0.dll
0x0000025de7cb0000 - 0x0000025de7cb4000 	C:\Program Files\Java\jdk1.8.0_261\jre\bin\api-ms-win-crt-string-l1-1-0.dll
0x0000025de7cc0000 - 0x0000025de7cc3000 	C:\Program Files\Java\jdk1.8.0_261\jre\bin\api-ms-win-crt-time-l1-1-0.dll
0x0000025de7cd0000 - 0x0000025de7cd3000 	C:\Program Files\Java\jdk1.8.0_261\jre\bin\api-ms-win-crt-utility-l1-1-0.dll
0x00007ffb453f0000 - 0x00007ffb454ec000 	C:\Program Files\Java\jdk1.8.0_261\jre\bin\ucrtbase.dll
0x00007ffb45930000 - 0x00007ffb45981000 	C:\Program Files\Java\jdk1.8.0_261\jre\bin\concrt140.dll
0x00007ffb45900000 - 0x00007ffb45923000 	C:\Program Files\Java\jdk1.8.0_261\jre\bin\prism_d3d.dll
0x00007ffb477c0000 - 0x00007ffb47966000 	C:\WINDOWS\system32\d3d9.dll
0x00007ffb54f50000 - 0x00007ffb54f7f000 	C:\WINDOWS\SYSTEM32\dwmapi.dll
0x00007ffb54d20000 - 0x00007ffb54d58000 	C:\WINDOWS\SYSTEM32\dxcore.dll
0x00007ffb549e0000 - 0x00007ffb54a8c000 	C:\WINDOWS\system32\uxtheme.dll
0x00007ffb24420000 - 0x00007ffb24585000 	C:\WINDOWS\System32\DriverStore\FileRepository\iigd_dch.inf_amd64_e6980897e3126266\igdumdim64.dll
0x00007ffb58510000 - 0x00007ffb586aa000 	C:\WINDOWS\System32\ole32.dll
0x00007ffab16a0000 - 0x00007ffab532b000 	C:\WINDOWS\System32\DriverStore\FileRepository\iigd_dch.inf_amd64_e6980897e3126266\igd9dxva64.dll
0x00007ffb59800000 - 0x00007ffb598d6000 	C:\WINDOWS\System32\OLEAUT32.dll
0x00007ffb589f0000 - 0x00007ffb58e5c000 	C:\WINDOWS\System32\SETUPAPI.dll
0x00007ffb57500000 - 0x00007ffb5754c000 	C:\WINDOWS\SYSTEM32\cfgmgr32.dll
0x00007ffb4da40000 - 0x00007ffb4dd76000 	C:\WINDOWS\System32\DriverStore\FileRepository\iigd_dch.inf_amd64_e6980897e3126266\igdgmm64.dll
0x00007ffb52cb0000 - 0x00007ffb52cf4000 	C:\WINDOWS\SYSTEM32\directxdatabasehelper.dll
0x00007ffb56980000 - 0x00007ffb569b4000 	C:\WINDOWS\SYSTEM32\ntmarta.dll
0x00007ffb457e0000 - 0x00007ffb45825000 	C:\Program Files\Java\jdk1.8.0_261\jre\bin\glass.dll
0x00007ffb59aa0000 - 0x00007ffb59b8c000 	C:\WINDOWS\System32\COMDLG32.dll
0x00007ffb58200000 - 0x00007ffb5831d000 	C:\WINDOWS\System32\MSCTF.dll
0x00007ffb57f30000 - 0x00007ffb57faf000 	C:\WINDOWS\System32\bcryptPrimitives.dll
0x00007ffb128b0000 - 0x00007ffb128d7000 	C:\WINDOWS\System32\DriverStore\FileRepository\iigd_dch.inf_amd64_e6980897e3126266\igdinfo64.dll
0x00007ffb57090000 - 0x00007ffb570a8000 	C:\WINDOWS\SYSTEM32\CRYPTSP.dll
0x00007ffb568c0000 - 0x00007ffb568f5000 	C:\WINDOWS\system32\rsaenh.dll
0x00007ffb57080000 - 0x00007ffb5708c000 	C:\WINDOWS\SYSTEM32\CRYPTBASE.dll
0x00007ffb57210000 - 0x00007ffb57237000 	C:\WINDOWS\SYSTEM32\bcrypt.dll
0x00007ffb48140000 - 0x00007ffb4aecf000 	C:\WINDOWS\System32\DriverStore\FileRepository\iigd_dch.inf_amd64_e6980897e3126266\igc64.dll
0x00007ffb47050000 - 0x00007ffb47064000 	C:\Program Files\Java\jdk1.8.0_261\jre\bin\javafx_font.dll
0x00007ffb39140000 - 0x00007ffb3939f000 	C:\WINDOWS\SYSTEM32\dwrite.dll
0x00007ffb58330000 - 0x00007ffb583e5000 	C:\WINDOWS\System32\clbcatq.dll
0x00007ffb4f7a0000 - 0x00007ffb4f94e000 	C:\WINDOWS\SYSTEM32\WindowsCodecs.dll
0x00007ffb36130000 - 0x00007ffb3618d000 	C:\WINDOWS\system32\dataexchange.dll
0x00007ffb51610000 - 0x00007ffb51876000 	C:\WINDOWS\system32\twinapi.appcore.dll
0x00007ffb45630000 - 0x00007ffb45662000 	C:\Program Files\Common Files\Microsoft Shared\Ink\rtscom.dll
0x00007ffb3ec70000 - 0x00007ffb3ed9d000 	C:\WINDOWS\SYSTEM32\textinputframework.dll
0x00007ffb54600000 - 0x00007ffb54731000 	C:\WINDOWS\SYSTEM32\CoreMessaging.dll
0x00007ffb51d20000 - 0x00007ffb5208d000 	C:\WINDOWS\SYSTEM32\CoreUIComponents.dll
0x00007ffb53510000 - 0x00007ffb53ac8000 	C:\WINDOWS\SYSTEM32\d2d1.dll
0x00007ffb51250000 - 0x00007ffb514d0000 	C:\WINDOWS\SYSTEM32\d3d11.dll
0x00007ffb54b50000 - 0x00007ffb54c43000 	C:\WINDOWS\SYSTEM32\dxgi.dll
0x00007ffb50760000 - 0x00007ffb50e62000 	C:\WINDOWS\SYSTEM32\D3D10Warp.dll
0x00007ffb458e0000 - 0x00007ffb458f2000 	C:\Program Files\Java\jdk1.8.0_261\jre\bin\prism_common.dll

VM Arguments:
jvm_args: -Dfile.encoding=Cp1252 
java_command: Game.RunGame
java_class_path (initial): C:\Users\Jay Latigay\CMSC 22\MiniProject\bin;C:\Users\Jay Latigay\OneDrive\Desktop\eclipse\plugins\org.eclipse.fx.ide.css.jfx8_2.4.0.201605112122.jar
Launcher Type: SUN_STANDARD

Environment Variables:
PATH=C:/Program Files/Java/jdk1.8.0_261/bin/../jre/bin/server;C:/Program Files/Java/jdk1.8.0_261/bin/../jre/bin;C:/Program Files/Java/jdk1.8.0_261/bin/../jre/lib/amd64;C:\Windows\system32;C:\Windows;C:\Windows\System32\Wbem;C:\Windows\System32\WindowsPowerShell\v1.0\;C:\Windows\System32\OpenSSH\;C:\Program Files (x86)\NVIDIA Corporation\PhysX\Common;C:\Program Files\NVIDIA Corporation\NVIDIA NvDLISR;C:\WINDOWS\system32;C:\WINDOWS;C:\WINDOWS\System32\Wbem;C:\WINDOWS\System32\WindowsPowerShell\v1.0\;C:\WINDOWS\System32\OpenSSH\;C:\Program Files\Git\cmd;C:\Program Files\Java\jdk1.8.0_261\bin;C:\Program Files\PowerShell\7\;C:\Users\Jay Latigay\AppData\Local\Programs\Python\Python310\Scripts\;C:\Users\Jay Latigay\AppData\Local\Programs\Python\Python310\;C:\Users\Jay Latigay\AppData\Local\Microsoft\WindowsApps;;C:\Users\Jay Latigay\OneDrive\Desktop\eclipse;
USERNAME=Jay Latigay
OS=Windows_NT
PROCESSOR_IDENTIFIER=Intel64 Family 6 Model 165 Stepping 2, GenuineIntel



---------------  S Y S T E M  ---------------

OS: Windows 10.0 , 64 bit Build 22000 (10.0.22000.1335)

CPU:total 12 (initial active 12) (6 cores per cpu, 2 threads per core) family 6 model 165 stepping 2, cmov, cx8, fxsr, mmx, sse, sse2, sse3, ssse3, sse4.1, sse4.2, popcnt, avx, avx2, aes, clmul, erms, 3dnowpref, lzcnt, ht, tsc, tscinvbit, bmi1, bmi2, adx

Memory: 4k page, physical 16641840k(1737424k free), swap 66973488k(4136k free)

vm_info: Java HotSpot(TM) 64-Bit Server VM (25.261-b12) for windows-amd64 JRE (1.8.0_261-b12), built on Jun 18 2020 06:56:32 by "" with unknown MS VC++:1916

time: Tue Jan 10 05:39:25 2023
timezone: Malay Peninsula Standard Time
elapsed time: 3 seconds (0d 0h 0m 3s)

