#
# There is insufficient memory for the Java Runtime Environment to continue.
# Native memory allocation (malloc) failed to allocate 163424 bytes for Chunk::new
# Possible reasons:
#   The system is out of physical RAM or swap space
#   The process is running with CompressedOops enabled, and the Java Heap may be blocking the growth of the native heap
# Possible solutions:
#   Reduce memory load on the system
#   Increase physical memory or swap space
#   Check if swap backing store is full
#   Decrease Java heap size (-Xmx/-Xms)
#   Decrease number of Java threads
#   Decrease Java thread stack sizes (-Xss)
#   Set larger code cache with -XX:ReservedCodeCacheSize=
#   JVM is running with Zero Based Compressed Oops mode in which the Java heap is
#     placed in the first 32GB address space. The Java Heap base address is the
#     maximum limit for the native heap growth. Please use -XX:HeapBaseMinAddress
#     to set the Java Heap base and to place the Java Heap above 32GB virtual address.
# This output file may be truncated or incomplete.
#
#  Out of Memory Error (allocation.cpp:389), pid=16876, tid=0x0000000000007e18
#
# JRE version: Java(TM) SE Runtime Environment (8.0_261-b12) (build 1.8.0_261-b12)
# Java VM: Java HotSpot(TM) 64-Bit Server VM (25.261-b12 mixed mode windows-amd64 compressed oops)
# Failed to write core dump. Minidumps are not enabled by default on client versions of Windows
#

---------------  T H R E A D  ---------------

Current thread (0x000001e9d51f0000):  JavaThread "C2 CompilerThread0" daemon [_thread_in_native, id=32280, stack(0x000000e8eab00000,0x000000e8eac00000)]

Stack: [0x000000e8eab00000,0x000000e8eac00000]
Native frames: (J=compiled Java code, j=interpreted, Vv=VM code, C=native code)
V  [jvm.dll+0x33e5f9]


Current CompileTask:
C2:   3541 1432       4       Game.Food::checkCollision (60 bytes)


---------------  P R O C E S S  ---------------

Java Threads: ( => current thread )
  0x000001e9de312800 JavaThread "Thread-47" [_thread_blocked, id=31100, stack(0x000000e8ee800000,0x000000e8ee900000)]
  0x000001e9de30b000 JavaThread "Thread-46" [_thread_blocked, id=21940, stack(0x000000e8ee700000,0x000000e8ee800000)]
  0x000001e9de30d000 JavaThread "Thread-45" [_thread_blocked, id=2256, stack(0x000000e8ee600000,0x000000e8ee700000)]
  0x000001e9de311800 JavaThread "Thread-44" [_thread_blocked, id=32872, stack(0x000000e8ee500000,0x000000e8ee600000)]
  0x000001e9de309800 JavaThread "Thread-43" [_thread_blocked, id=16936, stack(0x000000e8ee400000,0x000000e8ee500000)]
  0x000001e9de30f800 JavaThread "Thread-42" [_thread_blocked, id=20184, stack(0x000000e8ee300000,0x000000e8ee400000)]
  0x000001e9de30c800 JavaThread "Thread-41" [_thread_blocked, id=28632, stack(0x000000e8ee200000,0x000000e8ee300000)]
  0x000001e9de30a000 JavaThread "Thread-40" [_thread_blocked, id=27164, stack(0x000000e8ee100000,0x000000e8ee200000)]
  0x000001e9de2f3000 JavaThread "Thread-39" [_thread_blocked, id=3676, stack(0x000000e8ee000000,0x000000e8ee100000)]
  0x000001e9de2f1800 JavaThread "Thread-38" [_thread_blocked, id=8576, stack(0x000000e8edf00000,0x000000e8ee000000)]
  0x000001e9de2f6000 JavaThread "Thread-37" [_thread_blocked, id=27872, stack(0x000000e8ede00000,0x000000e8edf00000)]
  0x000001e9de2f4800 JavaThread "Thread-36" [_thread_blocked, id=29308, stack(0x000000e8edd00000,0x000000e8ede00000)]
  0x000001e9de2f5800 JavaThread "Thread-35" [_thread_blocked, id=13768, stack(0x000000e8edc00000,0x000000e8edd00000)]
  0x000001e9de2f4000 JavaThread "Thread-34" [_thread_blocked, id=22872, stack(0x000000e8edb00000,0x000000e8edc00000)]
  0x000001e9de2f2800 JavaThread "Thread-33" [_thread_blocked, id=3004, stack(0x000000e8eda00000,0x000000e8edb00000)]
  0x000001e9de2ea000 JavaThread "Thread-32" [_thread_blocked, id=30492, stack(0x000000e8ed900000,0x000000e8eda00000)]
  0x000001e9de2f1000 JavaThread "Thread-31" [_thread_blocked, id=29864, stack(0x000000e8ed800000,0x000000e8ed900000)]
  0x000001e9de2e9800 JavaThread "Thread-30" [_thread_blocked, id=3052, stack(0x000000e8ed700000,0x000000e8ed800000)]
  0x000001e9de2ef800 JavaThread "Thread-29" [_thread_blocked, id=1756, stack(0x000000e8ed600000,0x000000e8ed700000)]
  0x000001e9de2ee800 JavaThread "Thread-28" [_thread_blocked, id=27020, stack(0x000000e8ed500000,0x000000e8ed600000)]
  0x000001e9de2f0000 JavaThread "Thread-27" [_thread_blocked, id=27600, stack(0x000000e8ed400000,0x000000e8ed500000)]
  0x000001e9de2eb800 JavaThread "Thread-26" [_thread_blocked, id=16800, stack(0x000000e8ed300000,0x000000e8ed400000)]
  0x000001e9de2ee000 JavaThread "Thread-25" [_thread_blocked, id=20816, stack(0x000000e8ed200000,0x000000e8ed300000)]
  0x000001e9de2ed000 JavaThread "Thread-24" [_thread_blocked, id=24596, stack(0x000000e8ed100000,0x000000e8ed200000)]
  0x000001e9de2eb000 JavaThread "Thread-23" [_thread_blocked, id=12400, stack(0x000000e8ed000000,0x000000e8ed100000)]
  0x000001e9de2e7000 JavaThread "Thread-22" [_thread_blocked, id=9892, stack(0x000000e8ecf00000,0x000000e8ed000000)]
  0x000001e9de2e8800 JavaThread "Thread-21" [_thread_blocked, id=28984, stack(0x000000e8ece00000,0x000000e8ecf00000)]
  0x000001e9de2ec800 JavaThread "Thread-20" [_thread_blocked, id=31712, stack(0x000000e8ecd00000,0x000000e8ece00000)]
  0x000001e9de2e8000 JavaThread "Thread-19" [_thread_blocked, id=26952, stack(0x000000e8ecc00000,0x000000e8ecd00000)]
  0x000001e9d8441800 JavaThread "Thread-18" [_thread_blocked, id=8140, stack(0x000000e8ecb00000,0x000000e8ecc00000)]
  0x000001e9d8441000 JavaThread "Thread-17" [_thread_blocked, id=31948, stack(0x000000e8eca00000,0x000000e8ecb00000)]
  0x000001e9d8440000 JavaThread "Thread-16" [_thread_blocked, id=26908, stack(0x000000e8ec900000,0x000000e8eca00000)]
  0x000001e9d843f800 JavaThread "Thread-15" [_thread_blocked, id=12972, stack(0x000000e8ec800000,0x000000e8ec900000)]
  0x000001e9d8444000 JavaThread "Thread-14" [_thread_blocked, id=33216, stack(0x000000e8ec700000,0x000000e8ec800000)]
  0x000001e9d843e800 JavaThread "Thread-13" [_thread_blocked, id=29724, stack(0x000000e8ec600000,0x000000e8ec700000)]
  0x000001e9d8443000 JavaThread "Thread-12" [_thread_blocked, id=22496, stack(0x000000e8ec500000,0x000000e8ec600000)]
  0x000001e9d843d000 JavaThread "Thread-11" [_thread_blocked, id=2896, stack(0x000000e8ec400000,0x000000e8ec500000)]
  0x000001e9d8442800 JavaThread "Thread-10" [_thread_blocked, id=26172, stack(0x000000e8ec300000,0x000000e8ec400000)]
  0x000001e9de2df000 JavaThread "Thread-9" [_thread_blocked, id=30136, stack(0x000000e8ec200000,0x000000e8ec300000)]
  0x000001e9de2cd000 JavaThread "Thread-8" [_thread_blocked, id=25408, stack(0x000000e8ec100000,0x000000e8ec200000)]
  0x000001e9de2cc800 JavaThread "Thread-7" [_thread_blocked, id=32676, stack(0x000000e8ec000000,0x000000e8ec100000)]
  0x000001e9de2d6800 JavaThread "Thread-6" [_thread_blocked, id=22804, stack(0x000000e8ebe00000,0x000000e8ebf00000)]
  0x000001e9de1da000 JavaThread "Prism Font Disposer" daemon [_thread_blocked, id=4028, stack(0x000000e8ebc00000,0x000000e8ebd00000)]
  0x000001e9d7f23800 JavaThread "Thread-3" daemon [_thread_in_native, id=15988, stack(0x000000e8eb700000,0x000000e8eb800000)]
  0x000001e9d7f1f800 JavaThread "JavaFX-Launcher" [_thread_blocked, id=13404, stack(0x000000e8eb800000,0x000000e8eb900000)]
  0x000001e9d7d39800 JavaThread "JavaFX Application Thread" [_thread_in_Java, id=7460, stack(0x000000e8eb300000,0x000000e8eb400000)]
  0x000001e9d7d12000 JavaThread "Thread-1" daemon [_thread_blocked, id=12504, stack(0x000000e8eb200000,0x000000e8eb300000)]
  0x000001e9d7a4c000 JavaThread "QuantumRenderer-0" daemon [_thread_blocked, id=29952, stack(0x000000e8eb100000,0x000000e8eb200000)]
  0x000001e9d76ac000 JavaThread "Service Thread" daemon [_thread_blocked, id=29364, stack(0x000000e8eaf00000,0x000000e8eb000000)]
  0x000001e9d51f8800 JavaThread "C1 CompilerThread3" daemon [_thread_blocked, id=26268, stack(0x000000e8eae00000,0x000000e8eaf00000)]
  0x000001e9d51f7800 JavaThread "C2 CompilerThread2" daemon [_thread_blocked, id=30452, stack(0x000000e8ead00000,0x000000e8eae00000)]
  0x000001e9d5206000 JavaThread "C2 CompilerThread1" daemon [_thread_blocked, id=24784, stack(0x000000e8eac00000,0x000000e8ead00000)]
=>0x000001e9d51f0000 JavaThread "C2 CompilerThread0" daemon [_thread_in_native, id=32280, stack(0x000000e8eab00000,0x000000e8eac00000)]
  0x000001e9d51fd800 JavaThread "Attach Listener" daemon [_thread_blocked, id=29872, stack(0x000000e8eaa00000,0x000000e8eab00000)]
  0x000001e9d51fc800 JavaThread "Signal Dispatcher" daemon [_thread_blocked, id=6480, stack(0x000000e8ea900000,0x000000e8eaa00000)]
  0x000001e9d51ce000 JavaThread "Finalizer" daemon [_thread_blocked, id=32980, stack(0x000000e8ea800000,0x000000e8ea900000)]
  0x000001e9d51bf000 JavaThread "Reference Handler" daemon [_thread_blocked, id=31844, stack(0x000000e8ea700000,0x000000e8ea800000)]
  0x000001e9ba401000 JavaThread "main" [_thread_blocked, id=9764, stack(0x000000e8e9b00000,0x000000e8e9c00000)]

Other Threads:
  0x000001e9d5195000 VMThread [stack: 0x000000e8ea600000,0x000000e8ea700000] [id=25388]
  0x000001e9d76cf800 WatcherThread [stack: 0x000000e8eb000000,0x000000e8eb100000] [id=14308]

VM state:not at safepoint (normal execution)

VM Mutex/Monitor currently owned by a thread: None

heap address: 0x00000006c2000000, size: 4064 MB, Compressed Oops mode: Zero based, Oop shift amount: 3
Narrow klass base: 0x0000000000000000, Narrow klass shift: 3
Compressed class space size: 1073741824 Address: 0x00000007c0000000

Heap:
 PSYoungGen      total 241152K, used 229931K [0x000000076b580000, 0x000000077c880000, 0x00000007c0000000)
  eden space 227328K, 95% used [0x000000076b580000,0x00000007788c0878,0x0000000779380000)
  from space 13824K, 98% used [0x000000077bb00000,0x000000077c84a410,0x000000077c880000)
  to   space 16896K, 0% used [0x000000077a780000,0x000000077a780000,0x000000077b800000)
 ParOldGen       total 414208K, used 248679K [0x00000006c2000000, 0x00000006db480000, 0x000000076b580000)
  object space 414208K, 60% used [0x00000006c2000000,0x00000006d12d9ed0,0x00000006db480000)
 Metaspace       used 13306K, capacity 13882K, committed 14080K, reserved 1060864K
  class space    used 1833K, capacity 1995K, committed 2048K, reserved 1048576K

Card table byte_map: [0x000001e9cb2a0000,0x000001e9cbaa0000] byte_map_base: 0x000001e9c7c90000

Marking Bits: (ParMarkBitMap*) 0x0000000074d04fb0
 Begin Bits: [0x000001e9cbff0000, 0x000001e9cff70000)
 End Bits:   [0x000001e9cff70000, 0x000001e9d3ef0000)

Polling page: 0x000001e9bbeb0000

CodeCache: size=245760Kb used=4725Kb max_used=4735Kb free=241034Kb
 bounds [0x000001e9bbee0000, 0x000001e9bc3a0000, 0x000001e9caee0000]
 total_blobs=2081 nmethods=1441 adapters=551
 compilation: disabled (not enough contiguous free space left)

Compilation events (10 events):
Event: 3.486 Thread 0x000001e9d51f8800 1440       3       com.sun.javafx.sg.prism.GrowableDataBuffer::getByte (22 bytes)
Event: 3.487 Thread 0x000001e9d51f8800 nmethod 1440 0x000001e9bc35b750 code [0x000001e9bc35b8c0, 0x000001e9bc35bbb0]
Event: 3.487 Thread 0x000001e9d51f8800 1437       3       java.lang.Math::ceil (5 bytes)
Event: 3.487 Thread 0x000001e9d51f8800 nmethod 1437 0x000001e9bc35b310 code [0x000001e9bc35b4a0, 0x000001e9bc35b670]
Event: 3.487 Thread 0x000001e9d51f8800 1438       3       java.lang.StrictMath::ceil (10 bytes)
Event: 3.487 Thread 0x000001e9d51f8800 nmethod 1438 0x000001e9bc37f990 code [0x000001e9bc37fb20, 0x000001e9bc37fcb0]
Event: 3.488 Thread 0x000001e9d51f8800 1441       3       Game.GameTimer::handle (1478 bytes)
Event: 3.495 Thread 0x000001e9d5206000 1446       4       Game.Immunity::checkCollision (7 bytes)
Event: 3.498 Thread 0x000001e9d5206000 nmethod 1446 0x000001e9bc382b90 code [0x000001e9bc382ce0, 0x000001e9bc382f18]
Event: 3.509 Thread 0x000001e9d51f8800 


GC Heap History (10 events):
Event: 2.739 GC heap before
{Heap before GC invocations=4 (full 1):
 PSYoungGen      total 75776K, used 10597K [0x000000076b580000, 0x0000000774980000, 0x00000007c0000000)
  eden space 65024K, 0% used [0x000000076b580000,0x000000076b580000,0x000000076f500000)
  from space 10752K, 98% used [0x000000076f500000,0x000000076ff59548,0x000000076ff80000)
  to   space 10752K, 0% used [0x0000000773f00000,0x0000000773f00000,0x0000000774980000)
 ParOldGen       total 173568K, used 109128K [0x00000006c2000000, 0x00000006cc980000, 0x000000076b580000)
  object space 173568K, 62% used [0x00000006c2000000,0x00000006c8a920c0,0x00000006cc980000)
 Metaspace       used 13022K, capacity 13576K, committed 13824K, reserved 1060864K
  class space    used 1801K, capacity 1959K, committed 2048K, reserved 1048576K
Event: 2.753 GC heap after
Heap after GC invocations=4 (full 1):
 PSYoungGen      total 75776K, used 0K [0x000000076b580000, 0x0000000774980000, 0x00000007c0000000)
  eden space 65024K, 0% used [0x000000076b580000,0x000000076b580000,0x000000076f500000)
  from space 10752K, 0% used [0x000000076f500000,0x000000076f500000,0x000000076ff80000)
  to   space 10752K, 0% used [0x0000000773f00000,0x0000000773f00000,0x0000000774980000)
 ParOldGen       total 249344K, used 117460K [0x00000006c2000000, 0x00000006d1380000, 0x000000076b580000)
  object space 249344K, 47% used [0x00000006c2000000,0x00000006c92b5078,0x00000006d1380000)
 Metaspace       used 13022K, capacity 13576K, committed 13824K, reserved 1060864K
  class space    used 1801K, capacity 1959K, committed 2048K, reserved 1048576K
}
Event: 2.766 GC heap before
{Heap before GC invocations=5 (full 1):
 PSYoungGen      total 75776K, used 46792K [0x000000076b580000, 0x0000000774980000, 0x00000007c0000000)
  eden space 65024K, 71% used [0x000000076b580000,0x000000076e3321b8,0x000000076f500000)
  from space 10752K, 0% used [0x000000076f500000,0x000000076f500000,0x000000076ff80000)
  to   space 10752K, 0% used [0x0000000773f00000,0x0000000773f00000,0x0000000774980000)
 ParOldGen       total 249344K, used 117460K [0x00000006c2000000, 0x00000006d1380000, 0x000000076b580000)
  object space 249344K, 47% used [0x00000006c2000000,0x00000006c92b5078,0x00000006d1380000)
 Metaspace       used 13022K, capacity 13576K, committed 13824K, reserved 1060864K
  class space    used 1801K, capacity 1959K, committed 2048K, reserved 1048576K
Event: 2.777 GC heap after
Heap after GC invocations=5 (full 1):
 PSYoungGen      total 137728K, used 793K [0x000000076b580000, 0x0000000774800000, 0x00000007c0000000)
  eden space 128512K, 0% used [0x000000076b580000,0x000000076b580000,0x0000000773300000)
  from space 9216K, 8% used [0x0000000773f00000,0x0000000773fc6440,0x0000000774800000)
  to   space 10752K, 0% used [0x0000000773300000,0x0000000773300000,0x0000000773d80000)
 ParOldGen       total 249344K, used 162460K [0x00000006c2000000, 0x00000006d1380000, 0x000000076b580000)
  object space 249344K, 65% used [0x00000006c2000000,0x00000006cbea7098,0x00000006d1380000)
 Metaspace       used 13022K, capacity 13576K, committed 13824K, reserved 1060864K
  class space    used 1801K, capacity 1959K, committed 2048K, reserved 1048576K
}
Event: 3.098 GC heap before
{Heap before GC invocations=6 (full 1):
 PSYoungGen      total 137728K, used 122537K [0x000000076b580000, 0x0000000774800000, 0x00000007c0000000)
  eden space 128512K, 94% used [0x000000076b580000,0x0000000772c64288,0x0000000773300000)
  from space 9216K, 8% used [0x0000000773f00000,0x0000000773fc6440,0x0000000774800000)
  to   space 10752K, 0% used [0x0000000773300000,0x0000000773300000,0x0000000773d80000)
 ParOldGen       total 249344K, used 162460K [0x00000006c2000000, 0x00000006d1380000, 0x000000076b580000)
  object space 249344K, 65% used [0x00000006c2000000,0x00000006cbea7098,0x00000006d1380000)
 Metaspace       used 13115K, capacity 13674K, committed 13824K, reserved 1060864K
  class space    used 1824K, capacity 1993K, committed 2048K, reserved 1048576K
Event: 3.111 GC heap after
Heap after GC invocations=6 (full 1):
 PSYoungGen      total 139264K, used 3754K [0x000000076b580000, 0x000000077c900000, 0x00000007c0000000)
  eden space 128512K, 0% used [0x000000076b580000,0x000000076b580000,0x0000000773300000)
  from space 10752K, 34% used [0x0000000773300000,0x00000007736aa910,0x0000000773d80000)
  to   space 14336K, 0% used [0x000000077bb00000,0x000000077bb00000,0x000000077c900000)
 ParOldGen       total 249344K, used 243193K [0x00000006c2000000, 0x00000006d1380000, 0x000000076b580000)
  object space 249344K, 97% used [0x00000006c2000000,0x00000006d0d7e4d8,0x00000006d1380000)
 Metaspace       used 13115K, capacity 13674K, committed 13824K, reserved 1060864K
  class space    used 1824K, capacity 1993K, committed 2048K, reserved 1048576K
}
Event: 3.111 GC heap before
{Heap before GC invocations=7 (full 2):
 PSYoungGen      total 139264K, used 3754K [0x000000076b580000, 0x000000077c900000, 0x00000007c0000000)
  eden space 128512K, 0% used [0x000000076b580000,0x000000076b580000,0x0000000773300000)
  from space 10752K, 34% used [0x0000000773300000,0x00000007736aa910,0x0000000773d80000)
  to   space 14336K, 0% used [0x000000077bb00000,0x000000077bb00000,0x000000077c900000)
 ParOldGen       total 249344K, used 243193K [0x00000006c2000000, 0x00000006d1380000, 0x000000076b580000)
  object space 249344K, 97% used [0x00000006c2000000,0x00000006d0d7e4d8,0x00000006d1380000)
 Metaspace       used 13115K, capacity 13674K, committed 13824K, reserved 1060864K
  class space    used 1824K, capacity 1993K, committed 2048K, reserved 1048576K
Event: 3.140 GC heap after
Heap after GC invocations=7 (full 2):
 PSYoungGen      total 139264K, used 0K [0x000000076b580000, 0x000000077c900000, 0x00000007c0000000)
  eden space 128512K, 0% used [0x000000076b580000,0x000000076b580000,0x0000000773300000)
  from space 10752K, 0% used [0x0000000773300000,0x0000000773300000,0x0000000773d80000)
  to   space 14336K, 0% used [0x000000077bb00000,0x000000077bb00000,0x000000077c900000)
 ParOldGen       total 414208K, used 245365K [0x00000006c2000000, 0x00000006db480000, 0x000000076b580000)
  object space 414208K, 59% used [0x00000006c2000000,0x00000006d0f9d5c0,0x00000006db480000)
 Metaspace       used 13115K, capacity 13674K, committed 13824K, reserved 1060864K
  class space    used 1824K, capacity 1993K, committed 2048K, reserved 1048576K
}
Event: 3.286 GC heap before
{Heap before GC invocations=8 (full 2):
 PSYoungGen      total 139264K, used 120961K [0x000000076b580000, 0x000000077c900000, 0x00000007c0000000)
  eden space 128512K, 94% used [0x000000076b580000,0x0000000772ba0608,0x0000000773300000)
  from space 10752K, 0% used [0x0000000773300000,0x0000000773300000,0x0000000773d80000)
  to   space 14336K, 0% used [0x000000077bb00000,0x000000077bb00000,0x000000077c900000)
 ParOldGen       total 414208K, used 245365K [0x00000006c2000000, 0x00000006db480000, 0x000000076b580000)
  object space 414208K, 59% used [0x00000006c2000000,0x00000006d0f9d5c0,0x00000006db480000)
 Metaspace       used 13266K, capacity 13882K, committed 14080K, reserved 1060864K
  class space    used 1832K, capacity 1995K, committed 2048K, reserved 1048576K
Event: 3.294 GC heap after
Heap after GC invocations=8 (full 2):
 PSYoungGen      total 241152K, used 13609K [0x000000076b580000, 0x000000077c880000, 0x00000007c0000000)
  eden space 227328K, 0% used [0x000000076b580000,0x000000076b580000,0x0000000779380000)
  from space 13824K, 98% used [0x000000077bb00000,0x000000077c84a410,0x000000077c880000)
  to   space 16896K, 0% used [0x000000077a780000,0x000000077a780000,0x000000077b800000)
 ParOldGen       total 414208K, used 248679K [0x00000006c2000000, 0x00000006db480000, 0x000000076b580000)
  object space 414208K, 60% used [0x00000006c2000000,0x00000006d12d9ed0,0x00000006db480000)
 Metaspace       used 13266K, capacity 13882K, committed 14080K, reserved 1060864K
  class space    used 1832K, capacity 1995K, committed 2048K, reserved 1048576K
}

Deoptimization events (10 events):
Event: 0.659 Thread 0x000001e9d7d39800 Uncommon trap: reason=class_check action=maybe_recompile pc=0x000001e9bbffe9c0 method=java.lang.String.equals(Ljava/lang/Object;)Z @ 8
Event: 0.682 Thread 0x000001e9d7d39800 Uncommon trap: reason=unstable_if action=reinterpret pc=0x000001e9bc1ca4a0 method=sun.net.www.ParseUtil.encodePath(Ljava/lang/String;Z)Ljava/lang/String; @ 109
Event: 0.703 Thread 0x000001e9d7d39800 Uncommon trap: reason=unstable_if action=reinterpret pc=0x000001e9bc21e3a8 method=jdk.internal.org.objectweb.asm.Type.getArgumentsAndReturnSizes(Ljava/lang/String;)I @ 47
Event: 3.044 Thread 0x000001e9d7d39800 Uncommon trap: reason=unstable_if action=reinterpret pc=0x000001e9bc131984 method=com.sun.javafx.iio.common.RoughScaler.putSourceScanline([BI)Z @ 33
Event: 3.045 Thread 0x000001e9d7d39800 Uncommon trap: reason=unstable_if action=reinterpret pc=0x000001e9bc2d981c method=com.sun.javafx.iio.gif.GIFImageLoader2.restoreToBackground([BIIII)V @ 7
Event: 3.050 Thread 0x000001e9d7d39800 Uncommon trap: reason=unstable_if action=reinterpret pc=0x000001e9bc151c54 method=com.sun.javafx.image.impl.ByteBgra$ToByteBgraPreConv.doConvert([BII[BIIII)V @ 75
Event: 3.058 Thread 0x000001e9d7d39800 Uncommon trap: reason=unstable_if action=reinterpret pc=0x000001e9bc15a130 method=com.sun.javafx.iio.png.PNGImageLoader2.paethPr(III)I @ 30
Event: 3.058 Thread 0x000001e9d7d39800 Uncommon trap: reason=unstable_if action=reinterpret pc=0x000001e9bc15c82c method=java.lang.Math.abs(I)I @ 1
Event: 3.265 Thread 0x000001e9d7d39800 Uncommon trap: reason=unstable_if action=reinterpret pc=0x000001e9bc31b320 method=Game.Food.checkCollision(LGame/EnemyBee;)V @ 5
Event: 3.348 Thread 0x000001e9d7d39800 Uncommon trap: reason=unstable_if action=reinterpret pc=0x000001e9bc309e90 method=java.util.ArrayList$Itr.checkForComodification()V @ 11

Classes redefined (0 events):
No events

Internal exceptions (10 events):
Event: 0.112 Thread 0x000001e9ba401000 Exception <a 'java/security/PrivilegedActionException'> (0x000000076b8cf180) thrown at [C:\jenkins\workspace\8-2-build-windows-amd64-cygwin\jdk8u261\295\hotspot\src\share\vm\prims\jvm.cpp, line 1512]
Event: 0.112 Thread 0x000001e9ba401000 Exception <a 'java/security/PrivilegedActionException'> (0x000000076b8d3090) thrown at [C:\jenkins\workspace\8-2-build-windows-amd64-cygwin\jdk8u261\295\hotspot\src\share\vm\prims\jvm.cpp, line 1512]
Event: 0.112 Thread 0x000001e9ba401000 Exception <a 'java/security/PrivilegedActionException'> (0x000000076b8d32a0) thrown at [C:\jenkins\workspace\8-2-build-windows-amd64-cygwin\jdk8u261\295\hotspot\src\share\vm\prims\jvm.cpp, line 1512]
Event: 0.112 Thread 0x000001e9ba401000 Exception <a 'java/lang/NullPointerException'> (0x000000076b8d3878) thrown at [C:\jenkins\workspace\8-2-build-windows-amd64-cygwin\jdk8u261\295\hotspot\src\share\vm\interpreter\linkResolver.cpp, line 1185]
Event: 0.329 Thread 0x000001e9d7d39800 Exception <a 'java/lang/NullPointerException'> (0x000000076c3a82c0) thrown at [C:\jenkins\workspace\8-2-build-windows-amd64-cygwin\jdk8u261\295\hotspot\src\share\vm\interpreter\linkResolver.cpp, line 1185]
Event: 0.329 Thread 0x000001e9d7d39800 Exception <a 'java/lang/NullPointerException'> (0x000000076c3a82c0) thrown at [C:\jenkins\workspace\8-2-build-windows-amd64-cygwin\jdk8u261\295\hotspot\src\share\vm\prims\jvm.cpp, line 1516]
Event: 3.348 Thread 0x000001e9d7d39800 Exception <a 'java/util/ConcurrentModificationException'> (0x000000076c612110) thrown at [C:\jenkins\workspace\8-2-build-windows-amd64-cygwin\jdk8u261\295\hotspot\src\share\vm\prims\jvm.cpp, line 1516]
Event: 3.350 Thread 0x000001e9d7d39800 Exception <a 'java/util/ConcurrentModificationException'> (0x000000076c618700) thrown at [C:\jenkins\workspace\8-2-build-windows-amd64-cygwin\jdk8u261\295\hotspot\src\share\vm\prims\jvm.cpp, line 1516]
Event: 3.456 Thread 0x000001e9d7d39800 Exception <a 'java/util/ConcurrentModificationException'> (0x0000000771647ac8) thrown at [C:\jenkins\workspace\8-2-build-windows-amd64-cygwin\jdk8u261\295\hotspot\src\share\vm\prims\jvm.cpp, line 1516]
Event: 3.462 Thread 0x000001e9d7d39800 Exception <a 'java/util/ConcurrentModificationException'> (0x000000077164d860) thrown at [C:\jenkins\workspace\8-2-build-windows-amd64-cygwin\jdk8u261\295\hotspot\src\share\vm\prims\jvm.cpp, line 1516]

Events (10 events):
Event: 3.265 Thread 0x000001e9d7d39800 Uncommon trap: trap_request=0xffffff65 fr.pc=0x000001e9bc31b320
Event: 3.265 Thread 0x000001e9d7d39800 DEOPT PACKING pc=0x000001e9bc31b320 sp=0x000000e8eb3fd900
Event: 3.265 Thread 0x000001e9d7d39800 DEOPT UNPACKING pc=0x000001e9bbf25843 sp=0x000000e8eb3fd8f8 mode 2
Event: 3.286 Executing VM operation: ParallelGCFailedAllocation
Event: 3.294 Executing VM operation: ParallelGCFailedAllocation done
Event: 3.348 Thread 0x000001e9d7d39800 Uncommon trap: trap_request=0xffffff65 fr.pc=0x000001e9bc309e90
Event: 3.348 Thread 0x000001e9d7d39800 DEOPT PACKING pc=0x000001e9bc309e90 sp=0x000000e8eb3fd950
Event: 3.348 Thread 0x000001e9d7d39800 DEOPT UNPACKING pc=0x000001e9bbf25843 sp=0x000000e8eb3fd898 mode 2
Event: 3.348 loading class java/util/ConcurrentModificationException
Event: 3.348 loading class java/util/ConcurrentModificationException done


Dynamic libraries:
0x00007ff616b20000 - 0x00007ff616b67000 	C:\Program Files\Java\jdk1.8.0_261\bin\javaw.exe
0x00007ffb5a360000 - 0x00007ffb5a569000 	C:\WINDOWS\SYSTEM32\ntdll.dll
0x00007ffb58930000 - 0x00007ffb589ee000 	C:\WINDOWS\System32\KERNEL32.DLL
0x00007ffb57b40000 - 0x00007ffb57ebb000 	C:\WINDOWS\System32\KERNELBASE.dll
0x00007ffb58f70000 - 0x00007ffb5901e000 	C:\WINDOWS\System32\ADVAPI32.dll
0x00007ffb58400000 - 0x00007ffb584a3000 	C:\WINDOWS\System32\msvcrt.dll
0x00007ffb58e70000 - 0x00007ffb58f0e000 	C:\WINDOWS\System32\sechost.dll
0x00007ffb587a0000 - 0x00007ffb588c0000 	C:\WINDOWS\System32\RPCRT4.dll
0x00007ffb59b90000 - 0x00007ffb59d3d000 	C:\WINDOWS\System32\USER32.dll
0x00007ffb57950000 - 0x00007ffb57976000 	C:\WINDOWS\System32\win32u.dll
0x00007ffb58730000 - 0x00007ffb58759000 	C:\WINDOWS\System32\GDI32.dll
0x00007ffb57980000 - 0x00007ffb57a98000 	C:\WINDOWS\System32\gdi32full.dll
0x00007ffb57aa0000 - 0x00007ffb57b3d000 	C:\WINDOWS\System32\msvcp_win.dll
0x00007ffb57830000 - 0x00007ffb57941000 	C:\WINDOWS\System32\ucrtbase.dll
0x00007ffb42e30000 - 0x00007ffb430d5000 	C:\WINDOWS\WinSxS\amd64_microsoft.windows.common-controls_6595b64144ccf1df_6.0.22000.120_none_9d947278b86cc467\COMCTL32.dll
0x00007ffb58760000 - 0x00007ffb58792000 	C:\WINDOWS\System32\IMM32.DLL
0x00007ffb47070000 - 0x00007ffb47085000 	C:\Program Files\Java\jdk1.8.0_261\jre\bin\vcruntime140.dll
0x00007ffb45990000 - 0x00007ffb45a2b000 	C:\Program Files\Java\jdk1.8.0_261\jre\bin\msvcp140.dll
0x0000000074510000 - 0x0000000074d7c000 	C:\Program Files\Java\jdk1.8.0_261\jre\bin\server\jvm.dll
0x00007ffb58e60000 - 0x00007ffb58e68000 	C:\WINDOWS\System32\PSAPI.DLL
0x00007ffb46070000 - 0x00007ffb46079000 	C:\WINDOWS\SYSTEM32\WSOCK32.dll
0x00007ffb4f790000 - 0x00007ffb4f79a000 	C:\WINDOWS\SYSTEM32\VERSION.dll
0x00007ffb4f430000 - 0x00007ffb4f463000 	C:\WINDOWS\SYSTEM32\WINMM.dll
0x00007ffb588c0000 - 0x00007ffb5892f000 	C:\WINDOWS\System32\WS2_32.dll
0x00007ffb56960000 - 0x00007ffb56978000 	C:\WINDOWS\SYSTEM32\kernel.appcore.dll
0x00007ffb534d0000 - 0x00007ffb534e0000 	C:\Program Files\Java\jdk1.8.0_261\jre\bin\verify.dll
0x00007ffb45a30000 - 0x00007ffb45a5b000 	C:\Program Files\Java\jdk1.8.0_261\jre\bin\java.dll
0x00007ffb51200000 - 0x00007ffb51218000 	C:\Program Files\Java\jdk1.8.0_261\jre\bin\zip.dll
0x00007ffb59040000 - 0x00007ffb597f7000 	C:\WINDOWS\System32\SHELL32.dll
0x00007ffb558f0000 - 0x00007ffb56155000 	C:\WINDOWS\SYSTEM32\windows.storage.dll
0x00007ffb59ec0000 - 0x00007ffb5a238000 	C:\WINDOWS\System32\combase.dll
0x00007ffb55780000 - 0x00007ffb558e6000 	C:\WINDOWS\SYSTEM32\wintypes.dll
0x00007ffb59dd0000 - 0x00007ffb59eba000 	C:\WINDOWS\System32\SHCORE.dll
0x00007ffb584b0000 - 0x00007ffb5850d000 	C:\WINDOWS\System32\shlwapi.dll
0x00007ffb57760000 - 0x00007ffb57781000 	C:\WINDOWS\SYSTEM32\profapi.dll
0x000001e9d7a50000 - 0x000001e9d7a53000 	C:\Program Files\Java\jdk1.8.0_261\jre\bin\api-ms-win-core-console-l1-1-0.dll
0x000001e9d7a60000 - 0x000001e9d7a63000 	C:\Program Files\Java\jdk1.8.0_261\jre\bin\api-ms-win-core-datetime-l1-1-0.dll
0x000001e9d7a70000 - 0x000001e9d7a73000 	C:\Program Files\Java\jdk1.8.0_261\jre\bin\api-ms-win-core-debug-l1-1-0.dll
0x000001e9d7a80000 - 0x000001e9d7a83000 	C:\Program Files\Java\jdk1.8.0_261\jre\bin\api-ms-win-core-errorhandling-l1-1-0.dll
0x000001e9d7a90000 - 0x000001e9d7a94000 	C:\Program Files\Java\jdk1.8.0_261\jre\bin\api-ms-win-core-file-l1-1-0.dll
0x000001e9d7aa0000 - 0x000001e9d7aa3000 	C:\Program Files\Java\jdk1.8.0_261\jre\bin\api-ms-win-core-file-l1-2-0.dll
0x000001e9d7ab0000 - 0x000001e9d7ab3000 	C:\Program Files\Java\jdk1.8.0_261\jre\bin\api-ms-win-core-file-l2-1-0.dll
0x000001e9d7ac0000 - 0x000001e9d7ac3000 	C:\Program Files\Java\jdk1.8.0_261\jre\bin\api-ms-win-core-handle-l1-1-0.dll
0x000001e9d7ad0000 - 0x000001e9d7ad3000 	C:\Program Files\Java\jdk1.8.0_261\jre\bin\api-ms-win-core-heap-l1-1-0.dll
0x000001e9d7ae0000 - 0x000001e9d7ae3000 	C:\Program Files\Java\jdk1.8.0_261\jre\bin\api-ms-win-core-interlocked-l1-1-0.dll
0x000001e9d7af0000 - 0x000001e9d7af3000 	C:\Program Files\Java\jdk1.8.0_261\jre\bin\api-ms-win-core-libraryloader-l1-1-0.dll
0x000001e9d7b00000 - 0x000001e9d7b03000 	C:\Program Files\Java\jdk1.8.0_261\jre\bin\api-ms-win-core-localization-l1-2-0.dll
0x000001e9d7b10000 - 0x000001e9d7b13000 	C:\Program Files\Java\jdk1.8.0_261\jre\bin\api-ms-win-core-memory-l1-1-0.dll
0x000001e9d7b20000 - 0x000001e9d7b23000 	C:\Program Files\Java\jdk1.8.0_261\jre\bin\api-ms-win-core-namedpipe-l1-1-0.dll
0x000001e9d7b30000 - 0x000001e9d7b33000 	C:\Program Files\Java\jdk1.8.0_261\jre\bin\api-ms-win-core-processenvironment-l1-1-0.dll
0x000001e9d7b40000 - 0x000001e9d7b43000 	C:\Program Files\Java\jdk1.8.0_261\jre\bin\api-ms-win-core-processthreads-l1-1-0.dll
0x000001e9d7b50000 - 0x000001e9d7b53000 	C:\Program Files\Java\jdk1.8.0_261\jre\bin\api-ms-win-core-processthreads-l1-1-1.dll
0x000001e9d7b60000 - 0x000001e9d7b63000 	C:\Program Files\Java\jdk1.8.0_261\jre\bin\api-ms-win-core-profile-l1-1-0.dll
0x000001e9d7b70000 - 0x000001e9d7b73000 	C:\Program Files\Java\jdk1.8.0_261\jre\bin\api-ms-win-core-rtlsupport-l1-1-0.dll
0x000001e9d7b80000 - 0x000001e9d7b83000 	C:\Program Files\Java\jdk1.8.0_261\jre\bin\api-ms-win-core-string-l1-1-0.dll
0x000001e9d7b90000 - 0x000001e9d7b93000 	C:\Program Files\Java\jdk1.8.0_261\jre\bin\api-ms-win-core-synch-l1-1-0.dll
0x000001e9d7ba0000 - 0x000001e9d7ba3000 	C:\Program Files\Java\jdk1.8.0_261\jre\bin\api-ms-win-core-synch-l1-2-0.dll
0x000001e9d7bb0000 - 0x000001e9d7bb3000 	C:\Program Files\Java\jdk1.8.0_261\jre\bin\api-ms-win-core-sysinfo-l1-1-0.dll
0x000001e9d7bc0000 - 0x000001e9d7bc3000 	C:\Program Files\Java\jdk1.8.0_261\jre\bin\api-ms-win-core-timezone-l1-1-0.dll
0x000001e9d7bd0000 - 0x000001e9d7bd3000 	C:\Program Files\Java\jdk1.8.0_261\jre\bin\api-ms-win-core-util-l1-1-0.dll
0x000001e9d7be0000 - 0x000001e9d7be3000 	C:\Program Files\Java\jdk1.8.0_261\jre\bin\api-ms-win-crt-conio-l1-1-0.dll
0x000001e9d7bf0000 - 0x000001e9d7bf4000 	C:\Program Files\Java\jdk1.8.0_261\jre\bin\api-ms-win-crt-convert-l1-1-0.dll
0x000001e9d7c00000 - 0x000001e9d7c03000 	C:\Program Files\Java\jdk1.8.0_261\jre\bin\api-ms-win-crt-environment-l1-1-0.dll
0x000001e9d7c10000 - 0x000001e9d7c13000 	C:\Program Files\Java\jdk1.8.0_261\jre\bin\api-ms-win-crt-filesystem-l1-1-0.dll
0x000001e9d7c20000 - 0x000001e9d7c23000 	C:\Program Files\Java\jdk1.8.0_261\jre\bin\api-ms-win-crt-heap-l1-1-0.dll
0x000001e9d7c30000 - 0x000001e9d7c33000 	C:\Program Files\Java\jdk1.8.0_261\jre\bin\api-ms-win-crt-locale-l1-1-0.dll
0x000001e9d7c40000 - 0x000001e9d7c45000 	C:\Program Files\Java\jdk1.8.0_261\jre\bin\api-ms-win-crt-math-l1-1-0.dll
0x000001e9d7c50000 - 0x000001e9d7c55000 	C:\Program Files\Java\jdk1.8.0_261\jre\bin\api-ms-win-crt-multibyte-l1-1-0.dll
0x000001e9d7c60000 - 0x000001e9d7c70000 	C:\Program Files\Java\jdk1.8.0_261\jre\bin\api-ms-win-crt-private-l1-1-0.dll
0x000001e9d7c70000 - 0x000001e9d7c73000 	C:\Program Files\Java\jdk1.8.0_261\jre\bin\api-ms-win-crt-process-l1-1-0.dll
0x000001e9d7c80000 - 0x000001e9d7c84000 	C:\Program Files\Java\jdk1.8.0_261\jre\bin\api-ms-win-crt-runtime-l1-1-0.dll
0x000001e9d7c90000 - 0x000001e9d7c94000 	C:\Program Files\Java\jdk1.8.0_261\jre\bin\api-ms-win-crt-stdio-l1-1-0.dll
0x000001e9d7ca0000 - 0x000001e9d7ca4000 	C:\Program Files\Java\jdk1.8.0_261\jre\bin\api-ms-win-crt-string-l1-1-0.dll
0x000001e9d7cb0000 - 0x000001e9d7cb3000 	C:\Program Files\Java\jdk1.8.0_261\jre\bin\api-ms-win-crt-time-l1-1-0.dll
0x000001e9d7cc0000 - 0x000001e9d7cc3000 	C:\Program Files\Java\jdk1.8.0_261\jre\bin\api-ms-win-crt-utility-l1-1-0.dll
0x00007ffb453f0000 - 0x00007ffb454ec000 	C:\Program Files\Java\jdk1.8.0_261\jre\bin\ucrtbase.dll
0x00007ffb45930000 - 0x00007ffb45981000 	C:\Program Files\Java\jdk1.8.0_261\jre\bin\concrt140.dll
0x00007ffb45900000 - 0x00007ffb45923000 	C:\Program Files\Java\jdk1.8.0_261\jre\bin\prism_d3d.dll
0x00007ffb477c0000 - 0x00007ffb47966000 	C:\WINDOWS\system32\d3d9.dll
0x00007ffb54f50000 - 0x00007ffb54f7f000 	C:\WINDOWS\SYSTEM32\dwmapi.dll
0x00007ffb54d20000 - 0x00007ffb54d58000 	C:\WINDOWS\SYSTEM32\dxcore.dll
0x00007ffb549e0000 - 0x00007ffb54a8c000 	C:\WINDOWS\system32\uxtheme.dll
0x00007ffb24420000 - 0x00007ffb24585000 	C:\WINDOWS\System32\DriverStore\FileRepository\iigd_dch.inf_amd64_e6980897e3126266\igdumdim64.dll
0x00007ffb58510000 - 0x00007ffb586aa000 	C:\WINDOWS\System32\ole32.dll
0x00007ffab16a0000 - 0x00007ffab532b000 	C:\WINDOWS\System32\DriverStore\FileRepository\iigd_dch.inf_amd64_e6980897e3126266\igd9dxva64.dll
0x00007ffb59800000 - 0x00007ffb598d6000 	C:\WINDOWS\System32\OLEAUT32.dll
0x00007ffb589f0000 - 0x00007ffb58e5c000 	C:\WINDOWS\System32\SETUPAPI.dll
0x00007ffb57500000 - 0x00007ffb5754c000 	C:\WINDOWS\SYSTEM32\cfgmgr32.dll
0x00007ffb4da40000 - 0x00007ffb4dd76000 	C:\WINDOWS\System32\DriverStore\FileRepository\iigd_dch.inf_amd64_e6980897e3126266\igdgmm64.dll
0x00007ffb52cb0000 - 0x00007ffb52cf4000 	C:\WINDOWS\SYSTEM32\directxdatabasehelper.dll
0x00007ffb56980000 - 0x00007ffb569b4000 	C:\WINDOWS\SYSTEM32\ntmarta.dll
0x00007ffb457e0000 - 0x00007ffb45825000 	C:\Program Files\Java\jdk1.8.0_261\jre\bin\glass.dll
0x00007ffb59aa0000 - 0x00007ffb59b8c000 	C:\WINDOWS\System32\COMDLG32.dll
0x00007ffb58200000 - 0x00007ffb5831d000 	C:\WINDOWS\System32\MSCTF.dll
0x00007ffb57f30000 - 0x00007ffb57faf000 	C:\WINDOWS\System32\bcryptPrimitives.dll
0x00007ffb128b0000 - 0x00007ffb128d7000 	C:\WINDOWS\System32\DriverStore\FileRepository\iigd_dch.inf_amd64_e6980897e3126266\igdinfo64.dll
0x00007ffb57090000 - 0x00007ffb570a8000 	C:\WINDOWS\SYSTEM32\CRYPTSP.dll
0x00007ffb568c0000 - 0x00007ffb568f5000 	C:\WINDOWS\system32\rsaenh.dll
0x00007ffb57080000 - 0x00007ffb5708c000 	C:\WINDOWS\SYSTEM32\CRYPTBASE.dll
0x00007ffb57210000 - 0x00007ffb57237000 	C:\WINDOWS\SYSTEM32\bcrypt.dll
0x00007ffb48140000 - 0x00007ffb4aecf000 	C:\WINDOWS\System32\DriverStore\FileRepository\iigd_dch.inf_amd64_e6980897e3126266\igc64.dll
0x00007ffb47050000 - 0x00007ffb47064000 	C:\Program Files\Java\jdk1.8.0_261\jre\bin\javafx_font.dll
0x00007ffb39140000 - 0x00007ffb3939f000 	C:\WINDOWS\SYSTEM32\dwrite.dll
0x00007ffb58330000 - 0x00007ffb583e5000 	C:\WINDOWS\System32\clbcatq.dll
0x00007ffb4f7a0000 - 0x00007ffb4f94e000 	C:\WINDOWS\SYSTEM32\WindowsCodecs.dll
0x00007ffb36130000 - 0x00007ffb3618d000 	C:\WINDOWS\system32\dataexchange.dll
0x00007ffb51610000 - 0x00007ffb51876000 	C:\WINDOWS\system32\twinapi.appcore.dll
0x00007ffb45630000 - 0x00007ffb45662000 	C:\Program Files\Common Files\Microsoft Shared\Ink\rtscom.dll
0x00007ffb3ec70000 - 0x00007ffb3ed9d000 	C:\WINDOWS\SYSTEM32\textinputframework.dll
0x00007ffb54600000 - 0x00007ffb54731000 	C:\WINDOWS\SYSTEM32\CoreMessaging.dll
0x00007ffb51d20000 - 0x00007ffb5208d000 	C:\WINDOWS\SYSTEM32\CoreUIComponents.dll
0x00007ffb53510000 - 0x00007ffb53ac8000 	C:\WINDOWS\SYSTEM32\d2d1.dll
0x00007ffb51250000 - 0x00007ffb514d0000 	C:\WINDOWS\SYSTEM32\d3d11.dll
0x00007ffb54b50000 - 0x00007ffb54c43000 	C:\WINDOWS\SYSTEM32\dxgi.dll
0x00007ffb50760000 - 0x00007ffb50e62000 	C:\WINDOWS\SYSTEM32\D3D10Warp.dll
0x00007ffb458e0000 - 0x00007ffb458f2000 	C:\Program Files\Java\jdk1.8.0_261\jre\bin\prism_common.dll

VM Arguments:
jvm_args: -Dfile.encoding=Cp1252 
java_command: Game.RunGame
java_class_path (initial): C:\Users\Jay Latigay\CMSC 22\MiniProject\bin;C:\Users\Jay Latigay\OneDrive\Desktop\eclipse\plugins\org.eclipse.fx.ide.css.jfx8_2.4.0.201605112122.jar
Launcher Type: SUN_STANDARD

Environment Variables:
PATH=C:/Program Files/Java/jdk1.8.0_261/bin/../jre/bin/server;C:/Program Files/Java/jdk1.8.0_261/bin/../jre/bin;C:/Program Files/Java/jdk1.8.0_261/bin/../jre/lib/amd64;C:\Windows\system32;C:\Windows;C:\Windows\System32\Wbem;C:\Windows\System32\WindowsPowerShell\v1.0\;C:\Windows\System32\OpenSSH\;C:\Program Files (x86)\NVIDIA Corporation\PhysX\Common;C:\Program Files\NVIDIA Corporation\NVIDIA NvDLISR;C:\WINDOWS\system32;C:\WINDOWS;C:\WINDOWS\System32\Wbem;C:\WINDOWS\System32\WindowsPowerShell\v1.0\;C:\WINDOWS\System32\OpenSSH\;C:\Program Files\Git\cmd;C:\Program Files\Java\jdk1.8.0_261\bin;C:\Program Files\PowerShell\7\;C:\Users\Jay Latigay\AppData\Local\Programs\Python\Python310\Scripts\;C:\Users\Jay Latigay\AppData\Local\Programs\Python\Python310\;C:\Users\Jay Latigay\AppData\Local\Microsoft\WindowsApps;;C:\Users\Jay Latigay\OneDrive\Desktop\eclipse;
USERNAME=Jay Latigay
OS=Windows_NT
PROCESSOR_IDENTIFIER=Intel64 Family 6 Model 165 Stepping 2, GenuineIntel



---------------  S Y S T E M  ---------------

OS: Windows 10.0 , 64 bit Build 22000 (10.0.22000.1335)

CPU:total 12 (initial active 12) (6 cores per cpu, 2 threads per core) family 6 model 165 stepping 2, cmov, cx8, fxsr, mmx, sse, sse2, sse3, ssse3, sse4.1, sse4.2, popcnt, avx, avx2, aes, clmul, erms, 3dnowpref, lzcnt, ht, tsc, tscinvbit, bmi1, bmi2, adx

Memory: 4k page, physical 16641840k(1694416k free), swap 66973488k(4124k free)

vm_info: Java HotSpot(TM) 64-Bit Server VM (25.261-b12) for windows-amd64 JRE (1.8.0_261-b12), built on Jun 18 2020 06:56:32 by "" with unknown MS VC++:1916

time: Tue Jan 10 05:37:34 2023
timezone: Malay Peninsula Standard Time
elapsed time: 3 seconds (0d 0h 0m 3s)

