#
# There is insufficient memory for the Java Runtime Environment to continue.
# Native memory allocation (malloc) failed to allocate 47136 bytes for Chunk::new
# Possible reasons:
#   The system is out of physical RAM or swap space
#   The process is running with CompressedOops enabled, and the Java Heap may be blocking the growth of the native heap
# Possible solutions:
#   Reduce memory load on the system
#   Increase physical memory or swap space
#   Check if swap backing store is full
#   Decrease Java heap size (-Xmx/-Xms)
#   Decrease number of Java threads
#   Decrease Java thread stack sizes (-Xss)
#   Set larger code cache with -XX:ReservedCodeCacheSize=
#   JVM is running with Zero Based Compressed Oops mode in which the Java heap is
#     placed in the first 32GB address space. The Java Heap base address is the
#     maximum limit for the native heap growth. Please use -XX:HeapBaseMinAddress
#     to set the Java Heap base and to place the Java Heap above 32GB virtual address.
# This output file may be truncated or incomplete.
#
#  Out of Memory Error (allocation.cpp:389), pid=24836, tid=0x0000000000007960
#
# JRE version: Java(TM) SE Runtime Environment (8.0_261-b12) (build 1.8.0_261-b12)
# Java VM: Java HotSpot(TM) 64-Bit Server VM (25.261-b12 mixed mode windows-amd64 compressed oops)
# Failed to write core dump. Minidumps are not enabled by default on client versions of Windows
#

---------------  T H R E A D  ---------------

Current thread (0x000001d4971e0800):  JavaThread "C1 CompilerThread3" daemon [_thread_in_native, id=31072, stack(0x000000cd43900000,0x000000cd43a00000)]

Stack: [0x000000cd43900000,0x000000cd43a00000]
Native frames: (J=compiled Java code, j=interpreted, Vv=VM code, C=native code)
V  [jvm.dll+0x33e5f9]


Current CompileTask:
C1:   5572 1788       3       Game.GameTimer::handle (1478 bytes)


---------------  P R O C E S S  ---------------

Java Threads: ( => current thread )
  0x000001d49f4c4800 JavaThread "Thread-47" [_thread_blocked, id=2108, stack(0x000000cd47300000,0x000000cd47400000)]
  0x000001d49f4c7000 JavaThread "Thread-46" [_thread_blocked, id=17132, stack(0x000000cd47200000,0x000000cd47300000)]
  0x000001d49f4c9000 JavaThread "Thread-45" [_thread_blocked, id=2912, stack(0x000000cd47100000,0x000000cd47200000)]
  0x000001d49f4c6000 JavaThread "Thread-44" [_thread_blocked, id=26284, stack(0x000000cd47000000,0x000000cd47100000)]
  0x000001d49f4c5800 JavaThread "Thread-43" [_thread_blocked, id=4200, stack(0x000000cd46f00000,0x000000cd47000000)]
  0x000001d49f4c7800 JavaThread "Thread-42" [_thread_blocked, id=25988, stack(0x000000cd46e00000,0x000000cd46f00000)]
  0x000001d49f4c4000 JavaThread "Thread-41" [_thread_blocked, id=11024, stack(0x000000cd46d00000,0x000000cd46e00000)]
  0x000001d49968c000 JavaThread "Thread-40" [_thread_blocked, id=22092, stack(0x000000cd46c00000,0x000000cd46d00000)]
  0x000001d49968b000 JavaThread "Thread-39" [_thread_blocked, id=12824, stack(0x000000cd46b00000,0x000000cd46c00000)]
  0x000001d49968a800 JavaThread "Thread-38" [_thread_blocked, id=5128, stack(0x000000cd46a00000,0x000000cd46b00000)]
  0x000001d499689800 JavaThread "Thread-37" [_thread_blocked, id=27328, stack(0x000000cd46900000,0x000000cd46a00000)]
  0x000001d499689000 JavaThread "Thread-36" [_thread_blocked, id=6028, stack(0x000000cd46800000,0x000000cd46900000)]
  0x000001d499688000 JavaThread "Thread-35" [_thread_blocked, id=27376, stack(0x000000cd46700000,0x000000cd46800000)]
  0x000001d499687800 JavaThread "Thread-34" [_thread_blocked, id=5224, stack(0x000000cd46600000,0x000000cd46700000)]
  0x000001d499680000 JavaThread "Thread-33" [_thread_blocked, id=3056, stack(0x000000cd46500000,0x000000cd46600000)]
  0x000001d499686800 JavaThread "Thread-32" [_thread_blocked, id=27156, stack(0x000000cd46400000,0x000000cd46500000)]
  0x000001d49967f000 JavaThread "Thread-31" [_thread_blocked, id=12568, stack(0x000000cd46300000,0x000000cd46400000)]
  0x000001d499683800 JavaThread "Thread-30" [_thread_blocked, id=32712, stack(0x000000cd46200000,0x000000cd46300000)]
  0x000001d499682000 JavaThread "Thread-29" [_thread_blocked, id=25176, stack(0x000000cd46100000,0x000000cd46200000)]
  0x000001d499686000 JavaThread "Thread-28" [_thread_blocked, id=27036, stack(0x000000cd46000000,0x000000cd46100000)]
  0x000001d499681800 JavaThread "Thread-27" [_thread_blocked, id=28216, stack(0x000000cd45f00000,0x000000cd46000000)]
  0x000001d499684800 JavaThread "Thread-26" [_thread_blocked, id=13076, stack(0x000000cd45e00000,0x000000cd45f00000)]
  0x000001d499685000 JavaThread "Thread-25" [_thread_blocked, id=30432, stack(0x000000cd45d00000,0x000000cd45e00000)]
  0x000001d49967d000 JavaThread "Thread-24" [_thread_blocked, id=12640, stack(0x000000cd45c00000,0x000000cd45d00000)]
  0x000001d49967d800 JavaThread "Thread-23" [_thread_blocked, id=23684, stack(0x000000cd45b00000,0x000000cd45c00000)]
  0x000001d499680800 JavaThread "Thread-22" [_thread_blocked, id=25500, stack(0x000000cd45a00000,0x000000cd45b00000)]
  0x000001d49967e800 JavaThread "Thread-21" [_thread_blocked, id=28848, stack(0x000000cd45900000,0x000000cd45a00000)]
  0x000001d499683000 JavaThread "Thread-20" [_thread_blocked, id=28996, stack(0x000000cd45800000,0x000000cd45900000)]
  0x000001d49f529000 JavaThread "Thread-19" [_thread_blocked, id=25628, stack(0x000000cd45700000,0x000000cd45800000)]
  0x000001d49f528800 JavaThread "Thread-18" [_thread_blocked, id=32932, stack(0x000000cd45600000,0x000000cd45700000)]
  0x000001d49f527800 JavaThread "Thread-17" [_thread_blocked, id=31632, stack(0x000000cd45500000,0x000000cd45600000)]
  0x000001d49f52a000 JavaThread "Thread-16" [_thread_blocked, id=11792, stack(0x000000cd45400000,0x000000cd45500000)]
  0x000001d49f52d000 JavaThread "Thread-15" [_thread_blocked, id=2296, stack(0x000000cd45300000,0x000000cd45400000)]
  0x000001d49f52c000 JavaThread "Thread-14" [_thread_blocked, id=26996, stack(0x000000cd45200000,0x000000cd45300000)]
  0x000001d49f52a800 JavaThread "Thread-13" [_thread_blocked, id=25664, stack(0x000000cd45100000,0x000000cd45200000)]
  0x000001d49f527000 JavaThread "Thread-12" [_thread_blocked, id=33256, stack(0x000000cd45000000,0x000000cd45100000)]
  0x000001d49f52b800 JavaThread "Thread-11" [_thread_blocked, id=33252, stack(0x000000cd44f00000,0x000000cd45000000)]
  0x000001d49f526000 JavaThread "Thread-10" [_thread_blocked, id=25552, stack(0x000000cd44e00000,0x000000cd44f00000)]
  0x000001d49f515800 JavaThread "Thread-9" [_thread_blocked, id=31328, stack(0x000000cd44d00000,0x000000cd44e00000)]
  0x000001d49f51d000 JavaThread "Thread-8" [_thread_blocked, id=2744, stack(0x000000cd44c00000,0x000000cd44d00000)]
  0x000001d49f54b000 JavaThread "Thread-7" [_thread_blocked, id=4700, stack(0x000000cd44b00000,0x000000cd44c00000)]
  0x000001d49f51c800 JavaThread "Thread-6" [_thread_blocked, id=30212, stack(0x000000cd44900000,0x000000cd44a00000)]
  0x000001d499409800 JavaThread "Prism Font Disposer" daemon [_thread_blocked, id=26824, stack(0x000000cd44700000,0x000000cd44800000)]
  0x000001d499196000 JavaThread "Thread-3" daemon [_thread_in_native, id=33428, stack(0x000000cd44200000,0x000000cd44300000)]
  0x000001d49913d800 JavaThread "JavaFX-Launcher" [_thread_blocked, id=32424, stack(0x000000cd44300000,0x000000cd44400000)]
  0x000001d498f74000 JavaThread "JavaFX Application Thread" [_thread_in_Java, id=30508, stack(0x000000cd43e00000,0x000000cd43f00000)]
  0x000001d498f70000 JavaThread "Thread-1" daemon [_thread_blocked, id=26752, stack(0x000000cd43d00000,0x000000cd43e00000)]
  0x000001d498d40000 JavaThread "QuantumRenderer-0" daemon [_thread_in_native, id=22852, stack(0x000000cd43c00000,0x000000cd43d00000)]
  0x000001d49720d000 JavaThread "Service Thread" daemon [_thread_blocked, id=28016, stack(0x000000cd43a00000,0x000000cd43b00000)]
=>0x000001d4971e0800 JavaThread "C1 CompilerThread3" daemon [_thread_in_native, id=31072, stack(0x000000cd43900000,0x000000cd43a00000)]
  0x000001d4971dd800 JavaThread "C2 CompilerThread2" daemon [_thread_blocked, id=28356, stack(0x000000cd43800000,0x000000cd43900000)]
  0x000001d4971d1000 JavaThread "C2 CompilerThread1" daemon [_thread_blocked, id=25612, stack(0x000000cd43700000,0x000000cd43800000)]
  0x000001d4971cb000 JavaThread "C2 CompilerThread0" daemon [_thread_blocked, id=28020, stack(0x000000cd43600000,0x000000cd43700000)]
  0x000001d4971ca000 JavaThread "Attach Listener" daemon [_thread_blocked, id=13396, stack(0x000000cd43500000,0x000000cd43600000)]
  0x000001d4971c9800 JavaThread "Signal Dispatcher" daemon [_thread_blocked, id=31076, stack(0x000000cd43400000,0x000000cd43500000)]
  0x000001d4971a8800 JavaThread "Finalizer" daemon [_thread_blocked, id=32348, stack(0x000000cd43300000,0x000000cd43400000)]
  0x000001d4971a1000 JavaThread "Reference Handler" daemon [_thread_blocked, id=11876, stack(0x000000cd43200000,0x000000cd43300000)]
  0x000001d4fb681000 JavaThread "main" [_thread_blocked, id=23800, stack(0x000000cd42600000,0x000000cd42700000)]

Other Threads:
  0x000001d4ff3de800 VMThread [stack: 0x000000cd43100000,0x000000cd43200000] [id=33780]
  0x000001d4971d3800 WatcherThread [stack: 0x000000cd43b00000,0x000000cd43c00000] [id=33272]

VM state:not at safepoint (normal execution)

VM Mutex/Monitor currently owned by a thread: None

heap address: 0x00000006c2000000, size: 4064 MB, Compressed Oops mode: Zero based, Oop shift amount: 3
Narrow klass base: 0x0000000000000000, Narrow klass shift: 3
Compressed class space size: 1073741824 Address: 0x00000007c0000000

Heap:
 PSYoungGen      total 136704K, used 58446K [0x000000076b580000, 0x0000000774780000, 0x00000007c0000000)
  eden space 128000K, 45% used [0x000000076b580000,0x000000076ee93bc0,0x0000000773280000)
  from space 8704K, 0% used [0x0000000773f00000,0x0000000773f00000,0x0000000774780000)
  to   space 10752K, 0% used [0x0000000773280000,0x0000000773280000,0x0000000773d00000)
 ParOldGen       total 173568K, used 166120K [0x00000006c2000000, 0x00000006cc980000, 0x000000076b580000)
  object space 173568K, 95% used [0x00000006c2000000,0x00000006cc23a2b0,0x00000006cc980000)
 Metaspace       used 13553K, capacity 14078K, committed 14336K, reserved 1060864K
  class space    used 1826K, capacity 1995K, committed 2048K, reserved 1048576K

Card table byte_map: [0x000001d4fd5a0000,0x000001d4fdda0000] byte_map_base: 0x000001d4f9f90000

Marking Bits: (ParMarkBitMap*) 0x0000000074d04fb0
 Begin Bits: [0x000001d48f000000, 0x000001d492f80000)
 End Bits:   [0x000001d492f80000, 0x000001d496f00000)

Polling page: 0x000001d4fb940000

CodeCache: size=245760Kb used=5977Kb max_used=5988Kb free=239782Kb
 bounds [0x000001d480000000, 0x000001d4805e0000, 0x000001d48f000000]
 total_blobs=2427 nmethods=1787 adapters=551
 compilation: enabled

Compilation events (10 events):
Event: 5.555 Thread 0x000001d4971e0800 nmethod 1782 0x000001d4805d7150 code [0x000001d4805d72c0, 0x000001d4805d7598]
Event: 5.555 Thread 0x000001d4971e0800 1783       3       java.util.concurrent.CountDownLatch$Sync::getCount (5 bytes)
Event: 5.555 Thread 0x000001d4971e0800 nmethod 1783 0x000001d4805d6d90 code [0x000001d4805d6ee0, 0x000001d4805d70d8]
Event: 5.555 Thread 0x000001d4971e0800 1784       3       java.util.concurrent.CountDownLatch::<init> (31 bytes)
Event: 5.555 Thread 0x000001d4971e0800 nmethod 1784 0x000001d4805d9610 code [0x000001d4805d97c0, 0x000001d4805d9d50]
Event: 5.557 Thread 0x000001d4971e0800 1785       3       java.lang.Math::getExponent (17 bytes)
Event: 5.557 Thread 0x000001d4971e0800 nmethod 1785 0x000001d4805d6a50 code [0x000001d4805d6ba0, 0x000001d4805d6d18]
Event: 5.558 Thread 0x000001d4971dd800 1786       4       java.lang.AbstractStringBuilder::newCapacity (39 bytes)
Event: 5.558 Thread 0x000001d4971e0800 1788       3       Game.GameTimer::handle (1478 bytes)
Event: 5.559 Thread 0x000001d4971dd800 nmethod 1786 0x000001d4805d6790 code [0x000001d4805d68c0, 0x000001d4805d6998]

GC Heap History (10 events):
Event: 4.858 GC heap before
{Heap before GC invocations=21 (full 17):
 PSYoungGen      total 136704K, used 126236K [0x000000076b580000, 0x0000000774780000, 0x00000007c0000000)
  eden space 128000K, 98% used [0x000000076b580000,0x00000007730c71a8,0x0000000773280000)
  from space 8704K, 0% used [0x0000000773f00000,0x0000000773f00000,0x0000000774780000)
  to   space 10752K, 0% used [0x0000000773280000,0x0000000773280000,0x0000000773d00000)
 ParOldGen       total 173568K, used 166120K [0x00000006c2000000, 0x00000006cc980000, 0x000000076b580000)
  object space 173568K, 95% used [0x00000006c2000000,0x00000006cc23a3d8,0x00000006cc980000)
 Metaspace       used 13384K, capacity 13950K, committed 14080K, reserved 1060864K
  class space    used 1825K, capacity 1995K, committed 2048K, reserved 1048576K
Event: 4.871 GC heap after
Heap after GC invocations=21 (full 17):
 PSYoungGen      total 136704K, used 58845K [0x000000076b580000, 0x0000000774780000, 0x00000007c0000000)
  eden space 128000K, 45% used [0x000000076b580000,0x000000076eef74f0,0x0000000773280000)
  from space 8704K, 0% used [0x0000000773f00000,0x0000000773f00000,0x0000000774780000)
  to   space 10752K, 0% used [0x0000000773280000,0x0000000773280000,0x0000000773d00000)
 ParOldGen       total 173568K, used 166120K [0x00000006c2000000, 0x00000006cc980000, 0x000000076b580000)
  object space 173568K, 95% used [0x00000006c2000000,0x00000006cc23a3d8,0x00000006cc980000)
 Metaspace       used 13384K, capacity 13950K, committed 14080K, reserved 1060864K
  class space    used 1825K, capacity 1995K, committed 2048K, reserved 1048576K
}
Event: 4.932 GC heap before
{Heap before GC invocations=22 (full 18):
 PSYoungGen      total 136704K, used 126396K [0x000000076b580000, 0x0000000774780000, 0x00000007c0000000)
  eden space 128000K, 98% used [0x000000076b580000,0x00000007730ef168,0x0000000773280000)
  from space 8704K, 0% used [0x0000000773f00000,0x0000000773f00000,0x0000000774780000)
  to   space 10752K, 0% used [0x0000000773280000,0x0000000773280000,0x0000000773d00000)
 ParOldGen       total 173568K, used 166120K [0x00000006c2000000, 0x00000006cc980000, 0x000000076b580000)
  object space 173568K, 95% used [0x00000006c2000000,0x00000006cc23a3d8,0x00000006cc980000)
 Metaspace       used 13385K, capacity 13950K, committed 14080K, reserved 1060864K
  class space    used 1825K, capacity 1995K, committed 2048K, reserved 1048576K
Event: 4.947 GC heap after
Heap after GC invocations=22 (full 18):
 PSYoungGen      total 136704K, used 62151K [0x000000076b580000, 0x0000000774780000, 0x00000007c0000000)
  eden space 128000K, 48% used [0x000000076b580000,0x000000076f231f38,0x0000000773280000)
  from space 8704K, 0% used [0x0000000773f00000,0x0000000773f00000,0x0000000774780000)
  to   space 10752K, 0% used [0x0000000773280000,0x0000000773280000,0x0000000773d00000)
 ParOldGen       total 173568K, used 166120K [0x00000006c2000000, 0x00000006cc980000, 0x000000076b580000)
  object space 173568K, 95% used [0x00000006c2000000,0x00000006cc23a3d8,0x00000006cc980000)
 Metaspace       used 13385K, capacity 13950K, committed 14080K, reserved 1060864K
  class space    used 1825K, capacity 1995K, committed 2048K, reserved 1048576K
}
Event: 4.997 GC heap before
{Heap before GC invocations=23 (full 19):
 PSYoungGen      total 136704K, used 126387K [0x000000076b580000, 0x0000000774780000, 0x00000007c0000000)
  eden space 128000K, 98% used [0x000000076b580000,0x00000007730eccf8,0x0000000773280000)
  from space 8704K, 0% used [0x0000000773f00000,0x0000000773f00000,0x0000000774780000)
  to   space 10752K, 0% used [0x0000000773280000,0x0000000773280000,0x0000000773d00000)
 ParOldGen       total 173568K, used 166120K [0x00000006c2000000, 0x00000006cc980000, 0x000000076b580000)
  object space 173568K, 95% used [0x00000006c2000000,0x00000006cc23a3d8,0x00000006cc980000)
 Metaspace       used 13385K, capacity 13950K, committed 14080K, reserved 1060864K
  class space    used 1825K, capacity 1995K, committed 2048K, reserved 1048576K
Event: 5.010 GC heap after
Heap after GC invocations=23 (full 19):
 PSYoungGen      total 136704K, used 58922K [0x000000076b580000, 0x0000000774780000, 0x00000007c0000000)
  eden space 128000K, 46% used [0x000000076b580000,0x000000076ef0ab80,0x0000000773280000)
  from space 8704K, 0% used [0x0000000773f00000,0x0000000773f00000,0x0000000774780000)
  to   space 10752K, 0% used [0x0000000773280000,0x0000000773280000,0x0000000773d00000)
 ParOldGen       total 173568K, used 166120K [0x00000006c2000000, 0x00000006cc980000, 0x000000076b580000)
  object space 173568K, 95% used [0x00000006c2000000,0x00000006cc23a3d8,0x00000006cc980000)
 Metaspace       used 13385K, capacity 13950K, committed 14080K, reserved 1060864K
  class space    used 1825K, capacity 1995K, committed 2048K, reserved 1048576K
}
Event: 5.179 GC heap before
{Heap before GC invocations=24 (full 20):
 PSYoungGen      total 136704K, used 127948K [0x000000076b580000, 0x0000000774780000, 0x00000007c0000000)
  eden space 128000K, 99% used [0x000000076b580000,0x00000007732733e8,0x0000000773280000)
  from space 8704K, 0% used [0x0000000773f00000,0x0000000773f00000,0x0000000774780000)
  to   space 10752K, 0% used [0x0000000773280000,0x0000000773280000,0x0000000773d00000)
 ParOldGen       total 173568K, used 166120K [0x00000006c2000000, 0x00000006cc980000, 0x000000076b580000)
  object space 173568K, 95% used [0x00000006c2000000,0x00000006cc23a3d8,0x00000006cc980000)
 Metaspace       used 13412K, capacity 13950K, committed 14080K, reserved 1060864K
  class space    used 1825K, capacity 1995K, committed 2048K, reserved 1048576K
Event: 5.192 GC heap after
Heap after GC invocations=24 (full 20):
 PSYoungGen      total 136704K, used 58870K [0x000000076b580000, 0x0000000774780000, 0x00000007c0000000)
  eden space 128000K, 45% used [0x000000076b580000,0x000000076eefd920,0x0000000773280000)
  from space 8704K, 0% used [0x0000000773f00000,0x0000000773f00000,0x0000000774780000)
  to   space 10752K, 0% used [0x0000000773280000,0x0000000773280000,0x0000000773d00000)
 ParOldGen       total 173568K, used 166120K [0x00000006c2000000, 0x00000006cc980000, 0x000000076b580000)
  object space 173568K, 95% used [0x00000006c2000000,0x00000006cc23a3d8,0x00000006cc980000)
 Metaspace       used 13412K, capacity 13950K, committed 14080K, reserved 1060864K
  class space    used 1825K, capacity 1995K, committed 2048K, reserved 1048576K
}
Event: 5.279 GC heap before
{Heap before GC invocations=25 (full 21):
 PSYoungGen      total 136704K, used 127224K [0x000000076b580000, 0x0000000774780000, 0x00000007c0000000)
  eden space 128000K, 99% used [0x000000076b580000,0x00000007731be0a0,0x0000000773280000)
  from space 8704K, 0% used [0x0000000773f00000,0x0000000773f00000,0x0000000774780000)
  to   space 10752K, 0% used [0x0000000773280000,0x0000000773280000,0x0000000773d00000)
 ParOldGen       total 173568K, used 166120K [0x00000006c2000000, 0x00000006cc980000, 0x000000076b580000)
  object space 173568K, 95% used [0x00000006c2000000,0x00000006cc23a3d8,0x00000006cc980000)
 Metaspace       used 13420K, capacity 14014K, committed 14080K, reserved 1060864K
  class space    used 1826K, capacity 1995K, committed 2048K, reserved 1048576K
Event: 5.321 GC heap after
Heap after GC invocations=25 (full 21):
 PSYoungGen      total 136704K, used 45687K [0x000000076b580000, 0x0000000774780000, 0x00000007c0000000)
  eden space 128000K, 35% used [0x000000076b580000,0x000000076e21dd18,0x0000000773280000)
  from space 8704K, 0% used [0x0000000773f00000,0x0000000773f00000,0x0000000774780000)
  to   space 10752K, 0% used [0x0000000773280000,0x0000000773280000,0x0000000773d00000)
 ParOldGen       total 173568K, used 166120K [0x00000006c2000000, 0x00000006cc980000, 0x000000076b580000)
  object space 173568K, 95% used [0x00000006c2000000,0x00000006cc23a2b0,0x00000006cc980000)
 Metaspace       used 13420K, capacity 14014K, committed 14080K, reserved 1060864K
  class space    used 1826K, capacity 1995K, committed 2048K, reserved 1048576K
}

Deoptimization events (10 events):
Event: 3.238 Thread 0x000001d498f74000 Uncommon trap: reason=unstable_if action=reinterpret pc=0x000001d480244b44 method=com.sun.javafx.iio.common.RoughScaler.putSourceScanline([BI)Z @ 33
Event: 3.240 Thread 0x000001d498f74000 Uncommon trap: reason=unstable_if action=reinterpret pc=0x000001d4803f011c method=com.sun.javafx.iio.gif.GIFImageLoader2.restoreToBackground([BIIII)V @ 7
Event: 3.249 Thread 0x000001d498f74000 Uncommon trap: reason=unstable_if action=reinterpret pc=0x000001d480258cd4 method=com.sun.javafx.image.impl.ByteBgra$ToByteBgraPreConv.doConvert([BII[BIIII)V @ 75
Event: 3.259 Thread 0x000001d498f74000 Uncommon trap: reason=unstable_if action=reinterpret pc=0x000001d480265db0 method=com.sun.javafx.iio.png.PNGImageLoader2.paethPr(III)I @ 30
Event: 3.259 Thread 0x000001d498f74000 Uncommon trap: reason=unstable_if action=reinterpret pc=0x000001d4802684ac method=java.lang.Math.abs(I)I @ 1
Event: 3.260 Thread 0x000001d498f74000 Uncommon trap: reason=unstable_if action=reinterpret pc=0x000001d480268fec method=com.sun.javafx.iio.png.PNGImageLoader2.paethPr(III)I @ 30
Event: 3.577 Thread 0x000001d498f74000 Uncommon trap: reason=unstable_if action=reinterpret pc=0x000001d48042a9e0 method=Game.Food.checkCollision(LGame/EnemyBee;)V @ 5
Event: 3.751 Thread 0x000001d498f74000 Uncommon trap: reason=unstable_if action=reinterpret pc=0x000001d48041ab10 method=java.util.ArrayList$Itr.checkForComodification()V @ 11
Event: 5.277 Thread 0x000001d498f74000 Uncommon trap: reason=unstable_if action=reinterpret pc=0x000001d4804f9ce0 method=Game.Food.checkCollision(LGame/PlayerBird;)V @ 5
Event: 5.556 Thread 0x000001d498f74000 Uncommon trap: reason=unstable_if action=reinterpret pc=0x000001d4805752a8 method=Game.EnemyBee.checkCollision2(LGame/EnemyBee;)V @ 90

Classes redefined (0 events):
No events

Internal exceptions (10 events):
Event: 4.749 Thread 0x000001d498f74000 Exception <a 'java/util/ConcurrentModificationException'> (0x000000076ff49f00) thrown at [C:\jenkins\workspace\8-2-build-windows-amd64-cygwin\jdk8u261\295\hotspot\src\share\vm\prims\jvm.cpp, line 1516]
Event: 5.030 Thread 0x000001d498f74000 Exception <a 'java/util/ConcurrentModificationException'> (0x000000076f25a788) thrown at [C:\jenkins\workspace\8-2-build-windows-amd64-cygwin\jdk8u261\295\hotspot\src\share\vm\prims\jvm.cpp, line 1516]
Event: 5.037 Thread 0x000001d498f74000 Exception <a 'java/util/ConcurrentModificationException'> (0x000000076f260568) thrown at [C:\jenkins\workspace\8-2-build-windows-amd64-cygwin\jdk8u261\295\hotspot\src\share\vm\prims\jvm.cpp, line 1516]
Event: 5.053 Thread 0x000001d498f74000 Exception <a 'java/util/ConcurrentModificationException'> (0x000000076f266388) thrown at [C:\jenkins\workspace\8-2-build-windows-amd64-cygwin\jdk8u261\295\hotspot\src\share\vm\prims\jvm.cpp, line 1516]
Event: 5.069 Thread 0x000001d498f74000 Exception <a 'java/util/ConcurrentModificationException'> (0x000000076f26c168) thrown at [C:\jenkins\workspace\8-2-build-windows-amd64-cygwin\jdk8u261\295\hotspot\src\share\vm\prims\jvm.cpp, line 1516]
Event: 5.261 Thread 0x000001d498f74000 Exception <a 'java/util/ConcurrentModificationException'> (0x000000076f275120) thrown at [C:\jenkins\workspace\8-2-build-windows-amd64-cygwin\jdk8u261\295\hotspot\src\share\vm\prims\jvm.cpp, line 1516]
Event: 5.264 Thread 0x000001d498d40000 Exception <a 'java/lang/NullPointerException'> (0x00000007731b2b20) thrown at [C:\jenkins\workspace\8-2-build-windows-amd64-cygwin\jdk8u261\295\hotspot\src\share\vm\interpreter\linkResolver.cpp, line 1287]
Event: 5.264 Thread 0x000001d498f74000 Exception <a 'java/util/ConcurrentModificationException'> (0x000000076f27aee0) thrown at [C:\jenkins\workspace\8-2-build-windows-amd64-cygwin\jdk8u261\295\hotspot\src\share\vm\prims\jvm.cpp, line 1516]
Event: 5.341 Thread 0x000001d498f74000 Exception <a 'java/util/ConcurrentModificationException'> (0x000000076e93f778) thrown at [C:\jenkins\workspace\8-2-build-windows-amd64-cygwin\jdk8u261\295\hotspot\src\share\vm\prims\jvm.cpp, line 1516]
Event: 5.357 Thread 0x000001d498f74000 Exception <a 'java/util/ConcurrentModificationException'> (0x000000076e945550) thrown at [C:\jenkins\workspace\8-2-build-windows-amd64-cygwin\jdk8u261\295\hotspot\src\share\vm\prims\jvm.cpp, line 1516]

Events (10 events):
Event: 5.277 Thread 0x000001d498f74000 Uncommon trap: trap_request=0xffffff65 fr.pc=0x000001d4804f9ce0
Event: 5.277 Thread 0x000001d498f74000 DEOPT PACKING pc=0x000001d4804f9ce0 sp=0x000000cd43efdab0
Event: 5.277 Thread 0x000001d498f74000 DEOPT UNPACKING pc=0x000001d480045843 sp=0x000000cd43efda98 mode 2
Event: 5.279 Executing VM operation: ParallelGCFailedAllocation
Event: 5.321 Executing VM operation: ParallelGCFailedAllocation done
Event: 5.321 Executing VM operation: RevokeBias
Event: 5.321 Executing VM operation: RevokeBias done
Event: 5.556 Thread 0x000001d498f74000 Uncommon trap: trap_request=0xffffff65 fr.pc=0x000001d4805752a8
Event: 5.556 Thread 0x000001d498f74000 DEOPT PACKING pc=0x000001d4805752a8 sp=0x000000cd43efdb30
Event: 5.556 Thread 0x000001d498f74000 DEOPT UNPACKING pc=0x000001d480045843 sp=0x000000cd43efdac8 mode 2


Dynamic libraries:
0x00007ff616b20000 - 0x00007ff616b67000 	C:\Program Files\Java\jdk1.8.0_261\bin\javaw.exe
0x00007ffb5a360000 - 0x00007ffb5a569000 	C:\WINDOWS\SYSTEM32\ntdll.dll
0x00007ffb58930000 - 0x00007ffb589ee000 	C:\WINDOWS\System32\KERNEL32.DLL
0x00007ffb57b40000 - 0x00007ffb57ebb000 	C:\WINDOWS\System32\KERNELBASE.dll
0x00007ffb58f70000 - 0x00007ffb5901e000 	C:\WINDOWS\System32\ADVAPI32.dll
0x00007ffb58400000 - 0x00007ffb584a3000 	C:\WINDOWS\System32\msvcrt.dll
0x00007ffb58e70000 - 0x00007ffb58f0e000 	C:\WINDOWS\System32\sechost.dll
0x00007ffb587a0000 - 0x00007ffb588c0000 	C:\WINDOWS\System32\RPCRT4.dll
0x00007ffb59b90000 - 0x00007ffb59d3d000 	C:\WINDOWS\System32\USER32.dll
0x00007ffb57950000 - 0x00007ffb57976000 	C:\WINDOWS\System32\win32u.dll
0x00007ffb58730000 - 0x00007ffb58759000 	C:\WINDOWS\System32\GDI32.dll
0x00007ffb57980000 - 0x00007ffb57a98000 	C:\WINDOWS\System32\gdi32full.dll
0x00007ffb57aa0000 - 0x00007ffb57b3d000 	C:\WINDOWS\System32\msvcp_win.dll
0x00007ffb57830000 - 0x00007ffb57941000 	C:\WINDOWS\System32\ucrtbase.dll
0x00007ffb42e30000 - 0x00007ffb430d5000 	C:\WINDOWS\WinSxS\amd64_microsoft.windows.common-controls_6595b64144ccf1df_6.0.22000.120_none_9d947278b86cc467\COMCTL32.dll
0x00007ffb58760000 - 0x00007ffb58792000 	C:\WINDOWS\System32\IMM32.DLL
0x00007ffb47070000 - 0x00007ffb47085000 	C:\Program Files\Java\jdk1.8.0_261\jre\bin\vcruntime140.dll
0x00007ffb45990000 - 0x00007ffb45a2b000 	C:\Program Files\Java\jdk1.8.0_261\jre\bin\msvcp140.dll
0x0000000074510000 - 0x0000000074d7c000 	C:\Program Files\Java\jdk1.8.0_261\jre\bin\server\jvm.dll
0x00007ffb58e60000 - 0x00007ffb58e68000 	C:\WINDOWS\System32\PSAPI.DLL
0x00007ffb46070000 - 0x00007ffb46079000 	C:\WINDOWS\SYSTEM32\WSOCK32.dll
0x00007ffb4f790000 - 0x00007ffb4f79a000 	C:\WINDOWS\SYSTEM32\VERSION.dll
0x00007ffb4f430000 - 0x00007ffb4f463000 	C:\WINDOWS\SYSTEM32\WINMM.dll
0x00007ffb588c0000 - 0x00007ffb5892f000 	C:\WINDOWS\System32\WS2_32.dll
0x00007ffb56960000 - 0x00007ffb56978000 	C:\WINDOWS\SYSTEM32\kernel.appcore.dll
0x00007ffb534d0000 - 0x00007ffb534e0000 	C:\Program Files\Java\jdk1.8.0_261\jre\bin\verify.dll
0x00007ffb45a30000 - 0x00007ffb45a5b000 	C:\Program Files\Java\jdk1.8.0_261\jre\bin\java.dll
0x00007ffb51200000 - 0x00007ffb51218000 	C:\Program Files\Java\jdk1.8.0_261\jre\bin\zip.dll
0x00007ffb59040000 - 0x00007ffb597f7000 	C:\WINDOWS\System32\SHELL32.dll
0x00007ffb558f0000 - 0x00007ffb56155000 	C:\WINDOWS\SYSTEM32\windows.storage.dll
0x00007ffb59ec0000 - 0x00007ffb5a238000 	C:\WINDOWS\System32\combase.dll
0x00007ffb55780000 - 0x00007ffb558e6000 	C:\WINDOWS\SYSTEM32\wintypes.dll
0x00007ffb59dd0000 - 0x00007ffb59eba000 	C:\WINDOWS\System32\SHCORE.dll
0x00007ffb584b0000 - 0x00007ffb5850d000 	C:\WINDOWS\System32\shlwapi.dll
0x00007ffb57760000 - 0x00007ffb57781000 	C:\WINDOWS\SYSTEM32\profapi.dll
0x000001d4fb9d0000 - 0x000001d4fb9d3000 	C:\Program Files\Java\jdk1.8.0_261\jre\bin\api-ms-win-core-console-l1-1-0.dll
0x000001d4fb9e0000 - 0x000001d4fb9e3000 	C:\Program Files\Java\jdk1.8.0_261\jre\bin\api-ms-win-core-datetime-l1-1-0.dll
0x000001d4fb9f0000 - 0x000001d4fb9f3000 	C:\Program Files\Java\jdk1.8.0_261\jre\bin\api-ms-win-core-debug-l1-1-0.dll
0x000001d4fba00000 - 0x000001d4fba03000 	C:\Program Files\Java\jdk1.8.0_261\jre\bin\api-ms-win-core-errorhandling-l1-1-0.dll
0x000001d4fba10000 - 0x000001d4fba14000 	C:\Program Files\Java\jdk1.8.0_261\jre\bin\api-ms-win-core-file-l1-1-0.dll
0x000001d4fba20000 - 0x000001d4fba23000 	C:\Program Files\Java\jdk1.8.0_261\jre\bin\api-ms-win-core-file-l1-2-0.dll
0x000001d4fff90000 - 0x000001d4fff93000 	C:\Program Files\Java\jdk1.8.0_261\jre\bin\api-ms-win-core-file-l2-1-0.dll
0x000001d4fffa0000 - 0x000001d4fffa3000 	C:\Program Files\Java\jdk1.8.0_261\jre\bin\api-ms-win-core-handle-l1-1-0.dll
0x000001d4fffb0000 - 0x000001d4fffb3000 	C:\Program Files\Java\jdk1.8.0_261\jre\bin\api-ms-win-core-heap-l1-1-0.dll
0x000001d4fffc0000 - 0x000001d4fffc3000 	C:\Program Files\Java\jdk1.8.0_261\jre\bin\api-ms-win-core-interlocked-l1-1-0.dll
0x000001d4fffd0000 - 0x000001d4fffd3000 	C:\Program Files\Java\jdk1.8.0_261\jre\bin\api-ms-win-core-libraryloader-l1-1-0.dll
0x000001d4fffe0000 - 0x000001d4fffe3000 	C:\Program Files\Java\jdk1.8.0_261\jre\bin\api-ms-win-core-localization-l1-2-0.dll
0x000001d4ffff0000 - 0x000001d4ffff3000 	C:\Program Files\Java\jdk1.8.0_261\jre\bin\api-ms-win-core-memory-l1-1-0.dll
0x000001d498d60000 - 0x000001d498d63000 	C:\Program Files\Java\jdk1.8.0_261\jre\bin\api-ms-win-core-namedpipe-l1-1-0.dll
0x000001d498d70000 - 0x000001d498d73000 	C:\Program Files\Java\jdk1.8.0_261\jre\bin\api-ms-win-core-processenvironment-l1-1-0.dll
0x000001d498d80000 - 0x000001d498d83000 	C:\Program Files\Java\jdk1.8.0_261\jre\bin\api-ms-win-core-processthreads-l1-1-0.dll
0x000001d498d90000 - 0x000001d498d93000 	C:\Program Files\Java\jdk1.8.0_261\jre\bin\api-ms-win-core-processthreads-l1-1-1.dll
0x000001d498da0000 - 0x000001d498da3000 	C:\Program Files\Java\jdk1.8.0_261\jre\bin\api-ms-win-core-profile-l1-1-0.dll
0x000001d498db0000 - 0x000001d498db3000 	C:\Program Files\Java\jdk1.8.0_261\jre\bin\api-ms-win-core-rtlsupport-l1-1-0.dll
0x000001d498dc0000 - 0x000001d498dc3000 	C:\Program Files\Java\jdk1.8.0_261\jre\bin\api-ms-win-core-string-l1-1-0.dll
0x000001d498dd0000 - 0x000001d498dd3000 	C:\Program Files\Java\jdk1.8.0_261\jre\bin\api-ms-win-core-synch-l1-1-0.dll
0x000001d498de0000 - 0x000001d498de3000 	C:\Program Files\Java\jdk1.8.0_261\jre\bin\api-ms-win-core-synch-l1-2-0.dll
0x000001d498df0000 - 0x000001d498df3000 	C:\Program Files\Java\jdk1.8.0_261\jre\bin\api-ms-win-core-sysinfo-l1-1-0.dll
0x000001d498e00000 - 0x000001d498e03000 	C:\Program Files\Java\jdk1.8.0_261\jre\bin\api-ms-win-core-timezone-l1-1-0.dll
0x000001d498e10000 - 0x000001d498e13000 	C:\Program Files\Java\jdk1.8.0_261\jre\bin\api-ms-win-core-util-l1-1-0.dll
0x000001d498e20000 - 0x000001d498e23000 	C:\Program Files\Java\jdk1.8.0_261\jre\bin\api-ms-win-crt-conio-l1-1-0.dll
0x000001d498e30000 - 0x000001d498e34000 	C:\Program Files\Java\jdk1.8.0_261\jre\bin\api-ms-win-crt-convert-l1-1-0.dll
0x000001d498e40000 - 0x000001d498e43000 	C:\Program Files\Java\jdk1.8.0_261\jre\bin\api-ms-win-crt-environment-l1-1-0.dll
0x000001d498e50000 - 0x000001d498e53000 	C:\Program Files\Java\jdk1.8.0_261\jre\bin\api-ms-win-crt-filesystem-l1-1-0.dll
0x000001d498e60000 - 0x000001d498e63000 	C:\Program Files\Java\jdk1.8.0_261\jre\bin\api-ms-win-crt-heap-l1-1-0.dll
0x000001d498e70000 - 0x000001d498e73000 	C:\Program Files\Java\jdk1.8.0_261\jre\bin\api-ms-win-crt-locale-l1-1-0.dll
0x000001d498e80000 - 0x000001d498e85000 	C:\Program Files\Java\jdk1.8.0_261\jre\bin\api-ms-win-crt-math-l1-1-0.dll
0x000001d498e90000 - 0x000001d498e95000 	C:\Program Files\Java\jdk1.8.0_261\jre\bin\api-ms-win-crt-multibyte-l1-1-0.dll
0x000001d498ea0000 - 0x000001d498eb0000 	C:\Program Files\Java\jdk1.8.0_261\jre\bin\api-ms-win-crt-private-l1-1-0.dll
0x000001d498eb0000 - 0x000001d498eb3000 	C:\Program Files\Java\jdk1.8.0_261\jre\bin\api-ms-win-crt-process-l1-1-0.dll
0x000001d498ec0000 - 0x000001d498ec4000 	C:\Program Files\Java\jdk1.8.0_261\jre\bin\api-ms-win-crt-runtime-l1-1-0.dll
0x000001d498ed0000 - 0x000001d498ed4000 	C:\Program Files\Java\jdk1.8.0_261\jre\bin\api-ms-win-crt-stdio-l1-1-0.dll
0x000001d498ee0000 - 0x000001d498ee4000 	C:\Program Files\Java\jdk1.8.0_261\jre\bin\api-ms-win-crt-string-l1-1-0.dll
0x000001d498ef0000 - 0x000001d498ef3000 	C:\Program Files\Java\jdk1.8.0_261\jre\bin\api-ms-win-crt-time-l1-1-0.dll
0x000001d498f00000 - 0x000001d498f03000 	C:\Program Files\Java\jdk1.8.0_261\jre\bin\api-ms-win-crt-utility-l1-1-0.dll
0x00007ffb453f0000 - 0x00007ffb454ec000 	C:\Program Files\Java\jdk1.8.0_261\jre\bin\ucrtbase.dll
0x00007ffb45930000 - 0x00007ffb45981000 	C:\Program Files\Java\jdk1.8.0_261\jre\bin\concrt140.dll
0x00007ffb45900000 - 0x00007ffb45923000 	C:\Program Files\Java\jdk1.8.0_261\jre\bin\prism_d3d.dll
0x00007ffb477c0000 - 0x00007ffb47966000 	C:\WINDOWS\system32\d3d9.dll
0x00007ffb54f50000 - 0x00007ffb54f7f000 	C:\WINDOWS\SYSTEM32\dwmapi.dll
0x00007ffb54d20000 - 0x00007ffb54d58000 	C:\WINDOWS\SYSTEM32\dxcore.dll
0x00007ffb549e0000 - 0x00007ffb54a8c000 	C:\WINDOWS\system32\uxtheme.dll
0x00007ffb155d0000 - 0x00007ffb15735000 	C:\WINDOWS\System32\DriverStore\FileRepository\iigd_dch.inf_amd64_e6980897e3126266\igdumdim64.dll
0x00007ffb58510000 - 0x00007ffb586aa000 	C:\WINDOWS\System32\ole32.dll
0x00007ffab16a0000 - 0x00007ffab532b000 	C:\WINDOWS\System32\DriverStore\FileRepository\iigd_dch.inf_amd64_e6980897e3126266\igd9dxva64.dll
0x00007ffb59800000 - 0x00007ffb598d6000 	C:\WINDOWS\System32\OLEAUT32.dll
0x00007ffb589f0000 - 0x00007ffb58e5c000 	C:\WINDOWS\System32\SETUPAPI.dll
0x00007ffb57500000 - 0x00007ffb5754c000 	C:\WINDOWS\SYSTEM32\cfgmgr32.dll
0x00007ffb4da40000 - 0x00007ffb4dd76000 	C:\WINDOWS\System32\DriverStore\FileRepository\iigd_dch.inf_amd64_e6980897e3126266\igdgmm64.dll
0x00007ffb52cb0000 - 0x00007ffb52cf4000 	C:\WINDOWS\SYSTEM32\directxdatabasehelper.dll
0x00007ffb56980000 - 0x00007ffb569b4000 	C:\WINDOWS\SYSTEM32\ntmarta.dll
0x00007ffb457e0000 - 0x00007ffb45825000 	C:\Program Files\Java\jdk1.8.0_261\jre\bin\glass.dll
0x00007ffb59aa0000 - 0x00007ffb59b8c000 	C:\WINDOWS\System32\COMDLG32.dll
0x00007ffb58200000 - 0x00007ffb5831d000 	C:\WINDOWS\System32\MSCTF.dll
0x00007ffb57f30000 - 0x00007ffb57faf000 	C:\WINDOWS\System32\bcryptPrimitives.dll
0x00007ffb128b0000 - 0x00007ffb128d7000 	C:\WINDOWS\System32\DriverStore\FileRepository\iigd_dch.inf_amd64_e6980897e3126266\igdinfo64.dll
0x00007ffb57090000 - 0x00007ffb570a8000 	C:\WINDOWS\SYSTEM32\CRYPTSP.dll
0x00007ffb568c0000 - 0x00007ffb568f5000 	C:\WINDOWS\system32\rsaenh.dll
0x00007ffb57080000 - 0x00007ffb5708c000 	C:\WINDOWS\SYSTEM32\CRYPTBASE.dll
0x00007ffb57210000 - 0x00007ffb57237000 	C:\WINDOWS\SYSTEM32\bcrypt.dll
0x00007ffb48140000 - 0x00007ffb4aecf000 	C:\WINDOWS\System32\DriverStore\FileRepository\iigd_dch.inf_amd64_e6980897e3126266\igc64.dll
0x00007ffb47050000 - 0x00007ffb47064000 	C:\Program Files\Java\jdk1.8.0_261\jre\bin\javafx_font.dll
0x00007ffb39140000 - 0x00007ffb3939f000 	C:\WINDOWS\SYSTEM32\dwrite.dll
0x00007ffb58330000 - 0x00007ffb583e5000 	C:\WINDOWS\System32\clbcatq.dll
0x00007ffb4f7a0000 - 0x00007ffb4f94e000 	C:\WINDOWS\SYSTEM32\WindowsCodecs.dll
0x00007ffb36130000 - 0x00007ffb3618d000 	C:\WINDOWS\system32\dataexchange.dll
0x00007ffb51610000 - 0x00007ffb51876000 	C:\WINDOWS\system32\twinapi.appcore.dll
0x00007ffb45760000 - 0x00007ffb45792000 	C:\Program Files\Common Files\Microsoft Shared\Ink\rtscom.dll
0x00007ffb3ec70000 - 0x00007ffb3ed9d000 	C:\WINDOWS\SYSTEM32\textinputframework.dll
0x00007ffb54600000 - 0x00007ffb54731000 	C:\WINDOWS\SYSTEM32\CoreMessaging.dll
0x00007ffb51d20000 - 0x00007ffb5208d000 	C:\WINDOWS\SYSTEM32\CoreUIComponents.dll
0x00007ffb53510000 - 0x00007ffb53ac8000 	C:\WINDOWS\SYSTEM32\d2d1.dll
0x00007ffb51250000 - 0x00007ffb514d0000 	C:\WINDOWS\SYSTEM32\d3d11.dll
0x00007ffb54b50000 - 0x00007ffb54c43000 	C:\WINDOWS\SYSTEM32\dxgi.dll
0x00007ffb50760000 - 0x00007ffb50e62000 	C:\WINDOWS\SYSTEM32\D3D10Warp.dll
0x00007ffb458e0000 - 0x00007ffb458f2000 	C:\Program Files\Java\jdk1.8.0_261\jre\bin\prism_common.dll

VM Arguments:
jvm_args: -Dfile.encoding=Cp1252 
java_command: Game.RunGame
java_class_path (initial): C:\Users\Jay Latigay\CMSC 22\MiniProject\bin;C:\Users\Jay Latigay\OneDrive\Desktop\eclipse\plugins\org.eclipse.fx.ide.css.jfx8_2.4.0.201605112122.jar
Launcher Type: SUN_STANDARD

Environment Variables:
PATH=C:/Program Files/Java/jdk1.8.0_261/bin/../jre/bin/server;C:/Program Files/Java/jdk1.8.0_261/bin/../jre/bin;C:/Program Files/Java/jdk1.8.0_261/bin/../jre/lib/amd64;C:\Windows\system32;C:\Windows;C:\Windows\System32\Wbem;C:\Windows\System32\WindowsPowerShell\v1.0\;C:\Windows\System32\OpenSSH\;C:\Program Files (x86)\NVIDIA Corporation\PhysX\Common;C:\Program Files\NVIDIA Corporation\NVIDIA NvDLISR;C:\WINDOWS\system32;C:\WINDOWS;C:\WINDOWS\System32\Wbem;C:\WINDOWS\System32\WindowsPowerShell\v1.0\;C:\WINDOWS\System32\OpenSSH\;C:\Program Files\Git\cmd;C:\Program Files\Java\jdk1.8.0_261\bin;C:\Program Files\PowerShell\7\;C:\Users\Jay Latigay\AppData\Local\Programs\Python\Python310\Scripts\;C:\Users\Jay Latigay\AppData\Local\Programs\Python\Python310\;C:\Users\Jay Latigay\AppData\Local\Microsoft\WindowsApps;;C:\Users\Jay Latigay\OneDrive\Desktop\eclipse;
USERNAME=Jay Latigay
OS=Windows_NT
PROCESSOR_IDENTIFIER=Intel64 Family 6 Model 165 Stepping 2, GenuineIntel



---------------  S Y S T E M  ---------------

OS: Windows 10.0 , 64 bit Build 22000 (10.0.22000.1335)

CPU:total 12 (initial active 12) (6 cores per cpu, 2 threads per core) family 6 model 165 stepping 2, cmov, cx8, fxsr, mmx, sse, sse2, sse3, ssse3, sse4.1, sse4.2, popcnt, avx, avx2, aes, clmul, erms, 3dnowpref, lzcnt, ht, tsc, tscinvbit, bmi1, bmi2, adx

Memory: 4k page, physical 16641840k(5097608k free), swap 66973488k(5256k free)

vm_info: Java HotSpot(TM) 64-Bit Server VM (25.261-b12) for windows-amd64 JRE (1.8.0_261-b12), built on Jun 18 2020 06:56:32 by "" with unknown MS VC++:1916

time: Tue Jan 10 05:16:11 2023
timezone: Malay Peninsula Standard Time
elapsed time: 5 seconds (0d 0h 0m 5s)

