#
# There is insufficient memory for the Java Runtime Environment to continue.
# Native memory allocation (malloc) failed to allocate 610416 bytes for Chunk::new
# Possible reasons:
#   The system is out of physical RAM or swap space
#   The process is running with CompressedOops enabled, and the Java Heap may be blocking the growth of the native heap
# Possible solutions:
#   Reduce memory load on the system
#   Increase physical memory or swap space
#   Check if swap backing store is full
#   Decrease Java heap size (-Xmx/-Xms)
#   Decrease number of Java threads
#   Decrease Java thread stack sizes (-Xss)
#   Set larger code cache with -XX:ReservedCodeCacheSize=
#   JVM is running with Zero Based Compressed Oops mode in which the Java heap is
#     placed in the first 32GB address space. The Java Heap base address is the
#     maximum limit for the native heap growth. Please use -XX:HeapBaseMinAddress
#     to set the Java Heap base and to place the Java Heap above 32GB virtual address.
# This output file may be truncated or incomplete.
#
#  Out of Memory Error (allocation.cpp:389), pid=32944, tid=0x0000000000006b68
#
# JRE version: Java(TM) SE Runtime Environment (8.0_261-b12) (build 1.8.0_261-b12)
# Java VM: Java HotSpot(TM) 64-Bit Server VM (25.261-b12 mixed mode windows-amd64 compressed oops)
# Failed to write core dump. Minidumps are not enabled by default on client versions of Windows
#

---------------  T H R E A D  ---------------

Current thread (0x000001867e00a000):  JavaThread "C2 CompilerThread0" daemon [_thread_in_native, id=27496, stack(0x0000004a41a00000,0x0000004a41b00000)]

Stack: [0x0000004a41a00000,0x0000004a41b00000]
Native frames: (J=compiled Java code, j=interpreted, Vv=VM code, C=native code)
V  [jvm.dll+0x33e5f9]
V  [jvm.dll+0x2850e2]
V  [jvm.dll+0x285d8d]
V  [jvm.dll+0x27c895]
V  [jvm.dll+0xe4d6c]
V  [jvm.dll+0xe556c]
V  [jvm.dll+0x47ed35]
V  [jvm.dll+0x4467c3]
V  [jvm.dll+0x44f8f5]
V  [jvm.dll+0x44ecb5]
V  [jvm.dll+0x439bc7]
V  [jvm.dll+0xbbbcb]
V  [jvm.dll+0xba22b]
V  [jvm.dll+0x24d962]
V  [jvm.dll+0x2a1cfc]
C  [ucrtbase.dll+0x26c0c]
C  [KERNEL32.DLL+0x155a0]
C  [ntdll.dll+0x485b]


Current CompileTask:
C2:   3127 1570 %     4       Game.GameTimer::handle @ 294 (1478 bytes)


---------------  P R O C E S S  ---------------

Java Threads: ( => current thread )
  0x000001861d549000 JavaThread "Thread-47" [_thread_blocked, id=18000, stack(0x0000004a45700000,0x0000004a45800000)]
  0x00000186176e9000 JavaThread "Thread-46" [_thread_blocked, id=19724, stack(0x0000004a45600000,0x0000004a45700000)]
  0x00000186176e8800 JavaThread "Thread-45" [_thread_blocked, id=32008, stack(0x0000004a45500000,0x0000004a45600000)]
  0x00000186176e7800 JavaThread "Thread-44" [_thread_blocked, id=21852, stack(0x0000004a45400000,0x0000004a45500000)]
  0x00000186176e3000 JavaThread "Thread-43" [_thread_blocked, id=22452, stack(0x0000004a45300000,0x0000004a45400000)]
  0x00000186176e7000 JavaThread "Thread-42" [_thread_blocked, id=29040, stack(0x0000004a45200000,0x0000004a45300000)]
  0x00000186176e4800 JavaThread "Thread-41" [_thread_blocked, id=26960, stack(0x0000004a45100000,0x0000004a45200000)]
  0x00000186176e5800 JavaThread "Thread-40" [_thread_blocked, id=14364, stack(0x0000004a45000000,0x0000004a45100000)]
  0x00000186176e4000 JavaThread "Thread-39" [_thread_blocked, id=26260, stack(0x0000004a44f00000,0x0000004a45000000)]
  0x00000186176e6000 JavaThread "Thread-38" [_thread_blocked, id=5644, stack(0x0000004a44e00000,0x0000004a44f00000)]
  0x00000186176e1800 JavaThread "Thread-37" [_thread_blocked, id=30876, stack(0x0000004a44d00000,0x0000004a44e00000)]
  0x00000186176e2800 JavaThread "Thread-36" [_thread_blocked, id=27552, stack(0x0000004a44c00000,0x0000004a44d00000)]
  0x00000186176da000 JavaThread "Thread-35" [_thread_blocked, id=12448, stack(0x0000004a44b00000,0x0000004a44c00000)]
  0x00000186176e0000 JavaThread "Thread-34" [_thread_blocked, id=24856, stack(0x0000004a44a00000,0x0000004a44b00000)]
  0x00000186176de000 JavaThread "Thread-33" [_thread_blocked, id=23924, stack(0x0000004a44900000,0x0000004a44a00000)]
  0x00000186176e1000 JavaThread "Thread-32" [_thread_blocked, id=9408, stack(0x0000004a44800000,0x0000004a44900000)]
  0x00000186176db800 JavaThread "Thread-31" [_thread_blocked, id=27024, stack(0x0000004a44700000,0x0000004a44800000)]
  0x00000186176dd000 JavaThread "Thread-30" [_thread_blocked, id=16444, stack(0x0000004a44600000,0x0000004a44700000)]
  0x00000186176df800 JavaThread "Thread-29" [_thread_blocked, id=19760, stack(0x0000004a44500000,0x0000004a44600000)]
  0x00000186176de800 JavaThread "Thread-28" [_thread_blocked, id=6940, stack(0x0000004a44400000,0x0000004a44500000)]
  0x00000186176dc800 JavaThread "Thread-27" [_thread_blocked, id=20256, stack(0x0000004a44300000,0x0000004a44400000)]
  0x00000186176db000 JavaThread "Thread-26" [_thread_blocked, id=31408, stack(0x0000004a44200000,0x0000004a44300000)]
  0x000001861d4bb800 JavaThread "Thread-25" [_thread_blocked, id=32264, stack(0x0000004a44100000,0x0000004a44200000)]
  0x000001861d4b8800 JavaThread "Thread-24" [_thread_blocked, id=12508, stack(0x0000004a44000000,0x0000004a44100000)]
  0x000001861d4ba800 JavaThread "Thread-23" [_thread_blocked, id=3996, stack(0x0000004a43f00000,0x0000004a44000000)]
  0x000001861d4ba000 JavaThread "Thread-22" [_thread_blocked, id=2328, stack(0x0000004a43e00000,0x0000004a43f00000)]
  0x000001861d4b9000 JavaThread "Thread-21" [_thread_blocked, id=33312, stack(0x0000004a43d00000,0x0000004a43e00000)]
  0x000001861d4be800 JavaThread "Thread-20" [_thread_blocked, id=26952, stack(0x0000004a43c00000,0x0000004a43d00000)]
  0x000001861d4bd000 JavaThread "Thread-19" [_thread_blocked, id=29796, stack(0x0000004a43b00000,0x0000004a43c00000)]
  0x000001861d4bf000 JavaThread "Thread-18" [_thread_blocked, id=27976, stack(0x0000004a43a00000,0x0000004a43b00000)]
  0x000001861d4bc000 JavaThread "Thread-17" [_thread_blocked, id=32040, stack(0x0000004a43900000,0x0000004a43a00000)]
  0x000001861d4bd800 JavaThread "Thread-16" [_thread_blocked, id=32204, stack(0x0000004a43800000,0x0000004a43900000)]
  0x000001867e01b000 JavaThread "Thread-15" [_thread_blocked, id=31436, stack(0x0000004a43700000,0x0000004a43800000)]
  0x000001867e021800 JavaThread "Thread-14" [_thread_blocked, id=24832, stack(0x0000004a43600000,0x0000004a43700000)]
  0x000001867e020800 JavaThread "Thread-13" [_thread_blocked, id=16508, stack(0x0000004a43500000,0x0000004a43600000)]
  0x000001867e020000 JavaThread "Thread-12" [_thread_blocked, id=31980, stack(0x0000004a43400000,0x0000004a43500000)]
  0x000001867e01f000 JavaThread "Thread-11" [_thread_blocked, id=28484, stack(0x0000004a43300000,0x0000004a43400000)]
  0x000001867e01e000 JavaThread "Thread-10" [_thread_blocked, id=10568, stack(0x0000004a43200000,0x0000004a43300000)]
  0x000001861d476000 JavaThread "Thread-9" [_thread_blocked, id=32596, stack(0x0000004a43100000,0x0000004a43200000)]
  0x000001861d4cd800 JavaThread "Thread-8" [_thread_blocked, id=5940, stack(0x0000004a43000000,0x0000004a43100000)]
  0x000001861d4b7000 JavaThread "Thread-7" [_thread_blocked, id=30960, stack(0x0000004a42f00000,0x0000004a43000000)]
  0x000001861768f000 JavaThread "Thread-6" [_thread_blocked, id=25436, stack(0x0000004a42e00000,0x0000004a42f00000)]
  0x0000018617396000 JavaThread "Prism Font Disposer" daemon [_thread_blocked, id=28748, stack(0x0000004a42b00000,0x0000004a42c00000)]
  0x0000018617201800 JavaThread "Thread-3" daemon [_thread_in_native, id=18864, stack(0x0000004a42600000,0x0000004a42700000)]
  0x00000186171f0800 JavaThread "JavaFX-Launcher" [_thread_blocked, id=25996, stack(0x0000004a42700000,0x0000004a42800000)]
  0x0000018616f68000 JavaThread "JavaFX Application Thread" [_thread_in_native, id=27072, stack(0x0000004a42200000,0x0000004a42300000)]
  0x0000018616f56000 JavaThread "Thread-1" daemon [_thread_blocked, id=10648, stack(0x0000004a42100000,0x0000004a42200000)]
  0x000001867fb82800 JavaThread "QuantumRenderer-0" daemon [_thread_in_native, id=18588, stack(0x0000004a42000000,0x0000004a42100000)]
  0x000001867e04e000 JavaThread "Service Thread" daemon [_thread_blocked, id=23912, stack(0x0000004a41e00000,0x0000004a41f00000)]
  0x000001867e022000 JavaThread "C1 CompilerThread3" daemon [_thread_blocked, id=16560, stack(0x0000004a41d00000,0x0000004a41e00000)]
  0x000001867e01c000 JavaThread "C2 CompilerThread2" daemon [_thread_blocked, id=28384, stack(0x0000004a41c00000,0x0000004a41d00000)]
  0x000001867e01d800 JavaThread "C2 CompilerThread1" daemon [_thread_blocked, id=31528, stack(0x0000004a41b00000,0x0000004a41c00000)]
=>0x000001867e00a000 JavaThread "C2 CompilerThread0" daemon [_thread_in_native, id=27496, stack(0x0000004a41a00000,0x0000004a41b00000)]
  0x000001867e01a800 JavaThread "Attach Listener" daemon [_thread_blocked, id=28848, stack(0x0000004a41900000,0x0000004a41a00000)]
  0x000001867e019800 JavaThread "Signal Dispatcher" daemon [_thread_blocked, id=11608, stack(0x0000004a41800000,0x0000004a41900000)]
  0x000001867dfe3000 JavaThread "Finalizer" daemon [_thread_blocked, id=21588, stack(0x0000004a41700000,0x0000004a41800000)]
  0x000001867dfdc800 JavaThread "Reference Handler" daemon [_thread_blocked, id=5500, stack(0x0000004a41600000,0x0000004a41700000)]
  0x0000018679521000 JavaThread "main" [_thread_blocked, id=33756, stack(0x0000004a40a00000,0x0000004a40b00000)]

Other Threads:
  0x000001867d18e800 VMThread [stack: 0x0000004a41500000,0x0000004a41600000] [id=5952]
  0x000001867f83b800 WatcherThread [stack: 0x0000004a41f00000,0x0000004a42000000] [id=26680]

VM state:not at safepoint (normal execution)

VM Mutex/Monitor currently owned by a thread: None

heap address: 0x00000006c2000000, size: 4064 MB, Compressed Oops mode: Zero based, Oop shift amount: 3
Narrow klass base: 0x0000000000000000, Narrow klass shift: 3
Compressed class space size: 1073741824 Address: 0x00000007c0000000

Heap:
 PSYoungGen      total 241664K, used 217743K [0x000000076b580000, 0x000000077c580000, 0x00000007c0000000)
  eden space 227840K, 89% used [0x000000076b580000,0x0000000777cd98a8,0x0000000779400000)
  from space 13824K, 98% used [0x000000077b800000,0x000000077c54a410,0x000000077c580000)
  to   space 16384K, 0% used [0x000000077a580000,0x000000077a580000,0x000000077b580000)
 ParOldGen       total 414720K, used 248679K [0x00000006c2000000, 0x00000006db500000, 0x000000076b580000)
  object space 414720K, 59% used [0x00000006c2000000,0x00000006d12d9fb8,0x00000006db500000)
 Metaspace       used 13517K, capacity 14138K, committed 14336K, reserved 1060864K
  class space    used 1828K, capacity 1995K, committed 2048K, reserved 1048576K

Card table byte_map: [0x000001867b300000,0x000001867bb00000] byte_map_base: 0x0000018677cf0000

Marking Bits: (ParMarkBitMap*) 0x0000000074d04fb0
 Begin Bits: [0x000001860f000000, 0x0000018612f80000)
 End Bits:   [0x0000018612f80000, 0x0000018616f00000)

Polling page: 0x00000186796f0000

CodeCache: size=245760Kb used=5758Kb max_used=5769Kb free=240001Kb
 bounds [0x0000018600000000, 0x00000186005b0000, 0x000001860f000000]
 total_blobs=2297 nmethods=1658 adapters=551
 compilation: enabled

Compilation events (10 events):
Event: 3.093 Thread 0x000001867e022000 1650       3       javafx.scene.Node::impl_getPeer (57 bytes)
Event: 3.093 Thread 0x000001867e022000 nmethod 1650 0x000001860059cf10 code [0x000001860059d080, 0x000001860059d390]
Event: 3.094 Thread 0x000001867e022000 1651       3       com.sun.javafx.tk.quantum.QuantumToolkit::postPulse (175 bytes)
Event: 3.095 Thread 0x000001867e022000 nmethod 1651 0x000001860059d450 code [0x000001860059d7e0, 0x000001860059f830]
Event: 3.101 Thread 0x000001867e022000 1652       3       java.util.concurrent.ThreadPoolExecutor::workerCountOf (5 bytes)
Event: 3.101 Thread 0x000001867e022000 nmethod 1652 0x00000186005a0390 code [0x00000186005a04e0, 0x00000186005a0618]
Event: 3.110 Thread 0x000001867e022000 1653       3       java.util.concurrent.locks.AbstractQueuedSynchronizer$ConditionObject::doSignal (43 bytes)
Event: 3.110 Thread 0x000001867e01d800 1654       4       com.sun.javafx.font.CompositeStrike::getStrikeSlot (165 bytes)
Event: 3.110 Thread 0x000001867e022000 nmethod 1653 0x00000186005a0690 code [0x00000186005a0800, 0x00000186005a0bb0]
Event: 3.112 Thread 0x000001867e01d800 nmethod 1654 0x00000186005a3cd0 code [0x00000186005a3e40, 0x00000186005a4248]

GC Heap History (10 events):
Event: 1.851 GC heap before
{Heap before GC invocations=4 (full 1):
 PSYoungGen      total 75776K, used 10610K [0x000000076b580000, 0x0000000774980000, 0x00000007c0000000)
  eden space 65024K, 0% used [0x000000076b580000,0x000000076b580000,0x000000076f500000)
  from space 10752K, 98% used [0x000000076f500000,0x000000076ff5cac8,0x000000076ff80000)
  to   space 10752K, 0% used [0x0000000773f00000,0x0000000773f00000,0x0000000774980000)
 ParOldGen       total 173568K, used 109128K [0x00000006c2000000, 0x00000006cc980000, 0x000000076b580000)
  object space 173568K, 62% used [0x00000006c2000000,0x00000006c8a920c0,0x00000006cc980000)
 Metaspace       used 12946K, capacity 13480K, committed 13824K, reserved 1060864K
  class space    used 1795K, capacity 1927K, committed 2048K, reserved 1048576K
Event: 1.866 GC heap after
Heap after GC invocations=4 (full 1):
 PSYoungGen      total 75776K, used 0K [0x000000076b580000, 0x0000000774980000, 0x00000007c0000000)
  eden space 65024K, 0% used [0x000000076b580000,0x000000076b580000,0x000000076f500000)
  from space 10752K, 0% used [0x000000076f500000,0x000000076f500000,0x000000076ff80000)
  to   space 10752K, 0% used [0x0000000773f00000,0x0000000773f00000,0x0000000774980000)
 ParOldGen       total 250368K, used 117460K [0x00000006c2000000, 0x00000006d1480000, 0x000000076b580000)
  object space 250368K, 46% used [0x00000006c2000000,0x00000006c92b5160,0x00000006d1480000)
 Metaspace       used 12946K, capacity 13480K, committed 13824K, reserved 1060864K
  class space    used 1795K, capacity 1927K, committed 2048K, reserved 1048576K
}
Event: 1.878 GC heap before
{Heap before GC invocations=5 (full 1):
 PSYoungGen      total 75776K, used 46791K [0x000000076b580000, 0x0000000774980000, 0x00000007c0000000)
  eden space 65024K, 71% used [0x000000076b580000,0x000000076e331f48,0x000000076f500000)
  from space 10752K, 0% used [0x000000076f500000,0x000000076f500000,0x000000076ff80000)
  to   space 10752K, 0% used [0x0000000773f00000,0x0000000773f00000,0x0000000774980000)
 ParOldGen       total 250368K, used 117460K [0x00000006c2000000, 0x00000006d1480000, 0x000000076b580000)
  object space 250368K, 46% used [0x00000006c2000000,0x00000006c92b5160,0x00000006d1480000)
 Metaspace       used 12946K, capacity 13480K, committed 13824K, reserved 1060864K
  class space    used 1795K, capacity 1927K, committed 2048K, reserved 1048576K
Event: 1.889 GC heap after
Heap after GC invocations=5 (full 1):
 PSYoungGen      total 136704K, used 793K [0x000000076b580000, 0x0000000774780000, 0x00000007c0000000)
  eden space 128000K, 0% used [0x000000076b580000,0x000000076b580000,0x0000000773280000)
  from space 8704K, 9% used [0x0000000773f00000,0x0000000773fc6440,0x0000000774780000)
  to   space 10752K, 0% used [0x0000000773280000,0x0000000773280000,0x0000000773d00000)
 ParOldGen       total 250368K, used 162460K [0x00000006c2000000, 0x00000006d1480000, 0x000000076b580000)
  object space 250368K, 64% used [0x00000006c2000000,0x00000006cbea7180,0x00000006d1480000)
 Metaspace       used 12946K, capacity 13480K, committed 13824K, reserved 1060864K
  class space    used 1795K, capacity 1927K, committed 2048K, reserved 1048576K
}
Event: 2.211 GC heap before
{Heap before GC invocations=6 (full 1):
 PSYoungGen      total 136704K, used 122701K [0x000000076b580000, 0x0000000774780000, 0x00000007c0000000)
  eden space 128000K, 95% used [0x000000076b580000,0x0000000772c8d350,0x0000000773280000)
  from space 8704K, 9% used [0x0000000773f00000,0x0000000773fc6440,0x0000000774780000)
  to   space 10752K, 0% used [0x0000000773280000,0x0000000773280000,0x0000000773d00000)
 ParOldGen       total 250368K, used 162460K [0x00000006c2000000, 0x00000006d1480000, 0x000000076b580000)
  object space 250368K, 64% used [0x00000006c2000000,0x00000006cbea7180,0x00000006d1480000)
 Metaspace       used 13036K, capacity 13546K, committed 13824K, reserved 1060864K
  class space    used 1819K, capacity 1993K, committed 2048K, reserved 1048576K
Event: 2.224 GC heap after
Heap after GC invocations=6 (full 1):
 PSYoungGen      total 138752K, used 3754K [0x000000076b580000, 0x000000077c600000, 0x00000007c0000000)
  eden space 128000K, 0% used [0x000000076b580000,0x000000076b580000,0x0000000773280000)
  from space 10752K, 34% used [0x0000000773280000,0x000000077362a910,0x0000000773d00000)
  to   space 14336K, 0% used [0x000000077b800000,0x000000077b800000,0x000000077c600000)
 ParOldGen       total 250368K, used 243193K [0x00000006c2000000, 0x00000006d1480000, 0x000000076b580000)
  object space 250368K, 97% used [0x00000006c2000000,0x00000006d0d7e5c0,0x00000006d1480000)
 Metaspace       used 13036K, capacity 13546K, committed 13824K, reserved 1060864K
  class space    used 1819K, capacity 1993K, committed 2048K, reserved 1048576K
}
Event: 2.224 GC heap before
{Heap before GC invocations=7 (full 2):
 PSYoungGen      total 138752K, used 3754K [0x000000076b580000, 0x000000077c600000, 0x00000007c0000000)
  eden space 128000K, 0% used [0x000000076b580000,0x000000076b580000,0x0000000773280000)
  from space 10752K, 34% used [0x0000000773280000,0x000000077362a910,0x0000000773d00000)
  to   space 14336K, 0% used [0x000000077b800000,0x000000077b800000,0x000000077c600000)
 ParOldGen       total 250368K, used 243193K [0x00000006c2000000, 0x00000006d1480000, 0x000000076b580000)
  object space 250368K, 97% used [0x00000006c2000000,0x00000006d0d7e5c0,0x00000006d1480000)
 Metaspace       used 13036K, capacity 13546K, committed 13824K, reserved 1060864K
  class space    used 1819K, capacity 1993K, committed 2048K, reserved 1048576K
Event: 2.249 GC heap after
Heap after GC invocations=7 (full 2):
 PSYoungGen      total 138752K, used 0K [0x000000076b580000, 0x000000077c600000, 0x00000007c0000000)
  eden space 128000K, 0% used [0x000000076b580000,0x000000076b580000,0x0000000773280000)
  from space 10752K, 0% used [0x0000000773280000,0x0000000773280000,0x0000000773d00000)
  to   space 14336K, 0% used [0x000000077b800000,0x000000077b800000,0x000000077c600000)
 ParOldGen       total 414720K, used 245365K [0x00000006c2000000, 0x00000006db500000, 0x000000076b580000)
  object space 414720K, 59% used [0x00000006c2000000,0x00000006d0f9d6a8,0x00000006db500000)
 Metaspace       used 13036K, capacity 13546K, committed 13824K, reserved 1060864K
  class space    used 1819K, capacity 1993K, committed 2048K, reserved 1048576K
}
Event: 2.462 GC heap before
{Heap before GC invocations=8 (full 2):
 PSYoungGen      total 138752K, used 120022K [0x000000076b580000, 0x000000077c600000, 0x00000007c0000000)
  eden space 128000K, 93% used [0x000000076b580000,0x0000000772ab5898,0x0000000773280000)
  from space 10752K, 0% used [0x0000000773280000,0x0000000773280000,0x0000000773d00000)
  to   space 14336K, 0% used [0x000000077b800000,0x000000077b800000,0x000000077c600000)
 ParOldGen       total 414720K, used 245365K [0x00000006c2000000, 0x00000006db500000, 0x000000076b580000)
  object space 414720K, 59% used [0x00000006c2000000,0x00000006d0f9d6a8,0x00000006db500000)
 Metaspace       used 13243K, capacity 13874K, committed 14080K, reserved 1060864K
  class space    used 1825K, capacity 1995K, committed 2048K, reserved 1048576K
Event: 2.469 GC heap after
Heap after GC invocations=8 (full 2):
 PSYoungGen      total 241664K, used 13609K [0x000000076b580000, 0x000000077c580000, 0x00000007c0000000)
  eden space 227840K, 0% used [0x000000076b580000,0x000000076b580000,0x0000000779400000)
  from space 13824K, 98% used [0x000000077b800000,0x000000077c54a410,0x000000077c580000)
  to   space 16384K, 0% used [0x000000077a580000,0x000000077a580000,0x000000077b580000)
 ParOldGen       total 414720K, used 248679K [0x00000006c2000000, 0x00000006db500000, 0x000000076b580000)
  object space 414720K, 59% used [0x00000006c2000000,0x00000006d12d9fb8,0x00000006db500000)
 Metaspace       used 13243K, capacity 13874K, committed 14080K, reserved 1060864K
  class space    used 1825K, capacity 1995K, committed 2048K, reserved 1048576K
}

Deoptimization events (10 events):
Event: 0.656 Thread 0x0000018616f68000 Uncommon trap: reason=class_check action=maybe_recompile pc=0x000001860011e7c0 method=java.lang.String.equals(Ljava/lang/Object;)Z @ 8
Event: 0.679 Thread 0x0000018616f68000 Uncommon trap: reason=unstable_if action=reinterpret pc=0x00000186002e0460 method=sun.net.www.ParseUtil.encodePath(Ljava/lang/String;Z)Ljava/lang/String; @ 109
Event: 2.157 Thread 0x0000018616f68000 Uncommon trap: reason=unstable_if action=reinterpret pc=0x000001860023c584 method=com.sun.javafx.iio.common.RoughScaler.putSourceScanline([BI)Z @ 33
Event: 2.158 Thread 0x0000018616f68000 Uncommon trap: reason=unstable_if action=reinterpret pc=0x00000186003c4a9c method=com.sun.javafx.iio.gif.GIFImageLoader2.restoreToBackground([BIIII)V @ 7
Event: 2.163 Thread 0x0000018616f68000 Uncommon trap: reason=unstable_if action=reinterpret pc=0x0000018600264454 method=com.sun.javafx.image.impl.ByteBgra$ToByteBgraPreConv.doConvert([BII[BIIII)V @ 75
Event: 2.170 Thread 0x0000018616f68000 Uncommon trap: reason=unstable_if action=reinterpret pc=0x000001860026d1f0 method=com.sun.javafx.iio.png.PNGImageLoader2.paethPr(III)I @ 30
Event: 2.170 Thread 0x0000018616f68000 Uncommon trap: reason=unstable_if action=reinterpret pc=0x000001860026f8ec method=java.lang.Math.abs(I)I @ 1
Event: 2.435 Thread 0x0000018616f68000 Uncommon trap: reason=unstable_if action=reinterpret pc=0x0000018600421660 method=Game.Food.checkCollision(LGame/EnemyBee;)V @ 5
Event: 2.520 Thread 0x0000018616f68000 Uncommon trap: reason=unstable_if action=reinterpret pc=0x0000018600401e10 method=java.util.ArrayList$Itr.checkForComodification()V @ 11
Event: 2.551 Thread 0x0000018616f68000 Uncommon trap: reason=unstable_if action=reinterpret pc=0x0000018600451664 method=com.sun.javafx.sg.prism.GrowableDataBuffer.ensureWriteCapacity(I)V @ 11

Classes redefined (0 events):
No events

Internal exceptions (10 events):
Event: 0.113 Thread 0x0000018679521000 Exception <a 'java/security/PrivilegedActionException'> (0x000000076b8cf428) thrown at [C:\jenkins\workspace\8-2-build-windows-amd64-cygwin\jdk8u261\295\hotspot\src\share\vm\prims\jvm.cpp, line 1512]
Event: 0.114 Thread 0x0000018679521000 Exception <a 'java/security/PrivilegedActionException'> (0x000000076b8d3338) thrown at [C:\jenkins\workspace\8-2-build-windows-amd64-cygwin\jdk8u261\295\hotspot\src\share\vm\prims\jvm.cpp, line 1512]
Event: 0.114 Thread 0x0000018679521000 Exception <a 'java/security/PrivilegedActionException'> (0x000000076b8d3548) thrown at [C:\jenkins\workspace\8-2-build-windows-amd64-cygwin\jdk8u261\295\hotspot\src\share\vm\prims\jvm.cpp, line 1512]
Event: 0.114 Thread 0x0000018679521000 Exception <a 'java/lang/NullPointerException'> (0x000000076b8d3b20) thrown at [C:\jenkins\workspace\8-2-build-windows-amd64-cygwin\jdk8u261\295\hotspot\src\share\vm\interpreter\linkResolver.cpp, line 1185]
Event: 0.326 Thread 0x0000018616f68000 Exception <a 'java/lang/NullPointerException'> (0x000000076c3a6ec0) thrown at [C:\jenkins\workspace\8-2-build-windows-amd64-cygwin\jdk8u261\295\hotspot\src\share\vm\interpreter\linkResolver.cpp, line 1185]
Event: 0.326 Thread 0x0000018616f68000 Exception <a 'java/lang/NullPointerException'> (0x000000076c3a6ec0) thrown at [C:\jenkins\workspace\8-2-build-windows-amd64-cygwin\jdk8u261\295\hotspot\src\share\vm\prims\jvm.cpp, line 1516]
Event: 2.520 Thread 0x0000018616f68000 Exception <a 'java/util/ConcurrentModificationException'> (0x000000076c61e828) thrown at [C:\jenkins\workspace\8-2-build-windows-amd64-cygwin\jdk8u261\295\hotspot\src\share\vm\prims\jvm.cpp, line 1516]
Event: 2.534 Thread 0x0000018616f68000 Exception <a 'java/util/ConcurrentModificationException'> (0x000000076c624f78) thrown at [C:\jenkins\workspace\8-2-build-windows-amd64-cygwin\jdk8u261\295\hotspot\src\share\vm\prims\jvm.cpp, line 1516]
Event: 2.927 Thread 0x0000018616f68000 Exception <a 'java/util/ConcurrentModificationException'> (0x00000007708cf298) thrown at [C:\jenkins\workspace\8-2-build-windows-amd64-cygwin\jdk8u261\295\hotspot\src\share\vm\prims\jvm.cpp, line 1516]
Event: 2.934 Thread 0x0000018616f68000 Exception <a 'java/util/ConcurrentModificationException'> (0x00000007708d4f80) thrown at [C:\jenkins\workspace\8-2-build-windows-amd64-cygwin\jdk8u261\295\hotspot\src\share\vm\prims\jvm.cpp, line 1516]

Events (10 events):
Event: 2.520 loading class java/util/ConcurrentModificationException done
Event: 2.521 loading class java/lang/Throwable$WrappedPrintStream
Event: 2.521 loading class java/lang/Throwable$PrintStreamOrWriter
Event: 2.521 loading class java/lang/Throwable$PrintStreamOrWriter done
Event: 2.521 loading class java/lang/Throwable$WrappedPrintStream done
Event: 2.521 loading class java/util/IdentityHashMap$KeySet
Event: 2.521 loading class java/util/IdentityHashMap$KeySet done
Event: 2.551 Thread 0x0000018616f68000 Uncommon trap: trap_request=0xffffff65 fr.pc=0x0000018600451664
Event: 2.551 Thread 0x0000018616f68000 DEOPT PACKING pc=0x0000018600451664 sp=0x0000004a422fd320
Event: 2.551 Thread 0x0000018616f68000 DEOPT UNPACKING pc=0x0000018600045843 sp=0x0000004a422fd2a0 mode 2


Dynamic libraries:
0x00007ff616b20000 - 0x00007ff616b67000 	C:\Program Files\Java\jdk1.8.0_261\bin\javaw.exe
0x00007ffb5a360000 - 0x00007ffb5a569000 	C:\WINDOWS\SYSTEM32\ntdll.dll
0x00007ffb58930000 - 0x00007ffb589ee000 	C:\WINDOWS\System32\KERNEL32.DLL
0x00007ffb57b40000 - 0x00007ffb57ebb000 	C:\WINDOWS\System32\KERNELBASE.dll
0x00007ffb58f70000 - 0x00007ffb5901e000 	C:\WINDOWS\System32\ADVAPI32.dll
0x00007ffb58400000 - 0x00007ffb584a3000 	C:\WINDOWS\System32\msvcrt.dll
0x00007ffb58e70000 - 0x00007ffb58f0e000 	C:\WINDOWS\System32\sechost.dll
0x00007ffb587a0000 - 0x00007ffb588c0000 	C:\WINDOWS\System32\RPCRT4.dll
0x00007ffb59b90000 - 0x00007ffb59d3d000 	C:\WINDOWS\System32\USER32.dll
0x00007ffb57950000 - 0x00007ffb57976000 	C:\WINDOWS\System32\win32u.dll
0x00007ffb58730000 - 0x00007ffb58759000 	C:\WINDOWS\System32\GDI32.dll
0x00007ffb57980000 - 0x00007ffb57a98000 	C:\WINDOWS\System32\gdi32full.dll
0x00007ffb57aa0000 - 0x00007ffb57b3d000 	C:\WINDOWS\System32\msvcp_win.dll
0x00007ffb57830000 - 0x00007ffb57941000 	C:\WINDOWS\System32\ucrtbase.dll
0x00007ffb42e30000 - 0x00007ffb430d5000 	C:\WINDOWS\WinSxS\amd64_microsoft.windows.common-controls_6595b64144ccf1df_6.0.22000.120_none_9d947278b86cc467\COMCTL32.dll
0x00007ffb58760000 - 0x00007ffb58792000 	C:\WINDOWS\System32\IMM32.DLL
0x00007ffb47070000 - 0x00007ffb47085000 	C:\Program Files\Java\jdk1.8.0_261\jre\bin\vcruntime140.dll
0x00007ffb45990000 - 0x00007ffb45a2b000 	C:\Program Files\Java\jdk1.8.0_261\jre\bin\msvcp140.dll
0x0000000074510000 - 0x0000000074d7c000 	C:\Program Files\Java\jdk1.8.0_261\jre\bin\server\jvm.dll
0x00007ffb58e60000 - 0x00007ffb58e68000 	C:\WINDOWS\System32\PSAPI.DLL
0x00007ffb46070000 - 0x00007ffb46079000 	C:\WINDOWS\SYSTEM32\WSOCK32.dll
0x00007ffb4f430000 - 0x00007ffb4f463000 	C:\WINDOWS\SYSTEM32\WINMM.dll
0x00007ffb4f790000 - 0x00007ffb4f79a000 	C:\WINDOWS\SYSTEM32\VERSION.dll
0x00007ffb588c0000 - 0x00007ffb5892f000 	C:\WINDOWS\System32\WS2_32.dll
0x00007ffb56960000 - 0x00007ffb56978000 	C:\WINDOWS\SYSTEM32\kernel.appcore.dll
0x00007ffb534d0000 - 0x00007ffb534e0000 	C:\Program Files\Java\jdk1.8.0_261\jre\bin\verify.dll
0x00007ffb45a30000 - 0x00007ffb45a5b000 	C:\Program Files\Java\jdk1.8.0_261\jre\bin\java.dll
0x00007ffb51200000 - 0x00007ffb51218000 	C:\Program Files\Java\jdk1.8.0_261\jre\bin\zip.dll
0x00007ffb59040000 - 0x00007ffb597f7000 	C:\WINDOWS\System32\SHELL32.dll
0x00007ffb558f0000 - 0x00007ffb56155000 	C:\WINDOWS\SYSTEM32\windows.storage.dll
0x00007ffb59ec0000 - 0x00007ffb5a238000 	C:\WINDOWS\System32\combase.dll
0x00007ffb55780000 - 0x00007ffb558e6000 	C:\WINDOWS\SYSTEM32\wintypes.dll
0x00007ffb59dd0000 - 0x00007ffb59eba000 	C:\WINDOWS\System32\SHCORE.dll
0x00007ffb584b0000 - 0x00007ffb5850d000 	C:\WINDOWS\System32\shlwapi.dll
0x00007ffb57760000 - 0x00007ffb57781000 	C:\WINDOWS\SYSTEM32\profapi.dll
0x000001867fbc0000 - 0x000001867fbc3000 	C:\Program Files\Java\jdk1.8.0_261\jre\bin\api-ms-win-core-console-l1-1-0.dll
0x000001867fbd0000 - 0x000001867fbd3000 	C:\Program Files\Java\jdk1.8.0_261\jre\bin\api-ms-win-core-datetime-l1-1-0.dll
0x000001867fbe0000 - 0x000001867fbe3000 	C:\Program Files\Java\jdk1.8.0_261\jre\bin\api-ms-win-core-debug-l1-1-0.dll
0x000001867fbf0000 - 0x000001867fbf3000 	C:\Program Files\Java\jdk1.8.0_261\jre\bin\api-ms-win-core-errorhandling-l1-1-0.dll
0x000001867fc00000 - 0x000001867fc04000 	C:\Program Files\Java\jdk1.8.0_261\jre\bin\api-ms-win-core-file-l1-1-0.dll
0x000001867fc10000 - 0x000001867fc13000 	C:\Program Files\Java\jdk1.8.0_261\jre\bin\api-ms-win-core-file-l1-2-0.dll
0x000001867fc20000 - 0x000001867fc23000 	C:\Program Files\Java\jdk1.8.0_261\jre\bin\api-ms-win-core-file-l2-1-0.dll
0x000001867fc30000 - 0x000001867fc33000 	C:\Program Files\Java\jdk1.8.0_261\jre\bin\api-ms-win-core-handle-l1-1-0.dll
0x000001867fc40000 - 0x000001867fc43000 	C:\Program Files\Java\jdk1.8.0_261\jre\bin\api-ms-win-core-heap-l1-1-0.dll
0x000001867fc50000 - 0x000001867fc53000 	C:\Program Files\Java\jdk1.8.0_261\jre\bin\api-ms-win-core-interlocked-l1-1-0.dll
0x000001867fc60000 - 0x000001867fc63000 	C:\Program Files\Java\jdk1.8.0_261\jre\bin\api-ms-win-core-libraryloader-l1-1-0.dll
0x000001867fc70000 - 0x000001867fc73000 	C:\Program Files\Java\jdk1.8.0_261\jre\bin\api-ms-win-core-localization-l1-2-0.dll
0x000001867fc80000 - 0x000001867fc83000 	C:\Program Files\Java\jdk1.8.0_261\jre\bin\api-ms-win-core-memory-l1-1-0.dll
0x000001867fc90000 - 0x000001867fc93000 	C:\Program Files\Java\jdk1.8.0_261\jre\bin\api-ms-win-core-namedpipe-l1-1-0.dll
0x000001867fca0000 - 0x000001867fca3000 	C:\Program Files\Java\jdk1.8.0_261\jre\bin\api-ms-win-core-processenvironment-l1-1-0.dll
0x000001867fcb0000 - 0x000001867fcb3000 	C:\Program Files\Java\jdk1.8.0_261\jre\bin\api-ms-win-core-processthreads-l1-1-0.dll
0x000001867fcc0000 - 0x000001867fcc3000 	C:\Program Files\Java\jdk1.8.0_261\jre\bin\api-ms-win-core-processthreads-l1-1-1.dll
0x000001867fcd0000 - 0x000001867fcd3000 	C:\Program Files\Java\jdk1.8.0_261\jre\bin\api-ms-win-core-profile-l1-1-0.dll
0x000001867fce0000 - 0x000001867fce3000 	C:\Program Files\Java\jdk1.8.0_261\jre\bin\api-ms-win-core-rtlsupport-l1-1-0.dll
0x000001867fcf0000 - 0x000001867fcf3000 	C:\Program Files\Java\jdk1.8.0_261\jre\bin\api-ms-win-core-string-l1-1-0.dll
0x000001867fd00000 - 0x000001867fd03000 	C:\Program Files\Java\jdk1.8.0_261\jre\bin\api-ms-win-core-synch-l1-1-0.dll
0x000001867fd10000 - 0x000001867fd13000 	C:\Program Files\Java\jdk1.8.0_261\jre\bin\api-ms-win-core-synch-l1-2-0.dll
0x000001867fd20000 - 0x000001867fd23000 	C:\Program Files\Java\jdk1.8.0_261\jre\bin\api-ms-win-core-sysinfo-l1-1-0.dll
0x000001867fd30000 - 0x000001867fd33000 	C:\Program Files\Java\jdk1.8.0_261\jre\bin\api-ms-win-core-timezone-l1-1-0.dll
0x000001867fd40000 - 0x000001867fd43000 	C:\Program Files\Java\jdk1.8.0_261\jre\bin\api-ms-win-core-util-l1-1-0.dll
0x000001867fd50000 - 0x000001867fd53000 	C:\Program Files\Java\jdk1.8.0_261\jre\bin\api-ms-win-crt-conio-l1-1-0.dll
0x000001867fd60000 - 0x000001867fd64000 	C:\Program Files\Java\jdk1.8.0_261\jre\bin\api-ms-win-crt-convert-l1-1-0.dll
0x000001867fd70000 - 0x000001867fd73000 	C:\Program Files\Java\jdk1.8.0_261\jre\bin\api-ms-win-crt-environment-l1-1-0.dll
0x000001867fd80000 - 0x000001867fd83000 	C:\Program Files\Java\jdk1.8.0_261\jre\bin\api-ms-win-crt-filesystem-l1-1-0.dll
0x000001867fd90000 - 0x000001867fd93000 	C:\Program Files\Java\jdk1.8.0_261\jre\bin\api-ms-win-crt-heap-l1-1-0.dll
0x000001867fda0000 - 0x000001867fda3000 	C:\Program Files\Java\jdk1.8.0_261\jre\bin\api-ms-win-crt-locale-l1-1-0.dll
0x000001867fdb0000 - 0x000001867fdb5000 	C:\Program Files\Java\jdk1.8.0_261\jre\bin\api-ms-win-crt-math-l1-1-0.dll
0x000001867fdc0000 - 0x000001867fdc5000 	C:\Program Files\Java\jdk1.8.0_261\jre\bin\api-ms-win-crt-multibyte-l1-1-0.dll
0x000001867fdd0000 - 0x000001867fde0000 	C:\Program Files\Java\jdk1.8.0_261\jre\bin\api-ms-win-crt-private-l1-1-0.dll
0x000001867fde0000 - 0x000001867fde3000 	C:\Program Files\Java\jdk1.8.0_261\jre\bin\api-ms-win-crt-process-l1-1-0.dll
0x000001867fdf0000 - 0x000001867fdf4000 	C:\Program Files\Java\jdk1.8.0_261\jre\bin\api-ms-win-crt-runtime-l1-1-0.dll
0x000001867fe00000 - 0x000001867fe04000 	C:\Program Files\Java\jdk1.8.0_261\jre\bin\api-ms-win-crt-stdio-l1-1-0.dll
0x000001867fe10000 - 0x000001867fe14000 	C:\Program Files\Java\jdk1.8.0_261\jre\bin\api-ms-win-crt-string-l1-1-0.dll
0x000001867fe20000 - 0x000001867fe23000 	C:\Program Files\Java\jdk1.8.0_261\jre\bin\api-ms-win-crt-time-l1-1-0.dll
0x000001867fe30000 - 0x000001867fe33000 	C:\Program Files\Java\jdk1.8.0_261\jre\bin\api-ms-win-crt-utility-l1-1-0.dll
0x00007ffb453f0000 - 0x00007ffb454ec000 	C:\Program Files\Java\jdk1.8.0_261\jre\bin\ucrtbase.dll
0x00007ffb45930000 - 0x00007ffb45981000 	C:\Program Files\Java\jdk1.8.0_261\jre\bin\concrt140.dll
0x00007ffb45900000 - 0x00007ffb45923000 	C:\Program Files\Java\jdk1.8.0_261\jre\bin\prism_d3d.dll
0x00007ffb477c0000 - 0x00007ffb47966000 	C:\WINDOWS\system32\d3d9.dll
0x00007ffb54f50000 - 0x00007ffb54f7f000 	C:\WINDOWS\SYSTEM32\dwmapi.dll
0x00007ffb54d20000 - 0x00007ffb54d58000 	C:\WINDOWS\SYSTEM32\dxcore.dll
0x00007ffb549e0000 - 0x00007ffb54a8c000 	C:\WINDOWS\system32\uxtheme.dll
0x00007ffb24370000 - 0x00007ffb244d5000 	C:\WINDOWS\System32\DriverStore\FileRepository\iigd_dch.inf_amd64_e6980897e3126266\igdumdim64.dll
0x00007ffb58510000 - 0x00007ffb586aa000 	C:\WINDOWS\System32\ole32.dll
0x00007ffab16a0000 - 0x00007ffab532b000 	C:\WINDOWS\System32\DriverStore\FileRepository\iigd_dch.inf_amd64_e6980897e3126266\igd9dxva64.dll
0x00007ffb59800000 - 0x00007ffb598d6000 	C:\WINDOWS\System32\OLEAUT32.dll
0x00007ffb589f0000 - 0x00007ffb58e5c000 	C:\WINDOWS\System32\SETUPAPI.dll
0x00007ffb57500000 - 0x00007ffb5754c000 	C:\WINDOWS\SYSTEM32\cfgmgr32.dll
0x00007ffb4da40000 - 0x00007ffb4dd76000 	C:\WINDOWS\System32\DriverStore\FileRepository\iigd_dch.inf_amd64_e6980897e3126266\igdgmm64.dll
0x00007ffb52cb0000 - 0x00007ffb52cf4000 	C:\WINDOWS\SYSTEM32\directxdatabasehelper.dll
0x00007ffb56980000 - 0x00007ffb569b4000 	C:\WINDOWS\SYSTEM32\ntmarta.dll
0x00007ffb457e0000 - 0x00007ffb45825000 	C:\Program Files\Java\jdk1.8.0_261\jre\bin\glass.dll
0x00007ffb59aa0000 - 0x00007ffb59b8c000 	C:\WINDOWS\System32\COMDLG32.dll
0x00007ffb58200000 - 0x00007ffb5831d000 	C:\WINDOWS\System32\MSCTF.dll
0x00007ffb57f30000 - 0x00007ffb57faf000 	C:\WINDOWS\System32\bcryptPrimitives.dll
0x00007ffb128b0000 - 0x00007ffb128d7000 	C:\WINDOWS\System32\DriverStore\FileRepository\iigd_dch.inf_amd64_e6980897e3126266\igdinfo64.dll
0x00007ffb57090000 - 0x00007ffb570a8000 	C:\WINDOWS\SYSTEM32\CRYPTSP.dll
0x00007ffb568c0000 - 0x00007ffb568f5000 	C:\WINDOWS\system32\rsaenh.dll
0x00007ffb57080000 - 0x00007ffb5708c000 	C:\WINDOWS\SYSTEM32\CRYPTBASE.dll
0x00007ffb57210000 - 0x00007ffb57237000 	C:\WINDOWS\SYSTEM32\bcrypt.dll
0x00007ffb48140000 - 0x00007ffb4aecf000 	C:\WINDOWS\System32\DriverStore\FileRepository\iigd_dch.inf_amd64_e6980897e3126266\igc64.dll
0x00007ffb47050000 - 0x00007ffb47064000 	C:\Program Files\Java\jdk1.8.0_261\jre\bin\javafx_font.dll
0x00007ffb39140000 - 0x00007ffb3939f000 	C:\WINDOWS\SYSTEM32\dwrite.dll
0x00007ffb58330000 - 0x00007ffb583e5000 	C:\WINDOWS\System32\clbcatq.dll
0x00007ffb4f7a0000 - 0x00007ffb4f94e000 	C:\WINDOWS\SYSTEM32\WindowsCodecs.dll
0x00007ffb36130000 - 0x00007ffb3618d000 	C:\WINDOWS\system32\dataexchange.dll
0x00007ffb51610000 - 0x00007ffb51876000 	C:\WINDOWS\system32\twinapi.appcore.dll
0x00007ffb43dd0000 - 0x00007ffb43e02000 	C:\Program Files\Common Files\Microsoft Shared\Ink\rtscom.dll
0x00007ffb3ec70000 - 0x00007ffb3ed9d000 	C:\WINDOWS\SYSTEM32\textinputframework.dll
0x00007ffb54600000 - 0x00007ffb54731000 	C:\WINDOWS\SYSTEM32\CoreMessaging.dll
0x00007ffb51d20000 - 0x00007ffb5208d000 	C:\WINDOWS\SYSTEM32\CoreUIComponents.dll
0x00007ffb53510000 - 0x00007ffb53ac8000 	C:\WINDOWS\SYSTEM32\d2d1.dll
0x00007ffb51250000 - 0x00007ffb514d0000 	C:\WINDOWS\SYSTEM32\d3d11.dll
0x00007ffb54b50000 - 0x00007ffb54c43000 	C:\WINDOWS\SYSTEM32\dxgi.dll
0x00007ffb50760000 - 0x00007ffb50e62000 	C:\WINDOWS\SYSTEM32\D3D10Warp.dll
0x00007ffb458e0000 - 0x00007ffb458f2000 	C:\Program Files\Java\jdk1.8.0_261\jre\bin\prism_common.dll
0x00007ffb54f80000 - 0x00007ffb551a1000 	C:\WINDOWS\SYSTEM32\dbghelp.dll

VM Arguments:
jvm_args: -Dfile.encoding=Cp1252 
java_command: Game.RunGame
java_class_path (initial): C:\Users\Jay Latigay\CMSC 22\MiniProject\bin;C:\Users\Jay Latigay\OneDrive\Desktop\eclipse\plugins\org.eclipse.fx.ide.css.jfx8_2.4.0.201605112122.jar
Launcher Type: SUN_STANDARD

Environment Variables:
PATH=C:/Program Files/Java/jdk1.8.0_261/bin/../jre/bin/server;C:/Program Files/Java/jdk1.8.0_261/bin/../jre/bin;C:/Program Files/Java/jdk1.8.0_261/bin/../jre/lib/amd64;C:\Windows\system32;C:\Windows;C:\Windows\System32\Wbem;C:\Windows\System32\WindowsPowerShell\v1.0\;C:\Windows\System32\OpenSSH\;C:\Program Files (x86)\NVIDIA Corporation\PhysX\Common;C:\Program Files\NVIDIA Corporation\NVIDIA NvDLISR;C:\WINDOWS\system32;C:\WINDOWS;C:\WINDOWS\System32\Wbem;C:\WINDOWS\System32\WindowsPowerShell\v1.0\;C:\WINDOWS\System32\OpenSSH\;C:\Program Files\Git\cmd;C:\Program Files\Java\jdk1.8.0_261\bin;C:\Program Files\PowerShell\7\;C:\Users\Jay Latigay\AppData\Local\Programs\Python\Python310\Scripts\;C:\Users\Jay Latigay\AppData\Local\Programs\Python\Python310\;C:\Users\Jay Latigay\AppData\Local\Microsoft\WindowsApps;;C:\Users\Jay Latigay\OneDrive\Desktop\eclipse;
USERNAME=Jay Latigay
OS=Windows_NT
PROCESSOR_IDENTIFIER=Intel64 Family 6 Model 165 Stepping 2, GenuineIntel



---------------  S Y S T E M  ---------------

OS: Windows 10.0 , 64 bit Build 22000 (10.0.22000.1335)

CPU:total 12 (initial active 12) (6 cores per cpu, 2 threads per core) family 6 model 165 stepping 2, cmov, cx8, fxsr, mmx, sse, sse2, sse3, ssse3, sse4.1, sse4.2, popcnt, avx, avx2, aes, clmul, erms, 3dnowpref, lzcnt, ht, tsc, tscinvbit, bmi1, bmi2, adx

Memory: 4k page, physical 16641840k(2576836k free), swap 66973488k(5124k free)

vm_info: Java HotSpot(TM) 64-Bit Server VM (25.261-b12) for windows-amd64 JRE (1.8.0_261-b12), built on Jun 18 2020 06:56:32 by "" with unknown MS VC++:1916

time: Tue Jan 10 05:47:55 2023
timezone: Malay Peninsula Standard Time
elapsed time: 3 seconds (0d 0h 0m 3s)

