#
# There is insufficient memory for the Java Runtime Environment to continue.
# Native memory allocation (malloc) failed to allocate 65552 bytes for Chunk::new
# Possible reasons:
#   The system is out of physical RAM or swap space
#   The process is running with CompressedOops enabled, and the Java Heap may be blocking the growth of the native heap
# Possible solutions:
#   Reduce memory load on the system
#   Increase physical memory or swap space
#   Check if swap backing store is full
#   Decrease Java heap size (-Xmx/-Xms)
#   Decrease number of Java threads
#   Decrease Java thread stack sizes (-Xss)
#   Set larger code cache with -XX:ReservedCodeCacheSize=
#   JVM is running with Zero Based Compressed Oops mode in which the Java heap is
#     placed in the first 32GB address space. The Java Heap base address is the
#     maximum limit for the native heap growth. Please use -XX:HeapBaseMinAddress
#     to set the Java Heap base and to place the Java Heap above 32GB virtual address.
# This output file may be truncated or incomplete.
#
#  Out of Memory Error (allocation.cpp:389), pid=28504, tid=0x0000000000006f38
#
# JRE version: Java(TM) SE Runtime Environment (8.0_261-b12) (build 1.8.0_261-b12)
# Java VM: Java HotSpot(TM) 64-Bit Server VM (25.261-b12 mixed mode windows-amd64 compressed oops)
# Failed to write core dump. Minidumps are not enabled by default on client versions of Windows
#

---------------  T H R E A D  ---------------

Current thread (0x0000021ba444f000):  JavaThread "C2 CompilerThread2" daemon [_thread_in_native, id=28472, stack(0x0000007dda000000,0x0000007dda100000)]

Stack: [0x0000007dda000000,0x0000007dda100000]
Native frames: (J=compiled Java code, j=interpreted, Vv=VM code, C=native code)
V  [jvm.dll+0x33e5f9]


Current CompileTask:
C2:   3558 1405       4       Game.Food::checkCollision (60 bytes)


---------------  P R O C E S S  ---------------

Java Threads: ( => current thread )
  0x0000021bac897000 JavaThread "Thread-47" [_thread_blocked, id=24608, stack(0x0000007dddc00000,0x0000007dddd00000)]
  0x0000021bac89b800 JavaThread "Thread-46" [_thread_blocked, id=21288, stack(0x0000007dddb00000,0x0000007dddc00000)]
  0x0000021bac899000 JavaThread "Thread-45" [_thread_blocked, id=29040, stack(0x0000007ddda00000,0x0000007dddb00000)]
  0x0000021bac89a000 JavaThread "Thread-44" [_thread_blocked, id=12000, stack(0x0000007ddd900000,0x0000007ddda00000)]
  0x0000021bac89d000 JavaThread "Thread-43" [_thread_blocked, id=5188, stack(0x0000007ddd800000,0x0000007ddd900000)]
  0x0000021bac897800 JavaThread "Thread-42" [_thread_blocked, id=31112, stack(0x0000007ddd700000,0x0000007ddd800000)]
  0x0000021bac89c000 JavaThread "Thread-41" [_thread_blocked, id=33744, stack(0x0000007ddd600000,0x0000007ddd700000)]
  0x0000021bac803000 JavaThread "Thread-40" [_thread_blocked, id=25236, stack(0x0000007ddd500000,0x0000007ddd600000)]
  0x0000021bac7fe800 JavaThread "Thread-39" [_thread_blocked, id=29020, stack(0x0000007ddd400000,0x0000007ddd500000)]
  0x0000021bac7ff000 JavaThread "Thread-38" [_thread_blocked, id=4188, stack(0x0000007ddd300000,0x0000007ddd400000)]
  0x0000021bac7fd800 JavaThread "Thread-37" [_thread_blocked, id=18476, stack(0x0000007ddd200000,0x0000007ddd300000)]
  0x0000021bac800000 JavaThread "Thread-36" [_thread_blocked, id=3980, stack(0x0000007ddd100000,0x0000007ddd200000)]
  0x0000021bac802000 JavaThread "Thread-35" [_thread_blocked, id=22940, stack(0x0000007ddd000000,0x0000007ddd100000)]
  0x0000021bac7fd000 JavaThread "Thread-34" [_thread_blocked, id=23004, stack(0x0000007ddcf00000,0x0000007ddd000000)]
  0x0000021bac801800 JavaThread "Thread-33" [_thread_blocked, id=4584, stack(0x0000007ddce00000,0x0000007ddcf00000)]
  0x0000021bac800800 JavaThread "Thread-32" [_thread_blocked, id=9924, stack(0x0000007ddcd00000,0x0000007ddce00000)]
  0x0000021bac7f5800 JavaThread "Thread-31" [_thread_blocked, id=27880, stack(0x0000007ddcc00000,0x0000007ddcd00000)]
  0x0000021bac7fc000 JavaThread "Thread-30" [_thread_blocked, id=12696, stack(0x0000007ddcb00000,0x0000007ddcc00000)]
  0x0000021bac7f4800 JavaThread "Thread-29" [_thread_blocked, id=28804, stack(0x0000007ddca00000,0x0000007ddcb00000)]
  0x0000021bac7fa000 JavaThread "Thread-28" [_thread_blocked, id=29204, stack(0x0000007ddc900000,0x0000007ddca00000)]
  0x0000021bac7f7800 JavaThread "Thread-27" [_thread_blocked, id=8628, stack(0x0000007ddc800000,0x0000007ddc900000)]
  0x0000021bac7f6000 JavaThread "Thread-26" [_thread_blocked, id=11220, stack(0x0000007ddc700000,0x0000007ddc800000)]
  0x0000021bac7fa800 JavaThread "Thread-25" [_thread_blocked, id=16036, stack(0x0000007ddc600000,0x0000007ddc700000)]
  0x0000021bac7fb800 JavaThread "Thread-24" [_thread_blocked, id=784, stack(0x0000007ddc500000,0x0000007ddc600000)]
  0x0000021bac7f9000 JavaThread "Thread-23" [_thread_blocked, id=17044, stack(0x0000007ddc400000,0x0000007ddc500000)]
  0x0000021bac7f8800 JavaThread "Thread-22" [_thread_blocked, id=13544, stack(0x0000007ddc300000,0x0000007ddc400000)]
  0x0000021bac7f4000 JavaThread "Thread-21" [_thread_blocked, id=9284, stack(0x0000007ddc200000,0x0000007ddc300000)]
  0x0000021bac7f7000 JavaThread "Thread-20" [_thread_blocked, id=9892, stack(0x0000007ddc100000,0x0000007ddc200000)]
  0x0000021bac831800 JavaThread "Thread-19" [_thread_blocked, id=28000, stack(0x0000007ddc000000,0x0000007ddc100000)]
  0x0000021bac837800 JavaThread "Thread-18" [_thread_blocked, id=26752, stack(0x0000007ddbf00000,0x0000007ddc000000)]
  0x0000021bac835000 JavaThread "Thread-17" [_thread_blocked, id=4760, stack(0x0000007ddbe00000,0x0000007ddbf00000)]
  0x0000021bac836000 JavaThread "Thread-16" [_thread_blocked, id=16716, stack(0x0000007ddbd00000,0x0000007ddbe00000)]
  0x0000021bac830800 JavaThread "Thread-15" [_thread_blocked, id=9692, stack(0x0000007ddbc00000,0x0000007ddbd00000)]
  0x0000021bac836800 JavaThread "Thread-14" [_thread_blocked, id=29636, stack(0x0000007ddbb00000,0x0000007ddbc00000)]
  0x0000021bac834800 JavaThread "Thread-13" [_thread_blocked, id=2432, stack(0x0000007ddba00000,0x0000007ddbb00000)]
  0x0000021bac833800 JavaThread "Thread-12" [_thread_blocked, id=29168, stack(0x0000007ddb900000,0x0000007ddba00000)]
  0x0000021bac833000 JavaThread "Thread-11" [_thread_blocked, id=25996, stack(0x0000007ddb800000,0x0000007ddb900000)]
  0x0000021bac832000 JavaThread "Thread-10" [_thread_blocked, id=31564, stack(0x0000007ddb700000,0x0000007ddb800000)]
  0x0000021bac781800 JavaThread "Thread-9" [_thread_blocked, id=25832, stack(0x0000007ddb600000,0x0000007ddb700000)]
  0x0000021bac7b6800 JavaThread "Thread-8" [_thread_blocked, id=32812, stack(0x0000007ddb500000,0x0000007ddb600000)]
  0x0000021bac83c800 JavaThread "Thread-7" [_thread_blocked, id=32920, stack(0x0000007ddb400000,0x0000007ddb500000)]
  0x0000021bac839800 JavaThread "Thread-6" [_thread_blocked, id=29116, stack(0x0000007ddb300000,0x0000007ddb400000)]
  0x0000021ba698c000 JavaThread "Prism Font Disposer" daemon [_thread_blocked, id=28356, stack(0x0000007ddaf00000,0x0000007ddb000000)]
  0x0000021ba6578000 JavaThread "Thread-3" daemon [_thread_in_native, id=20884, stack(0x0000007ddaa00000,0x0000007ddab00000)]
  0x0000021ba6554800 JavaThread "JavaFX-Launcher" [_thread_blocked, id=32088, stack(0x0000007ddab00000,0x0000007ddac00000)]
  0x0000021ba6311000 JavaThread "JavaFX Application Thread" [_thread_in_Java, id=27068, stack(0x0000007dda600000,0x0000007dda700000)]
  0x0000021ba62f9800 JavaThread "Thread-1" daemon [_thread_blocked, id=5532, stack(0x0000007dda500000,0x0000007dda600000)]
  0x0000021ba5ff9000 JavaThread "QuantumRenderer-0" daemon [_thread_blocked, id=23308, stack(0x0000007dda400000,0x0000007dda500000)]
  0x0000021ba5c75000 JavaThread "Service Thread" daemon [_thread_blocked, id=29384, stack(0x0000007dda200000,0x0000007dda300000)]
  0x0000021ba4452000 JavaThread "C1 CompilerThread3" daemon [_thread_blocked, id=31836, stack(0x0000007dda100000,0x0000007dda200000)]
=>0x0000021ba444f000 JavaThread "C2 CompilerThread2" daemon [_thread_in_native, id=28472, stack(0x0000007dda000000,0x0000007dda100000)]
  0x0000021ba4445000 JavaThread "C2 CompilerThread1" daemon [_thread_in_native, id=31056, stack(0x0000007dd9f00000,0x0000007dda000000)]
  0x0000021ba443e000 JavaThread "C2 CompilerThread0" daemon [_thread_in_native, id=12860, stack(0x0000007dd9e00000,0x0000007dd9f00000)]
  0x0000021ba443c800 JavaThread "Attach Listener" daemon [_thread_blocked, id=32436, stack(0x0000007dd9d00000,0x0000007dd9e00000)]
  0x0000021ba443b800 JavaThread "Signal Dispatcher" daemon [_thread_blocked, id=20700, stack(0x0000007dd9c00000,0x0000007dd9d00000)]
  0x0000021ba441b800 JavaThread "Finalizer" daemon [_thread_blocked, id=31584, stack(0x0000007dd9b00000,0x0000007dd9c00000)]
  0x0000021ba4414000 JavaThread "Reference Handler" daemon [_thread_blocked, id=19868, stack(0x0000007dd9a00000,0x0000007dd9b00000)]
  0x0000021b88a11000 JavaThread "main" [_thread_blocked, id=15328, stack(0x0000007dd8e00000,0x0000007dd8f00000)]

Other Threads:
  0x0000021ba43e2800 VMThread [stack: 0x0000007dd9900000,0x0000007dd9a00000] [id=29064]
  0x0000021ba5c97800 WatcherThread [stack: 0x0000007dda300000,0x0000007dda400000] [id=13396]

VM state:not at safepoint (normal execution)

VM Mutex/Monitor currently owned by a thread: None

heap address: 0x00000006c2000000, size: 4064 MB, Compressed Oops mode: Zero based, Oop shift amount: 3
Narrow klass base: 0x0000000000000000, Narrow klass shift: 3
Compressed class space size: 1073741824 Address: 0x00000007c0000000

Heap:
 PSYoungGen      total 135680K, used 106011K [0x000000076b580000, 0x0000000774700000, 0x00000007c0000000)
  eden space 127488K, 80% used [0x000000076b580000,0x0000000771964468,0x0000000773200000)
  from space 8192K, 45% used [0x0000000773f00000,0x00000007742a2910,0x0000000774700000)
  to   space 10752K, 0% used [0x0000000773200000,0x0000000773200000,0x0000000773c80000)
 ParOldGen       total 418816K, used 258588K [0x00000006c2000000, 0x00000006db900000, 0x000000076b580000)
  object space 418816K, 61% used [0x00000006c2000000,0x00000006d1c873a0,0x00000006db900000)
 Metaspace       used 13335K, capacity 13946K, committed 14080K, reserved 1060864K
  class space    used 1828K, capacity 1995K, committed 2048K, reserved 1048576K

Card table byte_map: [0x0000021b99830000,0x0000021b9a030000] byte_map_base: 0x0000021b96220000

Marking Bits: (ParMarkBitMap*) 0x0000000074d04fb0
 Begin Bits: [0x0000021b9a580000, 0x0000021b9e500000)
 End Bits:   [0x0000021b9e500000, 0x0000021ba2480000)

Polling page: 0x0000021b8a440000

CodeCache: size=245760Kb used=4966Kb max_used=4966Kb free=240793Kb
 bounds [0x0000021b8a470000, 0x0000021b8a950000, 0x0000021b99470000]
 total_blobs=2117 nmethods=1478 adapters=551
 compilation: enabled

Compilation events (10 events):
Event: 3.547 Thread 0x0000021ba4452000 1475       3       com.sun.javafx.font.PrismFontLoader::font (116 bytes)
Event: 3.548 Thread 0x0000021ba4452000 nmethod 1475 0x0000021b8a9499d0 code [0x0000021b8a949be0, 0x0000021b8a94a6f0]
Event: 3.548 Thread 0x0000021ba4452000 1476  s    3       com.sun.javafx.font.PrismFontFactory::createFont (76 bytes)
Event: 3.548 Thread 0x0000021ba4452000 nmethod 1476 0x0000021b8a94ad10 code [0x0000021b8a94aee0, 0x0000021b8a94b860]
Event: 3.548 Thread 0x0000021ba4452000 1477       3       com.sun.javafx.font.PrismCompositeFontResource::getFullName (10 bytes)
Event: 3.549 Thread 0x0000021ba4452000 nmethod 1477 0x0000021b8a94bbd0 code [0x0000021b8a94bd40, 0x0000021b8a94bf70]
Event: 3.549 Thread 0x0000021ba4452000 1478       3       com.sun.javafx.font.PrismCompositeFontResource::getFamilyName (10 bytes)
Event: 3.549 Thread 0x0000021ba4452000 nmethod 1478 0x0000021b8a94c050 code [0x0000021b8a94c1c0, 0x0000021b8a94c3f0]
Event: 3.549 Thread 0x0000021ba4452000 1479       3       com.sun.javafx.font.PrismCompositeFontResource::getStyleName (10 bytes)
Event: 3.549 Thread 0x0000021ba4452000 nmethod 1479 0x0000021b8a94c4d0 code [0x0000021b8a94c640, 0x0000021b8a94c870]

GC Heap History (10 events):
Event: 2.580 GC heap before
{Heap before GC invocations=4 (full 1):
 PSYoungGen      total 75776K, used 10443K [0x000000076b580000, 0x0000000774980000, 0x00000007c0000000)
  eden space 65024K, 0% used [0x000000076b580000,0x000000076b580000,0x000000076f500000)
  from space 10752K, 97% used [0x000000076f500000,0x000000076ff32eb8,0x000000076ff80000)
  to   space 10752K, 0% used [0x0000000773f00000,0x0000000773f00000,0x0000000774980000)
 ParOldGen       total 173568K, used 111485K [0x00000006c2000000, 0x00000006cc980000, 0x000000076b580000)
  object space 173568K, 64% used [0x00000006c2000000,0x00000006c8cdf770,0x00000006cc980000)
 Metaspace       used 13008K, capacity 13544K, committed 13824K, reserved 1060864K
  class space    used 1795K, capacity 1927K, committed 2048K, reserved 1048576K
Event: 2.604 GC heap after
Heap after GC invocations=4 (full 1):
 PSYoungGen      total 75776K, used 0K [0x000000076b580000, 0x0000000774980000, 0x00000007c0000000)
  eden space 65024K, 0% used [0x000000076b580000,0x000000076b580000,0x000000076f500000)
  from space 10752K, 0% used [0x000000076f500000,0x000000076f500000,0x000000076ff80000)
  to   space 10752K, 0% used [0x0000000773f00000,0x0000000773f00000,0x0000000774980000)
 ParOldGen       total 253440K, used 117456K [0x00000006c2000000, 0x00000006d1780000, 0x000000076b580000)
  object space 253440K, 46% used [0x00000006c2000000,0x00000006c92b41d0,0x00000006d1780000)
 Metaspace       used 13008K, capacity 13544K, committed 13824K, reserved 1060864K
  class space    used 1795K, capacity 1927K, committed 2048K, reserved 1048576K
}
Event: 2.621 GC heap before
{Heap before GC invocations=5 (full 1):
 PSYoungGen      total 75776K, used 46792K [0x000000076b580000, 0x0000000774980000, 0x00000007c0000000)
  eden space 65024K, 71% used [0x000000076b580000,0x000000076e3322f8,0x000000076f500000)
  from space 10752K, 0% used [0x000000076f500000,0x000000076f500000,0x000000076ff80000)
  to   space 10752K, 0% used [0x0000000773f00000,0x0000000773f00000,0x0000000774980000)
 ParOldGen       total 253440K, used 117456K [0x00000006c2000000, 0x00000006d1780000, 0x000000076b580000)
  object space 253440K, 46% used [0x00000006c2000000,0x00000006c92b41d0,0x00000006d1780000)
 Metaspace       used 13008K, capacity 13544K, committed 13824K, reserved 1060864K
  class space    used 1795K, capacity 1927K, committed 2048K, reserved 1048576K
Event: 2.640 GC heap after
Heap after GC invocations=5 (full 1):
 PSYoungGen      total 135680K, used 857K [0x000000076b580000, 0x0000000774700000, 0x00000007c0000000)
  eden space 127488K, 0% used [0x000000076b580000,0x000000076b580000,0x0000000773200000)
  from space 8192K, 10% used [0x0000000773f00000,0x0000000773fd6440,0x0000000774700000)
  to   space 10752K, 0% used [0x0000000773200000,0x0000000773200000,0x0000000773c80000)
 ParOldGen       total 253440K, used 162456K [0x00000006c2000000, 0x00000006d1780000, 0x000000076b580000)
  object space 253440K, 64% used [0x00000006c2000000,0x00000006cbea61f0,0x00000006d1780000)
 Metaspace       used 13008K, capacity 13544K, committed 13824K, reserved 1060864K
  class space    used 1795K, capacity 1927K, committed 2048K, reserved 1048576K
}
Event: 3.069 GC heap before
{Heap before GC invocations=6 (full 1):
 PSYoungGen      total 135680K, used 123494K [0x000000076b580000, 0x0000000774700000, 0x00000007c0000000)
  eden space 127488K, 96% used [0x000000076b580000,0x0000000772d433f0,0x0000000773200000)
  from space 8192K, 10% used [0x0000000773f00000,0x0000000773fd6440,0x0000000774700000)
  to   space 10752K, 0% used [0x0000000773200000,0x0000000773200000,0x0000000773c80000)
 ParOldGen       total 253440K, used 162456K [0x00000006c2000000, 0x00000006d1780000, 0x000000076b580000)
  object space 253440K, 64% used [0x00000006c2000000,0x00000006cbea61f0,0x00000006d1780000)
 Metaspace       used 13100K, capacity 13674K, committed 13824K, reserved 1060864K
  class space    used 1819K, capacity 1993K, committed 2048K, reserved 1048576K
Event: 3.093 GC heap after
Heap after GC invocations=6 (full 1):
 PSYoungGen      total 138240K, used 3754K [0x000000076b580000, 0x0000000774700000, 0x00000007c0000000)
  eden space 127488K, 0% used [0x000000076b580000,0x000000076b580000,0x0000000773200000)
  from space 10752K, 34% used [0x0000000773200000,0x00000007735aa910,0x0000000773c80000)
  to   space 8192K, 0% used [0x0000000773f00000,0x0000000773f00000,0x0000000774700000)
 ParOldGen       total 253440K, used 243189K [0x00000006c2000000, 0x00000006d1780000, 0x000000076b580000)
  object space 253440K, 95% used [0x00000006c2000000,0x00000006d0d7d630,0x00000006d1780000)
 Metaspace       used 13100K, capacity 13674K, committed 13824K, reserved 1060864K
  class space    used 1819K, capacity 1993K, committed 2048K, reserved 1048576K
}
Event: 3.093 GC heap before
{Heap before GC invocations=7 (full 2):
 PSYoungGen      total 138240K, used 3754K [0x000000076b580000, 0x0000000774700000, 0x00000007c0000000)
  eden space 127488K, 0% used [0x000000076b580000,0x000000076b580000,0x0000000773200000)
  from space 10752K, 34% used [0x0000000773200000,0x00000007735aa910,0x0000000773c80000)
  to   space 8192K, 0% used [0x0000000773f00000,0x0000000773f00000,0x0000000774700000)
 ParOldGen       total 253440K, used 243189K [0x00000006c2000000, 0x00000006d1780000, 0x000000076b580000)
  object space 253440K, 95% used [0x00000006c2000000,0x00000006d0d7d630,0x00000006d1780000)
 Metaspace       used 13100K, capacity 13674K, committed 13824K, reserved 1060864K
  class space    used 1819K, capacity 1993K, committed 2048K, reserved 1048576K
Event: 3.145 GC heap after
Heap after GC invocations=7 (full 2):
 PSYoungGen      total 138240K, used 0K [0x000000076b580000, 0x0000000774700000, 0x00000007c0000000)
  eden space 127488K, 0% used [0x000000076b580000,0x000000076b580000,0x0000000773200000)
  from space 10752K, 0% used [0x0000000773200000,0x0000000773200000,0x0000000773c80000)
  to   space 8192K, 0% used [0x0000000773f00000,0x0000000773f00000,0x0000000774700000)
 ParOldGen       total 418816K, used 245355K [0x00000006c2000000, 0x00000006db900000, 0x000000076b580000)
  object space 418816K, 58% used [0x00000006c2000000,0x00000006d0f9af90,0x00000006db900000)
 Metaspace       used 13100K, capacity 13674K, committed 13824K, reserved 1060864K
  class space    used 1819K, capacity 1993K, committed 2048K, reserved 1048576K
}
Event: 3.383 GC heap before
{Heap before GC invocations=8 (full 2):
 PSYoungGen      total 138240K, used 120908K [0x000000076b580000, 0x0000000774700000, 0x00000007c0000000)
  eden space 127488K, 94% used [0x000000076b580000,0x0000000772b93278,0x0000000773200000)
  from space 10752K, 0% used [0x0000000773200000,0x0000000773200000,0x0000000773c80000)
  to   space 8192K, 0% used [0x0000000773f00000,0x0000000773f00000,0x0000000774700000)
 ParOldGen       total 418816K, used 245355K [0x00000006c2000000, 0x00000006db900000, 0x000000076b580000)
  object space 418816K, 58% used [0x00000006c2000000,0x00000006d0f9af90,0x00000006db900000)
 Metaspace       used 13262K, capacity 13882K, committed 14080K, reserved 1060864K
  class space    used 1827K, capacity 1995K, committed 2048K, reserved 1048576K
Event: 3.396 GC heap after
Heap after GC invocations=8 (full 2):
 PSYoungGen      total 135680K, used 3722K [0x000000076b580000, 0x0000000774700000, 0x00000007c0000000)
  eden space 127488K, 0% used [0x000000076b580000,0x000000076b580000,0x0000000773200000)
  from space 8192K, 45% used [0x0000000773f00000,0x00000007742a2910,0x0000000774700000)
  to   space 10752K, 0% used [0x0000000773200000,0x0000000773200000,0x0000000773c80000)
 ParOldGen       total 418816K, used 258588K [0x00000006c2000000, 0x00000006db900000, 0x000000076b580000)
  object space 418816K, 61% used [0x00000006c2000000,0x00000006d1c873a0,0x00000006db900000)
 Metaspace       used 13262K, capacity 13882K, committed 14080K, reserved 1060864K
  class space    used 1827K, capacity 1995K, committed 2048K, reserved 1048576K
}

Deoptimization events (10 events):
Event: 1.224 Thread 0x0000021ba6311000 Uncommon trap: reason=class_check action=maybe_recompile pc=0x0000021b8a58d6c0 method=java.lang.String.equals(Ljava/lang/Object;)Z @ 8
Event: 1.226 Thread 0x0000021ba6311000 Uncommon trap: reason=class_check action=maybe_recompile pc=0x0000021b8a58d6c0 method=java.lang.String.equals(Ljava/lang/Object;)Z @ 8
Event: 1.270 Thread 0x0000021ba6311000 Uncommon trap: reason=unstable_if action=reinterpret pc=0x0000021b8a74e2e0 method=sun.net.www.ParseUtil.encodePath(Ljava/lang/String;Z)Ljava/lang/String; @ 109
Event: 2.990 Thread 0x0000021ba6311000 Uncommon trap: reason=unstable_if action=reinterpret pc=0x0000021b8a6b1984 method=com.sun.javafx.iio.common.RoughScaler.putSourceScanline([BI)Z @ 33
Event: 2.992 Thread 0x0000021ba6311000 Uncommon trap: reason=unstable_if action=reinterpret pc=0x0000021b8a85249c method=com.sun.javafx.iio.gif.GIFImageLoader2.restoreToBackground([BIIII)V @ 7
Event: 3.001 Thread 0x0000021ba6311000 Uncommon trap: reason=unstable_if action=reinterpret pc=0x0000021b8a6ccdd4 method=com.sun.javafx.image.impl.ByteBgra$ToByteBgraPreConv.doConvert([BII[BIIII)V @ 75
Event: 3.013 Thread 0x0000021ba6311000 Uncommon trap: reason=unstable_if action=reinterpret pc=0x0000021b8a6d9470 method=com.sun.javafx.iio.png.PNGImageLoader2.paethPr(III)I @ 30
Event: 3.013 Thread 0x0000021ba6311000 Uncommon trap: reason=unstable_if action=reinterpret pc=0x0000021b8a6dbb6c method=java.lang.Math.abs(I)I @ 1
Event: 3.343 Thread 0x0000021ba6311000 Uncommon trap: reason=unstable_if action=reinterpret pc=0x0000021b8a8933e0 method=Game.Food.checkCollision(LGame/EnemyBee;)V @ 5
Event: 3.476 Thread 0x0000021ba6311000 Uncommon trap: reason=unstable_if action=reinterpret pc=0x0000021b8a87eb50 method=java.util.ArrayList$Itr.checkForComodification()V @ 11

Classes redefined (0 events):
No events

Internal exceptions (10 events):
Event: 3.530 Thread 0x0000021ba5ff9000 Exception <a 'java/lang/NullPointerException'> (0x000000077062eec0) thrown at [C:\jenkins\workspace\8-2-build-windows-amd64-cygwin\jdk8u261\295\hotspot\src\share\vm\interpreter\linkResolver.cpp, line 1287]
Event: 3.532 Thread 0x0000021ba5ff9000 Exception <a 'java/lang/NullPointerException'> (0x0000000770634f80) thrown at [C:\jenkins\workspace\8-2-build-windows-amd64-cygwin\jdk8u261\295\hotspot\src\share\vm\interpreter\linkResolver.cpp, line 1287]
Event: 3.535 Thread 0x0000021ba5ff9000 Exception <a 'java/lang/NullPointerException'> (0x000000077063b040) thrown at [C:\jenkins\workspace\8-2-build-windows-amd64-cygwin\jdk8u261\295\hotspot\src\share\vm\interpreter\linkResolver.cpp, line 1287]
Event: 3.537 Thread 0x0000021ba5ff9000 Exception <a 'java/lang/NullPointerException'> (0x0000000770641100) thrown at [C:\jenkins\workspace\8-2-build-windows-amd64-cygwin\jdk8u261\295\hotspot\src\share\vm\interpreter\linkResolver.cpp, line 1287]
Event: 3.539 Thread 0x0000021ba5ff9000 Exception <a 'java/lang/NullPointerException'> (0x00000007706471c0) thrown at [C:\jenkins\workspace\8-2-build-windows-amd64-cygwin\jdk8u261\295\hotspot\src\share\vm\interpreter\linkResolver.cpp, line 1287]
Event: 3.540 Thread 0x0000021ba5ff9000 Exception <a 'java/lang/NullPointerException'> (0x00000007708ab4a8) thrown at [C:\jenkins\workspace\8-2-build-windows-amd64-cygwin\jdk8u261\295\hotspot\src\share\vm\interpreter\linkResolver.cpp, line 1287]
Event: 3.543 Thread 0x0000021ba5ff9000 Exception <a 'java/lang/NullPointerException'> (0x00000007708b1568) thrown at [C:\jenkins\workspace\8-2-build-windows-amd64-cygwin\jdk8u261\295\hotspot\src\share\vm\interpreter\linkResolver.cpp, line 1287]
Event: 3.545 Thread 0x0000021ba5ff9000 Exception <a 'java/lang/NullPointerException'> (0x00000007708b7628) thrown at [C:\jenkins\workspace\8-2-build-windows-amd64-cygwin\jdk8u261\295\hotspot\src\share\vm\interpreter\linkResolver.cpp, line 1287]
Event: 3.547 Thread 0x0000021ba5ff9000 Exception <a 'java/lang/NullPointerException'> (0x00000007708bd6e8) thrown at [C:\jenkins\workspace\8-2-build-windows-amd64-cygwin\jdk8u261\295\hotspot\src\share\vm\interpreter\linkResolver.cpp, line 1287]
Event: 3.550 Thread 0x0000021ba5ff9000 Exception <a 'java/lang/NullPointerException'> (0x00000007708c37a8) thrown at [C:\jenkins\workspace\8-2-build-windows-amd64-cygwin\jdk8u261\295\hotspot\src\share\vm\interpreter\linkResolver.cpp, line 1287]

Events (10 events):
Event: 3.343 Thread 0x0000021ba6311000 Uncommon trap: trap_request=0xffffff65 fr.pc=0x0000021b8a8933e0
Event: 3.343 Thread 0x0000021ba6311000 DEOPT PACKING pc=0x0000021b8a8933e0 sp=0x0000007dda6fccc0
Event: 3.343 Thread 0x0000021ba6311000 DEOPT UNPACKING pc=0x0000021b8a4b5843 sp=0x0000007dda6fcca8 mode 2
Event: 3.383 Executing VM operation: ParallelGCFailedAllocation
Event: 3.396 Executing VM operation: ParallelGCFailedAllocation done
Event: 3.476 Thread 0x0000021ba6311000 Uncommon trap: trap_request=0xffffff65 fr.pc=0x0000021b8a87eb50
Event: 3.476 Thread 0x0000021ba6311000 DEOPT PACKING pc=0x0000021b8a87eb50 sp=0x0000007dda6fcd50
Event: 3.476 Thread 0x0000021ba6311000 DEOPT UNPACKING pc=0x0000021b8a4b5843 sp=0x0000007dda6fcc90 mode 2
Event: 3.476 loading class java/util/ConcurrentModificationException
Event: 3.476 loading class java/util/ConcurrentModificationException done


Dynamic libraries:
0x00007ff616b20000 - 0x00007ff616b67000 	C:\Program Files\Java\jdk1.8.0_261\bin\javaw.exe
0x00007ffb5a360000 - 0x00007ffb5a569000 	C:\WINDOWS\SYSTEM32\ntdll.dll
0x00007ffb58930000 - 0x00007ffb589ee000 	C:\WINDOWS\System32\KERNEL32.DLL
0x00007ffb57b40000 - 0x00007ffb57ebb000 	C:\WINDOWS\System32\KERNELBASE.dll
0x00007ffb58f70000 - 0x00007ffb5901e000 	C:\WINDOWS\System32\ADVAPI32.dll
0x00007ffb58400000 - 0x00007ffb584a3000 	C:\WINDOWS\System32\msvcrt.dll
0x00007ffb58e70000 - 0x00007ffb58f0e000 	C:\WINDOWS\System32\sechost.dll
0x00007ffb587a0000 - 0x00007ffb588c0000 	C:\WINDOWS\System32\RPCRT4.dll
0x00007ffb59b90000 - 0x00007ffb59d3d000 	C:\WINDOWS\System32\USER32.dll
0x00007ffb57950000 - 0x00007ffb57976000 	C:\WINDOWS\System32\win32u.dll
0x00007ffb58730000 - 0x00007ffb58759000 	C:\WINDOWS\System32\GDI32.dll
0x00007ffb57980000 - 0x00007ffb57a98000 	C:\WINDOWS\System32\gdi32full.dll
0x00007ffb57aa0000 - 0x00007ffb57b3d000 	C:\WINDOWS\System32\msvcp_win.dll
0x00007ffb57830000 - 0x00007ffb57941000 	C:\WINDOWS\System32\ucrtbase.dll
0x00007ffb42e30000 - 0x00007ffb430d5000 	C:\WINDOWS\WinSxS\amd64_microsoft.windows.common-controls_6595b64144ccf1df_6.0.22000.120_none_9d947278b86cc467\COMCTL32.dll
0x00007ffb58760000 - 0x00007ffb58792000 	C:\WINDOWS\System32\IMM32.DLL
0x00007ffb47070000 - 0x00007ffb47085000 	C:\Program Files\Java\jdk1.8.0_261\jre\bin\vcruntime140.dll
0x00007ffb45990000 - 0x00007ffb45a2b000 	C:\Program Files\Java\jdk1.8.0_261\jre\bin\msvcp140.dll
0x0000000074510000 - 0x0000000074d7c000 	C:\Program Files\Java\jdk1.8.0_261\jre\bin\server\jvm.dll
0x00007ffb58e60000 - 0x00007ffb58e68000 	C:\WINDOWS\System32\PSAPI.DLL
0x00007ffb46070000 - 0x00007ffb46079000 	C:\WINDOWS\SYSTEM32\WSOCK32.dll
0x00007ffb4f790000 - 0x00007ffb4f79a000 	C:\WINDOWS\SYSTEM32\VERSION.dll
0x00007ffb4f430000 - 0x00007ffb4f463000 	C:\WINDOWS\SYSTEM32\WINMM.dll
0x00007ffb588c0000 - 0x00007ffb5892f000 	C:\WINDOWS\System32\WS2_32.dll
0x00007ffb56960000 - 0x00007ffb56978000 	C:\WINDOWS\SYSTEM32\kernel.appcore.dll
0x00007ffb534d0000 - 0x00007ffb534e0000 	C:\Program Files\Java\jdk1.8.0_261\jre\bin\verify.dll
0x00007ffb45a30000 - 0x00007ffb45a5b000 	C:\Program Files\Java\jdk1.8.0_261\jre\bin\java.dll
0x00007ffb51200000 - 0x00007ffb51218000 	C:\Program Files\Java\jdk1.8.0_261\jre\bin\zip.dll
0x00007ffb59040000 - 0x00007ffb597f7000 	C:\WINDOWS\System32\SHELL32.dll
0x00007ffb558f0000 - 0x00007ffb56155000 	C:\WINDOWS\SYSTEM32\windows.storage.dll
0x00007ffb59ec0000 - 0x00007ffb5a238000 	C:\WINDOWS\System32\combase.dll
0x00007ffb55780000 - 0x00007ffb558e6000 	C:\WINDOWS\SYSTEM32\wintypes.dll
0x00007ffb59dd0000 - 0x00007ffb59eba000 	C:\WINDOWS\System32\SHCORE.dll
0x00007ffb584b0000 - 0x00007ffb5850d000 	C:\WINDOWS\System32\shlwapi.dll
0x00007ffb57760000 - 0x00007ffb57781000 	C:\WINDOWS\SYSTEM32\profapi.dll
0x0000021ba6020000 - 0x0000021ba6023000 	C:\Program Files\Java\jdk1.8.0_261\jre\bin\api-ms-win-core-console-l1-1-0.dll
0x0000021ba6030000 - 0x0000021ba6033000 	C:\Program Files\Java\jdk1.8.0_261\jre\bin\api-ms-win-core-datetime-l1-1-0.dll
0x0000021ba6040000 - 0x0000021ba6043000 	C:\Program Files\Java\jdk1.8.0_261\jre\bin\api-ms-win-core-debug-l1-1-0.dll
0x0000021ba6050000 - 0x0000021ba6053000 	C:\Program Files\Java\jdk1.8.0_261\jre\bin\api-ms-win-core-errorhandling-l1-1-0.dll
0x0000021ba6060000 - 0x0000021ba6064000 	C:\Program Files\Java\jdk1.8.0_261\jre\bin\api-ms-win-core-file-l1-1-0.dll
0x0000021ba6070000 - 0x0000021ba6073000 	C:\Program Files\Java\jdk1.8.0_261\jre\bin\api-ms-win-core-file-l1-2-0.dll
0x0000021ba6080000 - 0x0000021ba6083000 	C:\Program Files\Java\jdk1.8.0_261\jre\bin\api-ms-win-core-file-l2-1-0.dll
0x0000021ba6090000 - 0x0000021ba6093000 	C:\Program Files\Java\jdk1.8.0_261\jre\bin\api-ms-win-core-handle-l1-1-0.dll
0x0000021ba60a0000 - 0x0000021ba60a3000 	C:\Program Files\Java\jdk1.8.0_261\jre\bin\api-ms-win-core-heap-l1-1-0.dll
0x0000021ba60b0000 - 0x0000021ba60b3000 	C:\Program Files\Java\jdk1.8.0_261\jre\bin\api-ms-win-core-interlocked-l1-1-0.dll
0x0000021ba60c0000 - 0x0000021ba60c3000 	C:\Program Files\Java\jdk1.8.0_261\jre\bin\api-ms-win-core-libraryloader-l1-1-0.dll
0x0000021ba60d0000 - 0x0000021ba60d3000 	C:\Program Files\Java\jdk1.8.0_261\jre\bin\api-ms-win-core-localization-l1-2-0.dll
0x0000021ba60e0000 - 0x0000021ba60e3000 	C:\Program Files\Java\jdk1.8.0_261\jre\bin\api-ms-win-core-memory-l1-1-0.dll
0x0000021ba60f0000 - 0x0000021ba60f3000 	C:\Program Files\Java\jdk1.8.0_261\jre\bin\api-ms-win-core-namedpipe-l1-1-0.dll
0x0000021ba6100000 - 0x0000021ba6103000 	C:\Program Files\Java\jdk1.8.0_261\jre\bin\api-ms-win-core-processenvironment-l1-1-0.dll
0x0000021ba6110000 - 0x0000021ba6113000 	C:\Program Files\Java\jdk1.8.0_261\jre\bin\api-ms-win-core-processthreads-l1-1-0.dll
0x0000021ba6120000 - 0x0000021ba6123000 	C:\Program Files\Java\jdk1.8.0_261\jre\bin\api-ms-win-core-processthreads-l1-1-1.dll
0x0000021ba6130000 - 0x0000021ba6133000 	C:\Program Files\Java\jdk1.8.0_261\jre\bin\api-ms-win-core-profile-l1-1-0.dll
0x0000021ba6140000 - 0x0000021ba6143000 	C:\Program Files\Java\jdk1.8.0_261\jre\bin\api-ms-win-core-rtlsupport-l1-1-0.dll
0x0000021ba6150000 - 0x0000021ba6153000 	C:\Program Files\Java\jdk1.8.0_261\jre\bin\api-ms-win-core-string-l1-1-0.dll
0x0000021ba6160000 - 0x0000021ba6163000 	C:\Program Files\Java\jdk1.8.0_261\jre\bin\api-ms-win-core-synch-l1-1-0.dll
0x0000021ba6170000 - 0x0000021ba6173000 	C:\Program Files\Java\jdk1.8.0_261\jre\bin\api-ms-win-core-synch-l1-2-0.dll
0x0000021ba6180000 - 0x0000021ba6183000 	C:\Program Files\Java\jdk1.8.0_261\jre\bin\api-ms-win-core-sysinfo-l1-1-0.dll
0x0000021ba6190000 - 0x0000021ba6193000 	C:\Program Files\Java\jdk1.8.0_261\jre\bin\api-ms-win-core-timezone-l1-1-0.dll
0x0000021ba61a0000 - 0x0000021ba61a3000 	C:\Program Files\Java\jdk1.8.0_261\jre\bin\api-ms-win-core-util-l1-1-0.dll
0x0000021ba61b0000 - 0x0000021ba61b3000 	C:\Program Files\Java\jdk1.8.0_261\jre\bin\api-ms-win-crt-conio-l1-1-0.dll
0x0000021ba61c0000 - 0x0000021ba61c4000 	C:\Program Files\Java\jdk1.8.0_261\jre\bin\api-ms-win-crt-convert-l1-1-0.dll
0x0000021ba61d0000 - 0x0000021ba61d3000 	C:\Program Files\Java\jdk1.8.0_261\jre\bin\api-ms-win-crt-environment-l1-1-0.dll
0x0000021ba61e0000 - 0x0000021ba61e3000 	C:\Program Files\Java\jdk1.8.0_261\jre\bin\api-ms-win-crt-filesystem-l1-1-0.dll
0x0000021ba61f0000 - 0x0000021ba61f3000 	C:\Program Files\Java\jdk1.8.0_261\jre\bin\api-ms-win-crt-heap-l1-1-0.dll
0x0000021ba6200000 - 0x0000021ba6203000 	C:\Program Files\Java\jdk1.8.0_261\jre\bin\api-ms-win-crt-locale-l1-1-0.dll
0x0000021ba6210000 - 0x0000021ba6215000 	C:\Program Files\Java\jdk1.8.0_261\jre\bin\api-ms-win-crt-math-l1-1-0.dll
0x0000021ba6220000 - 0x0000021ba6225000 	C:\Program Files\Java\jdk1.8.0_261\jre\bin\api-ms-win-crt-multibyte-l1-1-0.dll
0x0000021ba6230000 - 0x0000021ba6240000 	C:\Program Files\Java\jdk1.8.0_261\jre\bin\api-ms-win-crt-private-l1-1-0.dll
0x0000021ba6240000 - 0x0000021ba6243000 	C:\Program Files\Java\jdk1.8.0_261\jre\bin\api-ms-win-crt-process-l1-1-0.dll
0x0000021ba6250000 - 0x0000021ba6254000 	C:\Program Files\Java\jdk1.8.0_261\jre\bin\api-ms-win-crt-runtime-l1-1-0.dll
0x0000021ba6260000 - 0x0000021ba6264000 	C:\Program Files\Java\jdk1.8.0_261\jre\bin\api-ms-win-crt-stdio-l1-1-0.dll
0x0000021ba6270000 - 0x0000021ba6274000 	C:\Program Files\Java\jdk1.8.0_261\jre\bin\api-ms-win-crt-string-l1-1-0.dll
0x0000021ba6280000 - 0x0000021ba6283000 	C:\Program Files\Java\jdk1.8.0_261\jre\bin\api-ms-win-crt-time-l1-1-0.dll
0x0000021ba6290000 - 0x0000021ba6293000 	C:\Program Files\Java\jdk1.8.0_261\jre\bin\api-ms-win-crt-utility-l1-1-0.dll
0x00007ffb453f0000 - 0x00007ffb454ec000 	C:\Program Files\Java\jdk1.8.0_261\jre\bin\ucrtbase.dll
0x00007ffb45930000 - 0x00007ffb45981000 	C:\Program Files\Java\jdk1.8.0_261\jre\bin\concrt140.dll
0x00007ffb45900000 - 0x00007ffb45923000 	C:\Program Files\Java\jdk1.8.0_261\jre\bin\prism_d3d.dll
0x00007ffb477c0000 - 0x00007ffb47966000 	C:\WINDOWS\system32\d3d9.dll
0x00007ffb54f50000 - 0x00007ffb54f7f000 	C:\WINDOWS\SYSTEM32\dwmapi.dll
0x00007ffb54d20000 - 0x00007ffb54d58000 	C:\WINDOWS\SYSTEM32\dxcore.dll
0x00007ffb549e0000 - 0x00007ffb54a8c000 	C:\WINDOWS\system32\uxtheme.dll
0x00007ffb43ac0000 - 0x00007ffb43c25000 	C:\WINDOWS\System32\DriverStore\FileRepository\iigd_dch.inf_amd64_e6980897e3126266\igdumdim64.dll
0x00007ffb58510000 - 0x00007ffb586aa000 	C:\WINDOWS\System32\ole32.dll
0x00007ffab16a0000 - 0x00007ffab532b000 	C:\WINDOWS\System32\DriverStore\FileRepository\iigd_dch.inf_amd64_e6980897e3126266\igd9dxva64.dll
0x00007ffb59800000 - 0x00007ffb598d6000 	C:\WINDOWS\System32\OLEAUT32.dll
0x00007ffb589f0000 - 0x00007ffb58e5c000 	C:\WINDOWS\System32\SETUPAPI.dll
0x00007ffb57500000 - 0x00007ffb5754c000 	C:\WINDOWS\SYSTEM32\cfgmgr32.dll
0x00007ffb4da40000 - 0x00007ffb4dd76000 	C:\WINDOWS\System32\DriverStore\FileRepository\iigd_dch.inf_amd64_e6980897e3126266\igdgmm64.dll
0x00007ffb52cb0000 - 0x00007ffb52cf4000 	C:\WINDOWS\SYSTEM32\directxdatabasehelper.dll
0x00007ffb56980000 - 0x00007ffb569b4000 	C:\WINDOWS\SYSTEM32\ntmarta.dll
0x00007ffb457e0000 - 0x00007ffb45825000 	C:\Program Files\Java\jdk1.8.0_261\jre\bin\glass.dll
0x00007ffb59aa0000 - 0x00007ffb59b8c000 	C:\WINDOWS\System32\COMDLG32.dll
0x00007ffb58200000 - 0x00007ffb5831d000 	C:\WINDOWS\System32\MSCTF.dll
0x00007ffb57f30000 - 0x00007ffb57faf000 	C:\WINDOWS\System32\bcryptPrimitives.dll
0x00007ffb128b0000 - 0x00007ffb128d7000 	C:\WINDOWS\System32\DriverStore\FileRepository\iigd_dch.inf_amd64_e6980897e3126266\igdinfo64.dll
0x00007ffb57090000 - 0x00007ffb570a8000 	C:\WINDOWS\SYSTEM32\CRYPTSP.dll
0x00007ffb568c0000 - 0x00007ffb568f5000 	C:\WINDOWS\system32\rsaenh.dll
0x00007ffb57080000 - 0x00007ffb5708c000 	C:\WINDOWS\SYSTEM32\CRYPTBASE.dll
0x00007ffb57210000 - 0x00007ffb57237000 	C:\WINDOWS\SYSTEM32\bcrypt.dll
0x00007ffb48140000 - 0x00007ffb4aecf000 	C:\WINDOWS\System32\DriverStore\FileRepository\iigd_dch.inf_amd64_e6980897e3126266\igc64.dll
0x00007ffb47050000 - 0x00007ffb47064000 	C:\Program Files\Java\jdk1.8.0_261\jre\bin\javafx_font.dll
0x00007ffb39140000 - 0x00007ffb3939f000 	C:\WINDOWS\SYSTEM32\dwrite.dll
0x00007ffb58330000 - 0x00007ffb583e5000 	C:\WINDOWS\System32\clbcatq.dll
0x00007ffb4f7a0000 - 0x00007ffb4f94e000 	C:\WINDOWS\SYSTEM32\WindowsCodecs.dll
0x00007ffb36130000 - 0x00007ffb3618d000 	C:\WINDOWS\system32\dataexchange.dll
0x00007ffb51610000 - 0x00007ffb51876000 	C:\WINDOWS\system32\twinapi.appcore.dll
0x00007ffb45760000 - 0x00007ffb45792000 	C:\Program Files\Common Files\Microsoft Shared\Ink\rtscom.dll
0x00007ffb3ec70000 - 0x00007ffb3ed9d000 	C:\WINDOWS\SYSTEM32\textinputframework.dll
0x00007ffb54600000 - 0x00007ffb54731000 	C:\WINDOWS\SYSTEM32\CoreMessaging.dll
0x00007ffb51d20000 - 0x00007ffb5208d000 	C:\WINDOWS\SYSTEM32\CoreUIComponents.dll
0x00007ffb53510000 - 0x00007ffb53ac8000 	C:\WINDOWS\SYSTEM32\d2d1.dll
0x00007ffb51250000 - 0x00007ffb514d0000 	C:\WINDOWS\SYSTEM32\d3d11.dll
0x00007ffb54b50000 - 0x00007ffb54c43000 	C:\WINDOWS\SYSTEM32\dxgi.dll
0x00007ffb50760000 - 0x00007ffb50e62000 	C:\WINDOWS\SYSTEM32\D3D10Warp.dll
0x00007ffb458e0000 - 0x00007ffb458f2000 	C:\Program Files\Java\jdk1.8.0_261\jre\bin\prism_common.dll

VM Arguments:
jvm_args: -Dfile.encoding=Cp1252 
java_command: Game.RunGame
java_class_path (initial): C:\Users\Jay Latigay\CMSC 22\MiniProject\bin;C:\Users\Jay Latigay\OneDrive\Desktop\eclipse\plugins\org.eclipse.fx.ide.css.jfx8_2.4.0.201605112122.jar
Launcher Type: SUN_STANDARD

Environment Variables:
PATH=C:/Program Files/Java/jdk1.8.0_261/bin/../jre/bin/server;C:/Program Files/Java/jdk1.8.0_261/bin/../jre/bin;C:/Program Files/Java/jdk1.8.0_261/bin/../jre/lib/amd64;C:\Windows\system32;C:\Windows;C:\Windows\System32\Wbem;C:\Windows\System32\WindowsPowerShell\v1.0\;C:\Windows\System32\OpenSSH\;C:\Program Files (x86)\NVIDIA Corporation\PhysX\Common;C:\Program Files\NVIDIA Corporation\NVIDIA NvDLISR;C:\WINDOWS\system32;C:\WINDOWS;C:\WINDOWS\System32\Wbem;C:\WINDOWS\System32\WindowsPowerShell\v1.0\;C:\WINDOWS\System32\OpenSSH\;C:\Program Files\Git\cmd;C:\Program Files\Java\jdk1.8.0_261\bin;C:\Program Files\PowerShell\7\;C:\Users\Jay Latigay\AppData\Local\Programs\Python\Python310\Scripts\;C:\Users\Jay Latigay\AppData\Local\Programs\Python\Python310\;C:\Users\Jay Latigay\AppData\Local\Microsoft\WindowsApps;;C:\Users\Jay Latigay\OneDrive\Desktop\eclipse;
USERNAME=Jay Latigay
OS=Windows_NT
PROCESSOR_IDENTIFIER=Intel64 Family 6 Model 165 Stepping 2, GenuineIntel



---------------  S Y S T E M  ---------------

OS: Windows 10.0 , 64 bit Build 22000 (10.0.22000.1335)

CPU:total 12 (initial active 12) (6 cores per cpu, 2 threads per core) family 6 model 165 stepping 2, cmov, cx8, fxsr, mmx, sse, sse2, sse3, ssse3, sse4.1, sse4.2, popcnt, avx, avx2, aes, clmul, erms, 3dnowpref, lzcnt, ht, tsc, tscinvbit, bmi1, bmi2, adx

Memory: 4k page, physical 16641840k(6413084k free), swap 66973488k(5140k free)

vm_info: Java HotSpot(TM) 64-Bit Server VM (25.261-b12) for windows-amd64 JRE (1.8.0_261-b12), built on Jun 18 2020 06:56:32 by "" with unknown MS VC++:1916

time: Tue Jan 10 05:11:14 2023
timezone: Malay Peninsula Standard Time
elapsed time: 3 seconds (0d 0h 0m 3s)

