#
# A fatal error has been detected by the Java Runtime Environment:
#
#  EXCEPTION_STACK_OVERFLOW (0xc00000fd) at pc=0x000000007472b4eb, pid=30920, tid=0x0000000000001f9c
#
# JRE version: Java(TM) SE Runtime Environment (8.0_261-b12) (build 1.8.0_261-b12)
# Java VM: Java HotSpot(TM) 64-Bit Server VM (25.261-b12 mixed mode windows-amd64 compressed oops)
# Problematic frame:
# V  [jvm.dll+0x21b4eb]
#
# Failed to write core dump. Minidumps are not enabled by default on client versions of Windows
#
# If you would like to submit a bug report, please visit:
#   http://bugreport.java.com/bugreport/crash.jsp
#

---------------  T H R E A D  ---------------

Current thread (0x000001d83bbce800):  JavaThread "Thread-294" [_thread_in_vm, id=8092, stack(0x000000262b100000,0x000000262b200000)]

siginfo: ExceptionCode=0xc00000fd, ExceptionInformation=0x0000000000000001 0x000000262b1f93b0 

Registers:
RAX=0x0000000000000007, RBX=0x0000000000000007, RCX=0x000000262b1f93b0, RDX=0x0000000000006000
RSP=0x000000262b1ff3b0, RBP=0x000000262b1ff4b0, RSI=0x0000000000000007, RDI=0x000001d83b6bf428
R8 =0x0000000000000005, R9 =0x0000000000000006, R10=0x000001d835b3c020, R11=0x000001d83b6bf428
R12=0x000001d835a82300, R13=0x000000262b1ff780, R14=0x000000262b1ff6b0, R15=0x000000262b1ff3b0
RIP=0x000000007472b4eb, EFLAGS=0x0000000000010202

Top of Stack: (sp=0x000000262b1ff3b0)
0x000000262b1ff3b0:   000001d83bbce800 0000000000000001
0x000000262b1ff3c0:   000001d83b6bf428 00000000745e6d3a
0x000000262b1ff3d0:   000001d83b6bf428 000001d83bbce800
0x000000262b1ff3e0:   0000000000000000 0000000000000000
0x000000262b1ff3f0:   0000000ac0006c00 000001d83b6bf428
0x000000262b1ff400:   000001d83bbce800 000001d8196a49a0
0x000000262b1ff410:   0000000000000001 0000000000000000
0x000000262b1ff420:   000001d83b6bf428 0000000000000001
0x000000262b1ff430:   0000000000000005 000001d83bbce800
0x000000262b1ff440:   000001d83b6bf428 000001d83bbce800
0x000000262b1ff450:   000001d831f0e2f0 000001d83bbce800
0x000000262b1ff460:   000001d83bbce800 000001d83bbce800
0x000000262b1ff470:   0000000000000005 000001d831f0e2f0
0x000000262b1ff480:   00000007c0006c48 00000000745ebfc7
0x000000262b1ff490:   000001d835a82300 000000262b1ff4f1
0x000000262b1ff4a0:   000001d83b6bf428 0000000000000000 

Instructions: (pc=0x000000007472b4eb)
0x000000007472b4cb:   f8 7c 33 48 8b de e8 5a 96 08 00 48 63 d0 ff c6
0x000000007472b4db:   48 0f af d3 49 8b cf 48 63 c6 48 2b ca 48 ff c3
0x000000007472b4eb:   c7 01 00 00 00 00 48 3b 05 d8 ce 55 00 7e d7 48
0x000000007472b4fb:   8b 9d e8 00 00 00 48 8d 54 24 48 48 8d 4d 50 e8 


Register to memory mapping:

RAX=0x0000000000000007 is an unknown value
RBX=0x0000000000000007 is an unknown value
RCX=0x000000262b1f93b0 is pointing into the stack for thread: 0x000001d83bbce800
RDX=0x0000000000006000 is an unknown value
RSP=0x000000262b1ff3b0 is pointing into the stack for thread: 0x000001d83bbce800
RBP=0x000000262b1ff4b0 is pointing into the stack for thread: 0x000001d83bbce800
RSI=0x0000000000000007 is an unknown value
RDI={method} {0x000001d83b6bf430} 'run' '()V' in 'Game/ImmunityDuration'
R8 =0x0000000000000005 is an unknown value
R9 =0x0000000000000006 is an unknown value
R10=0x000001d835b3c020 is an unknown value
R11={method} {0x000001d83b6bf430} 'run' '()V' in 'Game/ImmunityDuration'
R12=0x000001d835a82300 is an unknown value
R13=0x000000262b1ff780 is pointing into the stack for thread: 0x000001d83bbce800
R14=0x000000262b1ff6b0 is pointing into the stack for thread: 0x000001d83bbce800
R15=0x000000262b1ff3b0 is pointing into the stack for thread: 0x000001d83bbce800


Stack: [0x000000262b100000,0x000000262b200000],  sp=0x000000262b1ff3b0,  free space=1020k
Native frames: (J=compiled Java code, j=interpreted, Vv=VM code, C=native code)
V  [jvm.dll+0x21b4eb]


---------------  P R O C E S S  ---------------

Java Threads: ( => current thread )
  0x000001d83ba07000 JavaThread "Thread-307" [_thread_blocked, id=21948, stack(0x000000262c000000,0x000000262c100000)]
  0x000001d83ba06800 JavaThread "Thread-306" [_thread_blocked, id=28768, stack(0x000000262bf00000,0x000000262c000000)]
  0x000001d83ba05000 JavaThread "Thread-305" [_thread_blocked, id=9908, stack(0x000000262be00000,0x000000262bf00000)]
  0x000001d83ba03800 JavaThread "Thread-304" [_thread_blocked, id=29928, stack(0x000000262bd00000,0x000000262be00000)]
  0x000001d83ba02800 JavaThread "Thread-303" [_thread_blocked, id=12000, stack(0x000000262bc00000,0x000000262bd00000)]
  0x000001d83ba05800 JavaThread "Thread-302" [_thread_blocked, id=26760, stack(0x000000262bb00000,0x000000262bc00000)]
  0x000001d83bbda800 JavaThread "Thread-301" [_thread_blocked, id=17916, stack(0x000000262ba00000,0x000000262bb00000)]
  0x000001d83bbda000 JavaThread "Thread-300" [_thread_blocked, id=31148, stack(0x000000262b900000,0x000000262ba00000)]
  0x000001d83bbd9000 JavaThread "Thread-299" [_thread_blocked, id=4176, stack(0x000000262b700000,0x000000262b800000)]
  0x000001d83bbd8800 JavaThread "Thread-298" [_thread_blocked, id=7084, stack(0x000000262b600000,0x000000262b700000)]
  0x000001d83bbd7000 JavaThread "Thread-297" [_thread_blocked, id=18588, stack(0x000000262b500000,0x000000262b600000)]
  0x000001d83bbd6000 JavaThread "Thread-296" [_thread_blocked, id=27232, stack(0x000000262b400000,0x000000262b500000)]
  0x000001d83bbd7800 JavaThread "Thread-295" [_thread_blocked, id=30212, stack(0x000000262b200000,0x000000262b300000)]
=>0x000001d83bbce800 JavaThread "Thread-294" [_thread_in_vm, id=8092, stack(0x000000262b100000,0x000000262b200000)]
  0x000001d83bbd5800 JavaThread "Thread-293" [_thread_blocked, id=4268, stack(0x000000262b000000,0x000000262b100000)]
  0x000001d83bbd4800 JavaThread "Thread-292" [_thread_blocked, id=25188, stack(0x000000262af00000,0x000000262b000000)]
  0x000001d83bbd4000 JavaThread "Thread-291" [_thread_blocked, id=23272, stack(0x000000262ad00000,0x000000262ae00000)]
  0x000001d83bbcc000 JavaThread "Thread-290" [_thread_blocked, id=20188, stack(0x0000002629600000,0x0000002629700000)]
  0x000001d83bbd3000 JavaThread "Thread-289" [_thread_blocked, id=31880, stack(0x0000002629500000,0x0000002629600000)]
  0x000001d83bbcb800 JavaThread "Thread-288" [_thread_blocked, id=33156, stack(0x0000002629400000,0x0000002629500000)]
  0x000001d83bbd2800 JavaThread "DestroyJavaVM" [_thread_blocked, id=24368, stack(0x0000002629700000,0x0000002629800000)]
  0x000001d83bbcf000 JavaThread "Thread-46" [_thread_blocked, id=12692, stack(0x000000262e500000,0x000000262e600000)]
  0x000001d83bbcd000 JavaThread "Thread-45" [_thread_blocked, id=25808, stack(0x000000262e400000,0x000000262e500000)]
  0x000001d83bbd1800 JavaThread "Thread-44" [_thread_blocked, id=3728, stack(0x000000262e300000,0x000000262e400000)]
  0x000001d83bbcd800 JavaThread "Thread-43" [_thread_blocked, id=12716, stack(0x000000262e200000,0x000000262e300000)]
  0x000001d83bbd1000 JavaThread "Thread-42" [_thread_blocked, id=8072, stack(0x000000262e100000,0x000000262e200000)]
  0x000001d83bbd0000 JavaThread "Thread-41" [_thread_blocked, id=8672, stack(0x000000262e000000,0x000000262e100000)]
  0x000001d83ba09800 JavaThread "Thread-40" [_thread_blocked, id=20724, stack(0x000000262df00000,0x000000262e000000)]
  0x000001d83ba0e800 JavaThread "Thread-39" [_thread_blocked, id=27336, stack(0x000000262de00000,0x000000262df00000)]
  0x000001d83ba0d000 JavaThread "Thread-38" [_thread_blocked, id=25820, stack(0x000000262dd00000,0x000000262de00000)]
  0x000001d83ba0c800 JavaThread "Thread-37" [_thread_blocked, id=8344, stack(0x000000262dc00000,0x000000262dd00000)]
  0x000001d83ba0e000 JavaThread "Thread-36" [_thread_blocked, id=23156, stack(0x000000262db00000,0x000000262dc00000)]
  0x000001d83ba0b800 JavaThread "Thread-35" [_thread_blocked, id=5940, stack(0x000000262da00000,0x000000262db00000)]
  0x000001d83ba0f800 JavaThread "Thread-34" [_thread_blocked, id=20360, stack(0x000000262d900000,0x000000262da00000)]
  0x000001d83ba0b000 JavaThread "Thread-33" [_thread_blocked, id=10120, stack(0x000000262d800000,0x000000262d900000)]
  0x000001d83ba0a000 JavaThread "Thread-32" [_thread_blocked, id=21328, stack(0x000000262d700000,0x000000262d800000)]
  0x000001d83ba02000 JavaThread "Thread-31" [_thread_blocked, id=27764, stack(0x000000262d600000,0x000000262d700000)]
  0x000001d83ba08800 JavaThread "Thread-30" [_thread_blocked, id=31952, stack(0x000000262d500000,0x000000262d600000)]
  0x000001d83ba01000 JavaThread "Thread-29" [_thread_blocked, id=7396, stack(0x000000262d400000,0x000000262d500000)]
  0x000001d83ba04000 JavaThread "Thread-28" [_thread_blocked, id=3748, stack(0x000000262d300000,0x000000262d400000)]
  0x000001d83ba08000 JavaThread "Thread-27" [_thread_blocked, id=27748, stack(0x000000262d200000,0x000000262d300000)]
  0x000001d83ba00800 JavaThread "Thread-26" [_thread_blocked, id=15832, stack(0x000000262d100000,0x000000262d200000)]
  0x000001d83599e800 JavaThread "Prism Font Disposer" daemon [_thread_blocked, id=20588, stack(0x000000262b800000,0x000000262b900000)]
  0x000001d83573a800 JavaThread "Thread-3" daemon [_thread_in_native, id=21588, stack(0x000000262b300000,0x000000262b400000)]
  0x000001d835550000 JavaThread "Thread-1" daemon [_thread_blocked, id=28844, stack(0x000000262ae00000,0x000000262af00000)]
  0x000001d8329db000 JavaThread "Service Thread" daemon [_thread_blocked, id=19488, stack(0x000000262ab00000,0x000000262ac00000)]
  0x000001d8329b2000 JavaThread "C1 CompilerThread3" daemon [_thread_blocked, id=22572, stack(0x000000262aa00000,0x000000262ab00000)]
  0x000001d8329af000 JavaThread "C2 CompilerThread2" daemon [_thread_blocked, id=30960, stack(0x000000262a900000,0x000000262aa00000)]
  0x000001d8329a5800 JavaThread "C2 CompilerThread1" daemon [_thread_blocked, id=31876, stack(0x000000262a800000,0x000000262a900000)]
  0x000001d83299e800 JavaThread "C2 CompilerThread0" daemon [_thread_blocked, id=14396, stack(0x000000262a700000,0x000000262a800000)]
  0x000001d83299c800 JavaThread "Attach Listener" daemon [_thread_blocked, id=26852, stack(0x000000262a600000,0x000000262a700000)]
  0x000001d8329ac800 JavaThread "Signal Dispatcher" daemon [_thread_blocked, id=6800, stack(0x000000262a500000,0x000000262a600000)]
  0x000001d83297d800 JavaThread "Finalizer" daemon [_thread_blocked, id=31728, stack(0x000000262a400000,0x000000262a500000)]
  0x000001d832976800 JavaThread "Reference Handler" daemon [_thread_blocked, id=30580, stack(0x000000262a300000,0x000000262a400000)]

Other Threads:
  0x000001d83294d800 VMThread [stack: 0x000000262a200000,0x000000262a300000] [id=29432]
  0x000001d8329de000 WatcherThread [stack: 0x000000262ac00000,0x000000262ad00000] [id=2616]

VM state:not at safepoint (normal execution)

VM Mutex/Monitor currently owned by a thread: None

heap address: 0x00000006c2000000, size: 4064 MB, Compressed Oops mode: Zero based, Oop shift amount: 3
Narrow klass base: 0x0000000000000000, Narrow klass shift: 3
Compressed class space size: 1073741824 Address: 0x00000007c0000000

Heap:
 PSYoungGen      total 1259520K, used 226518K [0x000000076b580000, 0x00000007ba480000, 0x00000007c0000000)
  eden space 1256960K, 17% used [0x000000076b580000,0x000000077904d370,0x00000007b8100000)
  from space 2560K, 96% used [0x00000007ba200000,0x00000007ba468680,0x00000007ba480000)
  to   space 11264K, 0% used [0x00000007b8e80000,0x00000007b8e80000,0x00000007b9980000)
 ParOldGen       total 402944K, used 310456K [0x00000006c2000000, 0x00000006da980000, 0x000000076b580000)
  object space 402944K, 77% used [0x00000006c2000000,0x00000006d4f2e0f8,0x00000006da980000)
 Metaspace       used 14180K, capacity 14756K, committed 14848K, reserved 1062912K
  class space    used 1838K, capacity 2004K, committed 2048K, reserved 1048576K

Card table byte_map: [0x000001d828a50000,0x000001d829250000] byte_map_base: 0x000001d825440000

Marking Bits: (ParMarkBitMap*) 0x0000000074d04fb0
 Begin Bits: [0x000001d8297a0000, 0x000001d82d720000)
 End Bits:   [0x000001d82d720000, 0x000001d8316a0000)

Polling page: 0x000001d819660000

CodeCache: size=245760Kb used=9574Kb max_used=10371Kb free=236185Kb
 bounds [0x000001d819690000, 0x000001d81a0c0000, 0x000001d828690000]
 total_blobs=3050 nmethods=2411 adapters=551
 compilation: enabled

Compilation events (10 events):
Event: 154.670 Thread 0x000001d8329b2000 2617       3       java.lang.ThreadGroup::checkAccess (14 bytes)
Event: 154.671 Thread 0x000001d8329b2000 nmethod 2617 0x000001d819abd410 code [0x000001d819abd580, 0x000001d819abd850]
Event: 154.671 Thread 0x000001d8329b2000 2618       3       java.lang.Thread::setPriority (56 bytes)
Event: 154.672 Thread 0x000001d8329b2000 nmethod 2618 0x000001d8199b85d0 code [0x000001d8199b8780, 0x000001d8199b8ed0]
Event: 154.673 Thread 0x000001d8329b2000 2620       3       java.lang.Thread::init (12 bytes)
Event: 154.673 Thread 0x000001d8329b2000 nmethod 2620 0x000001d8198f71d0 code [0x000001d8198f7340, 0x000001d8198f74f0]
Event: 169.786 Thread 0x000001d8329b2000 2621   !   3       java.lang.ThreadGroup::add (110 bytes)
Event: 169.787 Thread 0x000001d8329b2000 nmethod 2621 0x000001d81a09a210 code [0x000001d81a09a3e0, 0x000001d81a09acc0]
Event: 169.789 Thread 0x000001d8329b2000 2623  s    3       java.lang.Thread::nextThreadNum (10 bytes)
Event: 169.789 Thread 0x000001d8329b2000 nmethod 2623 0x000001d819976c50 code [0x000001d819976da0, 0x000001d819977058]

GC Heap History (10 events):
Event: 8.104 GC heap before
{Heap before GC invocations=13 (full 3):
 PSYoungGen      total 651776K, used 4498K [0x000000076b580000, 0x0000000794700000, 0x00000007c0000000)
  eden space 647168K, 0% used [0x000000076b580000,0x000000076b580000,0x0000000792d80000)
  from space 4608K, 97% used [0x0000000794280000,0x00000007946e4ab0,0x0000000794700000)
  to   space 12288K, 0% used [0x0000000792f00000,0x0000000792f00000,0x0000000793b00000)
 ParOldGen       total 419328K, used 352923K [0x00000006c2000000, 0x00000006db980000, 0x000000076b580000)
  object space 419328K, 84% used [0x00000006c2000000,0x00000006d78a6ed0,0x00000006db980000)
 Metaspace       used 13781K, capacity 14340K, committed 14592K, reserved 1062912K
  class space    used 1831K, capacity 1996K, committed 2048K, reserved 1048576K
Event: 8.148 GC heap after
Heap after GC invocations=13 (full 3):
 PSYoungGen      total 651776K, used 0K [0x000000076b580000, 0x0000000794700000, 0x00000007c0000000)
  eden space 647168K, 0% used [0x000000076b580000,0x000000076b580000,0x0000000792d80000)
  from space 4608K, 0% used [0x0000000794280000,0x0000000794280000,0x0000000794700000)
  to   space 12288K, 0% used [0x0000000792f00000,0x0000000792f00000,0x0000000793b00000)
 ParOldGen       total 402944K, used 228900K [0x00000006c2000000, 0x00000006da980000, 0x000000076b580000)
  object space 402944K, 56% used [0x00000006c2000000,0x00000006cff89298,0x00000006da980000)
 Metaspace       used 13781K, capacity 14340K, committed 14592K, reserved 1062912K
  class space    used 1831K, capacity 1996K, committed 2048K, reserved 1048576K
}
Event: 10.129 GC heap before
{Heap before GC invocations=14 (full 3):
 PSYoungGen      total 651776K, used 640391K [0x000000076b580000, 0x0000000794700000, 0x00000007c0000000)
  eden space 647168K, 98% used [0x000000076b580000,0x00000007926e1e60,0x0000000792d80000)
  from space 4608K, 0% used [0x0000000794280000,0x0000000794280000,0x0000000794700000)
  to   space 12288K, 0% used [0x0000000792f00000,0x0000000792f00000,0x0000000793b00000)
 ParOldGen       total 402944K, used 228900K [0x00000006c2000000, 0x00000006da980000, 0x000000076b580000)
  object space 402944K, 56% used [0x00000006c2000000,0x00000006cff89298,0x00000006da980000)
 Metaspace       used 13914K, capacity 14532K, committed 14592K, reserved 1062912K
  class space    used 1831K, capacity 1996K, committed 2048K, reserved 1048576K
Event: 10.142 GC heap after
Heap after GC invocations=14 (full 3):
 PSYoungGen      total 660992K, used 4560K [0x000000076b580000, 0x00000007a5d00000, 0x00000007c0000000)
  eden space 648704K, 0% used [0x000000076b580000,0x000000076b580000,0x0000000792f00000)
  from space 12288K, 37% used [0x0000000792f00000,0x00000007933741b0,0x0000000793b00000)
  to   space 11776K, 0% used [0x00000007a5180000,0x00000007a5180000,0x00000007a5d00000)
 ParOldGen       total 402944K, used 255358K [0x00000006c2000000, 0x00000006da980000, 0x000000076b580000)
  object space 402944K, 63% used [0x00000006c2000000,0x00000006d195fab8,0x00000006da980000)
 Metaspace       used 13914K, capacity 14532K, committed 14592K, reserved 1062912K
  class space    used 1831K, capacity 1996K, committed 2048K, reserved 1048576K
}
Event: 11.463 GC heap before
{Heap before GC invocations=15 (full 3):
 PSYoungGen      total 660992K, used 643579K [0x000000076b580000, 0x00000007a5d00000, 0x00000007c0000000)
  eden space 648704K, 98% used [0x000000076b580000,0x000000079258ae30,0x0000000792f00000)
  from space 12288K, 37% used [0x0000000792f00000,0x00000007933741b0,0x0000000793b00000)
  to   space 11776K, 0% used [0x00000007a5180000,0x00000007a5180000,0x00000007a5d00000)
 ParOldGen       total 402944K, used 255358K [0x00000006c2000000, 0x00000006da980000, 0x000000076b580000)
  object space 402944K, 63% used [0x00000006c2000000,0x00000006d195fab8,0x00000006da980000)
 Metaspace       used 13939K, capacity 14532K, committed 14592K, reserved 1062912K
  class space    used 1831K, capacity 1996K, committed 2048K, reserved 1048576K
Event: 11.471 GC heap after
Heap after GC invocations=15 (full 3):
 PSYoungGen      total 921600K, used 4086K [0x000000076b580000, 0x00000007a5580000, 0x00000007c0000000)
  eden space 917504K, 0% used [0x000000076b580000,0x000000076b580000,0x00000007a3580000)
  from space 4096K, 99% used [0x00000007a5180000,0x00000007a557dab0,0x00000007a5580000)
  to   space 11264K, 0% used [0x00000007a3f80000,0x00000007a3f80000,0x00000007a4a80000)
 ParOldGen       total 402944K, used 282784K [0x00000006c2000000, 0x00000006da980000, 0x000000076b580000)
  object space 402944K, 70% used [0x00000006c2000000,0x00000006d34282f8,0x00000006da980000)
 Metaspace       used 13939K, capacity 14532K, committed 14592K, reserved 1062912K
  class space    used 1831K, capacity 1996K, committed 2048K, reserved 1048576K
}
Event: 13.806 GC heap before
{Heap before GC invocations=16 (full 3):
 PSYoungGen      total 921600K, used 916352K [0x000000076b580000, 0x00000007a5580000, 0x00000007c0000000)
  eden space 917504K, 99% used [0x000000076b580000,0x00000007a3062720,0x00000007a3580000)
  from space 4096K, 99% used [0x00000007a5180000,0x00000007a557dab0,0x00000007a5580000)
  to   space 11264K, 0% used [0x00000007a3f80000,0x00000007a3f80000,0x00000007a4a80000)
 ParOldGen       total 402944K, used 282784K [0x00000006c2000000, 0x00000006da980000, 0x000000076b580000)
  object space 402944K, 70% used [0x00000006c2000000,0x00000006d34282f8,0x00000006da980000)
 Metaspace       used 14009K, capacity 14596K, committed 14848K, reserved 1062912K
  class space    used 1831K, capacity 1996K, committed 2048K, reserved 1048576K
Event: 13.839 GC heap after
Heap after GC invocations=16 (full 3):
 PSYoungGen      total 939008K, used 1081K [0x000000076b580000, 0x00000007bad00000, 0x00000007c0000000)
  eden space 927744K, 0% used [0x000000076b580000,0x000000076b580000,0x00000007a3f80000)
  from space 11264K, 9% used [0x00000007a3f80000,0x00000007a408e500,0x00000007a4a80000)
  to   space 11264K, 0% used [0x00000007ba200000,0x00000007ba200000,0x00000007bad00000)
 ParOldGen       total 402944K, used 309746K [0x00000006c2000000, 0x00000006da980000, 0x000000076b580000)
  object space 402944K, 76% used [0x00000006c2000000,0x00000006d4e7c9f8,0x00000006da980000)
 Metaspace       used 14009K, capacity 14596K, committed 14848K, reserved 1062912K
  class space    used 1831K, capacity 1996K, committed 2048K, reserved 1048576K
}
Event: 22.110 GC heap before
{Heap before GC invocations=17 (full 3):
 PSYoungGen      total 939008K, used 928825K [0x000000076b580000, 0x00000007bad00000, 0x00000007c0000000)
  eden space 927744K, 100% used [0x000000076b580000,0x00000007a3f80000,0x00000007a3f80000)
  from space 11264K, 9% used [0x00000007a3f80000,0x00000007a408e500,0x00000007a4a80000)
  to   space 11264K, 0% used [0x00000007ba200000,0x00000007ba200000,0x00000007bad00000)
 ParOldGen       total 402944K, used 309746K [0x00000006c2000000, 0x00000006da980000, 0x000000076b580000)
  object space 402944K, 76% used [0x00000006c2000000,0x00000006d4e7c9f8,0x00000006da980000)
 Metaspace       used 14173K, capacity 14756K, committed 14848K, reserved 1062912K
  class space    used 1838K, capacity 2004K, committed 2048K, reserved 1048576K
Event: 22.114 GC heap after
Heap after GC invocations=17 (full 3):
 PSYoungGen      total 1259520K, used 2465K [0x000000076b580000, 0x00000007ba480000, 0x00000007c0000000)
  eden space 1256960K, 0% used [0x000000076b580000,0x000000076b580000,0x00000007b8100000)
  from space 2560K, 96% used [0x00000007ba200000,0x00000007ba468680,0x00000007ba480000)
  to   space 11264K, 0% used [0x00000007b8e80000,0x00000007b8e80000,0x00000007b9980000)
 ParOldGen       total 402944K, used 310456K [0x00000006c2000000, 0x00000006da980000, 0x000000076b580000)
  object space 402944K, 77% used [0x00000006c2000000,0x00000006d4f2e0f8,0x00000006da980000)
 Metaspace       used 14173K, capacity 14756K, committed 14848K, reserved 1062912K
  class space    used 1838K, capacity 2004K, committed 2048K, reserved 1048576K
}

Deoptimization events (10 events):
Event: 14.484 Thread 0x000001d835560000 Uncommon trap: reason=unstable_if action=reinterpret pc=0x000001d819f65d60 method=Game.EnemyBee.checkCollision(LGame/PlayerBird;)V @ 5
Event: 14.499 Thread 0x000001d83523b000 Uncommon trap: reason=unstable_if action=reinterpret pc=0x000001d819eefa9c method=com.sun.javafx.font.CompositeStrike.getMetrics()Lcom/sun/javafx/font/Metrics; @ 4
Event: 14.500 Thread 0x000001d83523b000 Uncommon trap: reason=class_check action=maybe_recompile pc=0x000001d819d34364 method=sun.reflect.DelegatingMethodAccessorImpl.invoke(Ljava/lang/Object;[Ljava/lang/Object;)Ljava/lang/Object; @ 6
Event: 14.501 Thread 0x000001d83523b000 Uncommon trap: reason=class_check action=maybe_recompile pc=0x000001d819d34364 method=sun.reflect.DelegatingMethodAccessorImpl.invoke(Ljava/lang/Object;[Ljava/lang/Object;)Ljava/lang/Object; @ 6
Event: 15.282 Thread 0x000001d835560000 Uncommon trap: reason=unstable_if action=reinterpret pc=0x000001d819f9c844 method=Game.GameTimer.handle(J)V @ 1030
Event: 15.299 Thread 0x000001d835560000 Uncommon trap: reason=unstable_if action=reinterpret pc=0x000001d819da5624 method=Game.GameTimer.handle(J)V @ 1030
Event: 15.510 Thread 0x000001d835560000 Uncommon trap: reason=unstable_if action=reinterpret pc=0x000001d819e71ce8 method=Game.GameTimer.handle(J)V @ 1030
Event: 18.237 Thread 0x000001d835560000 Uncommon trap: reason=unstable_if action=reinterpret pc=0x000001d819b30444 method=java.util.WeakHashMap.expungeStaleEntries()V @ 9
Event: 18.269 Thread 0x000001d835560000 Uncommon trap: reason=unstable_if action=reinterpret pc=0x000001d81a013e10 method=java.util.concurrent.locks.ReentrantLock$NonfairSync.lock()V @ 6
Event: 18.269 Thread 0x000001d835560000 Uncommon trap: reason=unstable_if action=reinterpret pc=0x000001d819f26fc4 method=java.util.concurrent.locks.ReentrantLock$Sync.tryRelease(I)Z @ 28

Classes redefined (0 events):
No events

Internal exceptions (10 events):
Event: 15.187 Thread 0x000001d835560000 Exception <a 'java/util/ConcurrentModificationException'> (0x000000077d049198) thrown at [C:\jenkins\workspace\8-2-build-windows-amd64-cygwin\jdk8u261\295\hotspot\src\share\vm\prims\jvm.cpp, line 1516]
Event: 15.498 Thread 0x000001d835560000 Exception <a 'java/util/ConcurrentModificationException'> (0x000000077db01a78) thrown at [C:\jenkins\workspace\8-2-build-windows-amd64-cygwin\jdk8u261\295\hotspot\src\share\vm\prims\jvm.cpp, line 1516]
Event: 16.043 Thread 0x000001d835560000 Exception <a 'java/util/ConcurrentModificationException'> (0x0000000789eea4d0) thrown at [C:\jenkins\workspace\8-2-build-windows-amd64-cygwin\jdk8u261\295\hotspot\src\share\vm\prims\jvm.cpp, line 1516]
Event: 16.052 Thread 0x000001d835560000 Exception <a 'java/util/ConcurrentModificationException'> (0x0000000789ef08f0) thrown at [C:\jenkins\workspace\8-2-build-windows-amd64-cygwin\jdk8u261\295\hotspot\src\share\vm\prims\jvm.cpp, line 1516]
Event: 16.968 Thread 0x000001d835560000 Exception <a 'java/util/ConcurrentModificationException'> (0x000000078cee6a98) thrown at [C:\jenkins\workspace\8-2-build-windows-amd64-cygwin\jdk8u261\295\hotspot\src\share\vm\prims\jvm.cpp, line 1516]
Event: 16.980 Thread 0x000001d835560000 Exception <a 'java/util/ConcurrentModificationException'> (0x000000078ceecab0) thrown at [C:\jenkins\workspace\8-2-build-windows-amd64-cygwin\jdk8u261\295\hotspot\src\share\vm\prims\jvm.cpp, line 1516]
Event: 17.177 Thread 0x000001d835560000 Exception <a 'java/util/ConcurrentModificationException'> (0x0000000794da3a50) thrown at [C:\jenkins\workspace\8-2-build-windows-amd64-cygwin\jdk8u261\295\hotspot\src\share\vm\prims\jvm.cpp, line 1516]
Event: 17.188 Thread 0x000001d835560000 Exception <a 'java/util/ConcurrentModificationException'> (0x0000000794da9a80) thrown at [C:\jenkins\workspace\8-2-build-windows-amd64-cygwin\jdk8u261\295\hotspot\src\share\vm\prims\jvm.cpp, line 1516]
Event: 17.469 Thread 0x000001d835560000 Exception <a 'java/util/ConcurrentModificationException'> (0x0000000794e58380) thrown at [C:\jenkins\workspace\8-2-build-windows-amd64-cygwin\jdk8u261\295\hotspot\src\share\vm\prims\jvm.cpp, line 1516]
Event: 17.477 Thread 0x000001d835560000 Exception <a 'java/util/ConcurrentModificationException'> (0x0000000794e5e3c8) thrown at [C:\jenkins\workspace\8-2-build-windows-amd64-cygwin\jdk8u261\295\hotspot\src\share\vm\prims\jvm.cpp, line 1516]

Events (10 events):
Event: 200.013 Thread 0x000001d83bbcc000 Thread added: 0x000001d83bbcc000
Event: 200.013 Thread 0x000001d83bbd4000 Thread added: 0x000001d83bbd4000
Event: 200.013 Thread 0x000001d83bbd4800 Thread added: 0x000001d83bbd4800
Event: 200.013 Thread 0x000001d83bbd5800 Thread added: 0x000001d83bbd5800
Event: 200.013 Thread 0x000001d83bbce800 Thread added: 0x000001d83bbce800
Event: 200.014 Thread 0x000001d83bbd7800 Thread added: 0x000001d83bbd7800
Event: 200.014 Thread 0x000001d83bbd6000 Thread added: 0x000001d83bbd6000
Event: 200.014 Thread 0x000001d83bbd7000 Thread added: 0x000001d83bbd7000
Event: 200.014 Thread 0x000001d83bbd8800 Thread added: 0x000001d83bbd8800
Event: 200.014 Thread 0x000001d83bbd9000 Thread added: 0x000001d83bbd9000


Dynamic libraries:
0x00007ff616b20000 - 0x00007ff616b67000 	C:\Program Files\Java\jdk1.8.0_261\bin\javaw.exe
0x00007ffb5a360000 - 0x00007ffb5a569000 	C:\WINDOWS\SYSTEM32\ntdll.dll
0x00007ffb58930000 - 0x00007ffb589ee000 	C:\WINDOWS\System32\KERNEL32.DLL
0x00007ffb57b40000 - 0x00007ffb57ebb000 	C:\WINDOWS\System32\KERNELBASE.dll
0x00007ffb58f70000 - 0x00007ffb5901e000 	C:\WINDOWS\System32\ADVAPI32.dll
0x00007ffb58400000 - 0x00007ffb584a3000 	C:\WINDOWS\System32\msvcrt.dll
0x00007ffb58e70000 - 0x00007ffb58f0e000 	C:\WINDOWS\System32\sechost.dll
0x00007ffb587a0000 - 0x00007ffb588c0000 	C:\WINDOWS\System32\RPCRT4.dll
0x00007ffb59b90000 - 0x00007ffb59d3d000 	C:\WINDOWS\System32\USER32.dll
0x00007ffb57950000 - 0x00007ffb57976000 	C:\WINDOWS\System32\win32u.dll
0x00007ffb58730000 - 0x00007ffb58759000 	C:\WINDOWS\System32\GDI32.dll
0x00007ffb57980000 - 0x00007ffb57a98000 	C:\WINDOWS\System32\gdi32full.dll
0x00007ffb57aa0000 - 0x00007ffb57b3d000 	C:\WINDOWS\System32\msvcp_win.dll
0x00007ffb57830000 - 0x00007ffb57941000 	C:\WINDOWS\System32\ucrtbase.dll
0x00007ffb42e30000 - 0x00007ffb430d5000 	C:\WINDOWS\WinSxS\amd64_microsoft.windows.common-controls_6595b64144ccf1df_6.0.22000.120_none_9d947278b86cc467\COMCTL32.dll
0x00007ffb58760000 - 0x00007ffb58792000 	C:\WINDOWS\System32\IMM32.DLL
0x00007ffb47070000 - 0x00007ffb47085000 	C:\Program Files\Java\jdk1.8.0_261\jre\bin\vcruntime140.dll
0x00007ffb45990000 - 0x00007ffb45a2b000 	C:\Program Files\Java\jdk1.8.0_261\jre\bin\msvcp140.dll
0x0000000074510000 - 0x0000000074d7c000 	C:\Program Files\Java\jdk1.8.0_261\jre\bin\server\jvm.dll
0x00007ffb58e60000 - 0x00007ffb58e68000 	C:\WINDOWS\System32\PSAPI.DLL
0x00007ffb46070000 - 0x00007ffb46079000 	C:\WINDOWS\SYSTEM32\WSOCK32.dll
0x00007ffb4f430000 - 0x00007ffb4f463000 	C:\WINDOWS\SYSTEM32\WINMM.dll
0x00007ffb4f790000 - 0x00007ffb4f79a000 	C:\WINDOWS\SYSTEM32\VERSION.dll
0x00007ffb588c0000 - 0x00007ffb5892f000 	C:\WINDOWS\System32\WS2_32.dll
0x00007ffb56960000 - 0x00007ffb56978000 	C:\WINDOWS\SYSTEM32\kernel.appcore.dll
0x00007ffb534d0000 - 0x00007ffb534e0000 	C:\Program Files\Java\jdk1.8.0_261\jre\bin\verify.dll
0x00007ffb45a30000 - 0x00007ffb45a5b000 	C:\Program Files\Java\jdk1.8.0_261\jre\bin\java.dll
0x00007ffb51200000 - 0x00007ffb51218000 	C:\Program Files\Java\jdk1.8.0_261\jre\bin\zip.dll
0x00007ffb59040000 - 0x00007ffb597f7000 	C:\WINDOWS\System32\SHELL32.dll
0x00007ffb558f0000 - 0x00007ffb56155000 	C:\WINDOWS\SYSTEM32\windows.storage.dll
0x00007ffb59ec0000 - 0x00007ffb5a238000 	C:\WINDOWS\System32\combase.dll
0x00007ffb55780000 - 0x00007ffb558e6000 	C:\WINDOWS\SYSTEM32\wintypes.dll
0x00007ffb59dd0000 - 0x00007ffb59eba000 	C:\WINDOWS\System32\SHCORE.dll
0x00007ffb584b0000 - 0x00007ffb5850d000 	C:\WINDOWS\System32\shlwapi.dll
0x00007ffb57760000 - 0x00007ffb57781000 	C:\WINDOWS\SYSTEM32\profapi.dll
0x000001d835250000 - 0x000001d835253000 	C:\Program Files\Java\jdk1.8.0_261\jre\bin\api-ms-win-core-console-l1-1-0.dll
0x000001d835260000 - 0x000001d835263000 	C:\Program Files\Java\jdk1.8.0_261\jre\bin\api-ms-win-core-datetime-l1-1-0.dll
0x000001d835270000 - 0x000001d835273000 	C:\Program Files\Java\jdk1.8.0_261\jre\bin\api-ms-win-core-debug-l1-1-0.dll
0x000001d835280000 - 0x000001d835283000 	C:\Program Files\Java\jdk1.8.0_261\jre\bin\api-ms-win-core-errorhandling-l1-1-0.dll
0x000001d835290000 - 0x000001d835294000 	C:\Program Files\Java\jdk1.8.0_261\jre\bin\api-ms-win-core-file-l1-1-0.dll
0x000001d8352a0000 - 0x000001d8352a3000 	C:\Program Files\Java\jdk1.8.0_261\jre\bin\api-ms-win-core-file-l1-2-0.dll
0x000001d8352b0000 - 0x000001d8352b3000 	C:\Program Files\Java\jdk1.8.0_261\jre\bin\api-ms-win-core-file-l2-1-0.dll
0x000001d8352c0000 - 0x000001d8352c3000 	C:\Program Files\Java\jdk1.8.0_261\jre\bin\api-ms-win-core-handle-l1-1-0.dll
0x000001d8352d0000 - 0x000001d8352d3000 	C:\Program Files\Java\jdk1.8.0_261\jre\bin\api-ms-win-core-heap-l1-1-0.dll
0x000001d8352e0000 - 0x000001d8352e3000 	C:\Program Files\Java\jdk1.8.0_261\jre\bin\api-ms-win-core-interlocked-l1-1-0.dll
0x000001d8352f0000 - 0x000001d8352f3000 	C:\Program Files\Java\jdk1.8.0_261\jre\bin\api-ms-win-core-libraryloader-l1-1-0.dll
0x000001d835300000 - 0x000001d835303000 	C:\Program Files\Java\jdk1.8.0_261\jre\bin\api-ms-win-core-localization-l1-2-0.dll
0x000001d835310000 - 0x000001d835313000 	C:\Program Files\Java\jdk1.8.0_261\jre\bin\api-ms-win-core-memory-l1-1-0.dll
0x000001d835320000 - 0x000001d835323000 	C:\Program Files\Java\jdk1.8.0_261\jre\bin\api-ms-win-core-namedpipe-l1-1-0.dll
0x000001d835330000 - 0x000001d835333000 	C:\Program Files\Java\jdk1.8.0_261\jre\bin\api-ms-win-core-processenvironment-l1-1-0.dll
0x000001d835340000 - 0x000001d835343000 	C:\Program Files\Java\jdk1.8.0_261\jre\bin\api-ms-win-core-processthreads-l1-1-0.dll
0x000001d835350000 - 0x000001d835353000 	C:\Program Files\Java\jdk1.8.0_261\jre\bin\api-ms-win-core-processthreads-l1-1-1.dll
0x000001d835360000 - 0x000001d835363000 	C:\Program Files\Java\jdk1.8.0_261\jre\bin\api-ms-win-core-profile-l1-1-0.dll
0x000001d835370000 - 0x000001d835373000 	C:\Program Files\Java\jdk1.8.0_261\jre\bin\api-ms-win-core-rtlsupport-l1-1-0.dll
0x000001d835380000 - 0x000001d835383000 	C:\Program Files\Java\jdk1.8.0_261\jre\bin\api-ms-win-core-string-l1-1-0.dll
0x000001d835390000 - 0x000001d835393000 	C:\Program Files\Java\jdk1.8.0_261\jre\bin\api-ms-win-core-synch-l1-1-0.dll
0x000001d8353a0000 - 0x000001d8353a3000 	C:\Program Files\Java\jdk1.8.0_261\jre\bin\api-ms-win-core-synch-l1-2-0.dll
0x000001d8353b0000 - 0x000001d8353b3000 	C:\Program Files\Java\jdk1.8.0_261\jre\bin\api-ms-win-core-sysinfo-l1-1-0.dll
0x000001d8353c0000 - 0x000001d8353c3000 	C:\Program Files\Java\jdk1.8.0_261\jre\bin\api-ms-win-core-timezone-l1-1-0.dll
0x000001d8353d0000 - 0x000001d8353d3000 	C:\Program Files\Java\jdk1.8.0_261\jre\bin\api-ms-win-core-util-l1-1-0.dll
0x000001d8353e0000 - 0x000001d8353e3000 	C:\Program Files\Java\jdk1.8.0_261\jre\bin\api-ms-win-crt-conio-l1-1-0.dll
0x000001d8353f0000 - 0x000001d8353f4000 	C:\Program Files\Java\jdk1.8.0_261\jre\bin\api-ms-win-crt-convert-l1-1-0.dll
0x000001d835400000 - 0x000001d835403000 	C:\Program Files\Java\jdk1.8.0_261\jre\bin\api-ms-win-crt-environment-l1-1-0.dll
0x000001d835410000 - 0x000001d835413000 	C:\Program Files\Java\jdk1.8.0_261\jre\bin\api-ms-win-crt-filesystem-l1-1-0.dll
0x000001d835420000 - 0x000001d835423000 	C:\Program Files\Java\jdk1.8.0_261\jre\bin\api-ms-win-crt-heap-l1-1-0.dll
0x000001d835430000 - 0x000001d835433000 	C:\Program Files\Java\jdk1.8.0_261\jre\bin\api-ms-win-crt-locale-l1-1-0.dll
0x000001d835440000 - 0x000001d835445000 	C:\Program Files\Java\jdk1.8.0_261\jre\bin\api-ms-win-crt-math-l1-1-0.dll
0x000001d835450000 - 0x000001d835455000 	C:\Program Files\Java\jdk1.8.0_261\jre\bin\api-ms-win-crt-multibyte-l1-1-0.dll
0x000001d835460000 - 0x000001d835470000 	C:\Program Files\Java\jdk1.8.0_261\jre\bin\api-ms-win-crt-private-l1-1-0.dll
0x000001d835470000 - 0x000001d835473000 	C:\Program Files\Java\jdk1.8.0_261\jre\bin\api-ms-win-crt-process-l1-1-0.dll
0x000001d835480000 - 0x000001d835484000 	C:\Program Files\Java\jdk1.8.0_261\jre\bin\api-ms-win-crt-runtime-l1-1-0.dll
0x000001d835490000 - 0x000001d835494000 	C:\Program Files\Java\jdk1.8.0_261\jre\bin\api-ms-win-crt-stdio-l1-1-0.dll
0x000001d8354a0000 - 0x000001d8354a4000 	C:\Program Files\Java\jdk1.8.0_261\jre\bin\api-ms-win-crt-string-l1-1-0.dll
0x000001d8354b0000 - 0x000001d8354b3000 	C:\Program Files\Java\jdk1.8.0_261\jre\bin\api-ms-win-crt-time-l1-1-0.dll
0x000001d8354c0000 - 0x000001d8354c3000 	C:\Program Files\Java\jdk1.8.0_261\jre\bin\api-ms-win-crt-utility-l1-1-0.dll
0x00007ffb453f0000 - 0x00007ffb454ec000 	C:\Program Files\Java\jdk1.8.0_261\jre\bin\ucrtbase.dll
0x00007ffb45930000 - 0x00007ffb45981000 	C:\Program Files\Java\jdk1.8.0_261\jre\bin\concrt140.dll
0x00007ffb45900000 - 0x00007ffb45923000 	C:\Program Files\Java\jdk1.8.0_261\jre\bin\prism_d3d.dll
0x00007ffb477c0000 - 0x00007ffb47966000 	C:\WINDOWS\system32\d3d9.dll
0x00007ffb54f50000 - 0x00007ffb54f7f000 	C:\WINDOWS\SYSTEM32\dwmapi.dll
0x00007ffb54d20000 - 0x00007ffb54d58000 	C:\WINDOWS\SYSTEM32\dxcore.dll
0x00007ffb549e0000 - 0x00007ffb54a8c000 	C:\WINDOWS\system32\uxtheme.dll
0x00007ffb58510000 - 0x00007ffb586aa000 	C:\WINDOWS\System32\ole32.dll
0x00007ffb59800000 - 0x00007ffb598d6000 	C:\WINDOWS\System32\OLEAUT32.dll
0x00007ffb52cb0000 - 0x00007ffb52cf4000 	C:\WINDOWS\SYSTEM32\directxdatabasehelper.dll
0x00007ffb56980000 - 0x00007ffb569b4000 	C:\WINDOWS\SYSTEM32\ntmarta.dll
0x00007ffb457e0000 - 0x00007ffb45825000 	C:\Program Files\Java\jdk1.8.0_261\jre\bin\glass.dll
0x00007ffb59aa0000 - 0x00007ffb59b8c000 	C:\WINDOWS\System32\COMDLG32.dll
0x00007ffb58200000 - 0x00007ffb5831d000 	C:\WINDOWS\System32\MSCTF.dll
0x00007ffb57f30000 - 0x00007ffb57faf000 	C:\WINDOWS\System32\bcryptPrimitives.dll
0x00007ffb57090000 - 0x00007ffb570a8000 	C:\WINDOWS\SYSTEM32\CRYPTSP.dll
0x00007ffb568c0000 - 0x00007ffb568f5000 	C:\WINDOWS\system32\rsaenh.dll
0x00007ffb57080000 - 0x00007ffb5708c000 	C:\WINDOWS\SYSTEM32\CRYPTBASE.dll
0x00007ffb57210000 - 0x00007ffb57237000 	C:\WINDOWS\SYSTEM32\bcrypt.dll
0x00007ffb47050000 - 0x00007ffb47064000 	C:\Program Files\Java\jdk1.8.0_261\jre\bin\javafx_font.dll
0x00007ffb39140000 - 0x00007ffb3939f000 	C:\WINDOWS\SYSTEM32\dwrite.dll
0x00007ffb58330000 - 0x00007ffb583e5000 	C:\WINDOWS\System32\clbcatq.dll
0x00007ffb4f7a0000 - 0x00007ffb4f94e000 	C:\WINDOWS\SYSTEM32\WindowsCodecs.dll
0x00007ffb3ec70000 - 0x00007ffb3ed9d000 	C:\WINDOWS\SYSTEM32\textinputframework.dll
0x00007ffb54600000 - 0x00007ffb54731000 	C:\WINDOWS\SYSTEM32\CoreMessaging.dll
0x00007ffb51d20000 - 0x00007ffb5208d000 	C:\WINDOWS\SYSTEM32\CoreUIComponents.dll
0x00007ffb53510000 - 0x00007ffb53ac8000 	C:\WINDOWS\SYSTEM32\d2d1.dll
0x00007ffb51250000 - 0x00007ffb514d0000 	C:\WINDOWS\SYSTEM32\d3d11.dll
0x00007ffb54b50000 - 0x00007ffb54c43000 	C:\WINDOWS\SYSTEM32\dxgi.dll
0x00007ffb50760000 - 0x00007ffb50e62000 	C:\WINDOWS\SYSTEM32\D3D10Warp.dll
0x00007ffb458e0000 - 0x00007ffb458f2000 	C:\Program Files\Java\jdk1.8.0_261\jre\bin\prism_common.dll

VM Arguments:
jvm_args: -Dfile.encoding=Cp1252 
java_command: Game.RunGame
java_class_path (initial): C:\Users\Jay Latigay\CMSC 22\MiniProject\bin;C:\Users\Jay Latigay\OneDrive\Desktop\eclipse\plugins\org.eclipse.fx.ide.css.jfx8_2.4.0.201605112122.jar
Launcher Type: SUN_STANDARD

Environment Variables:
PATH=C:/Program Files/Java/jdk1.8.0_261/bin/../jre/bin/server;C:/Program Files/Java/jdk1.8.0_261/bin/../jre/bin;C:/Program Files/Java/jdk1.8.0_261/bin/../jre/lib/amd64;C:\Windows\system32;C:\Windows;C:\Windows\System32\Wbem;C:\Windows\System32\WindowsPowerShell\v1.0\;C:\Windows\System32\OpenSSH\;C:\Program Files (x86)\NVIDIA Corporation\PhysX\Common;C:\Program Files\NVIDIA Corporation\NVIDIA NvDLISR;C:\WINDOWS\system32;C:\WINDOWS;C:\WINDOWS\System32\Wbem;C:\WINDOWS\System32\WindowsPowerShell\v1.0\;C:\WINDOWS\System32\OpenSSH\;C:\Program Files\Git\cmd;C:\Program Files\Java\jdk1.8.0_261\bin;C:\Program Files\PowerShell\7\;C:\Users\Jay Latigay\AppData\Local\Programs\Python\Python310\Scripts\;C:\Users\Jay Latigay\AppData\Local\Programs\Python\Python310\;C:\Users\Jay Latigay\AppData\Local\Microsoft\WindowsApps;;C:\Users\Jay Latigay\OneDrive\Desktop\eclipse;
USERNAME=Jay Latigay
OS=Windows_NT
PROCESSOR_IDENTIFIER=Intel64 Family 6 Model 165 Stepping 2, GenuineIntel



---------------  S Y S T E M  ---------------

OS: Windows 10.0 , 64 bit Build 22000 (10.0.22000.1335)

CPU:total 12 (initial active 12) (6 cores per cpu, 2 threads per core) family 6 model 165 stepping 2, cmov, cx8, fxsr, mmx, sse, sse2, sse3, ssse3, sse4.1, sse4.2, popcnt, avx, avx2, aes, clmul, erms, 3dnowpref, lzcnt, ht, tsc, tscinvbit, bmi1, bmi2, adx

Memory: 4k page, physical 16641840k(1577276k free), swap 66973488k(6068k free)

vm_info: Java HotSpot(TM) 64-Bit Server VM (25.261-b12) for windows-amd64 JRE (1.8.0_261-b12), built on Jun 18 2020 06:56:32 by "" with unknown MS VC++:1916

time: Tue Jan 10 05:05:31 2023
timezone: Malay Peninsula Standard Time
elapsed time: 200 seconds (0d 0h 3m 20s)

