#
# There is insufficient memory for the Java Runtime Environment to continue.
# Native memory allocation (malloc) failed to allocate 560976 bytes for Chunk::new
# Possible reasons:
#   The system is out of physical RAM or swap space
#   The process is running with CompressedOops enabled, and the Java Heap may be blocking the growth of the native heap
# Possible solutions:
#   Reduce memory load on the system
#   Increase physical memory or swap space
#   Check if swap backing store is full
#   Decrease Java heap size (-Xmx/-Xms)
#   Decrease number of Java threads
#   Decrease Java thread stack sizes (-Xss)
#   Set larger code cache with -XX:ReservedCodeCacheSize=
#   JVM is running with Zero Based Compressed Oops mode in which the Java heap is
#     placed in the first 32GB address space. The Java Heap base address is the
#     maximum limit for the native heap growth. Please use -XX:HeapBaseMinAddress
#     to set the Java Heap base and to place the Java Heap above 32GB virtual address.
# This output file may be truncated or incomplete.
#
#  Out of Memory Error (allocation.cpp:389), pid=25976, tid=0x0000000000001024
#
# JRE version: Java(TM) SE Runtime Environment (8.0_261-b12) (build 1.8.0_261-b12)
# Java VM: Java HotSpot(TM) 64-Bit Server VM (25.261-b12 mixed mode windows-amd64 compressed oops)
# Failed to write core dump. Minidumps are not enabled by default on client versions of Windows
#

---------------  T H R E A D  ---------------

Current thread (0x000001fa6658d000):  JavaThread "C2 CompilerThread0" daemon [_thread_in_native, id=4132, stack(0x0000003daea00000,0x0000003daeb00000)]

Stack: [0x0000003daea00000,0x0000003daeb00000]
Native frames: (J=compiled Java code, j=interpreted, Vv=VM code, C=native code)
V  [jvm.dll+0x33e5f9]
V  [jvm.dll+0x2850e2]
V  [jvm.dll+0x285d8d]
V  [jvm.dll+0x27c895]
V  [jvm.dll+0xe4d6c]
V  [jvm.dll+0xe556c]
V  [jvm.dll+0x47ece3]
V  [jvm.dll+0x446ab8]
V  [jvm.dll+0x44f8f5]
V  [jvm.dll+0x44ecb5]
V  [jvm.dll+0x439bc7]
V  [jvm.dll+0xbbbcb]
V  [jvm.dll+0xba22b]
V  [jvm.dll+0x24d962]
V  [jvm.dll+0x2a1cfc]
C  [ucrtbase.dll+0x26c0c]
C  [KERNEL32.DLL+0x155a0]
C  [ntdll.dll+0x485b]


Current CompileTask:
C2:   2596 1380       4       Game.Food::checkCollision (60 bytes)


---------------  P R O C E S S  ---------------

Java Threads: ( => current thread )
  0x000001fa72330000 JavaThread "Thread-47" [_thread_blocked, id=28076, stack(0x0000003db2800000,0x0000003db2900000)]
  0x000001fa7232e800 JavaThread "Thread-46" [_thread_blocked, id=28072, stack(0x0000003db2700000,0x0000003db2800000)]
  0x000001fa7232d800 JavaThread "Thread-45" [_thread_blocked, id=28068, stack(0x0000003db2600000,0x0000003db2700000)]
  0x000001fa7232d000 JavaThread "Thread-44" [_thread_blocked, id=28064, stack(0x0000003db2500000,0x0000003db2600000)]
  0x000001fa72331800 JavaThread "Thread-43" [_thread_blocked, id=28060, stack(0x0000003db2400000,0x0000003db2500000)]
  0x000001fa7232c000 JavaThread "Thread-42" [_thread_blocked, id=28056, stack(0x0000003db2300000,0x0000003db2400000)]
  0x000001fa7232b800 JavaThread "Thread-41" [_thread_blocked, id=28052, stack(0x0000003db2200000,0x0000003db2300000)]
  0x000001fa69780800 JavaThread "Thread-40" [_thread_blocked, id=28048, stack(0x0000003db2100000,0x0000003db2200000)]
  0x000001fa6977f000 JavaThread "Thread-39" [_thread_blocked, id=28044, stack(0x0000003db2000000,0x0000003db2100000)]
  0x000001fa6977e800 JavaThread "Thread-38" [_thread_blocked, id=28040, stack(0x0000003db1f00000,0x0000003db2000000)]
  0x000001fa69780000 JavaThread "Thread-37" [_thread_blocked, id=28036, stack(0x0000003db1e00000,0x0000003db1f00000)]
  0x000001fa6977d800 JavaThread "Thread-36" [_thread_blocked, id=28032, stack(0x0000003db1d00000,0x0000003db1e00000)]
  0x000001fa6977c000 JavaThread "Thread-35" [_thread_blocked, id=28028, stack(0x0000003db1c00000,0x0000003db1d00000)]
  0x000001fa6977b800 JavaThread "Thread-34" [_thread_blocked, id=28024, stack(0x0000003db1b00000,0x0000003db1c00000)]
  0x000001fa69781800 JavaThread "Thread-33" [_thread_blocked, id=28020, stack(0x0000003db1a00000,0x0000003db1b00000)]
  0x000001fa6977d000 JavaThread "Thread-32" [_thread_blocked, id=28016, stack(0x0000003db1900000,0x0000003db1a00000)]
  0x000001fa69773800 JavaThread "Thread-31" [_thread_blocked, id=28012, stack(0x0000003db1800000,0x0000003db1900000)]
  0x000001fa6977a800 JavaThread "Thread-30" [_thread_blocked, id=28008, stack(0x0000003db1700000,0x0000003db1800000)]
  0x000001fa69776000 JavaThread "Thread-29" [_thread_blocked, id=28004, stack(0x0000003db1600000,0x0000003db1700000)]
  0x000001fa69777800 JavaThread "Thread-28" [_thread_blocked, id=28000, stack(0x0000003db1500000,0x0000003db1600000)]
  0x000001fa69773000 JavaThread "Thread-27" [_thread_blocked, id=27996, stack(0x0000003db1400000,0x0000003db1500000)]
  0x000001fa69775000 JavaThread "Thread-26" [_thread_blocked, id=27992, stack(0x0000003db1300000,0x0000003db1400000)]
  0x000001fa69778800 JavaThread "Thread-25" [_thread_blocked, id=27988, stack(0x0000003db1200000,0x0000003db1300000)]
  0x000001fa69774800 JavaThread "Thread-24" [_thread_blocked, id=27984, stack(0x0000003db1100000,0x0000003db1200000)]
  0x000001fa6977a000 JavaThread "Thread-23" [_thread_blocked, id=27980, stack(0x0000003db1000000,0x0000003db1100000)]
  0x000001fa69779000 JavaThread "Thread-22" [_thread_blocked, id=27976, stack(0x0000003db0f00000,0x0000003db1000000)]
  0x000001fa69777000 JavaThread "Thread-21" [_thread_blocked, id=27972, stack(0x0000003db0e00000,0x0000003db0f00000)]
  0x000001fa69772000 JavaThread "Thread-20" [_thread_blocked, id=27968, stack(0x0000003db0d00000,0x0000003db0e00000)]
  0x000001fa69803800 JavaThread "Thread-19" [_thread_blocked, id=27964, stack(0x0000003db0c00000,0x0000003db0d00000)]
  0x000001fa697ff800 JavaThread "Thread-18" [_thread_blocked, id=27960, stack(0x0000003db0b00000,0x0000003db0c00000)]
  0x000001fa697ff000 JavaThread "Thread-17" [_thread_blocked, id=27956, stack(0x0000003db0a00000,0x0000003db0b00000)]
  0x000001fa69803000 JavaThread "Thread-16" [_thread_blocked, id=27952, stack(0x0000003db0900000,0x0000003db0a00000)]
  0x000001fa69804800 JavaThread "Thread-15" [_thread_blocked, id=27948, stack(0x0000003db0800000,0x0000003db0900000)]
  0x000001fa69805000 JavaThread "Thread-14" [_thread_blocked, id=27944, stack(0x0000003db0700000,0x0000003db0800000)]
  0x000001fa69802000 JavaThread "Thread-13" [_thread_blocked, id=27940, stack(0x0000003db0600000,0x0000003db0700000)]
  0x000001fa69800800 JavaThread "Thread-12" [_thread_blocked, id=27936, stack(0x0000003db0500000,0x0000003db0600000)]
  0x000001fa697fe000 JavaThread "Thread-11" [_thread_blocked, id=27932, stack(0x0000003db0400000,0x0000003db0500000)]
  0x000001fa69801800 JavaThread "Thread-10" [_thread_blocked, id=27928, stack(0x0000003db0300000,0x0000003db0400000)]
  0x000001fa72326800 JavaThread "Thread-9" [_thread_blocked, id=27924, stack(0x0000003db0200000,0x0000003db0300000)]
  0x000001fa696b8800 JavaThread "Thread-8" [_thread_blocked, id=27920, stack(0x0000003db0100000,0x0000003db0200000)]
  0x000001fa696ce800 JavaThread "Thread-7" [_thread_blocked, id=27916, stack(0x0000003db0000000,0x0000003db0100000)]
  0x000001fa722c2800 JavaThread "Thread-6" [_thread_blocked, id=27912, stack(0x0000003daff00000,0x0000003db0000000)]
  0x000001fa6955e800 JavaThread "Prism Font Disposer" daemon [_thread_blocked, id=21228, stack(0x0000003dafb00000,0x0000003dafc00000)]
  0x000001fa69296000 JavaThread "Thread-3" daemon [_thread_in_native, id=16688, stack(0x0000003daf600000,0x0000003daf700000)]
  0x000001fa69258000 JavaThread "JavaFX-Launcher" [_thread_blocked, id=25284, stack(0x0000003daf700000,0x0000003daf800000)]
  0x000001fa69093000 JavaThread "JavaFX Application Thread" [_thread_in_Java, id=21124, stack(0x0000003daf200000,0x0000003daf300000)]
  0x000001fa69067000 JavaThread "Thread-1" daemon [_thread_blocked, id=16248, stack(0x0000003daf100000,0x0000003daf200000)]
  0x000001fa68de6000 JavaThread "QuantumRenderer-0" daemon [_thread_blocked, id=32, stack(0x0000003daf000000,0x0000003daf100000)]
  0x000001fa665cd800 JavaThread "Service Thread" daemon [_thread_blocked, id=24600, stack(0x0000003daee00000,0x0000003daef00000)]
  0x000001fa665a0000 JavaThread "C1 CompilerThread3" daemon [_thread_blocked, id=26844, stack(0x0000003daed00000,0x0000003daee00000)]
  0x000001fa6659f800 JavaThread "C2 CompilerThread2" daemon [_thread_blocked, id=16304, stack(0x0000003daec00000,0x0000003daed00000)]
  0x000001fa66593800 JavaThread "C2 CompilerThread1" daemon [_thread_blocked, id=26492, stack(0x0000003daeb00000,0x0000003daec00000)]
=>0x000001fa6658d000 JavaThread "C2 CompilerThread0" daemon [_thread_in_native, id=4132, stack(0x0000003daea00000,0x0000003daeb00000)]
  0x000001fa66589800 JavaThread "Attach Listener" daemon [_thread_blocked, id=25460, stack(0x0000003dae900000,0x0000003daea00000)]
  0x000001fa66588800 JavaThread "Signal Dispatcher" daemon [_thread_blocked, id=27320, stack(0x0000003dae800000,0x0000003dae900000)]
  0x000001fa66567800 JavaThread "Finalizer" daemon [_thread_blocked, id=23840, stack(0x0000003dae700000,0x0000003dae800000)]
  0x000001fa66560800 JavaThread "Reference Handler" daemon [_thread_blocked, id=22224, stack(0x0000003dae600000,0x0000003dae700000)]
  0x000001fa4b7e6800 JavaThread "main" [_thread_blocked, id=26180, stack(0x0000003dada00000,0x0000003dadb00000)]

Other Threads:
  0x000001fa66535000 VMThread [stack: 0x0000003dae500000,0x0000003dae600000] [id=26740]
  0x000001fa68a6a000 WatcherThread [stack: 0x0000003daef00000,0x0000003daf000000] [id=26956]

VM state:not at safepoint (normal execution)

VM Mutex/Monitor currently owned by a thread: None

heap address: 0x00000006c2000000, size: 4064 MB, Compressed Oops mode: Zero based, Oop shift amount: 3
Narrow klass base: 0x0000000000000000, Narrow klass shift: 3
Compressed class space size: 1073741824 Address: 0x00000007c0000000

Heap:
 PSYoungGen      total 137728K, used 48734K [0x000000076b580000, 0x000000077c200000, 0x00000007c0000000)
  eden space 126976K, 38% used [0x000000076b580000,0x000000076e517960,0x0000000773180000)
  from space 10752K, 0% used [0x0000000773180000,0x0000000773180000,0x0000000773c00000)
  to   space 14336K, 0% used [0x000000077b400000,0x000000077b400000,0x000000077c200000)
 ParOldGen       total 251392K, used 227968K [0x00000006c2000000, 0x00000006d1580000, 0x000000076b580000)
  object space 251392K, 90% used [0x00000006c2000000,0x00000006cfea00b8,0x00000006d1580000)
 Metaspace       used 13259K, capacity 13882K, committed 14080K, reserved 1060864K
  class space    used 1827K, capacity 1995K, committed 2048K, reserved 1048576K

Card table byte_map: [0x000001fa5c690000,0x000001fa5ce90000] byte_map_base: 0x000001fa59080000

Marking Bits: (ParMarkBitMap*) 0x0000000074d04fb0
 Begin Bits: [0x000001fa5d3e0000, 0x000001fa61360000)
 End Bits:   [0x000001fa61360000, 0x000001fa652e0000)

Polling page: 0x000001fa4ba40000

CodeCache: size=245760Kb used=4635Kb max_used=4647Kb free=241124Kb
 bounds [0x000001fa4d2d0000, 0x000001fa4d760000, 0x000001fa5c2d0000]
 total_blobs=2039 nmethods=1400 adapters=551
 compilation: enabled

Compilation events (10 events):
Event: 2.523 Thread 0x000001fa665a0000 1397       3       javafx.scene.Node::getEffectiveOrientation (5 bytes)
Event: 2.524 Thread 0x000001fa665a0000 nmethod 1397 0x000001fa4d733dd0 code [0x000001fa4d733f20, 0x000001fa4d734058]
Event: 2.524 Thread 0x000001fa665a0000 1398 %     3       Game.GameTimer::handle @ 294 (1410 bytes)
Event: 2.531 Thread 0x000001fa6659f800 1401       4       java.io.BufferedInputStream::read1 (108 bytes)
Event: 2.536 Thread 0x000001fa665a0000 nmethod 1398% 0x000001fa4d73fa50 code [0x000001fa4d741100, 0x000001fa4d752280]
Event: 2.536 Thread 0x000001fa665a0000 1400       3       javafx.scene.Node::getEffectiveNodeOrientation (20 bytes)
Event: 2.537 Thread 0x000001fa665a0000 nmethod 1400 0x000001fa4d73ee10 code [0x000001fa4d73ef80, 0x000001fa4d73f1b8]
Event: 2.537 Thread 0x000001fa665a0000 1399       3       com.sun.prism.impl.BaseTexture::lock (9 bytes)
Event: 2.537 Thread 0x000001fa665a0000 nmethod 1399 0x000001fa4d73d490 code [0x000001fa4d73d600, 0x000001fa4d73d858]
Event: 2.537 Thread 0x000001fa6659f800 nmethod 1401 0x000001fa4d75cc90 code [0x000001fa4d75ce00, 0x000001fa4d75d458]

GC Heap History (10 events):
Event: 1.734 GC heap before
{Heap before GC invocations=5 (full 1):
 PSYoungGen      total 75776K, used 46792K [0x000000076b580000, 0x0000000774980000, 0x00000007c0000000)
  eden space 65024K, 71% used [0x000000076b580000,0x000000076e3321a8,0x000000076f500000)
  from space 10752K, 0% used [0x000000076f500000,0x000000076f500000,0x000000076ff80000)
  to   space 10752K, 0% used [0x0000000773f00000,0x0000000773f00000,0x0000000774980000)
 ParOldGen       total 251392K, used 117452K [0x00000006c2000000, 0x00000006d1580000, 0x000000076b580000)
  object space 251392K, 46% used [0x00000006c2000000,0x00000006c92b3018,0x00000006d1580000)
 Metaspace       used 12981K, capacity 13480K, committed 13824K, reserved 1060864K
  class space    used 1793K, capacity 1927K, committed 2048K, reserved 1048576K
Event: 1.745 GC heap after
Heap after GC invocations=5 (full 1):
 PSYoungGen      total 134656K, used 793K [0x000000076b580000, 0x0000000774680000, 0x00000007c0000000)
  eden space 126976K, 0% used [0x000000076b580000,0x000000076b580000,0x0000000773180000)
  from space 7680K, 10% used [0x0000000773f00000,0x0000000773fc6440,0x0000000774680000)
  to   space 10752K, 0% used [0x0000000773180000,0x0000000773180000,0x0000000773c00000)
 ParOldGen       total 251392K, used 162452K [0x00000006c2000000, 0x00000006d1580000, 0x000000076b580000)
  object space 251392K, 64% used [0x00000006c2000000,0x00000006cbea5038,0x00000006d1580000)
 Metaspace       used 12981K, capacity 13480K, committed 13824K, reserved 1060864K
  class space    used 1793K, capacity 1927K, committed 2048K, reserved 1048576K
}
Event: 2.135 GC heap before
{Heap before GC invocations=6 (full 1):
 PSYoungGen      total 134656K, used 122547K [0x000000076b580000, 0x0000000774680000, 0x00000007c0000000)
  eden space 126976K, 95% used [0x000000076b580000,0x0000000772c66b10,0x0000000773180000)
  from space 7680K, 10% used [0x0000000773f00000,0x0000000773fc6440,0x0000000774680000)
  to   space 10752K, 0% used [0x0000000773180000,0x0000000773180000,0x0000000773c00000)
 ParOldGen       total 251392K, used 162452K [0x00000006c2000000, 0x00000006d1580000, 0x000000076b580000)
  object space 251392K, 64% used [0x00000006c2000000,0x00000006cbea5038,0x00000006d1580000)
 Metaspace       used 13070K, capacity 13610K, committed 13824K, reserved 1060864K
  class space    used 1818K, capacity 1993K, committed 2048K, reserved 1048576K
Event: 2.147 GC heap after
Heap after GC invocations=6 (full 1):
 PSYoungGen      total 137728K, used 3722K [0x000000076b580000, 0x000000077c200000, 0x00000007c0000000)
  eden space 126976K, 0% used [0x000000076b580000,0x000000076b580000,0x0000000773180000)
  from space 10752K, 34% used [0x0000000773180000,0x0000000773522910,0x0000000773c00000)
  to   space 14336K, 0% used [0x000000077b400000,0x000000077b400000,0x000000077c200000)
 ParOldGen       total 251392K, used 243185K [0x00000006c2000000, 0x00000006d1580000, 0x000000076b580000)
  object space 251392K, 96% used [0x00000006c2000000,0x00000006d0d7c478,0x00000006d1580000)
 Metaspace       used 13070K, capacity 13610K, committed 13824K, reserved 1060864K
  class space    used 1818K, capacity 1993K, committed 2048K, reserved 1048576K
}
Event: 2.147 GC heap before
{Heap before GC invocations=7 (full 2):
 PSYoungGen      total 137728K, used 3722K [0x000000076b580000, 0x000000077c200000, 0x00000007c0000000)
  eden space 126976K, 0% used [0x000000076b580000,0x000000076b580000,0x0000000773180000)
  from space 10752K, 34% used [0x0000000773180000,0x0000000773522910,0x0000000773c00000)
  to   space 14336K, 0% used [0x000000077b400000,0x000000077b400000,0x000000077c200000)
 ParOldGen       total 251392K, used 243185K [0x00000006c2000000, 0x00000006d1580000, 0x000000076b580000)
  object space 251392K, 96% used [0x00000006c2000000,0x00000006d0d7c478,0x00000006d1580000)
 Metaspace       used 13070K, capacity 13610K, committed 13824K, reserved 1060864K
  class space    used 1818K, capacity 1993K, committed 2048K, reserved 1048576K
Event: 2.181 GC heap after
Heap after GC invocations=7 (full 2):
 PSYoungGen      total 137728K, used 0K [0x000000076b580000, 0x000000077c200000, 0x00000007c0000000)
  eden space 126976K, 0% used [0x000000076b580000,0x000000076b580000,0x0000000773180000)
  from space 10752K, 0% used [0x0000000773180000,0x0000000773180000,0x0000000773c00000)
  to   space 14336K, 0% used [0x000000077b400000,0x000000077b400000,0x000000077c200000)
 ParOldGen       total 251392K, used 245357K [0x00000006c2000000, 0x00000006d1580000, 0x000000076b580000)
  object space 251392K, 97% used [0x00000006c2000000,0x00000006d0f9b560,0x00000006d1580000)
 Metaspace       used 13070K, capacity 13610K, committed 13824K, reserved 1060864K
  class space    used 1818K, capacity 1993K, committed 2048K, reserved 1048576K
}
Event: 2.387 GC heap before
{Heap before GC invocations=8 (full 3):
 PSYoungGen      total 137728K, used 120858K [0x000000076b580000, 0x000000077c200000, 0x00000007c0000000)
  eden space 126976K, 95% used [0x000000076b580000,0x0000000772b869d8,0x0000000773180000)
  from space 10752K, 0% used [0x0000000773180000,0x0000000773180000,0x0000000773c00000)
  to   space 14336K, 0% used [0x000000077b400000,0x000000077b400000,0x000000077c200000)
 ParOldGen       total 251392K, used 245357K [0x00000006c2000000, 0x00000006d1580000, 0x000000076b580000)
  object space 251392K, 97% used [0x00000006c2000000,0x00000006d0f9b560,0x00000006d1580000)
 Metaspace       used 13213K, capacity 13746K, committed 13824K, reserved 1060864K
  class space    used 1826K, capacity 1995K, committed 2048K, reserved 1048576K
Event: 2.423 GC heap after
Heap after GC invocations=8 (full 3):
 PSYoungGen      total 137728K, used 0K [0x000000076b580000, 0x000000077c200000, 0x00000007c0000000)
  eden space 126976K, 0% used [0x000000076b580000,0x000000076b580000,0x0000000773180000)
  from space 10752K, 0% used [0x0000000773180000,0x0000000773180000,0x0000000773c00000)
  to   space 14336K, 0% used [0x000000077b400000,0x000000077b400000,0x000000077c200000)
 ParOldGen       total 251392K, used 227902K [0x00000006c2000000, 0x00000006d1580000, 0x000000076b580000)
  object space 251392K, 90% used [0x00000006c2000000,0x00000006cfe8fb78,0x00000006d1580000)
 Metaspace       used 13213K, capacity 13746K, committed 13824K, reserved 1060864K
  class space    used 1826K, capacity 1995K, committed 2048K, reserved 1048576K
}
Event: 2.554 GC heap before
{Heap before GC invocations=9 (full 4):
 PSYoungGen      total 137728K, used 118187K [0x000000076b580000, 0x000000077c200000, 0x00000007c0000000)
  eden space 126976K, 93% used [0x000000076b580000,0x00000007728ead80,0x0000000773180000)
  from space 10752K, 0% used [0x0000000773180000,0x0000000773180000,0x0000000773c00000)
  to   space 14336K, 0% used [0x000000077b400000,0x000000077b400000,0x000000077c200000)
 ParOldGen       total 251392K, used 227902K [0x00000006c2000000, 0x00000006d1580000, 0x000000076b580000)
  object space 251392K, 90% used [0x00000006c2000000,0x00000006cfe8fb78,0x00000006d1580000)
 Metaspace       used 13259K, capacity 13882K, committed 14080K, reserved 1060864K
  class space    used 1827K, capacity 1995K, committed 2048K, reserved 1048576K
Event: 2.566 GC heap after
Heap after GC invocations=9 (full 4):
 PSYoungGen      total 137728K, used 0K [0x000000076b580000, 0x000000077c200000, 0x00000007c0000000)
  eden space 126976K, 0% used [0x000000076b580000,0x000000076b580000,0x0000000773180000)
  from space 10752K, 0% used [0x0000000773180000,0x0000000773180000,0x0000000773c00000)
  to   space 14336K, 0% used [0x000000077b400000,0x000000077b400000,0x000000077c200000)
 ParOldGen       total 251392K, used 227968K [0x00000006c2000000, 0x00000006d1580000, 0x000000076b580000)
  object space 251392K, 90% used [0x00000006c2000000,0x00000006cfea00b8,0x00000006d1580000)
 Metaspace       used 13259K, capacity 13882K, committed 14080K, reserved 1060864K
  class space    used 1827K, capacity 1995K, committed 2048K, reserved 1048576K
}

Deoptimization events (10 events):
Event: 0.671 Thread 0x000001fa69093000 Uncommon trap: reason=class_check action=maybe_recompile pc=0x000001fa4d3ee980 method=java.lang.String.equals(Ljava/lang/Object;)Z @ 8
Event: 0.700 Thread 0x000001fa69093000 Uncommon trap: reason=unstable_if action=reinterpret pc=0x000001fa4d5b0ca0 method=sun.net.www.ParseUtil.encodePath(Ljava/lang/String;Z)Ljava/lang/String; @ 109
Event: 0.720 Thread 0x000001fa69093000 Uncommon trap: reason=unstable_if action=reinterpret pc=0x000001fa4d5db858 method=jdk.internal.org.objectweb.asm.Type.getArgumentsAndReturnSizes(Ljava/lang/String;)I @ 47
Event: 2.073 Thread 0x000001fa69093000 Uncommon trap: reason=unstable_if action=reinterpret pc=0x000001fa4d513784 method=com.sun.javafx.iio.common.RoughScaler.putSourceScanline([BI)Z @ 33
Event: 2.074 Thread 0x000001fa69093000 Uncommon trap: reason=unstable_if action=reinterpret pc=0x000001fa4d6b6ddc method=com.sun.javafx.iio.gif.GIFImageLoader2.restoreToBackground([BIIII)V @ 7
Event: 2.079 Thread 0x000001fa69093000 Uncommon trap: reason=unstable_if action=reinterpret pc=0x000001fa4d530054 method=com.sun.javafx.image.impl.ByteBgra$ToByteBgraPreConv.doConvert([BII[BIIII)V @ 75
Event: 2.087 Thread 0x000001fa69093000 Uncommon trap: reason=unstable_if action=reinterpret pc=0x000001fa4d536f30 method=com.sun.javafx.iio.png.PNGImageLoader2.paethPr(III)I @ 30
Event: 2.087 Thread 0x000001fa69093000 Uncommon trap: reason=unstable_if action=reinterpret pc=0x000001fa4d53962c method=java.lang.Math.abs(I)I @ 1
Event: 2.349 Thread 0x000001fa69093000 Uncommon trap: reason=unstable_if action=reinterpret pc=0x000001fa4d6f92e0 method=Game.Food.checkCollision(LGame/EnemyBee;)V @ 5
Event: 2.491 Thread 0x000001fa69093000 Uncommon trap: reason=unstable_if action=reinterpret pc=0x000001fa4d6e3650 method=java.util.ArrayList$Itr.checkForComodification()V @ 11

Classes redefined (0 events):
No events

Internal exceptions (10 events):
Event: 0.112 Thread 0x000001fa4b7e6800 Exception <a 'java/security/PrivilegedActionException'> (0x000000076b8cef00) thrown at [C:\jenkins\workspace\8-2-build-windows-amd64-cygwin\jdk8u261\295\hotspot\src\share\vm\prims\jvm.cpp, line 1512]
Event: 0.112 Thread 0x000001fa4b7e6800 Exception <a 'java/security/PrivilegedActionException'> (0x000000076b8cf110) thrown at [C:\jenkins\workspace\8-2-build-windows-amd64-cygwin\jdk8u261\295\hotspot\src\share\vm\prims\jvm.cpp, line 1512]
Event: 0.112 Thread 0x000001fa4b7e6800 Exception <a 'java/security/PrivilegedActionException'> (0x000000076b8d3020) thrown at [C:\jenkins\workspace\8-2-build-windows-amd64-cygwin\jdk8u261\295\hotspot\src\share\vm\prims\jvm.cpp, line 1512]
Event: 0.112 Thread 0x000001fa4b7e6800 Exception <a 'java/security/PrivilegedActionException'> (0x000000076b8d3230) thrown at [C:\jenkins\workspace\8-2-build-windows-amd64-cygwin\jdk8u261\295\hotspot\src\share\vm\prims\jvm.cpp, line 1512]
Event: 0.112 Thread 0x000001fa4b7e6800 Exception <a 'java/lang/NullPointerException'> (0x000000076b8d3808) thrown at [C:\jenkins\workspace\8-2-build-windows-amd64-cygwin\jdk8u261\295\hotspot\src\share\vm\interpreter\linkResolver.cpp, line 1185]
Event: 0.340 Thread 0x000001fa69093000 Exception <a 'java/lang/NullPointerException'> (0x000000076c3a8748) thrown at [C:\jenkins\workspace\8-2-build-windows-amd64-cygwin\jdk8u261\295\hotspot\src\share\vm\interpreter\linkResolver.cpp, line 1185]
Event: 0.340 Thread 0x000001fa69093000 Exception <a 'java/lang/NullPointerException'> (0x000000076c3a8748) thrown at [C:\jenkins\workspace\8-2-build-windows-amd64-cygwin\jdk8u261\295\hotspot\src\share\vm\prims\jvm.cpp, line 1516]
Event: 0.587 Thread 0x000001fa69093000 Implicit null exception at 0x000001fa4d592835 to 0x000001fa4d592b51
Event: 2.491 Thread 0x000001fa69093000 Exception <a 'java/util/ConcurrentModificationException'> (0x000000076c2d7330) thrown at [C:\jenkins\workspace\8-2-build-windows-amd64-cygwin\jdk8u261\295\hotspot\src\share\vm\prims\jvm.cpp, line 1516]
Event: 2.496 Thread 0x000001fa69093000 Exception <a 'java/util/ConcurrentModificationException'> (0x000000076c2dd950) thrown at [C:\jenkins\workspace\8-2-build-windows-amd64-cygwin\jdk8u261\295\hotspot\src\share\vm\prims\jvm.cpp, line 1516]

Events (10 events):
Event: 2.349 Thread 0x000001fa69093000 DEOPT UNPACKING pc=0x000001fa4d315843 sp=0x0000003daf2fd3b8 mode 2
Event: 2.386 Executing VM operation: ParallelGCFailedAllocation
Event: 2.423 Executing VM operation: ParallelGCFailedAllocation done
Event: 2.491 Thread 0x000001fa69093000 Uncommon trap: trap_request=0xffffff65 fr.pc=0x000001fa4d6e3650
Event: 2.491 Thread 0x000001fa69093000 DEOPT PACKING pc=0x000001fa4d6e3650 sp=0x0000003daf2fd410
Event: 2.491 Thread 0x000001fa69093000 DEOPT UNPACKING pc=0x000001fa4d315843 sp=0x0000003daf2fd358 mode 2
Event: 2.491 loading class java/util/ConcurrentModificationException
Event: 2.491 loading class java/util/ConcurrentModificationException done
Event: 2.554 Executing VM operation: ParallelGCFailedAllocation
Event: 2.566 Executing VM operation: ParallelGCFailedAllocation done


Dynamic libraries:
0x00007ff616b20000 - 0x00007ff616b67000 	C:\Program Files\Java\jdk1.8.0_261\bin\javaw.exe
0x00007ffb5a360000 - 0x00007ffb5a569000 	C:\WINDOWS\SYSTEM32\ntdll.dll
0x00007ffb58930000 - 0x00007ffb589ee000 	C:\WINDOWS\System32\KERNEL32.DLL
0x00007ffb57b40000 - 0x00007ffb57ebb000 	C:\WINDOWS\System32\KERNELBASE.dll
0x00007ffb58f70000 - 0x00007ffb5901e000 	C:\WINDOWS\System32\ADVAPI32.dll
0x00007ffb58400000 - 0x00007ffb584a3000 	C:\WINDOWS\System32\msvcrt.dll
0x00007ffb58e70000 - 0x00007ffb58f0e000 	C:\WINDOWS\System32\sechost.dll
0x00007ffb587a0000 - 0x00007ffb588c0000 	C:\WINDOWS\System32\RPCRT4.dll
0x00007ffb59b90000 - 0x00007ffb59d3d000 	C:\WINDOWS\System32\USER32.dll
0x00007ffb57950000 - 0x00007ffb57976000 	C:\WINDOWS\System32\win32u.dll
0x00007ffb58730000 - 0x00007ffb58759000 	C:\WINDOWS\System32\GDI32.dll
0x00007ffb57980000 - 0x00007ffb57a98000 	C:\WINDOWS\System32\gdi32full.dll
0x00007ffb57aa0000 - 0x00007ffb57b3d000 	C:\WINDOWS\System32\msvcp_win.dll
0x00007ffb57830000 - 0x00007ffb57941000 	C:\WINDOWS\System32\ucrtbase.dll
0x00007ffb42e30000 - 0x00007ffb430d5000 	C:\WINDOWS\WinSxS\amd64_microsoft.windows.common-controls_6595b64144ccf1df_6.0.22000.120_none_9d947278b86cc467\COMCTL32.dll
0x00007ffb58760000 - 0x00007ffb58792000 	C:\WINDOWS\System32\IMM32.DLL
0x00007ffb34180000 - 0x00007ffb34195000 	C:\Program Files\Java\jdk1.8.0_261\jre\bin\vcruntime140.dll
0x00007ffb340e0000 - 0x00007ffb3417b000 	C:\Program Files\Java\jdk1.8.0_261\jre\bin\msvcp140.dll
0x0000000074510000 - 0x0000000074d7c000 	C:\Program Files\Java\jdk1.8.0_261\jre\bin\server\jvm.dll
0x00007ffb58e60000 - 0x00007ffb58e68000 	C:\WINDOWS\System32\PSAPI.DLL
0x00007ffb46070000 - 0x00007ffb46079000 	C:\WINDOWS\SYSTEM32\WSOCK32.dll
0x00007ffb4f790000 - 0x00007ffb4f79a000 	C:\WINDOWS\SYSTEM32\VERSION.dll
0x00007ffb4f430000 - 0x00007ffb4f463000 	C:\WINDOWS\SYSTEM32\WINMM.dll
0x00007ffb588c0000 - 0x00007ffb5892f000 	C:\WINDOWS\System32\WS2_32.dll
0x00007ffb56960000 - 0x00007ffb56978000 	C:\WINDOWS\SYSTEM32\kernel.appcore.dll
0x00007ffb326e0000 - 0x00007ffb326f0000 	C:\Program Files\Java\jdk1.8.0_261\jre\bin\verify.dll
0x00007ffb2ae80000 - 0x00007ffb2aeab000 	C:\Program Files\Java\jdk1.8.0_261\jre\bin\java.dll
0x00007ffb2a550000 - 0x00007ffb2a568000 	C:\Program Files\Java\jdk1.8.0_261\jre\bin\zip.dll
0x00007ffb59040000 - 0x00007ffb597f7000 	C:\WINDOWS\System32\SHELL32.dll
0x00007ffb558f0000 - 0x00007ffb56155000 	C:\WINDOWS\SYSTEM32\windows.storage.dll
0x00007ffb59ec0000 - 0x00007ffb5a238000 	C:\WINDOWS\System32\combase.dll
0x00007ffb55780000 - 0x00007ffb558e6000 	C:\WINDOWS\SYSTEM32\wintypes.dll
0x00007ffb59dd0000 - 0x00007ffb59eba000 	C:\WINDOWS\System32\SHCORE.dll
0x00007ffb584b0000 - 0x00007ffb5850d000 	C:\WINDOWS\System32\shlwapi.dll
0x00007ffb57760000 - 0x00007ffb57781000 	C:\WINDOWS\SYSTEM32\profapi.dll
0x000001fa4bad0000 - 0x000001fa4bad3000 	C:\Program Files\Java\jdk1.8.0_261\jre\bin\api-ms-win-core-console-l1-1-0.dll
0x000001fa4bae0000 - 0x000001fa4bae3000 	C:\Program Files\Java\jdk1.8.0_261\jre\bin\api-ms-win-core-datetime-l1-1-0.dll
0x000001fa4baf0000 - 0x000001fa4baf3000 	C:\Program Files\Java\jdk1.8.0_261\jre\bin\api-ms-win-core-debug-l1-1-0.dll
0x000001fa4bb00000 - 0x000001fa4bb03000 	C:\Program Files\Java\jdk1.8.0_261\jre\bin\api-ms-win-core-errorhandling-l1-1-0.dll
0x000001fa4bb10000 - 0x000001fa4bb14000 	C:\Program Files\Java\jdk1.8.0_261\jre\bin\api-ms-win-core-file-l1-1-0.dll
0x000001fa68df0000 - 0x000001fa68df3000 	C:\Program Files\Java\jdk1.8.0_261\jre\bin\api-ms-win-core-file-l1-2-0.dll
0x000001fa68e00000 - 0x000001fa68e03000 	C:\Program Files\Java\jdk1.8.0_261\jre\bin\api-ms-win-core-file-l2-1-0.dll
0x000001fa68e10000 - 0x000001fa68e13000 	C:\Program Files\Java\jdk1.8.0_261\jre\bin\api-ms-win-core-handle-l1-1-0.dll
0x000001fa68e20000 - 0x000001fa68e23000 	C:\Program Files\Java\jdk1.8.0_261\jre\bin\api-ms-win-core-heap-l1-1-0.dll
0x000001fa68e30000 - 0x000001fa68e33000 	C:\Program Files\Java\jdk1.8.0_261\jre\bin\api-ms-win-core-interlocked-l1-1-0.dll
0x000001fa68e40000 - 0x000001fa68e43000 	C:\Program Files\Java\jdk1.8.0_261\jre\bin\api-ms-win-core-libraryloader-l1-1-0.dll
0x000001fa68e50000 - 0x000001fa68e53000 	C:\Program Files\Java\jdk1.8.0_261\jre\bin\api-ms-win-core-localization-l1-2-0.dll
0x000001fa68e60000 - 0x000001fa68e63000 	C:\Program Files\Java\jdk1.8.0_261\jre\bin\api-ms-win-core-memory-l1-1-0.dll
0x000001fa68e70000 - 0x000001fa68e73000 	C:\Program Files\Java\jdk1.8.0_261\jre\bin\api-ms-win-core-namedpipe-l1-1-0.dll
0x000001fa68e80000 - 0x000001fa68e83000 	C:\Program Files\Java\jdk1.8.0_261\jre\bin\api-ms-win-core-processenvironment-l1-1-0.dll
0x000001fa68e90000 - 0x000001fa68e93000 	C:\Program Files\Java\jdk1.8.0_261\jre\bin\api-ms-win-core-processthreads-l1-1-0.dll
0x000001fa68ea0000 - 0x000001fa68ea3000 	C:\Program Files\Java\jdk1.8.0_261\jre\bin\api-ms-win-core-processthreads-l1-1-1.dll
0x000001fa68eb0000 - 0x000001fa68eb3000 	C:\Program Files\Java\jdk1.8.0_261\jre\bin\api-ms-win-core-profile-l1-1-0.dll
0x000001fa68ec0000 - 0x000001fa68ec3000 	C:\Program Files\Java\jdk1.8.0_261\jre\bin\api-ms-win-core-rtlsupport-l1-1-0.dll
0x000001fa68ed0000 - 0x000001fa68ed3000 	C:\Program Files\Java\jdk1.8.0_261\jre\bin\api-ms-win-core-string-l1-1-0.dll
0x000001fa68ee0000 - 0x000001fa68ee3000 	C:\Program Files\Java\jdk1.8.0_261\jre\bin\api-ms-win-core-synch-l1-1-0.dll
0x000001fa68ef0000 - 0x000001fa68ef3000 	C:\Program Files\Java\jdk1.8.0_261\jre\bin\api-ms-win-core-synch-l1-2-0.dll
0x000001fa68f00000 - 0x000001fa68f03000 	C:\Program Files\Java\jdk1.8.0_261\jre\bin\api-ms-win-core-sysinfo-l1-1-0.dll
0x000001fa68f10000 - 0x000001fa68f13000 	C:\Program Files\Java\jdk1.8.0_261\jre\bin\api-ms-win-core-timezone-l1-1-0.dll
0x000001fa68f20000 - 0x000001fa68f23000 	C:\Program Files\Java\jdk1.8.0_261\jre\bin\api-ms-win-core-util-l1-1-0.dll
0x000001fa68f30000 - 0x000001fa68f33000 	C:\Program Files\Java\jdk1.8.0_261\jre\bin\api-ms-win-crt-conio-l1-1-0.dll
0x000001fa68f40000 - 0x000001fa68f44000 	C:\Program Files\Java\jdk1.8.0_261\jre\bin\api-ms-win-crt-convert-l1-1-0.dll
0x000001fa68f50000 - 0x000001fa68f53000 	C:\Program Files\Java\jdk1.8.0_261\jre\bin\api-ms-win-crt-environment-l1-1-0.dll
0x000001fa68f60000 - 0x000001fa68f63000 	C:\Program Files\Java\jdk1.8.0_261\jre\bin\api-ms-win-crt-filesystem-l1-1-0.dll
0x000001fa68f70000 - 0x000001fa68f73000 	C:\Program Files\Java\jdk1.8.0_261\jre\bin\api-ms-win-crt-heap-l1-1-0.dll
0x000001fa68f80000 - 0x000001fa68f83000 	C:\Program Files\Java\jdk1.8.0_261\jre\bin\api-ms-win-crt-locale-l1-1-0.dll
0x000001fa68f90000 - 0x000001fa68f95000 	C:\Program Files\Java\jdk1.8.0_261\jre\bin\api-ms-win-crt-math-l1-1-0.dll
0x000001fa68fa0000 - 0x000001fa68fa5000 	C:\Program Files\Java\jdk1.8.0_261\jre\bin\api-ms-win-crt-multibyte-l1-1-0.dll
0x000001fa68fb0000 - 0x000001fa68fc0000 	C:\Program Files\Java\jdk1.8.0_261\jre\bin\api-ms-win-crt-private-l1-1-0.dll
0x000001fa68fc0000 - 0x000001fa68fc3000 	C:\Program Files\Java\jdk1.8.0_261\jre\bin\api-ms-win-crt-process-l1-1-0.dll
0x000001fa68fd0000 - 0x000001fa68fd4000 	C:\Program Files\Java\jdk1.8.0_261\jre\bin\api-ms-win-crt-runtime-l1-1-0.dll
0x000001fa68fe0000 - 0x000001fa68fe4000 	C:\Program Files\Java\jdk1.8.0_261\jre\bin\api-ms-win-crt-stdio-l1-1-0.dll
0x000001fa68ff0000 - 0x000001fa68ff4000 	C:\Program Files\Java\jdk1.8.0_261\jre\bin\api-ms-win-crt-string-l1-1-0.dll
0x000001fa69000000 - 0x000001fa69003000 	C:\Program Files\Java\jdk1.8.0_261\jre\bin\api-ms-win-crt-time-l1-1-0.dll
0x000001fa69010000 - 0x000001fa69013000 	C:\Program Files\Java\jdk1.8.0_261\jre\bin\api-ms-win-crt-utility-l1-1-0.dll
0x00007ffb14e30000 - 0x00007ffb14f2c000 	C:\Program Files\Java\jdk1.8.0_261\jre\bin\ucrtbase.dll
0x00007ffb34080000 - 0x00007ffb340d1000 	C:\Program Files\Java\jdk1.8.0_261\jre\bin\concrt140.dll
0x00007ffb34050000 - 0x00007ffb34073000 	C:\Program Files\Java\jdk1.8.0_261\jre\bin\prism_d3d.dll
0x00007ffb477c0000 - 0x00007ffb47966000 	C:\WINDOWS\system32\d3d9.dll
0x00007ffb54f50000 - 0x00007ffb54f7f000 	C:\WINDOWS\SYSTEM32\dwmapi.dll
0x00007ffb54d20000 - 0x00007ffb54d58000 	C:\WINDOWS\SYSTEM32\dxcore.dll
0x00007ffb549e0000 - 0x00007ffb54a8c000 	C:\WINDOWS\system32\uxtheme.dll
0x00007ffb458f0000 - 0x00007ffb45a55000 	C:\WINDOWS\System32\DriverStore\FileRepository\iigd_dch.inf_amd64_e6980897e3126266\igdumdim64.dll
0x00007ffb58510000 - 0x00007ffb586aa000 	C:\WINDOWS\System32\ole32.dll
0x00007ffab16a0000 - 0x00007ffab532b000 	C:\WINDOWS\System32\DriverStore\FileRepository\iigd_dch.inf_amd64_e6980897e3126266\igd9dxva64.dll
0x00007ffb59800000 - 0x00007ffb598d6000 	C:\WINDOWS\System32\OLEAUT32.dll
0x00007ffb589f0000 - 0x00007ffb58e5c000 	C:\WINDOWS\System32\SETUPAPI.dll
0x00007ffb57500000 - 0x00007ffb5754c000 	C:\WINDOWS\SYSTEM32\cfgmgr32.dll
0x00007ffb4da40000 - 0x00007ffb4dd76000 	C:\WINDOWS\System32\DriverStore\FileRepository\iigd_dch.inf_amd64_e6980897e3126266\igdgmm64.dll
0x00007ffb52cb0000 - 0x00007ffb52cf4000 	C:\WINDOWS\SYSTEM32\directxdatabasehelper.dll
0x00007ffb56980000 - 0x00007ffb569b4000 	C:\WINDOWS\SYSTEM32\ntmarta.dll
0x00007ffb20fb0000 - 0x00007ffb20ff5000 	C:\Program Files\Java\jdk1.8.0_261\jre\bin\glass.dll
0x00007ffb59aa0000 - 0x00007ffb59b8c000 	C:\WINDOWS\System32\COMDLG32.dll
0x00007ffb58200000 - 0x00007ffb5831d000 	C:\WINDOWS\System32\MSCTF.dll
0x00007ffb57f30000 - 0x00007ffb57faf000 	C:\WINDOWS\System32\bcryptPrimitives.dll
0x00007ffb128b0000 - 0x00007ffb128d7000 	C:\WINDOWS\System32\DriverStore\FileRepository\iigd_dch.inf_amd64_e6980897e3126266\igdinfo64.dll
0x00007ffb57090000 - 0x00007ffb570a8000 	C:\WINDOWS\SYSTEM32\CRYPTSP.dll
0x00007ffb568c0000 - 0x00007ffb568f5000 	C:\WINDOWS\system32\rsaenh.dll
0x00007ffb57080000 - 0x00007ffb5708c000 	C:\WINDOWS\SYSTEM32\CRYPTBASE.dll
0x00007ffb57210000 - 0x00007ffb57237000 	C:\WINDOWS\SYSTEM32\bcrypt.dll
0x00007ffb48140000 - 0x00007ffb4aecf000 	C:\WINDOWS\System32\DriverStore\FileRepository\iigd_dch.inf_amd64_e6980897e3126266\igc64.dll
0x00007ffb34030000 - 0x00007ffb34044000 	C:\Program Files\Java\jdk1.8.0_261\jre\bin\javafx_font.dll
0x00007ffb39140000 - 0x00007ffb3939f000 	C:\WINDOWS\SYSTEM32\dwrite.dll
0x00007ffb58330000 - 0x00007ffb583e5000 	C:\WINDOWS\System32\clbcatq.dll
0x00007ffb4f7a0000 - 0x00007ffb4f94e000 	C:\WINDOWS\SYSTEM32\WindowsCodecs.dll
0x00007ffb36130000 - 0x00007ffb3618d000 	C:\WINDOWS\system32\dataexchange.dll
0x00007ffb51610000 - 0x00007ffb51876000 	C:\WINDOWS\system32\twinapi.appcore.dll
0x00007ffb458b0000 - 0x00007ffb458e2000 	C:\Program Files\Common Files\Microsoft Shared\Ink\rtscom.dll
0x00007ffb3ec70000 - 0x00007ffb3ed9d000 	C:\WINDOWS\SYSTEM32\textinputframework.dll
0x00007ffb54600000 - 0x00007ffb54731000 	C:\WINDOWS\SYSTEM32\CoreMessaging.dll
0x00007ffb51d20000 - 0x00007ffb5208d000 	C:\WINDOWS\SYSTEM32\CoreUIComponents.dll
0x00007ffb53510000 - 0x00007ffb53ac8000 	C:\WINDOWS\SYSTEM32\d2d1.dll
0x00007ffb51250000 - 0x00007ffb514d0000 	C:\WINDOWS\SYSTEM32\d3d11.dll
0x00007ffb54b50000 - 0x00007ffb54c43000 	C:\WINDOWS\SYSTEM32\dxgi.dll
0x00007ffb50760000 - 0x00007ffb50e62000 	C:\WINDOWS\SYSTEM32\D3D10Warp.dll
0x00007ffb2b280000 - 0x00007ffb2b292000 	C:\Program Files\Java\jdk1.8.0_261\jre\bin\prism_common.dll
0x00007ffb54f80000 - 0x00007ffb551a1000 	C:\WINDOWS\SYSTEM32\dbghelp.dll

VM Arguments:
jvm_args: -Dfile.encoding=Cp1252 
java_command: Game.RunGame
java_class_path (initial): C:\Users\Jay Latigay\CMSC 22\MiniProject\bin;C:\Users\Jay Latigay\OneDrive\Desktop\eclipse\plugins\org.eclipse.fx.ide.css.jfx8_2.4.0.201605112122.jar
Launcher Type: SUN_STANDARD

Environment Variables:
PATH=C:/Program Files/Java/jdk1.8.0_261/bin/../jre/bin/server;C:/Program Files/Java/jdk1.8.0_261/bin/../jre/bin;C:/Program Files/Java/jdk1.8.0_261/bin/../jre/lib/amd64;C:\Windows\system32;C:\Windows;C:\Windows\System32\Wbem;C:\Windows\System32\WindowsPowerShell\v1.0\;C:\Windows\System32\OpenSSH\;C:\Program Files (x86)\NVIDIA Corporation\PhysX\Common;C:\Program Files\NVIDIA Corporation\NVIDIA NvDLISR;C:\WINDOWS\system32;C:\WINDOWS;C:\WINDOWS\System32\Wbem;C:\WINDOWS\System32\WindowsPowerShell\v1.0\;C:\WINDOWS\System32\OpenSSH\;C:\Program Files\Git\cmd;C:\Program Files\Java\jdk1.8.0_261\bin;C:\Program Files\PowerShell\7\;C:\Users\Jay Latigay\AppData\Local\Programs\Python\Python310\Scripts\;C:\Users\Jay Latigay\AppData\Local\Programs\Python\Python310\;C:\Users\Jay Latigay\AppData\Local\Microsoft\WindowsApps;;C:\Users\Jay Latigay\OneDrive\Desktop\eclipse;
USERNAME=Jay Latigay
OS=Windows_NT
PROCESSOR_IDENTIFIER=Intel64 Family 6 Model 165 Stepping 2, GenuineIntel



---------------  S Y S T E M  ---------------

OS: Windows 10.0 , 64 bit Build 22000 (10.0.22000.1335)

CPU:total 12 (initial active 12) (6 cores per cpu, 2 threads per core) family 6 model 165 stepping 2, cmov, cx8, fxsr, mmx, sse, sse2, sse3, ssse3, sse4.1, sse4.2, popcnt, avx, avx2, aes, clmul, erms, 3dnowpref, lzcnt, ht, tsc, tscinvbit, bmi1, bmi2, adx

Memory: 4k page, physical 16641840k(2485412k free), swap 66973488k(3468k free)

vm_info: Java HotSpot(TM) 64-Bit Server VM (25.261-b12) for windows-amd64 JRE (1.8.0_261-b12), built on Jun 18 2020 06:56:32 by "" with unknown MS VC++:1916

time: Tue Jan 10 01:28:54 2023
timezone: Malay Peninsula Standard Time
elapsed time: 2 seconds (0d 0h 0m 2s)

