#
# There is insufficient memory for the Java Runtime Environment to continue.
# Native memory allocation (malloc) failed to allocate 279376 bytes for Chunk::new
# Possible reasons:
#   The system is out of physical RAM or swap space
#   The process is running with CompressedOops enabled, and the Java Heap may be blocking the growth of the native heap
# Possible solutions:
#   Reduce memory load on the system
#   Increase physical memory or swap space
#   Check if swap backing store is full
#   Decrease Java heap size (-Xmx/-Xms)
#   Decrease number of Java threads
#   Decrease Java thread stack sizes (-Xss)
#   Set larger code cache with -XX:ReservedCodeCacheSize=
#   JVM is running with Zero Based Compressed Oops mode in which the Java heap is
#     placed in the first 32GB address space. The Java Heap base address is the
#     maximum limit for the native heap growth. Please use -XX:HeapBaseMinAddress
#     to set the Java Heap base and to place the Java Heap above 32GB virtual address.
# This output file may be truncated or incomplete.
#
#  Out of Memory Error (allocation.cpp:389), pid=5464, tid=0x0000000000001950
#
# JRE version: Java(TM) SE Runtime Environment (8.0_261-b12) (build 1.8.0_261-b12)
# Java VM: Java HotSpot(TM) 64-Bit Server VM (25.261-b12 mixed mode windows-amd64 compressed oops)
# Failed to write core dump. Minidumps are not enabled by default on client versions of Windows
#

---------------  T H R E A D  ---------------

Current thread (0x000001b85da21800):  JavaThread "C2 CompilerThread1" daemon [_thread_in_native, id=6480, stack(0x00000015a6e00000,0x00000015a6f00000)]

Stack: [0x00000015a6e00000,0x00000015a6f00000]
Native frames: (J=compiled Java code, j=interpreted, Vv=VM code, C=native code)
V  [gdi32full.dll+0x33e5f9]
V  [jvm.dll+0x2850e2]
V  [jvm.dll+0x285d8d]
V  [jvm.dll+0x27c895]
V  [jvm.dll+0xe4d6c]
V  [PSAPI.DLL+0xe556c]
V  [GDI32.dll+0x47ece3]
V  [jvm.dll+0x446ab8]
V  [KERNELBASE.dll+0x44f8f5]
V  [jvm.dll+0x44ecb5]
V  [jvm.dll+0x439bc7]
V  [jvm.dll+0xbbbcb]
V  [jvm.dll+0xba22b]
V  [jvm.dll+0x24d962]
V  [jvm.dll+0x2a1cfc]
C  [ucrtbase.dll+0x26c0c]
C  [KERNEL32.DLL+0x155a0]
C  [ntdll.dll+0x485b]


Current CompileTask:
C2:   4454 1508       4       javafx.scene.canvas.GraphicsContext::writeImage (59 bytes)


---------------  P R O C E S S  ---------------

Java Threads: ( => current thread )
  0x000001b865e5d800 JavaThread "Thread-47" [_thread_blocked, id=25328, stack(0x00000015aab00000,0x00000015aac00000)]
  0x000001b865e55000 JavaThread "Thread-46" [_thread_blocked, id=32128, stack(0x00000015aaa00000,0x00000015aab00000)]
  0x000001b865e58800 JavaThread "Thread-45" [_thread_blocked, id=1560, stack(0x00000015aa900000,0x00000015aaa00000)]
  0x000001b865e57800 JavaThread "Thread-44" [_thread_blocked, id=31448, stack(0x00000015aa800000,0x00000015aa900000)]
  0x000001b865e56000 JavaThread "Thread-43" [_thread_blocked, id=28288, stack(0x00000015aa700000,0x00000015aa800000)]
  0x000001b865e57000 JavaThread "Thread-42" [_thread_blocked, id=23668, stack(0x00000015aa600000,0x00000015aa700000)]
  0x000001b85ff42000 JavaThread "Thread-41" [_thread_blocked, id=30084, stack(0x00000015aa500000,0x00000015aa600000)]
  0x000001b85ff48000 JavaThread "Thread-40" [_thread_blocked, id=28088, stack(0x00000015aa400000,0x00000015aa500000)]
  0x000001b85ff43800 JavaThread "Thread-39" [_thread_blocked, id=30248, stack(0x00000015aa300000,0x00000015aa400000)]
  0x000001b85ff46800 JavaThread "Thread-38" [_thread_blocked, id=28548, stack(0x00000015aa200000,0x00000015aa300000)]
  0x000001b85ff45000 JavaThread "Thread-37" [_thread_blocked, id=29200, stack(0x00000015aa100000,0x00000015aa200000)]
  0x000001b85ff42800 JavaThread "Thread-36" [_thread_blocked, id=2824, stack(0x00000015aa000000,0x00000015aa100000)]
  0x000001b85ff41000 JavaThread "Thread-35" [_thread_blocked, id=23332, stack(0x00000015a9f00000,0x00000015aa000000)]
  0x000001b85ff44000 JavaThread "Thread-34" [_thread_blocked, id=9384, stack(0x00000015a9e00000,0x00000015a9f00000)]
  0x000001b85ff45800 JavaThread "Thread-33" [_thread_blocked, id=23372, stack(0x00000015a9d00000,0x00000015a9e00000)]
  0x000001b85ff47000 JavaThread "Thread-32" [_thread_blocked, id=28812, stack(0x00000015a9c00000,0x00000015a9d00000)]
  0x000001b85ff39800 JavaThread "Thread-31" [_thread_blocked, id=25028, stack(0x00000015a9b00000,0x00000015a9c00000)]
  0x000001b85ff40800 JavaThread "Thread-30" [_thread_blocked, id=21492, stack(0x00000015a9a00000,0x00000015a9b00000)]
  0x000001b85ff39000 JavaThread "Thread-29" [_thread_blocked, id=32996, stack(0x00000015a9900000,0x00000015a9a00000)]
  0x000001b85ff3c800 JavaThread "Thread-28" [_thread_blocked, id=30224, stack(0x00000015a9800000,0x00000015a9900000)]
  0x000001b85ff3f800 JavaThread "Thread-27" [_thread_blocked, id=32480, stack(0x00000015a9700000,0x00000015a9800000)]
  0x000001b85ff3f000 JavaThread "Thread-26" [_thread_blocked, id=23184, stack(0x00000015a9600000,0x00000015a9700000)]
  0x000001b85ff3d800 JavaThread "Thread-25" [_thread_blocked, id=28384, stack(0x00000015a9500000,0x00000015a9600000)]
  0x000001b85ff3c000 JavaThread "Thread-24" [_thread_blocked, id=29048, stack(0x00000015a9400000,0x00000015a9500000)]
  0x000001b85ff3b000 JavaThread "Thread-23" [_thread_blocked, id=30744, stack(0x00000015a9300000,0x00000015a9400000)]
  0x000001b85ff3a800 JavaThread "Thread-22" [_thread_blocked, id=20756, stack(0x00000015a9200000,0x00000015a9300000)]
  0x000001b85ff3e000 JavaThread "Thread-21" [_thread_blocked, id=12516, stack(0x00000015a9100000,0x00000015a9200000)]
  0x000001b865d29000 JavaThread "Thread-20" [_thread_blocked, id=30152, stack(0x00000015a9000000,0x00000015a9100000)]
  0x000001b865d2a000 JavaThread "Thread-19" [_thread_blocked, id=2520, stack(0x00000015a8f00000,0x00000015a9000000)]
  0x000001b865d28800 JavaThread "Thread-18" [_thread_blocked, id=16064, stack(0x00000015a8e00000,0x00000015a8f00000)]
  0x000001b865d2e800 JavaThread "Thread-17" [_thread_blocked, id=14168, stack(0x00000015a8d00000,0x00000015a8e00000)]
  0x000001b865d2d000 JavaThread "Thread-16" [_thread_blocked, id=30496, stack(0x00000015a8c00000,0x00000015a8d00000)]
  0x000001b865d2c000 JavaThread "Thread-15" [_thread_blocked, id=26316, stack(0x00000015a8b00000,0x00000015a8c00000)]
  0x000001b865d2d800 JavaThread "Thread-14" [_thread_blocked, id=22400, stack(0x00000015a8a00000,0x00000015a8b00000)]
  0x000001b865d2a800 JavaThread "Thread-13" [_thread_blocked, id=12972, stack(0x00000015a8900000,0x00000015a8a00000)]
  0x000001b865d2b800 JavaThread "Thread-12" [_thread_blocked, id=4008, stack(0x00000015a8800000,0x00000015a8900000)]
  0x000001b865d2f000 JavaThread "Thread-11" [_thread_blocked, id=28644, stack(0x00000015a8700000,0x00000015a8800000)]
  0x000001b865e93000 JavaThread "Thread-10" [_thread_blocked, id=21964, stack(0x00000015a8600000,0x00000015a8700000)]
  0x000001b865e92000 JavaThread "Thread-9" [_thread_blocked, id=14472, stack(0x00000015a8500000,0x00000015a8600000)]
  0x000001b85ffaf000 JavaThread "Thread-8" [_thread_blocked, id=18648, stack(0x00000015a8400000,0x00000015a8500000)]
  0x000001b85ffae000 JavaThread "Thread-7" [_thread_blocked, id=24384, stack(0x00000015a8300000,0x00000015a8400000)]
  0x000001b85ffac000 JavaThread "Thread-6" [_thread_blocked, id=29576, stack(0x00000015a8200000,0x00000015a8300000)]
  0x000001b85fe50800 JavaThread "Prism Font Disposer" daemon [_thread_blocked, id=28232, stack(0x00000015a7e00000,0x00000015a7f00000)]
  0x000001b85fa64800 JavaThread "Thread-3" daemon [_thread_in_native, id=11188, stack(0x00000015a7900000,0x00000015a7a00000)]
  0x000001b85fa67000 JavaThread "JavaFX-Launcher" [_thread_blocked, id=23304, stack(0x00000015a7a00000,0x00000015a7b00000)]
  0x000001b85f8aa800 JavaThread "JavaFX Application Thread" [_thread_blocked, id=24228, stack(0x00000015a7500000,0x00000015a7600000)]
  0x000001b85f8a5000 JavaThread "Thread-1" daemon [_thread_blocked, id=29160, stack(0x00000015a7400000,0x00000015a7500000)]
  0x000001b85f82c000 JavaThread "QuantumRenderer-0" daemon [_thread_in_native, id=8592, stack(0x00000015a7300000,0x00000015a7400000)]
  0x000001b85da5d800 JavaThread "Service Thread" daemon [_thread_blocked, id=33632, stack(0x00000015a7100000,0x00000015a7200000)]
  0x000001b85da2f000 JavaThread "C1 CompilerThread3" daemon [_thread_in_vm, id=14904, stack(0x00000015a7000000,0x00000015a7100000)]
  0x000001b85da2e000 JavaThread "C2 CompilerThread2" daemon [_thread_in_native, id=7576, stack(0x00000015a6f00000,0x00000015a7000000)]
=>0x000001b85da21800 JavaThread "C2 CompilerThread1" daemon [_thread_in_native, id=6480, stack(0x00000015a6e00000,0x00000015a6f00000)]
  0x000001b85da1e000 JavaThread "C2 CompilerThread0" daemon [_thread_blocked, id=13164, stack(0x00000015a6d00000,0x00000015a6e00000)]
  0x000001b85da2c000 JavaThread "Attach Listener" daemon [_thread_blocked, id=28236, stack(0x00000015a6c00000,0x00000015a6d00000)]
  0x000001b85da2b000 JavaThread "Signal Dispatcher" daemon [_thread_blocked, id=25248, stack(0x00000015a6b00000,0x00000015a6c00000)]
  0x000001b85d9fb000 JavaThread "Finalizer" daemon [_thread_blocked, id=25904, stack(0x00000015a6a00000,0x00000015a6b00000)]
  0x000001b85d9f4800 JavaThread "Reference Handler" daemon [_thread_blocked, id=32412, stack(0x00000015a6900000,0x00000015a6a00000)]
  0x000001b842016000 JavaThread "main" [_thread_blocked, id=31136, stack(0x00000015a5d00000,0x00000015a5e00000)]

Other Threads:
  0x000001b85d9c3000 VMThread [stack: 0x00000015a6800000,0x00000015a6900000] [id=11976]
  0x000001b85da5e800 WatcherThread [stack: 0x00000015a7200000,0x00000015a7300000] [id=21600]

VM state:not at safepoint (normal execution)

VM Mutex/Monitor currently owned by a thread: None

heap address: 0x00000006c2000000, size: 4064 MB, Compressed Oops mode: Zero based, Oop shift amount: 3
Narrow klass base: 0x0000000000000000, Narrow klass shift: 3
Compressed class space size: 1073741824 Address: 0x00000007c0000000

Heap:
 PSYoungGen      total 139264K, used 84219K [0x000000076b580000, 0x000000077c800000, 0x00000007c0000000)
  eden space 128512K, 65% used [0x000000076b580000,0x00000007707bec38,0x0000000773300000)
  from space 10752K, 0% used [0x0000000773300000,0x0000000773300000,0x0000000773d80000)
  to   space 14336K, 0% used [0x000000077ba00000,0x000000077ba00000,0x000000077c800000)
 ParOldGen       total 263168K, used 228101K [0x00000006c2000000, 0x00000006d2100000, 0x000000076b580000)
  object space 263168K, 86% used [0x00000006c2000000,0x00000006cfec1410,0x00000006d2100000)
 Metaspace       used 13430K, capacity 14010K, committed 14080K, reserved 1060864K
  class space    used 1831K, capacity 1995K, committed 2048K, reserved 1048576K

Card table byte_map: [0x000001b852e00000,0x000001b853600000] byte_map_base: 0x000001b84f7f0000

Marking Bits: (ParMarkBitMap*) 0x0000000074d04fb0
 Begin Bits: [0x000001b853b50000, 0x000001b857ad0000)
 End Bits:   [0x000001b857ad0000, 0x000001b85ba50000)

Polling page: 0x000001b842220000

CodeCache: size=245760Kb used=5209Kb max_used=5209Kb free=240550Kb
 bounds [0x000001b843a40000, 0x000001b843f60000, 0x000001b852a40000]
 total_blobs=2179 nmethods=1540 adapters=551
 compilation: enabled

Compilation events (10 events):
Event: 4.394 Thread 0x000001b85da2f000 nmethod 1522 0x000001b843f42690 code [0x000001b843f427e0, 0x000001b843f429d8]
Event: 4.394 Thread 0x000001b85da2f000 1523       3       com.sun.javafx.font.PrismFont::getStyleName (10 bytes)
Event: 4.394 Thread 0x000001b85da2f000 nmethod 1523 0x000001b843f42a90 code [0x000001b843f42c00, 0x000001b843f42e30]
Event: 4.394 Thread 0x000001b85da2f000 1517       3       com.sun.javafx.font.LogicalFont::getCanonicalFamilyName (23 bytes)
Event: 4.396 Thread 0x000001b85da2f000 nmethod 1517 0x000001b843f42f10 code [0x000001b843f430e0, 0x000001b843f43850]
Event: 4.396 Thread 0x000001b85da2f000 1524       3       com.sun.javafx.font.PrismFontLoader::font (116 bytes)
Event: 4.398 Thread 0x000001b85da2f000 nmethod 1524 0x000001b843f43ad0 code [0x000001b843f43ce0, 0x000001b843f447f0]
Event: 4.398 Thread 0x000001b85da2f000 1518       3       com.sun.javafx.font.LogicalFont::getLogicalFont (133 bytes)
Event: 4.401 Thread 0x000001b85da2f000 nmethod 1518 0x000001b843f44e10 code [0x000001b843f45060, 0x000001b843f460d0]
Event: 4.401 Thread 0x000001b85da2f000 1519  s    3       com.sun.javafx.font.PrismFontFactory::getFontResource (868 bytes)

GC Heap History (10 events):
Event: 3.414 GC heap before
{Heap before GC invocations=7 (full 2):
 PSYoungGen      total 139264K, used 3754K [0x000000076b580000, 0x000000077c800000, 0x00000007c0000000)
  eden space 128512K, 0% used [0x000000076b580000,0x000000076b580000,0x0000000773300000)
  from space 10752K, 34% used [0x0000000773300000,0x00000007736aa910,0x0000000773d80000)
  to   space 14336K, 0% used [0x000000077ba00000,0x000000077ba00000,0x000000077c800000)
 ParOldGen       total 263168K, used 256418K [0x00000006c2000000, 0x00000006d2100000, 0x000000076b580000)
  object space 263168K, 97% used [0x00000006c2000000,0x00000006d1a688e8,0x00000006d2100000)
 Metaspace       used 13104K, capacity 13674K, committed 13824K, reserved 1060864K
  class space    used 1822K, capacity 1993K, committed 2048K, reserved 1048576K
Event: 3.448 GC heap after
Heap after GC invocations=7 (full 2):
 PSYoungGen      total 139264K, used 0K [0x000000076b580000, 0x000000077c800000, 0x00000007c0000000)
  eden space 128512K, 0% used [0x000000076b580000,0x000000076b580000,0x0000000773300000)
  from space 10752K, 0% used [0x0000000773300000,0x0000000773300000,0x0000000773d80000)
  to   space 14336K, 0% used [0x000000077ba00000,0x000000077ba00000,0x000000077c800000)
 ParOldGen       total 263168K, used 245365K [0x00000006c2000000, 0x00000006d2100000, 0x000000076b580000)
  object space 263168K, 93% used [0x00000006c2000000,0x00000006d0f9d630,0x00000006d2100000)
 Metaspace       used 13104K, capacity 13674K, committed 13824K, reserved 1060864K
  class space    used 1822K, capacity 1993K, committed 2048K, reserved 1048576K
}
Event: 3.594 GC heap before
{Heap before GC invocations=8 (full 3):
 PSYoungGen      total 139264K, used 117604K [0x000000076b580000, 0x000000077c800000, 0x00000007c0000000)
  eden space 128512K, 91% used [0x000000076b580000,0x0000000772859278,0x0000000773300000)
  from space 10752K, 0% used [0x0000000773300000,0x0000000773300000,0x0000000773d80000)
  to   space 14336K, 0% used [0x000000077ba00000,0x000000077ba00000,0x000000077c800000)
 ParOldGen       total 263168K, used 245365K [0x00000006c2000000, 0x00000006d2100000, 0x000000076b580000)
  object space 263168K, 93% used [0x00000006c2000000,0x00000006d0f9d630,0x00000006d2100000)
 Metaspace       used 13189K, capacity 13746K, committed 13824K, reserved 1060864K
  class space    used 1830K, capacity 1995K, committed 2048K, reserved 1048576K
Event: 3.629 GC heap after
Heap after GC invocations=8 (full 3):
 PSYoungGen      total 139264K, used 0K [0x000000076b580000, 0x000000077c800000, 0x00000007c0000000)
  eden space 128512K, 0% used [0x000000076b580000,0x000000076b580000,0x0000000773300000)
  from space 10752K, 0% used [0x0000000773300000,0x0000000773300000,0x0000000773d80000)
  to   space 14336K, 0% used [0x000000077ba00000,0x000000077ba00000,0x000000077c800000)
 ParOldGen       total 263168K, used 227877K [0x00000006c2000000, 0x00000006d2100000, 0x000000076b580000)
  object space 263168K, 86% used [0x00000006c2000000,0x00000006cfe89660,0x00000006d2100000)
 Metaspace       used 13189K, capacity 13746K, committed 13824K, reserved 1060864K
  class space    used 1830K, capacity 1995K, committed 2048K, reserved 1048576K
}
Event: 3.851 GC heap before
{Heap before GC invocations=9 (full 4):
 PSYoungGen      total 139264K, used 118859K [0x000000076b580000, 0x000000077c800000, 0x00000007c0000000)
  eden space 128512K, 92% used [0x000000076b580000,0x0000000772992dd0,0x0000000773300000)
  from space 10752K, 0% used [0x0000000773300000,0x0000000773300000,0x0000000773d80000)
  to   space 14336K, 0% used [0x000000077ba00000,0x000000077ba00000,0x000000077c800000)
 ParOldGen       total 263168K, used 227877K [0x00000006c2000000, 0x00000006d2100000, 0x000000076b580000)
  object space 263168K, 86% used [0x00000006c2000000,0x00000006cfe89660,0x00000006d2100000)
 Metaspace       used 13275K, capacity 13874K, committed 14080K, reserved 1060864K
  class space    used 1831K, capacity 1995K, committed 2048K, reserved 1048576K
Event: 3.868 GC heap after
Heap after GC invocations=9 (full 4):
 PSYoungGen      total 139264K, used 0K [0x000000076b580000, 0x000000077c800000, 0x00000007c0000000)
  eden space 128512K, 0% used [0x000000076b580000,0x000000076b580000,0x0000000773300000)
  from space 10752K, 0% used [0x0000000773300000,0x0000000773300000,0x0000000773d80000)
  to   space 14336K, 0% used [0x000000077ba00000,0x000000077ba00000,0x000000077c800000)
 ParOldGen       total 263168K, used 227943K [0x00000006c2000000, 0x00000006d2100000, 0x000000076b580000)
  object space 263168K, 86% used [0x00000006c2000000,0x00000006cfe99e08,0x00000006d2100000)
 Metaspace       used 13275K, capacity 13874K, committed 14080K, reserved 1060864K
  class space    used 1831K, capacity 1995K, committed 2048K, reserved 1048576K
}
Event: 4.075 GC heap before
{Heap before GC invocations=10 (full 5):
 PSYoungGen      total 139264K, used 115971K [0x000000076b580000, 0x000000077c800000, 0x00000007c0000000)
  eden space 128512K, 90% used [0x000000076b580000,0x00000007726c0fe0,0x0000000773300000)
  from space 10752K, 0% used [0x0000000773300000,0x0000000773300000,0x0000000773d80000)
  to   space 14336K, 0% used [0x000000077ba00000,0x000000077ba00000,0x000000077c800000)
 ParOldGen       total 263168K, used 227943K [0x00000006c2000000, 0x00000006d2100000, 0x000000076b580000)
  object space 263168K, 86% used [0x00000006c2000000,0x00000006cfe99e08,0x00000006d2100000)
 Metaspace       used 13332K, capacity 13938K, committed 14080K, reserved 1060864K
  class space    used 1831K, capacity 1995K, committed 2048K, reserved 1048576K
Event: 4.087 GC heap after
Heap after GC invocations=10 (full 5):
 PSYoungGen      total 139264K, used 0K [0x000000076b580000, 0x000000077c800000, 0x00000007c0000000)
  eden space 128512K, 0% used [0x000000076b580000,0x000000076b580000,0x0000000773300000)
  from space 10752K, 0% used [0x0000000773300000,0x0000000773300000,0x0000000773d80000)
  to   space 14336K, 0% used [0x000000077ba00000,0x000000077ba00000,0x000000077c800000)
 ParOldGen       total 263168K, used 228034K [0x00000006c2000000, 0x00000006d2100000, 0x000000076b580000)
  object space 263168K, 86% used [0x00000006c2000000,0x00000006cfeb0978,0x00000006d2100000)
 Metaspace       used 13332K, capacity 13938K, committed 14080K, reserved 1060864K
  class space    used 1831K, capacity 1995K, committed 2048K, reserved 1048576K
}
Event: 4.221 GC heap before
{Heap before GC invocations=11 (full 6):
 PSYoungGen      total 139264K, used 115313K [0x000000076b580000, 0x000000077c800000, 0x00000007c0000000)
  eden space 128512K, 89% used [0x000000076b580000,0x000000077261c5a8,0x0000000773300000)
  from space 10752K, 0% used [0x0000000773300000,0x0000000773300000,0x0000000773d80000)
  to   space 14336K, 0% used [0x000000077ba00000,0x000000077ba00000,0x000000077c800000)
 ParOldGen       total 263168K, used 228034K [0x00000006c2000000, 0x00000006d2100000, 0x000000076b580000)
  object space 263168K, 86% used [0x00000006c2000000,0x00000006cfeb0978,0x00000006d2100000)
 Metaspace       used 13350K, capacity 13946K, committed 14080K, reserved 1060864K
  class space    used 1831K, capacity 1995K, committed 2048K, reserved 1048576K
Event: 4.233 GC heap after
Heap after GC invocations=11 (full 6):
 PSYoungGen      total 139264K, used 0K [0x000000076b580000, 0x000000077c800000, 0x00000007c0000000)
  eden space 128512K, 0% used [0x000000076b580000,0x000000076b580000,0x0000000773300000)
  from space 10752K, 0% used [0x0000000773300000,0x0000000773300000,0x0000000773d80000)
  to   space 14336K, 0% used [0x000000077ba00000,0x000000077ba00000,0x000000077c800000)
 ParOldGen       total 263168K, used 228101K [0x00000006c2000000, 0x00000006d2100000, 0x000000076b580000)
  object space 263168K, 86% used [0x00000006c2000000,0x00000006cfec1410,0x00000006d2100000)
 Metaspace       used 13350K, capacity 13946K, committed 14080K, reserved 1060864K
  class space    used 1831K, capacity 1995K, committed 2048K, reserved 1048576K
}

Deoptimization events (10 events):
Event: 1.247 Thread 0x000001b85f8aa800 Uncommon trap: reason=unstable_if action=reinterpret pc=0x000001b843d228a0 method=sun.net.www.ParseUtil.encodePath(Ljava/lang/String;Z)Ljava/lang/String; @ 109
Event: 1.285 Thread 0x000001b85f8aa800 Uncommon trap: reason=unstable_if action=reinterpret pc=0x000001b843d5dfd8 method=jdk.internal.org.objectweb.asm.Type.getArgumentsAndReturnSizes(Ljava/lang/String;)I @ 47
Event: 3.309 Thread 0x000001b85f8aa800 Uncommon trap: reason=unstable_if action=reinterpret pc=0x000001b843c7ce44 method=com.sun.javafx.iio.common.RoughScaler.putSourceScanline([BI)Z @ 33
Event: 3.310 Thread 0x000001b85f8aa800 Uncommon trap: reason=unstable_if action=reinterpret pc=0x000001b843e29e5c method=com.sun.javafx.iio.gif.GIFImageLoader2.restoreToBackground([BIIII)V @ 7
Event: 3.320 Thread 0x000001b85f8aa800 Uncommon trap: reason=unstable_if action=reinterpret pc=0x000001b843c9a154 method=com.sun.javafx.image.impl.ByteBgra$ToByteBgraPreConv.doConvert([BII[BIIII)V @ 75
Event: 3.331 Thread 0x000001b85f8aa800 Uncommon trap: reason=unstable_if action=reinterpret pc=0x000001b843ca5f30 method=com.sun.javafx.iio.png.PNGImageLoader2.paethPr(III)I @ 30
Event: 3.331 Thread 0x000001b85f8aa800 Uncommon trap: reason=unstable_if action=reinterpret pc=0x000001b843ca12ec method=java.lang.Math.abs(I)I @ 1
Event: 3.333 Thread 0x000001b85f8aa800 Uncommon trap: reason=unstable_if action=reinterpret pc=0x000001b843cb23ec method=com.sun.javafx.iio.png.PNGImageLoader2.paethPr(III)I @ 30
Event: 3.702 Thread 0x000001b85f8aa800 Uncommon trap: reason=unstable_if action=reinterpret pc=0x000001b843e50610 method=java.util.ArrayList$Itr.checkForComodification()V @ 11
Event: 3.814 Thread 0x000001b85f8aa800 Uncommon trap: reason=unstable_if action=reinterpret pc=0x000001b843e6b1a0 method=Game.Food.checkCollision(LGame/EnemyBee;)V @ 5

Classes redefined (0 events):
No events

Internal exceptions (10 events):
Event: 3.814 Thread 0x000001b85f82c000 Exception <a 'java/lang/NullPointerException'> (0x000000077066b710) thrown at [C:\jenkins\workspace\8-2-build-windows-amd64-cygwin\jdk8u261\295\hotspot\src\share\vm\interpreter\linkResolver.cpp, line 1287]
Event: 3.950 Thread 0x000001b85f82c000 Exception <a 'java/lang/NullPointerException'> (0x000000077056a488) thrown at [C:\jenkins\workspace\8-2-build-windows-amd64-cygwin\jdk8u261\295\hotspot\src\share\vm\interpreter\linkResolver.cpp, line 1287]
Event: 3.951 Thread 0x000001b85f8aa800 Exception <a 'java/util/ConcurrentModificationException'> (0x000000076c2ac580) thrown at [C:\jenkins\workspace\8-2-build-windows-amd64-cygwin\jdk8u261\295\hotspot\src\share\vm\prims\jvm.cpp, line 1516]
Event: 3.958 Thread 0x000001b85f8aa800 Exception <a 'java/util/ConcurrentModificationException'> (0x000000076c2b2300) thrown at [C:\jenkins\workspace\8-2-build-windows-amd64-cygwin\jdk8u261\295\hotspot\src\share\vm\prims\jvm.cpp, line 1516]
Event: 4.164 Thread 0x000001b85f8aa800 Exception <a 'java/util/ConcurrentModificationException'> (0x000000076c2ac098) thrown at [C:\jenkins\workspace\8-2-build-windows-amd64-cygwin\jdk8u261\295\hotspot\src\share\vm\prims\jvm.cpp, line 1516]
Event: 4.166 Thread 0x000001b85f8aa800 Exception <a 'java/util/ConcurrentModificationException'> (0x000000076c2b1e30) thrown at [C:\jenkins\workspace\8-2-build-windows-amd64-cygwin\jdk8u261\295\hotspot\src\share\vm\prims\jvm.cpp, line 1516]
Event: 4.310 Thread 0x000001b85f8aa800 Exception <a 'java/util/ConcurrentModificationException'> (0x000000076c2ac128) thrown at [C:\jenkins\workspace\8-2-build-windows-amd64-cygwin\jdk8u261\295\hotspot\src\share\vm\prims\jvm.cpp, line 1516]
Event: 4.327 Thread 0x000001b85f8aa800 Exception <a 'java/util/ConcurrentModificationException'> (0x000000076c2b1ed8) thrown at [C:\jenkins\workspace\8-2-build-windows-amd64-cygwin\jdk8u261\295\hotspot\src\share\vm\prims\jvm.cpp, line 1516]
Event: 4.387 Thread 0x000001b85f82c000 Implicit null exception at 0x000001b843f34a94 to 0x000001b843f37c1f
Event: 4.387 Thread 0x000001b85f82c000 Exception <a 'java/lang/NullPointerException'> (0x00000007705cd148) thrown at [C:\jenkins\workspace\8-2-build-windows-amd64-cygwin\jdk8u261\295\hotspot\src\share\vm\runtime\sharedRuntime.cpp, line 605]

Events (10 events):
Event: 4.074 Executing VM operation: ParallelGCFailedAllocation
Event: 4.088 Executing VM operation: ParallelGCFailedAllocation done
Event: 4.155 Executing VM operation: EnableBiasedLocking
Event: 4.159 Executing VM operation: EnableBiasedLocking done
Event: 4.160 Thread 0x000001b85f8aa800 DEOPT PACKING pc=0x000001b843e3464f sp=0x00000015a75fc870
Event: 4.160 Thread 0x000001b85f8aa800 DEOPT UNPACKING pc=0x000001b843a87898 sp=0x00000015a75fc588 mode 0
Event: 4.160 Thread 0x000001b85f8aa800 DEOPT PACKING pc=0x000001b843e3464f sp=0x00000015a75fc870
Event: 4.160 Thread 0x000001b85f8aa800 DEOPT UNPACKING pc=0x000001b843a87898 sp=0x00000015a75fc588 mode 0
Event: 4.221 Executing VM operation: ParallelGCFailedAllocation
Event: 4.233 Executing VM operation: ParallelGCFailedAllocation done


Dynamic libraries:
0x00007ff616b20000 - 0x00007ff616b67000 	C:\Program Files\Java\jdk1.8.0_261\bin\javaw.exe
0x00007ffb5a360000 - 0x00007ffb5a569000 	C:\WINDOWS\SYSTEM32\ntdll.dll
0x00007ffb58930000 - 0x00007ffb589ee000 	C:\WINDOWS\System32\KERNEL32.DLL
0x00007ffb57b40000 - 0x00007ffb57ebb000 	C:\WINDOWS\System32\KERNELBASE.dll
0x00007ffb58f70000 - 0x00007ffb5901e000 	C:\WINDOWS\System32\ADVAPI32.dll
0x00007ffb58400000 - 0x00007ffb584a3000 	C:\WINDOWS\System32\msvcrt.dll
0x00007ffb58e70000 - 0x00007ffb58f0e000 	C:\WINDOWS\System32\sechost.dll
0x00007ffb587a0000 - 0x00007ffb588c0000 	C:\WINDOWS\System32\RPCRT4.dll
0x00007ffb59b90000 - 0x00007ffb59d3d000 	C:\WINDOWS\System32\USER32.dll
0x00007ffb57950000 - 0x00007ffb57976000 	C:\WINDOWS\System32\win32u.dll
0x00007ffb58730000 - 0x00007ffb58759000 	C:\WINDOWS\System32\GDI32.dll
0x00007ffb57980000 - 0x00007ffb57a98000 	C:\WINDOWS\System32\gdi32full.dll
0x00007ffb57aa0000 - 0x00007ffb57b3d000 	C:\WINDOWS\System32\msvcp_win.dll
0x00007ffb57830000 - 0x00007ffb57941000 	C:\WINDOWS\System32\ucrtbase.dll
0x00007ffb42e30000 - 0x00007ffb430d5000 	C:\WINDOWS\WinSxS\amd64_microsoft.windows.common-controls_6595b64144ccf1df_6.0.22000.120_none_9d947278b86cc467\COMCTL32.dll
0x00007ffb58760000 - 0x00007ffb58792000 	C:\WINDOWS\System32\IMM32.DLL
0x00007ffb47070000 - 0x00007ffb47085000 	C:\Program Files\Java\jdk1.8.0_261\jre\bin\vcruntime140.dll
0x00007ffb45990000 - 0x00007ffb45a2b000 	C:\Program Files\Java\jdk1.8.0_261\jre\bin\msvcp140.dll
0x0000000074510000 - 0x0000000074d7c000 	C:\Program Files\Java\jdk1.8.0_261\jre\bin\server\jvm.dll
0x00007ffb58e60000 - 0x00007ffb58e68000 	C:\WINDOWS\System32\PSAPI.DLL
0x00007ffb46070000 - 0x00007ffb46079000 	C:\WINDOWS\SYSTEM32\WSOCK32.dll
0x00007ffb4f790000 - 0x00007ffb4f79a000 	C:\WINDOWS\SYSTEM32\VERSION.dll
0x00007ffb4f430000 - 0x00007ffb4f463000 	C:\WINDOWS\SYSTEM32\WINMM.dll
0x00007ffb588c0000 - 0x00007ffb5892f000 	C:\WINDOWS\System32\WS2_32.dll
0x00007ffb56960000 - 0x00007ffb56978000 	C:\WINDOWS\SYSTEM32\kernel.appcore.dll
0x00007ffb534d0000 - 0x00007ffb534e0000 	C:\Program Files\Java\jdk1.8.0_261\jre\bin\verify.dll
0x00007ffb45a30000 - 0x00007ffb45a5b000 	C:\Program Files\Java\jdk1.8.0_261\jre\bin\java.dll
0x00007ffb51200000 - 0x00007ffb51218000 	C:\Program Files\Java\jdk1.8.0_261\jre\bin\zip.dll
0x00007ffb59040000 - 0x00007ffb597f7000 	C:\WINDOWS\System32\SHELL32.dll
0x00007ffb558f0000 - 0x00007ffb56155000 	C:\WINDOWS\SYSTEM32\windows.storage.dll
0x00007ffb59ec0000 - 0x00007ffb5a238000 	C:\WINDOWS\System32\combase.dll
0x00007ffb55780000 - 0x00007ffb558e6000 	C:\WINDOWS\SYSTEM32\wintypes.dll
0x00007ffb59dd0000 - 0x00007ffb59eba000 	C:\WINDOWS\System32\SHCORE.dll
0x00007ffb584b0000 - 0x00007ffb5850d000 	C:\WINDOWS\System32\shlwapi.dll
0x00007ffb57760000 - 0x00007ffb57781000 	C:\WINDOWS\SYSTEM32\profapi.dll
0x000001b842260000 - 0x000001b842263000 	C:\Program Files\Java\jdk1.8.0_261\jre\bin\api-ms-win-core-console-l1-1-0.dll
0x000001b842270000 - 0x000001b842273000 	C:\Program Files\Java\jdk1.8.0_261\jre\bin\api-ms-win-core-datetime-l1-1-0.dll
0x000001b842280000 - 0x000001b842283000 	C:\Program Files\Java\jdk1.8.0_261\jre\bin\api-ms-win-core-debug-l1-1-0.dll
0x000001b85f5c0000 - 0x000001b85f5c3000 	C:\Program Files\Java\jdk1.8.0_261\jre\bin\api-ms-win-core-errorhandling-l1-1-0.dll
0x000001b85f5d0000 - 0x000001b85f5d4000 	C:\Program Files\Java\jdk1.8.0_261\jre\bin\api-ms-win-core-file-l1-1-0.dll
0x000001b85f5e0000 - 0x000001b85f5e3000 	C:\Program Files\Java\jdk1.8.0_261\jre\bin\api-ms-win-core-file-l1-2-0.dll
0x000001b85f5f0000 - 0x000001b85f5f3000 	C:\Program Files\Java\jdk1.8.0_261\jre\bin\api-ms-win-core-file-l2-1-0.dll
0x000001b85f600000 - 0x000001b85f603000 	C:\Program Files\Java\jdk1.8.0_261\jre\bin\api-ms-win-core-handle-l1-1-0.dll
0x000001b85f610000 - 0x000001b85f613000 	C:\Program Files\Java\jdk1.8.0_261\jre\bin\api-ms-win-core-heap-l1-1-0.dll
0x000001b85f620000 - 0x000001b85f623000 	C:\Program Files\Java\jdk1.8.0_261\jre\bin\api-ms-win-core-interlocked-l1-1-0.dll
0x000001b85f630000 - 0x000001b85f633000 	C:\Program Files\Java\jdk1.8.0_261\jre\bin\api-ms-win-core-libraryloader-l1-1-0.dll
0x000001b85f640000 - 0x000001b85f643000 	C:\Program Files\Java\jdk1.8.0_261\jre\bin\api-ms-win-core-localization-l1-2-0.dll
0x000001b85f650000 - 0x000001b85f653000 	C:\Program Files\Java\jdk1.8.0_261\jre\bin\api-ms-win-core-memory-l1-1-0.dll
0x000001b85f660000 - 0x000001b85f663000 	C:\Program Files\Java\jdk1.8.0_261\jre\bin\api-ms-win-core-namedpipe-l1-1-0.dll
0x000001b85f670000 - 0x000001b85f673000 	C:\Program Files\Java\jdk1.8.0_261\jre\bin\api-ms-win-core-processenvironment-l1-1-0.dll
0x000001b85f680000 - 0x000001b85f683000 	C:\Program Files\Java\jdk1.8.0_261\jre\bin\api-ms-win-core-processthreads-l1-1-0.dll
0x000001b85f690000 - 0x000001b85f693000 	C:\Program Files\Java\jdk1.8.0_261\jre\bin\api-ms-win-core-processthreads-l1-1-1.dll
0x000001b85f6a0000 - 0x000001b85f6a3000 	C:\Program Files\Java\jdk1.8.0_261\jre\bin\api-ms-win-core-profile-l1-1-0.dll
0x000001b85f6b0000 - 0x000001b85f6b3000 	C:\Program Files\Java\jdk1.8.0_261\jre\bin\api-ms-win-core-rtlsupport-l1-1-0.dll
0x000001b85f6c0000 - 0x000001b85f6c3000 	C:\Program Files\Java\jdk1.8.0_261\jre\bin\api-ms-win-core-string-l1-1-0.dll
0x000001b85f6d0000 - 0x000001b85f6d3000 	C:\Program Files\Java\jdk1.8.0_261\jre\bin\api-ms-win-core-synch-l1-1-0.dll
