#
# There is insufficient memory for the Java Runtime Environment to continue.
# Native memory allocation (malloc) failed to allocate 909456 bytes for Chunk::new
# Possible reasons:
#   The system is out of physical RAM or swap space
#   The process is running with CompressedOops enabled, and the Java Heap may be blocking the growth of the native heap
# Possible solutions:
#   Reduce memory load on the system
#   Increase physical memory or swap space
#   Check if swap backing store is full
#   Decrease Java heap size (-Xmx/-Xms)
#   Decrease number of Java threads
#   Decrease Java thread stack sizes (-Xss)
#   Set larger code cache with -XX:ReservedCodeCacheSize=
#   JVM is running with Zero Based Compressed Oops mode in which the Java heap is
#     placed in the first 32GB address space. The Java Heap base address is the
#     maximum limit for the native heap growth. Please use -XX:HeapBaseMinAddress
#     to set the Java Heap base and to place the Java Heap above 32GB virtual address.
# This output file may be truncated or incomplete.
#
#  Out of Memory Error (allocation.cpp:389), pid=28680, tid=0x0000000000003374
#
# JRE version: Java(TM) SE Runtime Environment (8.0_261-b12) (build 1.8.0_261-b12)
# Java VM: Java HotSpot(TM) 64-Bit Server VM (25.261-b12 mixed mode windows-amd64 compressed oops)
# Failed to write core dump. Minidumps are not enabled by default on client versions of Windows
#

---------------  T H R E A D  ---------------

Current thread (0x00000172fe152000):  JavaThread "C2 CompilerThread1" daemon [_thread_in_native, id=13172, stack(0x000000521e300000,0x000000521e400000)]

Stack: [0x000000521e300000,0x000000521e400000]
Native frames: (J=compiled Java code, j=interpreted, Vv=VM code, C=native code)
V  [jvm.dll+0x33e5f9]


Current CompileTask:
C2:   3227 1647 %     4       Game.GameTimer::handle @ 294 (1478 bytes)


---------------  P R O C E S S  ---------------

Java Threads: ( => current thread )
  0x00000172871db000 JavaThread "Thread-47" [_thread_blocked, id=30740, stack(0x0000005221f00000,0x0000005222000000)]
  0x00000172871d7800 JavaThread "Thread-46" [_thread_blocked, id=25532, stack(0x0000005221e00000,0x0000005221f00000)]
  0x00000172871d9800 JavaThread "Thread-45" [_thread_blocked, id=28288, stack(0x0000005221d00000,0x0000005221e00000)]
  0x00000172871d6800 JavaThread "Thread-44" [_thread_blocked, id=26612, stack(0x0000005221c00000,0x0000005221d00000)]
  0x00000172871d3800 JavaThread "Thread-43" [_thread_blocked, id=8072, stack(0x0000005221b00000,0x0000005221c00000)]
  0x00000172871da800 JavaThread "Thread-42" [_thread_blocked, id=32736, stack(0x0000005221a00000,0x0000005221b00000)]
  0x00000172870a7800 JavaThread "Thread-41" [_thread_blocked, id=30140, stack(0x0000005221900000,0x0000005221a00000)]
  0x00000172870a6800 JavaThread "Thread-40" [_thread_blocked, id=27748, stack(0x0000005221800000,0x0000005221900000)]
  0x00000172870aa800 JavaThread "Thread-39" [_thread_blocked, id=22412, stack(0x0000005221700000,0x0000005221800000)]
  0x00000172870ab000 JavaThread "Thread-38" [_thread_blocked, id=1004, stack(0x0000005221600000,0x0000005221700000)]
  0x00000172870a3800 JavaThread "Thread-37" [_thread_blocked, id=9448, stack(0x0000005221500000,0x0000005221600000)]
  0x00000172870a6000 JavaThread "Thread-36" [_thread_blocked, id=23180, stack(0x0000005221400000,0x0000005221500000)]
  0x00000172870a4800 JavaThread "Thread-35" [_thread_blocked, id=22100, stack(0x0000005221300000,0x0000005221400000)]
  0x00000172870a3000 JavaThread "Thread-34" [_thread_blocked, id=1596, stack(0x0000005221200000,0x0000005221300000)]
  0x00000172870a9800 JavaThread "Thread-33" [_thread_blocked, id=28972, stack(0x0000005221100000,0x0000005221200000)]
  0x00000172870a5000 JavaThread "Thread-32" [_thread_blocked, id=31304, stack(0x0000005221000000,0x0000005221100000)]
  0x00000172870a9000 JavaThread "Thread-31" [_thread_blocked, id=28804, stack(0x0000005220f00000,0x0000005221000000)]
  0x00000172870a8000 JavaThread "Thread-30" [_thread_blocked, id=31848, stack(0x0000005220e00000,0x0000005220f00000)]
  0x000001728709c000 JavaThread "Thread-29" [_thread_blocked, id=15940, stack(0x0000005220d00000,0x0000005220e00000)]
  0x00000172870a2000 JavaThread "Thread-28" [_thread_blocked, id=4164, stack(0x0000005220c00000,0x0000005220d00000)]
  0x00000172870a0800 JavaThread "Thread-27" [_thread_blocked, id=29688, stack(0x0000005220b00000,0x0000005220c00000)]
  0x00000172870a0000 JavaThread "Thread-26" [_thread_blocked, id=12516, stack(0x0000005220a00000,0x0000005220b00000)]
  0x000001728709f000 JavaThread "Thread-25" [_thread_blocked, id=24280, stack(0x0000005220900000,0x0000005220a00000)]
  0x00000172870a1800 JavaThread "Thread-24" [_thread_blocked, id=32932, stack(0x0000005220800000,0x0000005220900000)]
  0x000001728709d000 JavaThread "Thread-23" [_thread_blocked, id=31736, stack(0x0000005220700000,0x0000005220800000)]
  0x000001728709e800 JavaThread "Thread-22" [_thread_blocked, id=31520, stack(0x0000005220600000,0x0000005220700000)]
  0x000001728709d800 JavaThread "Thread-21" [_thread_blocked, id=20456, stack(0x0000005220500000,0x0000005220600000)]
  0x0000017287204800 JavaThread "Thread-20" [_thread_blocked, id=4492, stack(0x0000005220400000,0x0000005220500000)]
  0x0000017287204000 JavaThread "Thread-19" [_thread_blocked, id=22928, stack(0x0000005220300000,0x0000005220400000)]
  0x0000017287202000 JavaThread "Thread-18" [_thread_blocked, id=16020, stack(0x0000005220200000,0x0000005220300000)]
  0x0000017287201800 JavaThread "Thread-17" [_thread_blocked, id=27868, stack(0x0000005220100000,0x0000005220200000)]
  0x0000017287203000 JavaThread "Thread-16" [_thread_blocked, id=3808, stack(0x0000005220000000,0x0000005220100000)]
  0x0000017287200800 JavaThread "Thread-15" [_thread_blocked, id=32752, stack(0x000000521ff00000,0x0000005220000000)]
  0x0000017287200000 JavaThread "Thread-14" [_thread_blocked, id=31432, stack(0x000000521fe00000,0x000000521ff00000)]
  0x00000172871ff000 JavaThread "Thread-13" [_thread_blocked, id=11844, stack(0x000000521fd00000,0x000000521fe00000)]
  0x00000172871fe800 JavaThread "Thread-12" [_thread_blocked, id=4368, stack(0x000000521fc00000,0x000000521fd00000)]
  0x00000172871fd800 JavaThread "Thread-11" [_thread_blocked, id=4688, stack(0x000000521fb00000,0x000000521fc00000)]
  0x0000017287159800 JavaThread "Thread-10" [_thread_blocked, id=29148, stack(0x000000521fa00000,0x000000521fb00000)]
  0x00000172871f2800 JavaThread "Thread-9" [_thread_blocked, id=31632, stack(0x000000521f900000,0x000000521fa00000)]
  0x00000172871f2000 JavaThread "Thread-8" [_thread_blocked, id=28252, stack(0x000000521f800000,0x000000521f900000)]
  0x0000017281375800 JavaThread "Thread-7" [_thread_blocked, id=30632, stack(0x000000521f700000,0x000000521f800000)]
  0x0000017281376800 JavaThread "Thread-6" [_thread_blocked, id=26276, stack(0x000000521f600000,0x000000521f700000)]
  0x000001728112b800 JavaThread "Prism Font Disposer" daemon [_thread_blocked, id=27256, stack(0x000000521f300000,0x000000521f400000)]
  0x0000017280df5800 JavaThread "Thread-3" daemon [_thread_in_native, id=13272, stack(0x000000521ee00000,0x000000521ef00000)]
  0x0000017280e3a000 JavaThread "JavaFX-Launcher" [_thread_blocked, id=26716, stack(0x000000521ef00000,0x000000521f000000)]
  0x0000017280c09000 JavaThread "JavaFX Application Thread" [_thread_in_Java, id=28676, stack(0x000000521ea00000,0x000000521eb00000)]
  0x0000017280bf9000 JavaThread "Thread-1" daemon [_thread_blocked, id=27156, stack(0x000000521e900000,0x000000521ea00000)]
  0x0000017280a17000 JavaThread "QuantumRenderer-0" daemon [_thread_blocked, id=6716, stack(0x000000521e800000,0x000000521e900000)]
  0x00000172fe18d800 JavaThread "Service Thread" daemon [_thread_blocked, id=26484, stack(0x000000521e600000,0x000000521e700000)]
  0x00000172fe161000 JavaThread "C1 CompilerThread3" daemon [_thread_blocked, id=28888, stack(0x000000521e500000,0x000000521e600000)]
  0x00000172fe159000 JavaThread "C2 CompilerThread2" daemon [_thread_blocked, id=33648, stack(0x000000521e400000,0x000000521e500000)]
=>0x00000172fe152000 JavaThread "C2 CompilerThread1" daemon [_thread_in_native, id=13172, stack(0x000000521e300000,0x000000521e400000)]
  0x00000172fe14e800 JavaThread "C2 CompilerThread0" daemon [_thread_blocked, id=11140, stack(0x000000521e200000,0x000000521e300000)]
  0x00000172fe15f800 JavaThread "Attach Listener" daemon [_thread_blocked, id=9420, stack(0x000000521e100000,0x000000521e200000)]
  0x00000172fe15e800 JavaThread "Signal Dispatcher" daemon [_thread_blocked, id=21424, stack(0x000000521e000000,0x000000521e100000)]
  0x00000172fe12e800 JavaThread "Finalizer" daemon [_thread_blocked, id=14900, stack(0x000000521df00000,0x000000521e000000)]
  0x00000172fe126000 JavaThread "Reference Handler" daemon [_thread_blocked, id=29024, stack(0x000000521de00000,0x000000521df00000)]
  0x00000172e32c2000 JavaThread "main" [_thread_blocked, id=25564, stack(0x000000521d200000,0x000000521d300000)]

Other Threads:
  0x00000172fe0f4000 VMThread [stack: 0x000000521dd00000,0x000000521de00000] [id=32136]
  0x00000172806cc000 WatcherThread [stack: 0x000000521e700000,0x000000521e800000] [id=30532]

VM state:not at safepoint (normal execution)

VM Mutex/Monitor currently owned by a thread: None

heap address: 0x00000006c2000000, size: 4064 MB, Compressed Oops mode: Zero based, Oop shift amount: 3
Narrow klass base: 0x0000000000000000, Narrow klass shift: 3
Compressed class space size: 1073741824 Address: 0x00000007c0000000

Heap:
 PSYoungGen      total 259072K, used 120852K [0x000000076b580000, 0x000000077c580000, 0x00000007c0000000)
  eden space 242688K, 44% used [0x000000076b580000,0x0000000771e02d60,0x000000077a280000)
  from space 16384K, 84% used [0x000000077a580000,0x000000077b302410,0x000000077b580000)
  to   space 13824K, 0% used [0x000000077b800000,0x000000077b800000,0x000000077c580000)
 ParOldGen       total 418304K, used 279720K [0x00000006c2000000, 0x00000006db880000, 0x000000076b580000)
  object space 418304K, 66% used [0x00000006c2000000,0x00000006d312a1b8,0x00000006db880000)
 Metaspace       used 13534K, capacity 14148K, committed 14336K, reserved 1060864K
  class space    used 1829K, capacity 1996K, committed 2048K, reserved 1048576K

Card table byte_map: [0x00000172f4250000,0x00000172f4a50000] byte_map_base: 0x00000172f0c40000

Marking Bits: (ParMarkBitMap*) 0x0000000074d04fb0
 Begin Bits: [0x00000172f4fa0000, 0x00000172f8f20000)
 End Bits:   [0x00000172f8f20000, 0x00000172fcea0000)

Polling page: 0x00000172e35b0000

CodeCache: size=245760Kb used=6029Kb max_used=6040Kb free=239730Kb
 bounds [0x00000172e4e90000, 0x00000172e5480000, 0x00000172f3e90000]
 total_blobs=2325 nmethods=1685 adapters=551
 compilation: enabled

Compilation events (10 events):
Event: 3.217 Thread 0x00000172fe161000 nmethod 1680 0x00000172e546e450 code [0x00000172e546e680, 0x00000172e546f1c0]
Event: 3.217 Thread 0x00000172fe161000 1685       3       com.sun.javafx.text.PrismTextLayout::getRuns (64 bytes)
Event: 3.217 Thread 0x00000172fe161000 nmethod 1685 0x00000172e546d710 code [0x00000172e546d8a0, 0x00000172e546dd20]
Event: 3.217 Thread 0x00000172fe161000 1683       3       com.sun.javafx.sg.prism.NGShape::setFillPaint (42 bytes)
Event: 3.218 Thread 0x00000172fe159000 nmethod 1681 0x00000172e546d250 code [0x00000172e546d3a0, 0x00000172e546d4f8]
Event: 3.218 Thread 0x00000172fe161000 nmethod 1683 0x00000172e5474d10 code [0x00000172e5474f00, 0x00000172e5475c00]
Event: 3.218 Thread 0x00000172fe161000 1684       3       com.sun.javafx.sg.prism.NGText::setFont (39 bytes)
Event: 3.218 Thread 0x00000172fe159000 1682       4       java.util.WeakHashMap::get (77 bytes)
Event: 3.218 Thread 0x00000172fe161000 nmethod 1684 0x00000172e546cb10 code [0x00000172e546cca0, 0x00000172e546d160]
Event: 3.218 Thread 0x00000172fe14e800 nmethod 1675 0x00000172e5475fd0 code [0x00000172e54763c0, 0x00000172e5477b00]

GC Heap History (10 events):
Event: 2.015 GC heap before
{Heap before GC invocations=5 (full 1):
 PSYoungGen      total 75776K, used 46792K [0x000000076b580000, 0x0000000774980000, 0x00000007c0000000)
  eden space 65024K, 71% used [0x000000076b580000,0x000000076e3321d0,0x000000076f500000)
  from space 10752K, 0% used [0x000000076f500000,0x000000076f500000,0x000000076ff80000)
  to   space 10752K, 0% used [0x0000000773f00000,0x0000000773f00000,0x0000000774980000)
 ParOldGen       total 251904K, used 117459K [0x00000006c2000000, 0x00000006d1600000, 0x000000076b580000)
  object space 251904K, 46% used [0x00000006c2000000,0x00000006c92b4f00,0x00000006d1600000)
 Metaspace       used 12993K, capacity 13544K, committed 13824K, reserved 1060864K
  class space    used 1794K, capacity 1927K, committed 2048K, reserved 1048576K
Event: 2.026 GC heap after
Heap after GC invocations=5 (full 1):
 PSYoungGen      total 136704K, used 857K [0x000000076b580000, 0x0000000774780000, 0x00000007c0000000)
  eden space 128000K, 0% used [0x000000076b580000,0x000000076b580000,0x0000000773280000)
  from space 8704K, 9% used [0x0000000773f00000,0x0000000773fd6440,0x0000000774780000)
  to   space 10752K, 0% used [0x0000000773280000,0x0000000773280000,0x0000000773d00000)
 ParOldGen       total 251904K, used 162459K [0x00000006c2000000, 0x00000006d1600000, 0x000000076b580000)
  object space 251904K, 64% used [0x00000006c2000000,0x00000006cbea6f20,0x00000006d1600000)
 Metaspace       used 12993K, capacity 13544K, committed 13824K, reserved 1060864K
  class space    used 1794K, capacity 1927K, committed 2048K, reserved 1048576K
}
Event: 2.346 GC heap before
{Heap before GC invocations=6 (full 1):
 PSYoungGen      total 136704K, used 122769K [0x000000076b580000, 0x0000000774780000, 0x00000007c0000000)
  eden space 128000K, 95% used [0x000000076b580000,0x0000000772c8e340,0x0000000773280000)
  from space 8704K, 9% used [0x0000000773f00000,0x0000000773fd6440,0x0000000774780000)
  to   space 10752K, 0% used [0x0000000773280000,0x0000000773280000,0x0000000773d00000)
 ParOldGen       total 251904K, used 162459K [0x00000006c2000000, 0x00000006d1600000, 0x000000076b580000)
  object space 251904K, 64% used [0x00000006c2000000,0x00000006cbea6f20,0x00000006d1600000)
 Metaspace       used 13084K, capacity 13610K, committed 13824K, reserved 1060864K
  class space    used 1819K, capacity 1993K, committed 2048K, reserved 1048576K
Event: 2.360 GC heap after
Heap after GC invocations=6 (full 1):
 PSYoungGen      total 138752K, used 3754K [0x000000076b580000, 0x000000077c580000, 0x00000007c0000000)
  eden space 128000K, 0% used [0x000000076b580000,0x000000076b580000,0x0000000773280000)
  from space 10752K, 34% used [0x0000000773280000,0x000000077362a910,0x0000000773d00000)
  to   space 13824K, 0% used [0x000000077b800000,0x000000077b800000,0x000000077c580000)
 ParOldGen       total 265216K, used 256417K [0x00000006c2000000, 0x00000006d2300000, 0x000000076b580000)
  object space 265216K, 96% used [0x00000006c2000000,0x00000006d1a68770,0x00000006d2300000)
 Metaspace       used 13084K, capacity 13610K, committed 13824K, reserved 1060864K
  class space    used 1819K, capacity 1993K, committed 2048K, reserved 1048576K
}
Event: 2.360 GC heap before
{Heap before GC invocations=7 (full 2):
 PSYoungGen      total 138752K, used 3754K [0x000000076b580000, 0x000000077c580000, 0x00000007c0000000)
  eden space 128000K, 0% used [0x000000076b580000,0x000000076b580000,0x0000000773280000)
  from space 10752K, 34% used [0x0000000773280000,0x000000077362a910,0x0000000773d00000)
  to   space 13824K, 0% used [0x000000077b800000,0x000000077b800000,0x000000077c580000)
 ParOldGen       total 265216K, used 256417K [0x00000006c2000000, 0x00000006d2300000, 0x000000076b580000)
  object space 265216K, 96% used [0x00000006c2000000,0x00000006d1a68770,0x00000006d2300000)
 Metaspace       used 13084K, capacity 13610K, committed 13824K, reserved 1060864K
  class space    used 1819K, capacity 1993K, committed 2048K, reserved 1048576K
Event: 2.369 GC heap after
Heap after GC invocations=7 (full 2):
 PSYoungGen      total 138752K, used 0K [0x000000076b580000, 0x000000077c580000, 0x00000007c0000000)
  eden space 128000K, 0% used [0x000000076b580000,0x000000076b580000,0x0000000773280000)
  from space 10752K, 0% used [0x0000000773280000,0x0000000773280000,0x0000000773d00000)
  to   space 13824K, 0% used [0x000000077b800000,0x000000077b800000,0x000000077c580000)
 ParOldGen       total 418304K, used 246641K [0x00000006c2000000, 0x00000006db880000, 0x000000076b580000)
  object space 418304K, 58% used [0x00000006c2000000,0x00000006d10dc778,0x00000006db880000)
 Metaspace       used 13084K, capacity 13610K, committed 13824K, reserved 1060864K
  class space    used 1819K, capacity 1993K, committed 2048K, reserved 1048576K
}
Event: 2.581 GC heap before
{Heap before GC invocations=8 (full 2):
 PSYoungGen      total 138752K, used 126288K [0x000000076b580000, 0x000000077c580000, 0x00000007c0000000)
  eden space 128000K, 98% used [0x000000076b580000,0x00000007730d41b0,0x0000000773280000)
  from space 10752K, 0% used [0x0000000773280000,0x0000000773280000,0x0000000773d00000)
  to   space 13824K, 0% used [0x000000077b800000,0x000000077b800000,0x000000077c580000)
 ParOldGen       total 418304K, used 246641K [0x00000006c2000000, 0x00000006db880000, 0x000000076b580000)
  object space 418304K, 58% used [0x00000006c2000000,0x00000006d10dc778,0x00000006db880000)
 Metaspace       used 13301K, capacity 13874K, committed 14080K, reserved 1060864K
  class space    used 1828K, capacity 1995K, committed 2048K, reserved 1048576K
Event: 2.589 GC heap after
Heap after GC invocations=8 (full 2):
 PSYoungGen      total 256512K, used 13737K [0x000000076b580000, 0x000000077c580000, 0x00000007c0000000)
  eden space 242688K, 0% used [0x000000076b580000,0x000000076b580000,0x000000077a280000)
  from space 13824K, 99% used [0x000000077b800000,0x000000077c56a410,0x000000077c580000)
  to   space 16384K, 0% used [0x000000077a580000,0x000000077a580000,0x000000077b580000)
 ParOldGen       total 418304K, used 263181K [0x00000006c2000000, 0x00000006db880000, 0x000000076b580000)
  object space 418304K, 62% used [0x00000006c2000000,0x00000006d2103498,0x00000006db880000)
 Metaspace       used 13301K, capacity 13874K, committed 14080K, reserved 1060864K
  class space    used 1828K, capacity 1995K, committed 2048K, reserved 1048576K
}
Event: 3.015 GC heap before
{Heap before GC invocations=9 (full 2):
 PSYoungGen      total 256512K, used 244291K [0x000000076b580000, 0x000000077c580000, 0x00000007c0000000)
  eden space 242688K, 95% used [0x000000076b580000,0x00000007796a6910,0x000000077a280000)
  from space 13824K, 99% used [0x000000077b800000,0x000000077c56a410,0x000000077c580000)
  to   space 16384K, 0% used [0x000000077a580000,0x000000077a580000,0x000000077b580000)
 ParOldGen       total 418304K, used 263181K [0x00000006c2000000, 0x00000006db880000, 0x000000076b580000)
  object space 418304K, 62% used [0x00000006c2000000,0x00000006d2103498,0x00000006db880000)
 Metaspace       used 13446K, capacity 14020K, committed 14080K, reserved 1060864K
  class space    used 1829K, capacity 1996K, committed 2048K, reserved 1048576K
Event: 3.024 GC heap after
Heap after GC invocations=9 (full 2):
 PSYoungGen      total 259072K, used 13833K [0x000000076b580000, 0x000000077c580000, 0x00000007c0000000)
  eden space 242688K, 0% used [0x000000076b580000,0x000000076b580000,0x000000077a280000)
  from space 16384K, 84% used [0x000000077a580000,0x000000077b302410,0x000000077b580000)
  to   space 13824K, 0% used [0x000000077b800000,0x000000077b800000,0x000000077c580000)
 ParOldGen       total 418304K, used 279720K [0x00000006c2000000, 0x00000006db880000, 0x000000076b580000)
  object space 418304K, 66% used [0x00000006c2000000,0x00000006d312a1b8,0x00000006db880000)
 Metaspace       used 13446K, capacity 14020K, committed 14080K, reserved 1060864K
  class space    used 1829K, capacity 1996K, committed 2048K, reserved 1048576K
}

Deoptimization events (10 events):
Event: 0.650 Thread 0x0000017280c09000 Uncommon trap: reason=class_check action=maybe_recompile pc=0x00000172e4fae680 method=java.lang.String.equals(Ljava/lang/Object;)Z @ 8
Event: 0.651 Thread 0x0000017280c09000 Uncommon trap: reason=class_check action=maybe_recompile pc=0x00000172e4fae680 method=java.lang.String.equals(Ljava/lang/Object;)Z @ 8
Event: 0.676 Thread 0x0000017280c09000 Uncommon trap: reason=unstable_if action=reinterpret pc=0x00000172e5174060 method=sun.net.www.ParseUtil.encodePath(Ljava/lang/String;Z)Ljava/lang/String; @ 109
Event: 0.694 Thread 0x0000017280c09000 Uncommon trap: reason=unstable_if action=reinterpret pc=0x00000172e51c9d18 method=jdk.internal.org.objectweb.asm.Type.getArgumentsAndReturnSizes(Ljava/lang/String;)I @ 47
Event: 2.290 Thread 0x0000017280c09000 Uncommon trap: reason=unstable_if action=reinterpret pc=0x00000172e50ce004 method=com.sun.javafx.iio.common.RoughScaler.putSourceScanline([BI)Z @ 33
Event: 2.291 Thread 0x0000017280c09000 Uncommon trap: reason=unstable_if action=reinterpret pc=0x00000172e5278c9c method=com.sun.javafx.iio.gif.GIFImageLoader2.restoreToBackground([BIIII)V @ 7
Event: 2.296 Thread 0x0000017280c09000 Uncommon trap: reason=unstable_if action=reinterpret pc=0x00000172e50eec54 method=com.sun.javafx.image.impl.ByteBgra$ToByteBgraPreConv.doConvert([BII[BIIII)V @ 75
Event: 2.304 Thread 0x0000017280c09000 Uncommon trap: reason=unstable_if action=reinterpret pc=0x00000172e50f6df0 method=com.sun.javafx.iio.png.PNGImageLoader2.paethPr(III)I @ 30
Event: 2.304 Thread 0x0000017280c09000 Uncommon trap: reason=unstable_if action=reinterpret pc=0x00000172e50f94ec method=java.lang.Math.abs(I)I @ 1
Event: 2.557 Thread 0x0000017280c09000 Uncommon trap: reason=unstable_if action=reinterpret pc=0x00000172e52d9120 method=Game.Food.checkCollision(LGame/EnemyBee;)V @ 5

Classes redefined (0 events):
No events

Internal exceptions (10 events):
Event: 2.446 Thread 0x0000017280c09000 Exception <a 'java/util/ConcurrentModificationException'> (0x0000000770d93a78) thrown at [C:\jenkins\workspace\8-2-build-windows-amd64-cygwin\jdk8u261\295\hotspot\src\share\vm\prims\jvm.cpp, line 1516]
Event: 2.462 Thread 0x0000017280c09000 Exception <a 'java/util/ConcurrentModificationException'> (0x0000000770d9a198) thrown at [C:\jenkins\workspace\8-2-build-windows-amd64-cygwin\jdk8u261\295\hotspot\src\share\vm\prims\jvm.cpp, line 1516]
Event: 2.641 Thread 0x0000017280c09000 Exception <a 'java/util/ConcurrentModificationException'> (0x000000076c6004b8) thrown at [C:\jenkins\workspace\8-2-build-windows-amd64-cygwin\jdk8u261\295\hotspot\src\share\vm\prims\jvm.cpp, line 1516]
Event: 2.653 Thread 0x0000017280c09000 Exception <a 'java/util/ConcurrentModificationException'> (0x000000076c61c490) thrown at [C:\jenkins\workspace\8-2-build-windows-amd64-cygwin\jdk8u261\295\hotspot\src\share\vm\prims\jvm.cpp, line 1516]
Event: 2.670 Thread 0x0000017280c09000 Exception <a 'java/util/ConcurrentModificationException'> (0x000000076c622178) thrown at [C:\jenkins\workspace\8-2-build-windows-amd64-cygwin\jdk8u261\295\hotspot\src\share\vm\prims\jvm.cpp, line 1516]
Event: 2.845 Thread 0x0000017280c09000 Exception <a 'java/util/ConcurrentModificationException'> (0x0000000776850230) thrown at [C:\jenkins\workspace\8-2-build-windows-amd64-cygwin\jdk8u261\295\hotspot\src\share\vm\prims\jvm.cpp, line 1516]
Event: 3.075 Thread 0x0000017280c09000 Exception <a 'java/util/ConcurrentModificationException'> (0x000000076c5e6850) thrown at [C:\jenkins\workspace\8-2-build-windows-amd64-cygwin\jdk8u261\295\hotspot\src\share\vm\prims\jvm.cpp, line 1516]
Event: 3.085 Thread 0x0000017280c09000 Exception <a 'java/util/ConcurrentModificationException'> (0x000000076c5ec778) thrown at [C:\jenkins\workspace\8-2-build-windows-amd64-cygwin\jdk8u261\295\hotspot\src\share\vm\prims\jvm.cpp, line 1516]
Event: 3.103 Thread 0x0000017280a17000 Implicit null exception at 0x00000172e52eaadc to 0x00000172e52edc67
Event: 3.103 Thread 0x0000017280a17000 Exception <a 'java/lang/NullPointerException'> (0x00000007704aca90) thrown at [C:\jenkins\workspace\8-2-build-windows-amd64-cygwin\jdk8u261\295\hotspot\src\share\vm\runtime\sharedRuntime.cpp, line 605]

Events (10 events):
Event: 2.835 Thread 0x0000017280c09000 DEOPT PACKING pc=0x00000172e528024f sp=0x000000521eafce50
Event: 2.835 Thread 0x0000017280c09000 DEOPT UNPACKING pc=0x00000172e4ed7898 sp=0x000000521eafcb68 mode 0
Event: 2.835 Thread 0x0000017280c09000 DEOPT PACKING pc=0x00000172e528024f sp=0x000000521eafce50
Event: 2.835 Thread 0x0000017280c09000 DEOPT UNPACKING pc=0x00000172e4ed7898 sp=0x000000521eafcb68 mode 0
Event: 2.933 loading class com/sun/javafx/tk/quantum/GlassViewEventHandler
Event: 2.933 loading class com/sun/javafx/tk/quantum/GlassViewEventHandler done
Event: 2.934 loading class com/sun/javafx/scene/input/KeyCodeMap
Event: 2.934 loading class com/sun/javafx/scene/input/KeyCodeMap done
Event: 3.015 Executing VM operation: ParallelGCFailedAllocation
Event: 3.024 Executing VM operation: ParallelGCFailedAllocation done


Dynamic libraries:
0x00007ff616b20000 - 0x00007ff616b67000 	C:\Program Files\Java\jdk1.8.0_261\bin\javaw.exe
0x00007ffb5a360000 - 0x00007ffb5a569000 	C:\WINDOWS\SYSTEM32\ntdll.dll
0x00007ffb58930000 - 0x00007ffb589ee000 	C:\WINDOWS\System32\KERNEL32.DLL
0x00007ffb57b40000 - 0x00007ffb57ebb000 	C:\WINDOWS\System32\KERNELBASE.dll
0x00007ffb58f70000 - 0x00007ffb5901e000 	C:\WINDOWS\System32\ADVAPI32.dll
0x00007ffb58400000 - 0x00007ffb584a3000 	C:\WINDOWS\System32\msvcrt.dll
0x00007ffb58e70000 - 0x00007ffb58f0e000 	C:\WINDOWS\System32\sechost.dll
0x00007ffb587a0000 - 0x00007ffb588c0000 	C:\WINDOWS\System32\RPCRT4.dll
0x00007ffb59b90000 - 0x00007ffb59d3d000 	C:\WINDOWS\System32\USER32.dll
0x00007ffb57950000 - 0x00007ffb57976000 	C:\WINDOWS\System32\win32u.dll
0x00007ffb58730000 - 0x00007ffb58759000 	C:\WINDOWS\System32\GDI32.dll
0x00007ffb57980000 - 0x00007ffb57a98000 	C:\WINDOWS\System32\gdi32full.dll
0x00007ffb57aa0000 - 0x00007ffb57b3d000 	C:\WINDOWS\System32\msvcp_win.dll
0x00007ffb57830000 - 0x00007ffb57941000 	C:\WINDOWS\System32\ucrtbase.dll
0x00007ffb42e30000 - 0x00007ffb430d5000 	C:\WINDOWS\WinSxS\amd64_microsoft.windows.common-controls_6595b64144ccf1df_6.0.22000.120_none_9d947278b86cc467\COMCTL32.dll
0x00007ffb58760000 - 0x00007ffb58792000 	C:\WINDOWS\System32\IMM32.DLL
0x00007ffb47070000 - 0x00007ffb47085000 	C:\Program Files\Java\jdk1.8.0_261\jre\bin\vcruntime140.dll
0x00007ffb45990000 - 0x00007ffb45a2b000 	C:\Program Files\Java\jdk1.8.0_261\jre\bin\msvcp140.dll
0x0000000074510000 - 0x0000000074d7c000 	C:\Program Files\Java\jdk1.8.0_261\jre\bin\server\jvm.dll
0x00007ffb58e60000 - 0x00007ffb58e68000 	C:\WINDOWS\System32\PSAPI.DLL
0x00007ffb46070000 - 0x00007ffb46079000 	C:\WINDOWS\SYSTEM32\WSOCK32.dll
0x00007ffb4f790000 - 0x00007ffb4f79a000 	C:\WINDOWS\SYSTEM32\VERSION.dll
0x00007ffb588c0000 - 0x00007ffb5892f000 	C:\WINDOWS\System32\WS2_32.dll
0x00007ffb4f430000 - 0x00007ffb4f463000 	C:\WINDOWS\SYSTEM32\WINMM.dll
0x00007ffb56960000 - 0x00007ffb56978000 	C:\WINDOWS\SYSTEM32\kernel.appcore.dll
0x00007ffb534d0000 - 0x00007ffb534e0000 	C:\Program Files\Java\jdk1.8.0_261\jre\bin\verify.dll
0x00007ffb45a30000 - 0x00007ffb45a5b000 	C:\Program Files\Java\jdk1.8.0_261\jre\bin\java.dll
0x00007ffb51200000 - 0x00007ffb51218000 	C:\Program Files\Java\jdk1.8.0_261\jre\bin\zip.dll
0x00007ffb59040000 - 0x00007ffb597f7000 	C:\WINDOWS\System32\SHELL32.dll
0x00007ffb558f0000 - 0x00007ffb56155000 	C:\WINDOWS\SYSTEM32\windows.storage.dll
0x00007ffb59ec0000 - 0x00007ffb5a238000 	C:\WINDOWS\System32\combase.dll
0x00007ffb55780000 - 0x00007ffb558e6000 	C:\WINDOWS\SYSTEM32\wintypes.dll
0x00007ffb59dd0000 - 0x00007ffb59eba000 	C:\WINDOWS\System32\SHCORE.dll
0x00007ffb584b0000 - 0x00007ffb5850d000 	C:\WINDOWS\System32\shlwapi.dll
0x00007ffb57760000 - 0x00007ffb57781000 	C:\WINDOWS\SYSTEM32\profapi.dll
0x00000172e3640000 - 0x00000172e3643000 	C:\Program Files\Java\jdk1.8.0_261\jre\bin\api-ms-win-core-console-l1-1-0.dll
0x00000172e3650000 - 0x00000172e3653000 	C:\Program Files\Java\jdk1.8.0_261\jre\bin\api-ms-win-core-datetime-l1-1-0.dll
0x00000172e3660000 - 0x00000172e3663000 	C:\Program Files\Java\jdk1.8.0_261\jre\bin\api-ms-win-core-debug-l1-1-0.dll
0x00000172e3670000 - 0x00000172e3673000 	C:\Program Files\Java\jdk1.8.0_261\jre\bin\api-ms-win-core-errorhandling-l1-1-0.dll
0x00000172e3680000 - 0x00000172e3684000 	C:\Program Files\Java\jdk1.8.0_261\jre\bin\api-ms-win-core-file-l1-1-0.dll
0x00000172e3690000 - 0x00000172e3693000 	C:\Program Files\Java\jdk1.8.0_261\jre\bin\api-ms-win-core-file-l1-2-0.dll
0x00000172e36a0000 - 0x00000172e36a3000 	C:\Program Files\Java\jdk1.8.0_261\jre\bin\api-ms-win-core-file-l2-1-0.dll
0x00000172e36b0000 - 0x00000172e36b3000 	C:\Program Files\Java\jdk1.8.0_261\jre\bin\api-ms-win-core-handle-l1-1-0.dll
0x00000172e36c0000 - 0x00000172e36c3000 	C:\Program Files\Java\jdk1.8.0_261\jre\bin\api-ms-win-core-heap-l1-1-0.dll
0x00000172e36d0000 - 0x00000172e36d3000 	C:\Program Files\Java\jdk1.8.0_261\jre\bin\api-ms-win-core-interlocked-l1-1-0.dll
0x00000172fff70000 - 0x00000172fff73000 	C:\Program Files\Java\jdk1.8.0_261\jre\bin\api-ms-win-core-libraryloader-l1-1-0.dll
0x00000172fff80000 - 0x00000172fff83000 	C:\Program Files\Java\jdk1.8.0_261\jre\bin\api-ms-win-core-localization-l1-2-0.dll
0x00000172fff90000 - 0x00000172fff93000 	C:\Program Files\Java\jdk1.8.0_261\jre\bin\api-ms-win-core-memory-l1-1-0.dll
0x00000172fffa0000 - 0x00000172fffa3000 	C:\Program Files\Java\jdk1.8.0_261\jre\bin\api-ms-win-core-namedpipe-l1-1-0.dll
0x00000172fffb0000 - 0x00000172fffb3000 	C:\Program Files\Java\jdk1.8.0_261\jre\bin\api-ms-win-core-processenvironment-l1-1-0.dll
0x00000172fffc0000 - 0x00000172fffc3000 	C:\Program Files\Java\jdk1.8.0_261\jre\bin\api-ms-win-core-processthreads-l1-1-0.dll
0x00000172fffd0000 - 0x00000172fffd3000 	C:\Program Files\Java\jdk1.8.0_261\jre\bin\api-ms-win-core-processthreads-l1-1-1.dll
0x00000172fffe0000 - 0x00000172fffe3000 	C:\Program Files\Java\jdk1.8.0_261\jre\bin\api-ms-win-core-profile-l1-1-0.dll
0x00000172ffff0000 - 0x00000172ffff3000 	C:\Program Files\Java\jdk1.8.0_261\jre\bin\api-ms-win-core-rtlsupport-l1-1-0.dll
0x0000017280a50000 - 0x0000017280a53000 	C:\Program Files\Java\jdk1.8.0_261\jre\bin\api-ms-win-core-string-l1-1-0.dll
0x0000017280a60000 - 0x0000017280a63000 	C:\Program Files\Java\jdk1.8.0_261\jre\bin\api-ms-win-core-synch-l1-1-0.dll
0x0000017280a70000 - 0x0000017280a73000 	C:\Program Files\Java\jdk1.8.0_261\jre\bin\api-ms-win-core-synch-l1-2-0.dll
0x0000017280a80000 - 0x0000017280a83000 	C:\Program Files\Java\jdk1.8.0_261\jre\bin\api-ms-win-core-sysinfo-l1-1-0.dll
0x0000017280a90000 - 0x0000017280a93000 	C:\Program Files\Java\jdk1.8.0_261\jre\bin\api-ms-win-core-timezone-l1-1-0.dll
0x0000017280aa0000 - 0x0000017280aa3000 	C:\Program Files\Java\jdk1.8.0_261\jre\bin\api-ms-win-core-util-l1-1-0.dll
0x0000017280ab0000 - 0x0000017280ab3000 	C:\Program Files\Java\jdk1.8.0_261\jre\bin\api-ms-win-crt-conio-l1-1-0.dll
0x0000017280ac0000 - 0x0000017280ac4000 	C:\Program Files\Java\jdk1.8.0_261\jre\bin\api-ms-win-crt-convert-l1-1-0.dll
0x0000017280ad0000 - 0x0000017280ad3000 	C:\Program Files\Java\jdk1.8.0_261\jre\bin\api-ms-win-crt-environment-l1-1-0.dll
0x0000017280ae0000 - 0x0000017280ae3000 	C:\Program Files\Java\jdk1.8.0_261\jre\bin\api-ms-win-crt-filesystem-l1-1-0.dll
0x0000017280af0000 - 0x0000017280af3000 	C:\Program Files\Java\jdk1.8.0_261\jre\bin\api-ms-win-crt-heap-l1-1-0.dll
0x0000017280b00000 - 0x0000017280b03000 	C:\Program Files\Java\jdk1.8.0_261\jre\bin\api-ms-win-crt-locale-l1-1-0.dll
0x0000017280b10000 - 0x0000017280b15000 	C:\Program Files\Java\jdk1.8.0_261\jre\bin\api-ms-win-crt-math-l1-1-0.dll
0x0000017280b20000 - 0x0000017280b25000 	C:\Program Files\Java\jdk1.8.0_261\jre\bin\api-ms-win-crt-multibyte-l1-1-0.dll
0x0000017280b30000 - 0x0000017280b40000 	C:\Program Files\Java\jdk1.8.0_261\jre\bin\api-ms-win-crt-private-l1-1-0.dll
0x0000017280b40000 - 0x0000017280b43000 	C:\Program Files\Java\jdk1.8.0_261\jre\bin\api-ms-win-crt-process-l1-1-0.dll
0x0000017280b50000 - 0x0000017280b54000 	C:\Program Files\Java\jdk1.8.0_261\jre\bin\api-ms-win-crt-runtime-l1-1-0.dll
0x0000017280b60000 - 0x0000017280b64000 	C:\Program Files\Java\jdk1.8.0_261\jre\bin\api-ms-win-crt-stdio-l1-1-0.dll
0x0000017280b70000 - 0x0000017280b74000 	C:\Program Files\Java\jdk1.8.0_261\jre\bin\api-ms-win-crt-string-l1-1-0.dll
0x0000017280b80000 - 0x0000017280b83000 	C:\Program Files\Java\jdk1.8.0_261\jre\bin\api-ms-win-crt-time-l1-1-0.dll
0x0000017280b90000 - 0x0000017280b93000 	C:\Program Files\Java\jdk1.8.0_261\jre\bin\api-ms-win-crt-utility-l1-1-0.dll
0x00007ffb453f0000 - 0x00007ffb454ec000 	C:\Program Files\Java\jdk1.8.0_261\jre\bin\ucrtbase.dll
0x00007ffb45930000 - 0x00007ffb45981000 	C:\Program Files\Java\jdk1.8.0_261\jre\bin\concrt140.dll
0x00007ffb45900000 - 0x00007ffb45923000 	C:\Program Files\Java\jdk1.8.0_261\jre\bin\prism_d3d.dll
0x00007ffb477c0000 - 0x00007ffb47966000 	C:\WINDOWS\system32\d3d9.dll
0x00007ffb54f50000 - 0x00007ffb54f7f000 	C:\WINDOWS\SYSTEM32\dwmapi.dll
0x00007ffb54d20000 - 0x00007ffb54d58000 	C:\WINDOWS\SYSTEM32\dxcore.dll
0x00007ffb549e0000 - 0x00007ffb54a8c000 	C:\WINDOWS\system32\uxtheme.dll
0x00007ffb24370000 - 0x00007ffb244d5000 	C:\WINDOWS\System32\DriverStore\FileRepository\iigd_dch.inf_amd64_e6980897e3126266\igdumdim64.dll
0x00007ffb58510000 - 0x00007ffb586aa000 	C:\WINDOWS\System32\ole32.dll
0x00007ffab16a0000 - 0x00007ffab532b000 	C:\WINDOWS\System32\DriverStore\FileRepository\iigd_dch.inf_amd64_e6980897e3126266\igd9dxva64.dll
0x00007ffb59800000 - 0x00007ffb598d6000 	C:\WINDOWS\System32\OLEAUT32.dll
0x00007ffb589f0000 - 0x00007ffb58e5c000 	C:\WINDOWS\System32\SETUPAPI.dll
0x00007ffb57500000 - 0x00007ffb5754c000 	C:\WINDOWS\SYSTEM32\cfgmgr32.dll
0x00007ffb4da40000 - 0x00007ffb4dd76000 	C:\WINDOWS\System32\DriverStore\FileRepository\iigd_dch.inf_amd64_e6980897e3126266\igdgmm64.dll
0x00007ffb52cb0000 - 0x00007ffb52cf4000 	C:\WINDOWS\SYSTEM32\directxdatabasehelper.dll
0x00007ffb56980000 - 0x00007ffb569b4000 	C:\WINDOWS\SYSTEM32\ntmarta.dll
0x00007ffb457e0000 - 0x00007ffb45825000 	C:\Program Files\Java\jdk1.8.0_261\jre\bin\glass.dll
0x00007ffb59aa0000 - 0x00007ffb59b8c000 	C:\WINDOWS\System32\COMDLG32.dll
0x00007ffb58200000 - 0x00007ffb5831d000 	C:\WINDOWS\System32\MSCTF.dll
0x00007ffb57f30000 - 0x00007ffb57faf000 	C:\WINDOWS\System32\bcryptPrimitives.dll
0x00007ffb128b0000 - 0x00007ffb128d7000 	C:\WINDOWS\System32\DriverStore\FileRepository\iigd_dch.inf_amd64_e6980897e3126266\igdinfo64.dll
0x00007ffb57090000 - 0x00007ffb570a8000 	C:\WINDOWS\SYSTEM32\CRYPTSP.dll
0x00007ffb568c0000 - 0x00007ffb568f5000 	C:\WINDOWS\system32\rsaenh.dll
0x00007ffb57080000 - 0x00007ffb5708c000 	C:\WINDOWS\SYSTEM32\CRYPTBASE.dll
0x00007ffb57210000 - 0x00007ffb57237000 	C:\WINDOWS\SYSTEM32\bcrypt.dll
0x00007ffb48140000 - 0x00007ffb4aecf000 	C:\WINDOWS\System32\DriverStore\FileRepository\iigd_dch.inf_amd64_e6980897e3126266\igc64.dll
0x00007ffb47050000 - 0x00007ffb47064000 	C:\Program Files\Java\jdk1.8.0_261\jre\bin\javafx_font.dll
0x00007ffb39140000 - 0x00007ffb3939f000 	C:\WINDOWS\SYSTEM32\dwrite.dll
0x00007ffb58330000 - 0x00007ffb583e5000 	C:\WINDOWS\System32\clbcatq.dll
0x00007ffb4f7a0000 - 0x00007ffb4f94e000 	C:\WINDOWS\SYSTEM32\WindowsCodecs.dll
0x00007ffb36130000 - 0x00007ffb3618d000 	C:\WINDOWS\system32\dataexchange.dll
0x00007ffb51610000 - 0x00007ffb51876000 	C:\WINDOWS\system32\twinapi.appcore.dll
0x00007ffb43dd0000 - 0x00007ffb43e02000 	C:\Program Files\Common Files\Microsoft Shared\Ink\rtscom.dll
0x00007ffb3ec70000 - 0x00007ffb3ed9d000 	C:\WINDOWS\SYSTEM32\textinputframework.dll
0x00007ffb54600000 - 0x00007ffb54731000 	C:\WINDOWS\SYSTEM32\CoreMessaging.dll
0x00007ffb51d20000 - 0x00007ffb5208d000 	C:\WINDOWS\SYSTEM32\CoreUIComponents.dll
0x00007ffb53510000 - 0x00007ffb53ac8000 	C:\WINDOWS\SYSTEM32\d2d1.dll
0x00007ffb51250000 - 0x00007ffb514d0000 	C:\WINDOWS\SYSTEM32\d3d11.dll
0x00007ffb54b50000 - 0x00007ffb54c43000 	C:\WINDOWS\SYSTEM32\dxgi.dll
0x00007ffb50760000 - 0x00007ffb50e62000 	C:\WINDOWS\SYSTEM32\D3D10Warp.dll
0x00007ffb458e0000 - 0x00007ffb458f2000 	C:\Program Files\Java\jdk1.8.0_261\jre\bin\prism_common.dll

VM Arguments:
jvm_args: -Dfile.encoding=Cp1252 
java_command: Game.RunGame
java_class_path (initial): C:\Users\Jay Latigay\CMSC 22\MiniProject\bin;C:\Users\Jay Latigay\OneDrive\Desktop\eclipse\plugins\org.eclipse.fx.ide.css.jfx8_2.4.0.201605112122.jar
Launcher Type: SUN_STANDARD

Environment Variables:
PATH=C:/Program Files/Java/jdk1.8.0_261/bin/../jre/bin/server;C:/Program Files/Java/jdk1.8.0_261/bin/../jre/bin;C:/Program Files/Java/jdk1.8.0_261/bin/../jre/lib/amd64;C:\Windows\system32;C:\Windows;C:\Windows\System32\Wbem;C:\Windows\System32\WindowsPowerShell\v1.0\;C:\Windows\System32\OpenSSH\;C:\Program Files (x86)\NVIDIA Corporation\PhysX\Common;C:\Program Files\NVIDIA Corporation\NVIDIA NvDLISR;C:\WINDOWS\system32;C:\WINDOWS;C:\WINDOWS\System32\Wbem;C:\WINDOWS\System32\WindowsPowerShell\v1.0\;C:\WINDOWS\System32\OpenSSH\;C:\Program Files\Git\cmd;C:\Program Files\Java\jdk1.8.0_261\bin;C:\Program Files\PowerShell\7\;C:\Users\Jay Latigay\AppData\Local\Programs\Python\Python310\Scripts\;C:\Users\Jay Latigay\AppData\Local\Programs\Python\Python310\;C:\Users\Jay Latigay\AppData\Local\Microsoft\WindowsApps;;C:\Users\Jay Latigay\OneDrive\Desktop\eclipse;
USERNAME=Jay Latigay
OS=Windows_NT
PROCESSOR_IDENTIFIER=Intel64 Family 6 Model 165 Stepping 2, GenuineIntel



---------------  S Y S T E M  ---------------

OS: Windows 10.0 , 64 bit Build 22000 (10.0.22000.1335)

CPU:total 12 (initial active 12) (6 cores per cpu, 2 threads per core) family 6 model 165 stepping 2, cmov, cx8, fxsr, mmx, sse, sse2, sse3, ssse3, sse4.1, sse4.2, popcnt, avx, avx2, aes, clmul, erms, 3dnowpref, lzcnt, ht, tsc, tscinvbit, bmi1, bmi2, adx

Memory: 4k page, physical 16641840k(2502172k free), swap 66973488k(5132k free)

vm_info: Java HotSpot(TM) 64-Bit Server VM (25.261-b12) for windows-amd64 JRE (1.8.0_261-b12), built on Jun 18 2020 06:56:32 by "" with unknown MS VC++:1916

time: Tue Jan 10 05:48:05 2023
timezone: Malay Peninsula Standard Time
elapsed time: 3 seconds (0d 0h 0m 3s)

