#
# There is insufficient memory for the Java Runtime Environment to continue.
# Native memory allocation (malloc) failed to allocate 32784 bytes for Chunk::new
# Possible reasons:
#   The system is out of physical RAM or swap space
#   The process is running with CompressedOops enabled, and the Java Heap may be blocking the growth of the native heap
# Possible solutions:
#   Reduce memory load on the system
#   Increase physical memory or swap space
#   Check if swap backing store is full
#   Decrease Java heap size (-Xmx/-Xms)
#   Decrease number of Java threads
#   Decrease Java thread stack sizes (-Xss)
#   Set larger code cache with -XX:ReservedCodeCacheSize=
#   JVM is running with Zero Based Compressed Oops mode in which the Java heap is
#     placed in the first 32GB address space. The Java Heap base address is the
#     maximum limit for the native heap growth. Please use -XX:HeapBaseMinAddress
#     to set the Java Heap base and to place the Java Heap above 32GB virtual address.
# This output file may be truncated or incomplete.
#
#  Out of Memory Error (allocation.cpp:389), pid=7316, tid=0x0000000000006004
#
# JRE version: Java(TM) SE Runtime Environment (8.0_261-b12) (build 1.8.0_261-b12)
# Java VM: Java HotSpot(TM) 64-Bit Server VM (25.261-b12 mixed mode windows-amd64 compressed oops)
# Failed to write core dump. Minidumps are not enabled by default on client versions of Windows
#

---------------  T H R E A D  ---------------

Current thread (0x000001f11c59d000):  JavaThread "C2 CompilerThread1" daemon [_thread_in_native, id=24580, stack(0x0000002fd2600000,0x0000002fd2700000)]

Stack: [0x0000002fd2600000,0x0000002fd2700000]
Native frames: (J=compiled Java code, j=interpreted, Vv=VM code, C=native code)
V  [jvm.dll+0x33e5f9]
V  [jvm.dll+0x2850e2]
V  [jvm.dll+0x285d8d]
V  [jvm.dll+0x27c895]
V  [jvm.dll+0xe4d6c]
V  [jvm.dll+0xe556c]
V  [jvm.dll+0xe50bd]
V  [jvm.dll+0x4d506f]
V  [jvm.dll+0x4a5ad8]
V  [jvm.dll+0x4b1611]
V  [jvm.dll+0x4b3c92]
V  [jvm.dll+0x4b37d0]
V  [jvm.dll+0x4b3814]
V  [jvm.dll+0x4b36d1]
V  [jvm.dll+0x49d3ca]
V  [jvm.dll+0x4518c1]
V  [jvm.dll+0x44eb84]
V  [jvm.dll+0x439bc7]
V  [jvm.dll+0xbbbcb]
V  [jvm.dll+0xba22b]
V  [jvm.dll+0x24d962]
V  [VERSION.dll+0x2a1cfc]
C  [ucrtbase.dll+0x26c0c]
C  [KERNEL32.DLL+0x155a0]
C  [ntdll.dll+0x485b]


Current CompileTask:
C2:  11673 2428       4       sun.text.bidi.BidiBase::setPara (740 bytes)


---------------  P R O C E S S  ---------------

Java Threads: ( => current thread )
  0x000001f124a3e800 JavaThread "Thread-47" [_thread_blocked, id=4348, stack(0x0000002fd6300000,0x0000002fd6400000)]
  0x000001f124a40000 JavaThread "Thread-46" [_thread_blocked, id=22268, stack(0x0000002fd6200000,0x0000002fd6300000)]
  0x000001f124a3a000 JavaThread "Thread-45" [_thread_blocked, id=33520, stack(0x0000002fd6100000,0x0000002fd6200000)]
  0x000001f124a3a800 JavaThread "Thread-44" [_thread_blocked, id=22452, stack(0x0000002fd6000000,0x0000002fd6100000)]
  0x000001f124a3c000 JavaThread "Thread-43" [_thread_blocked, id=26260, stack(0x0000002fd5f00000,0x0000002fd6000000)]
  0x000001f124a39000 JavaThread "Thread-42" [_thread_blocked, id=32100, stack(0x0000002fd5e00000,0x0000002fd5f00000)]
  0x000001f124a3d800 JavaThread "Thread-41" [_thread_blocked, id=14364, stack(0x0000002fd5d00000,0x0000002fd5e00000)]
  0x000001f11eba9000 JavaThread "Thread-40" [_thread_blocked, id=18000, stack(0x0000002fd5c00000,0x0000002fd5d00000)]
  0x000001f11eba1800 JavaThread "Thread-39" [_thread_blocked, id=19724, stack(0x0000002fd5b00000,0x0000002fd5c00000)]
  0x000001f11eba8800 JavaThread "Thread-38" [_thread_blocked, id=21852, stack(0x0000002fd5a00000,0x0000002fd5b00000)]
  0x000001f11eba7000 JavaThread "Thread-37" [_thread_blocked, id=26984, stack(0x0000002fd5900000,0x0000002fd5a00000)]
  0x000001f11eba0800 JavaThread "Thread-36" [_thread_blocked, id=29396, stack(0x0000002fd5800000,0x0000002fd5900000)]
  0x000001f11eba7800 JavaThread "Thread-35" [_thread_blocked, id=14972, stack(0x0000002fd5700000,0x0000002fd5800000)]
  0x000001f11eba6000 JavaThread "Thread-34" [_thread_blocked, id=33788, stack(0x0000002fd5600000,0x0000002fd5700000)]
  0x000001f11eba5800 JavaThread "Thread-33" [_thread_blocked, id=26960, stack(0x0000002fd5500000,0x0000002fd5600000)]
  0x000001f11eba3000 JavaThread "Thread-32" [_thread_blocked, id=19868, stack(0x0000002fd5400000,0x0000002fd5500000)]
  0x000001f11eba4800 JavaThread "Thread-31" [_thread_blocked, id=14160, stack(0x0000002fd5300000,0x0000002fd5400000)]
  0x000001f11eba2800 JavaThread "Thread-30" [_thread_blocked, id=29796, stack(0x0000002fd5200000,0x0000002fd5300000)]
  0x000001f11eba0000 JavaThread "Thread-29" [_thread_blocked, id=32040, stack(0x0000002fd5100000,0x0000002fd5200000)]
  0x000001f11eba4000 JavaThread "Thread-28" [_thread_blocked, id=27024, stack(0x0000002fd5000000,0x0000002fd5100000)]
  0x000001f11eb9e800 JavaThread "Thread-27" [_thread_blocked, id=9408, stack(0x0000002fd4f00000,0x0000002fd5000000)]
  0x000001f11eb9a000 JavaThread "Thread-26" [_thread_blocked, id=32264, stack(0x0000002fd4e00000,0x0000002fd4f00000)]
  0x000001f11ead5000 JavaThread "Prism Font Disposer" daemon [_thread_blocked, id=26952, stack(0x0000002fd3600000,0x0000002fd3700000)]
  0x000001f11e651800 JavaThread "Thread-3" daemon [_thread_in_native, id=6940, stack(0x0000002fd3100000,0x0000002fd3200000)]
  0x000001f11e5f2000 JavaThread "JavaFX-Launcher" [_thread_blocked, id=12448, stack(0x0000002fd3200000,0x0000002fd3300000)]
  0x000001f11e426000 JavaThread "JavaFX Application Thread" [_thread_blocked, id=24856, stack(0x0000002fd2d00000,0x0000002fd2e00000)]
  0x000001f11e41f000 JavaThread "Thread-1" daemon [_thread_blocked, id=31408, stack(0x0000002fd2c00000,0x0000002fd2d00000)]
  0x000001f11e11f000 JavaThread "QuantumRenderer-0" daemon [_thread_in_native, id=2328, stack(0x0000002fd2b00000,0x0000002fd2c00000)]
  0x000001f11dd9d800 JavaThread "Service Thread" daemon [_thread_blocked, id=27976, stack(0x0000002fd2900000,0x0000002fd2a00000)]
  0x000001f11c5ad800 JavaThread "C1 CompilerThread3" daemon [_thread_blocked, id=33312, stack(0x0000002fd2800000,0x0000002fd2900000)]
  0x000001f11c5ac800 JavaThread "C2 CompilerThread2" daemon [_thread_blocked, id=20256, stack(0x0000002fd2700000,0x0000002fd2800000)]
=>0x000001f11c59d000 JavaThread "C2 CompilerThread1" daemon [_thread_in_native, id=24580, stack(0x0000002fd2600000,0x0000002fd2700000)]
  0x000001f11c597000 JavaThread "C2 CompilerThread0" daemon [_thread_blocked, id=29364, stack(0x0000002fd2500000,0x0000002fd2600000)]
  0x000001f11c595800 JavaThread "Attach Listener" daemon [_thread_blocked, id=11404, stack(0x0000002fd2400000,0x0000002fd2500000)]
  0x000001f11c595000 JavaThread "Signal Dispatcher" daemon [_thread_blocked, id=25436, stack(0x0000002fd2300000,0x0000002fd2400000)]
  0x000001f11c574800 JavaThread "Finalizer" daemon [_thread_blocked, id=31460, stack(0x0000002fd2200000,0x0000002fd2300000)]
  0x000001f11c56d800 JavaThread "Reference Handler" daemon [_thread_blocked, id=27844, stack(0x0000002fd2100000,0x0000002fd2200000)]
  0x000001f100bd5000 JavaThread "main" [_thread_blocked, id=18364, stack(0x0000002fd1500000,0x0000002fd1600000)]

Other Threads:
  0x000001f11c543800 VMThread [stack: 0x0000002fd2000000,0x0000002fd2100000] [id=27132]
  0x000001f11ddca800 WatcherThread [stack: 0x0000002fd2a00000,0x0000002fd2b00000] [id=27552]

VM state:not at safepoint (normal execution)

VM Mutex/Monitor currently owned by a thread: None

heap address: 0x00000006c2000000, size: 4064 MB, Compressed Oops mode: Zero based, Oop shift amount: 3
Narrow klass base: 0x0000000000000000, Narrow klass shift: 3
Compressed class space size: 1073741824 Address: 0x00000007c0000000

Heap:
 PSYoungGen      total 335360K, used 169980K [0x000000076b580000, 0x0000000780c80000, 0x00000007c0000000)
  eden space 322560K, 52% used [0x000000076b580000,0x0000000775a05350,0x000000077f080000)
  from space 12800K, 11% used [0x000000077f080000,0x000000077f1fa0a0,0x000000077fd00000)
  to   space 12800K, 0% used [0x000000077fd00000,0x000000077fd00000,0x0000000780980000)
 ParOldGen       total 432128K, used 305622K [0x00000006c2000000, 0x00000006dc600000, 0x000000076b580000)
  object space 432128K, 70% used [0x00000006c2000000,0x00000006d4a75810,0x00000006dc600000)
 Metaspace       used 14029K, capacity 14612K, committed 14848K, reserved 1062912K
  class space    used 1833K, capacity 1996K, committed 2048K, reserved 1048576K

Card table byte_map: [0x000001f111ac0000,0x000001f1122c0000] byte_map_base: 0x000001f10e4b0000

Marking Bits: (ParMarkBitMap*) 0x0000000074d04fb0
 Begin Bits: [0x000001f112810000, 0x000001f116790000)
 End Bits:   [0x000001f116790000, 0x000001f11a710000)

Polling page: 0x000001f100b90000

CodeCache: size=245760Kb used=9282Kb max_used=9289Kb free=236477Kb
 bounds [0x000001f102700000, 0x000001f103020000, 0x000001f111700000]
 total_blobs=3022 nmethods=2383 adapters=551
 compilation: enabled

Compilation events (10 events):
Event: 11.592 Thread 0x000001f11c5ad800 nmethod 2422 0x000001f102843310 code [0x000001f102843460, 0x000001f1028435b8]
Event: 11.592 Thread 0x000001f11c5ad800 2423       3       java.util.concurrent.CopyOnWriteArraySet::add (9 bytes)
Event: 11.592 Thread 0x000001f11c5ad800 nmethod 2423 0x000001f10292b490 code [0x000001f10292b620, 0x000001f10292b9a0]
Event: 11.592 Thread 0x000001f11c597000 2424       4       com.sun.javafx.sg.prism.NGText::renderContent2D (355 bytes)
Event: 11.599 Thread 0x000001f11c597000 nmethod 2424 0x000001f1030174d0 code [0x000001f1030176e0, 0x000001f1030182a8]
Event: 11.626 Thread 0x000001f11c5ad800 2426  s    3       javafx.scene.text.Font::getDefault (26 bytes)
Event: 11.626 Thread 0x000001f11c5ad800 nmethod 2426 0x000001f102936e10 code [0x000001f102936fe0, 0x000001f102937640]
Event: 11.630 Thread 0x000001f11c5ac800 2427       4       com.sun.javafx.font.PrismFont::equals (52 bytes)
Event: 11.632 Thread 0x000001f11c5ac800 nmethod 2427 0x000001f102930250 code [0x000001f1029303c0, 0x000001f1029307d8]
Event: 11.647 Thread 0x000001f11c59d000 2428       4       sun.text.bidi.BidiBase::setPara (740 bytes)

GC Heap History (10 events):
Event: 9.552 GC heap before
{Heap before GC invocations=19 (full 3):
 PSYoungGen      total 335360K, used 326181K [0x000000076b580000, 0x0000000780c80000, 0x00000007c0000000)
  eden space 322560K, 99% used [0x000000076b580000,0x000000077efc3e78,0x000000077f080000)
  from space 12800K, 34% used [0x000000077f080000,0x000000077f4c5620,0x000000077fd00000)
  to   space 12800K, 0% used [0x000000077fd00000,0x000000077fd00000,0x0000000780980000)
 ParOldGen       total 417792K, used 335148K [0x00000006c2000000, 0x00000006db800000, 0x000000076b580000)
  object space 417792K, 80% used [0x00000006c2000000,0x00000006d674b3e0,0x00000006db800000)
 Metaspace       used 13983K, capacity 14612K, committed 14848K, reserved 1062912K
  class space    used 1833K, capacity 1996K, committed 2048K, reserved 1048576K
Event: 9.557 GC heap after
Heap after GC invocations=19 (full 3):
 PSYoungGen      total 335360K, used 1018K [0x000000076b580000, 0x0000000780c80000, 0x00000007c0000000)
  eden space 322560K, 0% used [0x000000076b580000,0x000000076b580000,0x000000077f080000)
  from space 12800K, 7% used [0x000000077fd00000,0x000000077fdfe870,0x0000000780980000)
  to   space 12800K, 0% used [0x000000077f080000,0x000000077f080000,0x000000077fd00000)
 ParOldGen       total 417792K, used 348381K [0x00000006c2000000, 0x00000006db800000, 0x000000076b580000)
  object space 417792K, 83% used [0x00000006c2000000,0x00000006d74377f0,0x00000006db800000)
 Metaspace       used 13983K, capacity 14612K, committed 14848K, reserved 1062912K
  class space    used 1833K, capacity 1996K, committed 2048K, reserved 1048576K
}
Event: 9.558 GC heap before
{Heap before GC invocations=20 (full 4):
 PSYoungGen      total 335360K, used 1018K [0x000000076b580000, 0x0000000780c80000, 0x00000007c0000000)
  eden space 322560K, 0% used [0x000000076b580000,0x000000076b580000,0x000000077f080000)
  from space 12800K, 7% used [0x000000077fd00000,0x000000077fdfe870,0x0000000780980000)
  to   space 12800K, 0% used [0x000000077f080000,0x000000077f080000,0x000000077fd00000)
 ParOldGen       total 417792K, used 348381K [0x00000006c2000000, 0x00000006db800000, 0x000000076b580000)
  object space 417792K, 83% used [0x00000006c2000000,0x00000006d74377f0,0x00000006db800000)
 Metaspace       used 13983K, capacity 14612K, committed 14848K, reserved 1062912K
  class space    used 1833K, capacity 1996K, committed 2048K, reserved 1048576K
Event: 9.568 GC heap after
Heap after GC invocations=20 (full 4):
 PSYoungGen      total 335360K, used 0K [0x000000076b580000, 0x0000000780c80000, 0x00000007c0000000)
  eden space 322560K, 0% used [0x000000076b580000,0x000000076b580000,0x000000077f080000)
  from space 12800K, 0% used [0x000000077fd00000,0x000000077fd00000,0x0000000780980000)
  to   space 12800K, 0% used [0x000000077f080000,0x000000077f080000,0x000000077fd00000)
 ParOldGen       total 432128K, used 226255K [0x00000006c2000000, 0x00000006dc600000, 0x000000076b580000)
  object space 432128K, 52% used [0x00000006c2000000,0x00000006cfcf3fb0,0x00000006dc600000)
 Metaspace       used 13983K, capacity 14612K, committed 14848K, reserved 1062912K
  class space    used 1833K, capacity 1996K, committed 2048K, reserved 1048576K
}
Event: 10.644 GC heap before
{Heap before GC invocations=21 (full 4):
 PSYoungGen      total 335360K, used 312166K [0x000000076b580000, 0x0000000780c80000, 0x00000007c0000000)
  eden space 322560K, 96% used [0x000000076b580000,0x000000077e659998,0x000000077f080000)
  from space 12800K, 0% used [0x000000077fd00000,0x000000077fd00000,0x0000000780980000)
  to   space 12800K, 0% used [0x000000077f080000,0x000000077f080000,0x000000077fd00000)
 ParOldGen       total 432128K, used 226255K [0x00000006c2000000, 0x00000006dc600000, 0x000000076b580000)
  object space 432128K, 52% used [0x00000006c2000000,0x00000006cfcf3fb0,0x00000006dc600000)
 Metaspace       used 14002K, capacity 14612K, committed 14848K, reserved 1062912K
  class space    used 1833K, capacity 1996K, committed 2048K, reserved 1048576K
Event: 10.648 GC heap after
Heap after GC invocations=21 (full 4):
 PSYoungGen      total 335360K, used 4020K [0x000000076b580000, 0x0000000780c80000, 0x00000007c0000000)
  eden space 322560K, 0% used [0x000000076b580000,0x000000076b580000,0x000000077f080000)
  from space 12800K, 31% used [0x000000077f080000,0x000000077f46d2f0,0x000000077fd00000)
  to   space 12800K, 0% used [0x000000077fd00000,0x000000077fd00000,0x0000000780980000)
 ParOldGen       total 432128K, used 252713K [0x00000006c2000000, 0x00000006dc600000, 0x000000076b580000)
  object space 432128K, 58% used [0x00000006c2000000,0x00000006d16ca7d0,0x00000006dc600000)
 Metaspace       used 14002K, capacity 14612K, committed 14848K, reserved 1062912K
  class space    used 1833K, capacity 1996K, committed 2048K, reserved 1048576K
}
Event: 11.002 GC heap before
{Heap before GC invocations=22 (full 4):
 PSYoungGen      total 335360K, used 315089K [0x000000076b580000, 0x0000000780c80000, 0x00000007c0000000)
  eden space 322560K, 96% used [0x000000076b580000,0x000000077e5472d8,0x000000077f080000)
  from space 12800K, 31% used [0x000000077f080000,0x000000077f46d2f0,0x000000077fd00000)
  to   space 12800K, 0% used [0x000000077fd00000,0x000000077fd00000,0x0000000780980000)
 ParOldGen       total 432128K, used 252713K [0x00000006c2000000, 0x00000006dc600000, 0x000000076b580000)
  object space 432128K, 58% used [0x00000006c2000000,0x00000006d16ca7d0,0x00000006dc600000)
 Metaspace       used 14010K, capacity 14612K, committed 14848K, reserved 1062912K
  class space    used 1833K, capacity 1996K, committed 2048K, reserved 1048576K
Event: 11.005 GC heap after
Heap after GC invocations=22 (full 4):
 PSYoungGen      total 335360K, used 1206K [0x000000076b580000, 0x0000000780c80000, 0x00000007c0000000)
  eden space 322560K, 0% used [0x000000076b580000,0x000000076b580000,0x000000077f080000)
  from space 12800K, 9% used [0x000000077fd00000,0x000000077fe2daa0,0x0000000780980000)
  to   space 12800K, 0% used [0x000000077f080000,0x000000077f080000,0x000000077fd00000)
 ParOldGen       total 432128K, used 279171K [0x00000006c2000000, 0x00000006dc600000, 0x000000076b580000)
  object space 432128K, 64% used [0x00000006c2000000,0x00000006d30a0ff0,0x00000006dc600000)
 Metaspace       used 14010K, capacity 14612K, committed 14848K, reserved 1062912K
  class space    used 1833K, capacity 1996K, committed 2048K, reserved 1048576K
}
Event: 11.482 GC heap before
{Heap before GC invocations=23 (full 4):
 PSYoungGen      total 335360K, used 317464K [0x000000076b580000, 0x0000000780c80000, 0x00000007c0000000)
  eden space 322560K, 98% used [0x000000076b580000,0x000000077ea58620,0x000000077f080000)
  from space 12800K, 9% used [0x000000077fd00000,0x000000077fe2daa0,0x0000000780980000)
  to   space 12800K, 0% used [0x000000077f080000,0x000000077f080000,0x000000077fd00000)
 ParOldGen       total 432128K, used 279171K [0x00000006c2000000, 0x00000006dc600000, 0x000000076b580000)
  object space 432128K, 64% used [0x00000006c2000000,0x00000006d30a0ff0,0x00000006dc600000)
 Metaspace       used 14014K, capacity 14612K, committed 14848K, reserved 1062912K
  class space    used 1833K, capacity 1996K, committed 2048K, reserved 1048576K
Event: 11.485 GC heap after
Heap after GC invocations=23 (full 4):
 PSYoungGen      total 335360K, used 1512K [0x000000076b580000, 0x0000000780c80000, 0x00000007c0000000)
  eden space 322560K, 0% used [0x000000076b580000,0x000000076b580000,0x000000077f080000)
  from space 12800K, 11% used [0x000000077f080000,0x000000077f1fa0a0,0x000000077fd00000)
  to   space 12800K, 0% used [0x000000077fd00000,0x000000077fd00000,0x0000000780980000)
 ParOldGen       total 432128K, used 305622K [0x00000006c2000000, 0x00000006dc600000, 0x000000076b580000)
  object space 432128K, 70% used [0x00000006c2000000,0x00000006d4a75810,0x00000006dc600000)
 Metaspace       used 14014K, capacity 14612K, committed 14848K, reserved 1062912K
  class space    used 1833K, capacity 1996K, committed 2048K, reserved 1048576K
}

Deoptimization events (10 events):
Event: 7.190 Thread 0x000001f11e11f000 Uncommon trap: reason=class_check action=maybe_recompile pc=0x000001f102efa8b0 method=java.lang.reflect.Array.newInstance(Ljava/lang/Class;I)Ljava/lang/Object; @ 2
Event: 7.190 Thread 0x000001f11e11f000 Uncommon trap: reason=class_check action=maybe_recompile pc=0x000001f102efa8b0 method=java.lang.reflect.Array.newInstance(Ljava/lang/Class;I)Ljava/lang/Object; @ 2
Event: 7.190 Thread 0x000001f11e11f000 Uncommon trap: reason=class_check action=maybe_recompile pc=0x000001f102efa8b0 method=java.lang.reflect.Array.newInstance(Ljava/lang/Class;I)Ljava/lang/Object; @ 2
Event: 7.190 Thread 0x000001f11e11f000 Uncommon trap: reason=class_check action=maybe_recompile pc=0x000001f102efa8b0 method=java.lang.reflect.Array.newInstance(Ljava/lang/Class;I)Ljava/lang/Object; @ 2
Event: 7.641 Thread 0x000001f11e426000 Uncommon trap: reason=unstable_if action=reinterpret pc=0x000001f102ecdaa0 method=com.sun.scenario.animation.shared.InfiniteClipEnvelope.timePulse(J)V @ 245
Event: 7.689 Thread 0x000001f11e426000 Uncommon trap: reason=unstable_if action=reinterpret pc=0x000001f102f011ac method=Game.GameTimer.handle(J)V @ 131
Event: 9.618 Thread 0x000001f11e11f000 Uncommon trap: reason=null_check action=make_not_entrant pc=0x000001f102f8b7e0 method=com.sun.prism.impl.BaseResourcePool$WeakLinkedList.getResource()Lcom/sun/prism/impl/ManagedResource; @ 7
Event: 9.618 Thread 0x000001f11e11f000 Uncommon trap: reason=unstable_if action=reinterpret pc=0x000001f102cdf5f0 method=com.sun.prism.impl.ManagedResource._isgone(Lcom/sun/prism/impl/ManagedResource;)Z @ 1
Event: 9.618 Thread 0x000001f11e11f000 Uncommon trap: reason=null_check action=make_not_entrant pc=0x000001f102c9ba18 method=com.sun.prism.impl.BaseResourcePool$WeakLinkedList.getResource()Lcom/sun/prism/impl/ManagedResource; @ 7
Event: 11.018 Thread 0x000001f11e426000 Uncommon trap: reason=unstable_if action=reinterpret pc=0x000001f102fe2f04 method=com.sun.scenario.animation.shared.InfiniteClipEnvelope.timePulse(J)V @ 63

Classes redefined (0 events):
No events

Internal exceptions (10 events):
Event: 10.810 Thread 0x000001f11e426000 Exception <a 'java/util/ConcurrentModificationException'> (0x000000076c6b3388) thrown at [C:\jenkins\workspace\8-2-build-windows-amd64-cygwin\jdk8u261\295\hotspot\src\share\vm\prims\jvm.cpp, line 1516]
Event: 11.010 Thread 0x000001f11e426000 Exception <a 'java/util/ConcurrentModificationException'> (0x000000076c2710a8) thrown at [C:\jenkins\workspace\8-2-build-windows-amd64-cygwin\jdk8u261\295\hotspot\src\share\vm\prims\jvm.cpp, line 1516]
Event: 11.018 Thread 0x000001f11e426000 Exception <a 'java/util/ConcurrentModificationException'> (0x000000076cb09578) thrown at [C:\jenkins\workspace\8-2-build-windows-amd64-cygwin\jdk8u261\295\hotspot\src\share\vm\prims\jvm.cpp, line 1516]
Event: 11.375 Thread 0x000001f11e426000 Exception <a 'java/util/ConcurrentModificationException'> (0x000000076cf9e490) thrown at [C:\jenkins\workspace\8-2-build-windows-amd64-cygwin\jdk8u261\295\hotspot\src\share\vm\prims\jvm.cpp, line 1516]
Event: 11.385 Thread 0x000001f11e426000 Exception <a 'java/util/ConcurrentModificationException'> (0x000000076cfa4320) thrown at [C:\jenkins\workspace\8-2-build-windows-amd64-cygwin\jdk8u261\295\hotspot\src\share\vm\prims\jvm.cpp, line 1516]
Event: 11.401 Thread 0x000001f11e426000 Exception <a 'java/util/ConcurrentModificationException'> (0x000000076cfaa130) thrown at [C:\jenkins\workspace\8-2-build-windows-amd64-cygwin\jdk8u261\295\hotspot\src\share\vm\prims\jvm.cpp, line 1516]
Event: 11.417 Thread 0x000001f11e426000 Exception <a 'java/util/ConcurrentModificationException'> (0x000000076cfb0070) thrown at [C:\jenkins\workspace\8-2-build-windows-amd64-cygwin\jdk8u261\295\hotspot\src\share\vm\prims\jvm.cpp, line 1516]
Event: 11.593 Thread 0x000001f11e426000 Exception <a 'java/util/ConcurrentModificationException'> (0x000000076c66e970) thrown at [C:\jenkins\workspace\8-2-build-windows-amd64-cygwin\jdk8u261\295\hotspot\src\share\vm\prims\jvm.cpp, line 1516]
Event: 11.594 Thread 0x000001f11e426000 Exception <a 'java/util/ConcurrentModificationException'> (0x000000076c6747e8) thrown at [C:\jenkins\workspace\8-2-build-windows-amd64-cygwin\jdk8u261\295\hotspot\src\share\vm\prims\jvm.cpp, line 1516]
Event: 11.610 Thread 0x000001f11e426000 Exception <a 'java/util/ConcurrentModificationException'> (0x000000076c67a5e0) thrown at [C:\jenkins\workspace\8-2-build-windows-amd64-cygwin\jdk8u261\295\hotspot\src\share\vm\prims\jvm.cpp, line 1516]

Events (10 events):
Event: 11.482 Executing VM operation: ParallelGCFailedAllocation
Event: 11.485 Executing VM operation: ParallelGCFailedAllocation done
Event: 11.486 Executing VM operation: RevokeBias
Event: 11.489 Executing VM operation: RevokeBias done
Event: 11.489 Executing VM operation: RevokeBias
Event: 11.490 Executing VM operation: RevokeBias done
Event: 11.490 Executing VM operation: RevokeBias
Event: 11.490 Executing VM operation: RevokeBias done
Event: 11.490 Executing VM operation: RevokeBias
Event: 11.490 Executing VM operation: RevokeBias done


Dynamic libraries:
0x00007ff616b20000 - 0x00007ff616b67000 	C:\Program Files\Java\jdk1.8.0_261\bin\javaw.exe
0x00007ffb5a360000 - 0x00007ffb5a569000 	C:\WINDOWS\SYSTEM32\ntdll.dll
0x00007ffb58930000 - 0x00007ffb589ee000 	C:\WINDOWS\System32\KERNEL32.DLL
0x00007ffb57b40000 - 0x00007ffb57ebb000 	C:\WINDOWS\System32\KERNELBASE.dll
0x00007ffb58f70000 - 0x00007ffb5901e000 	C:\WINDOWS\System32\ADVAPI32.dll
0x00007ffb58400000 - 0x00007ffb584a3000 	C:\WINDOWS\System32\msvcrt.dll
0x00007ffb58e70000 - 0x00007ffb58f0e000 	C:\WINDOWS\System32\sechost.dll
0x00007ffb587a0000 - 0x00007ffb588c0000 	C:\WINDOWS\System32\RPCRT4.dll
0x00007ffb59b90000 - 0x00007ffb59d3d000 	C:\WINDOWS\System32\USER32.dll
0x00007ffb57950000 - 0x00007ffb57976000 	C:\WINDOWS\System32\win32u.dll
0x00007ffb58730000 - 0x00007ffb58759000 	C:\WINDOWS\System32\GDI32.dll
0x00007ffb57980000 - 0x00007ffb57a98000 	C:\WINDOWS\System32\gdi32full.dll
0x00007ffb57aa0000 - 0x00007ffb57b3d000 	C:\WINDOWS\System32\msvcp_win.dll
0x00007ffb57830000 - 0x00007ffb57941000 	C:\WINDOWS\System32\ucrtbase.dll
0x00007ffb42e30000 - 0x00007ffb430d5000 	C:\WINDOWS\WinSxS\amd64_microsoft.windows.common-controls_6595b64144ccf1df_6.0.22000.120_none_9d947278b86cc467\COMCTL32.dll
0x00007ffb58760000 - 0x00007ffb58792000 	C:\WINDOWS\System32\IMM32.DLL
0x00007ffb47070000 - 0x00007ffb47085000 	C:\Program Files\Java\jdk1.8.0_261\jre\bin\vcruntime140.dll
0x00007ffb45990000 - 0x00007ffb45a2b000 	C:\Program Files\Java\jdk1.8.0_261\jre\bin\msvcp140.dll
0x0000000074510000 - 0x0000000074d7c000 	C:\Program Files\Java\jdk1.8.0_261\jre\bin\server\jvm.dll
0x00007ffb58e60000 - 0x00007ffb58e68000 	C:\WINDOWS\System32\PSAPI.DLL
0x00007ffb46070000 - 0x00007ffb46079000 	C:\WINDOWS\SYSTEM32\WSOCK32.dll
0x00007ffb4f430000 - 0x00007ffb4f463000 	C:\WINDOWS\SYSTEM32\WINMM.dll
0x00007ffb4f790000 - 0x00007ffb4f79a000 	C:\WINDOWS\SYSTEM32\VERSION.dll
0x00007ffb588c0000 - 0x00007ffb5892f000 	C:\WINDOWS\System32\WS2_32.dll
0x00007ffb56960000 - 0x00007ffb56978000 	C:\WINDOWS\SYSTEM32\kernel.appcore.dll
0x00007ffb534d0000 - 0x00007ffb534e0000 	C:\Program Files\Java\jdk1.8.0_261\jre\bin\verify.dll
0x00007ffb45a30000 - 0x00007ffb45a5b000 	C:\Program Files\Java\jdk1.8.0_261\jre\bin\java.dll
0x00007ffb51200000 - 0x00007ffb51218000 	C:\Program Files\Java\jdk1.8.0_261\jre\bin\zip.dll
0x00007ffb59040000 - 0x00007ffb597f7000 	C:\WINDOWS\System32\SHELL32.dll
0x00007ffb558f0000 - 0x00007ffb56155000 	C:\WINDOWS\SYSTEM32\windows.storage.dll
0x00007ffb59ec0000 - 0x00007ffb5a238000 	C:\WINDOWS\System32\combase.dll
0x00007ffb55780000 - 0x00007ffb558e6000 	C:\WINDOWS\SYSTEM32\wintypes.dll
0x00007ffb59dd0000 - 0x00007ffb59eba000 	C:\WINDOWS\System32\SHCORE.dll
0x00007ffb584b0000 - 0x00007ffb5850d000 	C:\WINDOWS\System32\shlwapi.dll
0x00007ffb57760000 - 0x00007ffb57781000 	C:\WINDOWS\SYSTEM32\profapi.dll
0x000001f11e150000 - 0x000001f11e153000 	C:\Program Files\Java\jdk1.8.0_261\jre\bin\api-ms-win-core-console-l1-1-0.dll
0x000001f11e160000 - 0x000001f11e163000 	C:\Program Files\Java\jdk1.8.0_261\jre\bin\api-ms-win-core-datetime-l1-1-0.dll
0x000001f11e170000 - 0x000001f11e173000 	C:\Program Files\Java\jdk1.8.0_261\jre\bin\api-ms-win-core-debug-l1-1-0.dll
0x000001f11e180000 - 0x000001f11e183000 	C:\Program Files\Java\jdk1.8.0_261\jre\bin\api-ms-win-core-errorhandling-l1-1-0.dll
0x000001f11e190000 - 0x000001f11e194000 	C:\Program Files\Java\jdk1.8.0_261\jre\bin\api-ms-win-core-file-l1-1-0.dll
0x000001f11e1a0000 - 0x000001f11e1a3000 	C:\Program Files\Java\jdk1.8.0_261\jre\bin\api-ms-win-core-file-l1-2-0.dll
0x000001f11e1b0000 - 0x000001f11e1b3000 	C:\Program Files\Java\jdk1.8.0_261\jre\bin\api-ms-win-core-file-l2-1-0.dll
0x000001f11e1c0000 - 0x000001f11e1c3000 	C:\Program Files\Java\jdk1.8.0_261\jre\bin\api-ms-win-core-handle-l1-1-0.dll
0x000001f11e1d0000 - 0x000001f11e1d3000 	C:\Program Files\Java\jdk1.8.0_261\jre\bin\api-ms-win-core-heap-l1-1-0.dll
0x000001f11e1e0000 - 0x000001f11e1e3000 	C:\Program Files\Java\jdk1.8.0_261\jre\bin\api-ms-win-core-interlocked-l1-1-0.dll
0x000001f11e1f0000 - 0x000001f11e1f3000 	C:\Program Files\Java\jdk1.8.0_261\jre\bin\api-ms-win-core-libraryloader-l1-1-0.dll
0x000001f11e200000 - 0x000001f11e203000 	C:\Program Files\Java\jdk1.8.0_261\jre\bin\api-ms-win-core-localization-l1-2-0.dll
0x000001f11e210000 - 0x000001f11e213000 	C:\Program Files\Java\jdk1.8.0_261\jre\bin\api-ms-win-core-memory-l1-1-0.dll
0x000001f11e220000 - 0x000001f11e223000 	C:\Program Files\Java\jdk1.8.0_261\jre\bin\api-ms-win-core-namedpipe-l1-1-0.dll
0x000001f11e230000 - 0x000001f11e233000 	C:\Program Files\Java\jdk1.8.0_261\jre\bin\api-ms-win-core-processenvironment-l1-1-0.dll
0x000001f11e240000 - 0x000001f11e243000 	C:\Program Files\Java\jdk1.8.0_261\jre\bin\api-ms-win-core-processthreads-l1-1-0.dll
0x000001f11e250000 - 0x000001f11e253000 	C:\Program Files\Java\jdk1.8.0_261\jre\bin\api-ms-win-core-processthreads-l1-1-1.dll
0x000001f11e260000 - 0x000001f11e263000 	C:\Program Files\Java\jdk1.8.0_261\jre\bin\api-ms-win-core-profile-l1-1-0.dll
0x000001f11e270000 - 0x000001f11e273000 	C:\Program Files\Java\jdk1.8.0_261\jre\bin\api-ms-win-core-rtlsupport-l1-1-0.dll
0x000001f11e280000 - 0x000001f11e283000 	C:\Program Files\Java\jdk1.8.0_261\jre\bin\api-ms-win-core-string-l1-1-0.dll
0x000001f11e290000 - 0x000001f11e293000 	C:\Program Files\Java\jdk1.8.0_261\jre\bin\api-ms-win-core-synch-l1-1-0.dll
0x000001f11e2a0000 - 0x000001f11e2a3000 	C:\Program Files\Java\jdk1.8.0_261\jre\bin\api-ms-win-core-synch-l1-2-0.dll
0x000001f11e2b0000 - 0x000001f11e2b3000 	C:\Program Files\Java\jdk1.8.0_261\jre\bin\api-ms-win-core-sysinfo-l1-1-0.dll
0x000001f11e2c0000 - 0x000001f11e2c3000 	C:\Program Files\Java\jdk1.8.0_261\jre\bin\api-ms-win-core-timezone-l1-1-0.dll
0x000001f11e2d0000 - 0x000001f11e2d3000 	C:\Program Files\Java\jdk1.8.0_261\jre\bin\api-ms-win-core-util-l1-1-0.dll
0x000001f11e2e0000 - 0x000001f11e2e3000 	C:\Program Files\Java\jdk1.8.0_261\jre\bin\api-ms-win-crt-conio-l1-1-0.dll
0x000001f11e2f0000 - 0x000001f11e2f4000 	C:\Program Files\Java\jdk1.8.0_261\jre\bin\api-ms-win-crt-convert-l1-1-0.dll
0x000001f11e300000 - 0x000001f11e303000 	C:\Program Files\Java\jdk1.8.0_261\jre\bin\api-ms-win-crt-environment-l1-1-0.dll
0x000001f11e310000 - 0x000001f11e313000 	C:\Program Files\Java\jdk1.8.0_261\jre\bin\api-ms-win-crt-filesystem-l1-1-0.dll
0x000001f11e320000 - 0x000001f11e323000 	C:\Program Files\Java\jdk1.8.0_261\jre\bin\api-ms-win-crt-heap-l1-1-0.dll
0x000001f11e330000 - 0x000001f11e333000 	C:\Program Files\Java\jdk1.8.0_261\jre\bin\api-ms-win-crt-locale-l1-1-0.dll
0x000001f11e340000 - 0x000001f11e345000 	C:\Program Files\Java\jdk1.8.0_261\jre\bin\api-ms-win-crt-math-l1-1-0.dll
0x000001f11e350000 - 0x000001f11e355000 	C:\Program Files\Java\jdk1.8.0_261\jre\bin\api-ms-win-crt-multibyte-l1-1-0.dll
0x000001f11e360000 - 0x000001f11e370000 	C:\Program Files\Java\jdk1.8.0_261\jre\bin\api-ms-win-crt-private-l1-1-0.dll
0x000001f11e370000 - 0x000001f11e373000 	C:\Program Files\Java\jdk1.8.0_261\jre\bin\api-ms-win-crt-process-l1-1-0.dll
0x000001f11e380000 - 0x000001f11e384000 	C:\Program Files\Java\jdk1.8.0_261\jre\bin\api-ms-win-crt-runtime-l1-1-0.dll
0x000001f11e390000 - 0x000001f11e394000 	C:\Program Files\Java\jdk1.8.0_261\jre\bin\api-ms-win-crt-stdio-l1-1-0.dll
0x000001f11e3a0000 - 0x000001f11e3a4000 	C:\Program Files\Java\jdk1.8.0_261\jre\bin\api-ms-win-crt-string-l1-1-0.dll
0x000001f11e3b0000 - 0x000001f11e3b3000 	C:\Program Files\Java\jdk1.8.0_261\jre\bin\api-ms-win-crt-time-l1-1-0.dll
0x000001f11e3c0000 - 0x000001f11e3c3000 	C:\Program Files\Java\jdk1.8.0_261\jre\bin\api-ms-win-crt-utility-l1-1-0.dll
0x00007ffb453f0000 - 0x00007ffb454ec000 	C:\Program Files\Java\jdk1.8.0_261\jre\bin\ucrtbase.dll
0x00007ffb45930000 - 0x00007ffb45981000 	C:\Program Files\Java\jdk1.8.0_261\jre\bin\concrt140.dll
0x00007ffb45900000 - 0x00007ffb45923000 	C:\Program Files\Java\jdk1.8.0_261\jre\bin\prism_d3d.dll
0x00007ffb477c0000 - 0x00007ffb47966000 	C:\WINDOWS\system32\d3d9.dll
0x00007ffb54f50000 - 0x00007ffb54f7f000 	C:\WINDOWS\SYSTEM32\dwmapi.dll
0x00007ffb54d20000 - 0x00007ffb54d58000 	C:\WINDOWS\SYSTEM32\dxcore.dll
0x00007ffb549e0000 - 0x00007ffb54a8c000 	C:\WINDOWS\system32\uxtheme.dll
0x00007ffb24370000 - 0x00007ffb244d5000 	C:\WINDOWS\System32\DriverStore\FileRepository\iigd_dch.inf_amd64_e6980897e3126266\igdumdim64.dll
0x00007ffb58510000 - 0x00007ffb586aa000 	C:\WINDOWS\System32\ole32.dll
0x00007ffab16a0000 - 0x00007ffab532b000 	C:\WINDOWS\System32\DriverStore\FileRepository\iigd_dch.inf_amd64_e6980897e3126266\igd9dxva64.dll
0x00007ffb59800000 - 0x00007ffb598d6000 	C:\WINDOWS\System32\OLEAUT32.dll
0x00007ffb589f0000 - 0x00007ffb58e5c000 	C:\WINDOWS\System32\SETUPAPI.dll
0x00007ffb57500000 - 0x00007ffb5754c000 	C:\WINDOWS\SYSTEM32\cfgmgr32.dll
0x00007ffb4da40000 - 0x00007ffb4dd76000 	C:\WINDOWS\System32\DriverStore\FileRepository\iigd_dch.inf_amd64_e6980897e3126266\igdgmm64.dll
0x00007ffb52cb0000 - 0x00007ffb52cf4000 	C:\WINDOWS\SYSTEM32\directxdatabasehelper.dll
0x00007ffb56980000 - 0x00007ffb569b4000 	C:\WINDOWS\SYSTEM32\ntmarta.dll
0x00007ffb457e0000 - 0x00007ffb45825000 	C:\Program Files\Java\jdk1.8.0_261\jre\bin\glass.dll
0x00007ffb59aa0000 - 0x00007ffb59b8c000 	C:\WINDOWS\System32\COMDLG32.dll
0x00007ffb58200000 - 0x00007ffb5831d000 	C:\WINDOWS\System32\MSCTF.dll
0x00007ffb57f30000 - 0x00007ffb57faf000 	C:\WINDOWS\System32\bcryptPrimitives.dll
0x00007ffb128b0000 - 0x00007ffb128d7000 	C:\WINDOWS\System32\DriverStore\FileRepository\iigd_dch.inf_amd64_e6980897e3126266\igdinfo64.dll
0x00007ffb57090000 - 0x00007ffb570a8000 	C:\WINDOWS\SYSTEM32\CRYPTSP.dll
0x00007ffb568c0000 - 0x00007ffb568f5000 	C:\WINDOWS\system32\rsaenh.dll
0x00007ffb57080000 - 0x00007ffb5708c000 	C:\WINDOWS\SYSTEM32\CRYPTBASE.dll
0x00007ffb57210000 - 0x00007ffb57237000 	C:\WINDOWS\SYSTEM32\bcrypt.dll
0x00007ffb48140000 - 0x00007ffb4aecf000 	C:\WINDOWS\System32\DriverStore\FileRepository\iigd_dch.inf_amd64_e6980897e3126266\igc64.dll
0x00007ffb47050000 - 0x00007ffb47064000 	C:\Program Files\Java\jdk1.8.0_261\jre\bin\javafx_font.dll
0x00007ffb39140000 - 0x00007ffb3939f000 	C:\WINDOWS\SYSTEM32\dwrite.dll
0x00007ffb58330000 - 0x00007ffb583e5000 	C:\WINDOWS\System32\clbcatq.dll
0x00007ffb4f7a0000 - 0x00007ffb4f94e000 	C:\WINDOWS\SYSTEM32\WindowsCodecs.dll
0x00007ffb36130000 - 0x00007ffb3618d000 	C:\WINDOWS\system32\dataexchange.dll
0x00007ffb51610000 - 0x00007ffb51876000 	C:\WINDOWS\system32\twinapi.appcore.dll
0x00007ffb43dd0000 - 0x00007ffb43e02000 	C:\Program Files\Common Files\Microsoft Shared\Ink\rtscom.dll
0x00007ffb3ec70000 - 0x00007ffb3ed9d000 	C:\WINDOWS\SYSTEM32\textinputframework.dll
0x00007ffb54600000 - 0x00007ffb54731000 	C:\WINDOWS\SYSTEM32\CoreMessaging.dll
0x00007ffb51d20000 - 0x00007ffb5208d000 	C:\WINDOWS\SYSTEM32\CoreUIComponents.dll
0x00007ffb53510000 - 0x00007ffb53ac8000 	C:\WINDOWS\SYSTEM32\d2d1.dll
0x00007ffb51250000 - 0x00007ffb514d0000 	C:\WINDOWS\SYSTEM32\d3d11.dll
0x00007ffb54b50000 - 0x00007ffb54c43000 	C:\WINDOWS\SYSTEM32\dxgi.dll
0x00007ffb50760000 - 0x00007ffb50e62000 	C:\WINDOWS\SYSTEM32\D3D10Warp.dll
0x00007ffb458e0000 - 0x00007ffb458f2000 	C:\Program Files\Java\jdk1.8.0_261\jre\bin\prism_common.dll
0x00007ffb54f80000 - 0x00007ffb551a1000 	C:\WINDOWS\SYSTEM32\dbghelp.dll

VM Arguments:
jvm_args: -Dfile.encoding=Cp1252 
java_command: Game.RunGame
java_class_path (initial): C:\Users\Jay Latigay\CMSC 22\MiniProject\bin;C:\Users\Jay Latigay\OneDrive\Desktop\eclipse\plugins\org.eclipse.fx.ide.css.jfx8_2.4.0.201605112122.jar
Launcher Type: SUN_STANDARD

Environment Variables:
PATH=C:/Program Files/Java/jdk1.8.0_261/bin/../jre/bin/server;C:/Program Files/Java/jdk1.8.0_261/bin/../jre/bin;C:/Program Files/Java/jdk1.8.0_261/bin/../jre/lib/amd64;C:\Windows\system32;C:\Windows;C:\Windows\System32\Wbem;C:\Windows\System32\WindowsPowerShell\v1.0\;C:\Windows\System32\OpenSSH\;C:\Program Files (x86)\NVIDIA Corporation\PhysX\Common;C:\Program Files\NVIDIA Corporation\NVIDIA NvDLISR;C:\WINDOWS\system32;C:\WINDOWS;C:\WINDOWS\System32\Wbem;C:\WINDOWS\System32\WindowsPowerShell\v1.0\;C:\WINDOWS\System32\OpenSSH\;C:\Program Files\Git\cmd;C:\Program Files\Java\jdk1.8.0_261\bin;C:\Program Files\PowerShell\7\;C:\Users\Jay Latigay\AppData\Local\Programs\Python\Python310\Scripts\;C:\Users\Jay Latigay\AppData\Local\Programs\Python\Python310\;C:\Users\Jay Latigay\AppData\Local\Microsoft\WindowsApps;;C:\Users\Jay Latigay\OneDrive\Desktop\eclipse;
USERNAME=Jay Latigay
OS=Windows_NT
PROCESSOR_IDENTIFIER=Intel64 Family 6 Model 165 Stepping 2, GenuineIntel



---------------  S Y S T E M  ---------------

OS: Windows 10.0 , 64 bit Build 22000 (10.0.22000.1335)

CPU:total 12 (initial active 12) (6 cores per cpu, 2 threads per core) family 6 model 165 stepping 2, cmov, cx8, fxsr, mmx, sse, sse2, sse3, ssse3, sse4.1, sse4.2, popcnt, avx, avx2, aes, clmul, erms, 3dnowpref, lzcnt, ht, tsc, tscinvbit, bmi1, bmi2, adx

Memory: 4k page, physical 16641840k(2484912k free), swap 66973488k(10292k free)

vm_info: Java HotSpot(TM) 64-Bit Server VM (25.261-b12) for windows-amd64 JRE (1.8.0_261-b12), built on Jun 18 2020 06:56:32 by "" with unknown MS VC++:1916

time: Tue Jan 10 05:46:53 2023
timezone: Malay Peninsula Standard Time
elapsed time: 11 seconds (0d 0h 0m 11s)

