#
# There is insufficient memory for the Java Runtime Environment to continue.
# Native memory allocation (malloc) failed to allocate 219216 bytes for Chunk::new
# Possible reasons:
#   The system is out of physical RAM or swap space
#   The process is running with CompressedOops enabled, and the Java Heap may be blocking the growth of the native heap
# Possible solutions:
#   Reduce memory load on the system
#   Increase physical memory or swap space
#   Check if swap backing store is full
#   Decrease Java heap size (-Xmx/-Xms)
#   Decrease number of Java threads
#   Decrease Java thread stack sizes (-Xss)
#   Set larger code cache with -XX:ReservedCodeCacheSize=
#   JVM is running with Zero Based Compressed Oops mode in which the Java heap is
#     placed in the first 32GB address space. The Java Heap base address is the
#     maximum limit for the native heap growth. Please use -XX:HeapBaseMinAddress
#     to set the Java Heap base and to place the Java Heap above 32GB virtual address.
# This output file may be truncated or incomplete.
#
#  Out of Memory Error (allocation.cpp:389), pid=23608, tid=0x00000000000020f4
#
# JRE version: Java(TM) SE Runtime Environment (8.0_261-b12) (build 1.8.0_261-b12)
# Java VM: Java HotSpot(TM) 64-Bit Server VM (25.261-b12 mixed mode windows-amd64 compressed oops)
# Failed to write core dump. Minidumps are not enabled by default on client versions of Windows
#

---------------  T H R E A D  ---------------

Current thread (0x000002095c47b000):  JavaThread "C2 CompilerThread2" daemon [_thread_in_native, id=8436, stack(0x000000cb8d900000,0x000000cb8da00000)]

Stack: [0x000000cb8d900000,0x000000cb8da00000]
Native frames: (J=compiled Java code, j=interpreted, Vv=VM code, C=native code)
V  [jvm.dll+0x33e5f9]


Current CompileTask:
C2:   3652 1283       4       Game.Food::checkCollision (60 bytes)


---------------  P R O C E S S  ---------------

Java Threads: ( => current thread )
  0x00000209654df000 JavaThread "Thread-47" [_thread_blocked, id=11864, stack(0x000000cb91500000,0x000000cb91600000)]
  0x00000209654e5000 JavaThread "Thread-46" [_thread_blocked, id=23268, stack(0x000000cb91400000,0x000000cb91500000)]
  0x00000209654e0000 JavaThread "Thread-45" [_thread_blocked, id=24400, stack(0x000000cb91300000,0x000000cb91400000)]
  0x00000209654e2000 JavaThread "Thread-44" [_thread_blocked, id=5376, stack(0x000000cb91200000,0x000000cb91300000)]
  0x00000209654e6000 JavaThread "Thread-43" [_thread_blocked, id=23116, stack(0x000000cb91100000,0x000000cb91200000)]
  0x00000209654e1800 JavaThread "Thread-42" [_thread_blocked, id=22600, stack(0x000000cb91000000,0x000000cb91100000)]
  0x00000209654e4800 JavaThread "Thread-41" [_thread_blocked, id=8688, stack(0x000000cb90f00000,0x000000cb91000000)]
  0x000002096538b800 JavaThread "Thread-40" [_thread_blocked, id=20776, stack(0x000000cb90e00000,0x000000cb90f00000)]
  0x000002096538b000 JavaThread "Thread-39" [_thread_blocked, id=20836, stack(0x000000cb90d00000,0x000000cb90e00000)]
  0x0000020965389800 JavaThread "Thread-38" [_thread_blocked, id=24392, stack(0x000000cb90c00000,0x000000cb90d00000)]
  0x0000020965388800 JavaThread "Thread-37" [_thread_blocked, id=24520, stack(0x000000cb90b00000,0x000000cb90c00000)]
  0x0000020965388000 JavaThread "Thread-36" [_thread_blocked, id=22344, stack(0x000000cb90a00000,0x000000cb90b00000)]
  0x000002096538a000 JavaThread "Thread-35" [_thread_blocked, id=21708, stack(0x000000cb90900000,0x000000cb90a00000)]
  0x0000020965380800 JavaThread "Thread-34" [_thread_blocked, id=7524, stack(0x000000cb90800000,0x000000cb90900000)]
  0x0000020965385800 JavaThread "Thread-33" [_thread_blocked, id=24496, stack(0x000000cb90700000,0x000000cb90800000)]
  0x0000020965387000 JavaThread "Thread-32" [_thread_blocked, id=21820, stack(0x000000cb90600000,0x000000cb90700000)]
  0x0000020965385000 JavaThread "Thread-31" [_thread_blocked, id=24260, stack(0x000000cb90500000,0x000000cb90600000)]
  0x0000020965382000 JavaThread "Thread-30" [_thread_blocked, id=2104, stack(0x000000cb90400000,0x000000cb90500000)]
  0x0000020965384000 JavaThread "Thread-29" [_thread_blocked, id=21088, stack(0x000000cb90300000,0x000000cb90400000)]
  0x0000020965386800 JavaThread "Thread-28" [_thread_blocked, id=24556, stack(0x000000cb90200000,0x000000cb90300000)]
  0x000002096537f800 JavaThread "Thread-27" [_thread_blocked, id=23808, stack(0x000000cb90100000,0x000000cb90200000)]
  0x0000020965382800 JavaThread "Thread-26" [_thread_blocked, id=14716, stack(0x000000cb90000000,0x000000cb90100000)]
  0x000002096537c800 JavaThread "Thread-25" [_thread_blocked, id=23368, stack(0x000000cb8ff00000,0x000000cb90000000)]
  0x0000020965383800 JavaThread "Thread-24" [_thread_blocked, id=19052, stack(0x000000cb8fe00000,0x000000cb8ff00000)]
  0x000002096537d800 JavaThread "Thread-23" [_thread_blocked, id=23620, stack(0x000000cb8fd00000,0x000000cb8fe00000)]
  0x0000020965381000 JavaThread "Thread-22" [_thread_blocked, id=23632, stack(0x000000cb8fc00000,0x000000cb8fd00000)]
  0x000002096537f000 JavaThread "Thread-21" [_thread_blocked, id=23556, stack(0x000000cb8fb00000,0x000000cb8fc00000)]
  0x000002096537e000 JavaThread "Thread-20" [_thread_blocked, id=24120, stack(0x000000cb8fa00000,0x000000cb8fb00000)]
  0x000002095f6c2800 JavaThread "Thread-19" [_thread_blocked, id=24144, stack(0x000000cb8f900000,0x000000cb8fa00000)]
  0x000002095f6c2000 JavaThread "Thread-18" [_thread_blocked, id=21368, stack(0x000000cb8f800000,0x000000cb8f900000)]
  0x000002095f6c3800 JavaThread "Thread-17" [_thread_blocked, id=16356, stack(0x000000cb8f700000,0x000000cb8f800000)]
  0x000002095f6c1000 JavaThread "Thread-16" [_thread_blocked, id=23160, stack(0x000000cb8f600000,0x000000cb8f700000)]
  0x000002095f6c5800 JavaThread "Thread-15" [_thread_blocked, id=24416, stack(0x000000cb8f500000,0x000000cb8f600000)]
  0x000002095f6c0800 JavaThread "Thread-14" [_thread_blocked, id=23696, stack(0x000000cb8f400000,0x000000cb8f500000)]
  0x000002095f6c5000 JavaThread "Thread-13" [_thread_blocked, id=9660, stack(0x000000cb8f300000,0x000000cb8f400000)]
  0x000002095f6c6800 JavaThread "Thread-12" [_thread_blocked, id=23636, stack(0x000000cb8f200000,0x000000cb8f300000)]
  0x000002095f6c4000 JavaThread "Thread-11" [_thread_blocked, id=24384, stack(0x000000cb8f100000,0x000000cb8f200000)]
  0x000002095f6c7000 JavaThread "Thread-10" [_thread_blocked, id=23724, stack(0x000000cb8f000000,0x000000cb8f100000)]
  0x000002095f6df000 JavaThread "Thread-9" [_thread_blocked, id=3648, stack(0x000000cb8ef00000,0x000000cb8f000000)]
  0x000002095f6de000 JavaThread "Thread-8" [_thread_blocked, id=11840, stack(0x000000cb8ee00000,0x000000cb8ef00000)]
  0x000002095f6dd000 JavaThread "Thread-7" [_thread_blocked, id=23564, stack(0x000000cb8ed00000,0x000000cb8ee00000)]
  0x00000209653b5000 JavaThread "Thread-6" [_thread_blocked, id=23584, stack(0x000000cb8ec00000,0x000000cb8ed00000)]
  0x000002095f5fc000 JavaThread "Prism Font Disposer" daemon [_thread_blocked, id=18200, stack(0x000000cb8e800000,0x000000cb8e900000)]
  0x000002095f1c8800 JavaThread "Thread-3" daemon [_thread_in_native, id=14264, stack(0x000000cb8e300000,0x000000cb8e400000)]
  0x000002095f161000 JavaThread "JavaFX-Launcher" [_thread_blocked, id=17968, stack(0x000000cb8e400000,0x000000cb8e500000)]
  0x000002095ef7d800 JavaThread "JavaFX Application Thread" [_thread_in_Java, id=16896, stack(0x000000cb8df00000,0x000000cb8e000000)]
  0x000002095ef6f000 JavaThread "Thread-1" daemon [_thread_blocked, id=2160, stack(0x000000cb8de00000,0x000000cb8df00000)]
  0x000002095ecab000 JavaThread "QuantumRenderer-0" daemon [_thread_blocked, id=14712, stack(0x000000cb8dd00000,0x000000cb8de00000)]
  0x000002095c4ae000 JavaThread "Service Thread" daemon [_thread_blocked, id=14692, stack(0x000000cb8db00000,0x000000cb8dc00000)]
  0x000002095c47e000 JavaThread "C1 CompilerThread3" daemon [_thread_in_native, id=14500, stack(0x000000cb8da00000,0x000000cb8db00000)]
=>0x000002095c47b000 JavaThread "C2 CompilerThread2" daemon [_thread_in_native, id=8436, stack(0x000000cb8d900000,0x000000cb8da00000)]
  0x000002095c470000 JavaThread "C2 CompilerThread1" daemon [_thread_in_vm, id=14380, stack(0x000000cb8d800000,0x000000cb8d900000)]
  0x000002095c468800 JavaThread "C2 CompilerThread0" daemon [_thread_in_native, id=22620, stack(0x000000cb8d700000,0x000000cb8d800000)]
  0x000002095c47a000 JavaThread "Attach Listener" daemon [_thread_blocked, id=23384, stack(0x000000cb8d600000,0x000000cb8d700000)]
  0x000002095c479000 JavaThread "Signal Dispatcher" daemon [_thread_blocked, id=10500, stack(0x000000cb8d500000,0x000000cb8d600000)]
  0x000002095c448000 JavaThread "Finalizer" daemon [_thread_blocked, id=1736, stack(0x000000cb8d400000,0x000000cb8d500000)]
  0x000002095c440800 JavaThread "Reference Handler" daemon [_thread_blocked, id=3432, stack(0x000000cb8d300000,0x000000cb8d400000)]
  0x0000020941691000 JavaThread "main" [_thread_blocked, id=1728, stack(0x000000cb8c700000,0x000000cb8c800000)]

Other Threads:
  0x000002095c417000 VMThread [stack: 0x000000cb8d200000,0x000000cb8d300000] [id=2848]
  0x000002095e952800 WatcherThread [stack: 0x000000cb8dc00000,0x000000cb8dd00000] [id=14700]

VM state:not at safepoint (normal execution)

VM Mutex/Monitor currently owned by a thread:  ([mutex/lock_event])
[0x000002094168f8a0] CodeCache_lock - owner thread: 0x000002095c47e000
[0x0000020941683a00] Compile_lock - owner thread: 0x000002095c47e000
[0x0000020941681f80] MethodCompileQueue_lock - owner thread: 0x000002095c47e000

heap address: 0x00000006c2000000, size: 4064 MB, Compressed Oops mode: Zero based, Oop shift amount: 3
Narrow klass base: 0x0000000000000000, Narrow klass shift: 3
Compressed class space size: 1073741824 Address: 0x00000007c0000000

Heap:
 PSYoungGen      total 138752K, used 90408K [0x000000076b580000, 0x000000077c580000, 0x00000007c0000000)
  eden space 128000K, 70% used [0x000000076b580000,0x0000000770dca048,0x0000000773280000)
  from space 10752K, 0% used [0x0000000773280000,0x0000000773280000,0x0000000773d00000)
  to   space 13824K, 0% used [0x000000077b800000,0x000000077b800000,0x000000077c580000)
 ParOldGen       total 413696K, used 227825K [0x00000006c2000000, 0x00000006db400000, 0x000000076b580000)
  object space 413696K, 55% used [0x00000006c2000000,0x00000006cfe7c438,0x00000006db400000)
 Metaspace       used 13209K, capacity 13816K, committed 14080K, reserved 1060864K
  class space    used 1826K, capacity 1994K, committed 2048K, reserved 1048576K

Card table byte_map: [0x0000020952570000,0x0000020952d70000] byte_map_base: 0x000002094ef60000

Marking Bits: (ParMarkBitMap*) 0x000000005dfd4fb0
 Begin Bits: [0x00000209532c0000, 0x0000020957240000)
 End Bits:   [0x0000020957240000, 0x000002095b1c0000)

Polling page: 0x0000020941650000

CodeCache: size=245760Kb used=4395Kb max_used=4395Kb free=241364Kb
 bounds [0x00000209431b0000, 0x0000020943600000, 0x00000209521b0000]
 total_blobs=1973 nmethods=1333 adapters=551
 compilation: enabled

Compilation events (10 events):
Event: 3.634 Thread 0x000002095c47e000 nmethod 1330 0x00000209435dad50 code [0x00000209435daec0, 0x00000209435db0d8]
Event: 3.634 Thread 0x000002095c47e000 1331       3       javafx.scene.Node::getEffectiveNodeOrientation (20 bytes)
Event: 3.634 Thread 0x000002095c47e000 nmethod 1331 0x00000209435da910 code [0x00000209435daa80, 0x00000209435dacb8]
Event: 3.635 Thread 0x000002095c47e000 1332   !   3       com.sun.scenario.animation.shared.InfiniteClipEnvelope::timePulse (311 bytes)
Event: 3.636 Thread 0x000002095c47e000 nmethod 1332 0x00000209435d9450 code [0x00000209435d96a0, 0x00000209435da390]
Event: 3.636 Thread 0x000002095c47e000 1333       3       com.sun.javafx.tk.quantum.QuantumToolkit::access$000 (5 bytes)
Event: 3.637 Thread 0x000002095c47e000 nmethod 1333 0x00000209435dc990 code [0x00000209435dcb20, 0x00000209435dd1d0]
Event: 3.637 Thread 0x000002095c47e000 1334  s    3       com.sun.javafx.tk.quantum.QuantumToolkit$PulseTask::set (20 bytes)
Event: 3.637 Thread 0x000002095c47e000 nmethod 1334 0x00000209435dd450 code [0x00000209435dd600, 0x00000209435ddef0]
Event: 3.637 Thread 0x000002095c47e000 1335 %     3       Game.GameTimer::handle @ 294 (1478 bytes)

GC Heap History (10 events):
Event: 2.704 GC heap before
{Heap before GC invocations=4 (full 1):
 PSYoungGen      total 75776K, used 10565K [0x000000076b580000, 0x0000000774980000, 0x00000007c0000000)
  eden space 65024K, 0% used [0x000000076b580000,0x000000076b580000,0x000000076f500000)
  from space 10752K, 98% used [0x000000076f500000,0x000000076ff51548,0x000000076ff80000)
  to   space 10752K, 0% used [0x0000000773f00000,0x0000000773f00000,0x0000000774980000)
 ParOldGen       total 173568K, used 109128K [0x00000006c2000000, 0x00000006cc980000, 0x000000076b580000)
  object space 173568K, 62% used [0x00000006c2000000,0x00000006c8a920c0,0x00000006cc980000)
 Metaspace       used 12988K, capacity 13544K, committed 13824K, reserved 1060864K
  class space    used 1794K, capacity 1927K, committed 2048K, reserved 1048576K
Event: 2.726 GC heap after
Heap after GC invocations=4 (full 1):
 PSYoungGen      total 75776K, used 0K [0x000000076b580000, 0x0000000774980000, 0x00000007c0000000)
  eden space 65024K, 0% used [0x000000076b580000,0x000000076b580000,0x000000076f500000)
  from space 10752K, 0% used [0x000000076f500000,0x000000076f500000,0x000000076ff80000)
  to   space 10752K, 0% used [0x0000000773f00000,0x0000000773f00000,0x0000000774980000)
 ParOldGen       total 250368K, used 117460K [0x00000006c2000000, 0x00000006d1480000, 0x000000076b580000)
  object space 250368K, 46% used [0x00000006c2000000,0x00000006c92b5318,0x00000006d1480000)
 Metaspace       used 12988K, capacity 13544K, committed 13824K, reserved 1060864K
  class space    used 1794K, capacity 1927K, committed 2048K, reserved 1048576K
}
Event: 2.748 GC heap before
{Heap before GC invocations=5 (full 1):
 PSYoungGen      total 75776K, used 46792K [0x000000076b580000, 0x0000000774980000, 0x00000007c0000000)
  eden space 65024K, 71% used [0x000000076b580000,0x000000076e332248,0x000000076f500000)
  from space 10752K, 0% used [0x000000076f500000,0x000000076f500000,0x000000076ff80000)
  to   space 10752K, 0% used [0x0000000773f00000,0x0000000773f00000,0x0000000774980000)
 ParOldGen       total 250368K, used 117460K [0x00000006c2000000, 0x00000006d1480000, 0x000000076b580000)
  object space 250368K, 46% used [0x00000006c2000000,0x00000006c92b5318,0x00000006d1480000)
 Metaspace       used 12988K, capacity 13544K, committed 13824K, reserved 1060864K
  class space    used 1794K, capacity 1927K, committed 2048K, reserved 1048576K
Event: 2.770 GC heap after
Heap after GC invocations=5 (full 1):
 PSYoungGen      total 136704K, used 793K [0x000000076b580000, 0x0000000774780000, 0x00000007c0000000)
  eden space 128000K, 0% used [0x000000076b580000,0x000000076b580000,0x0000000773280000)
  from space 8704K, 9% used [0x0000000773f00000,0x0000000773fc6440,0x0000000774780000)
  to   space 10752K, 0% used [0x0000000773280000,0x0000000773280000,0x0000000773d00000)
 ParOldGen       total 250368K, used 162460K [0x00000006c2000000, 0x00000006d1480000, 0x000000076b580000)
  object space 250368K, 64% used [0x00000006c2000000,0x00000006cbea7338,0x00000006d1480000)
 Metaspace       used 12988K, capacity 13544K, committed 13824K, reserved 1060864K
  class space    used 1794K, capacity 1927K, committed 2048K, reserved 1048576K
}
Event: 3.231 GC heap before
{Heap before GC invocations=6 (full 1):
 PSYoungGen      total 136704K, used 122706K [0x000000076b580000, 0x0000000774780000, 0x00000007c0000000)
  eden space 128000K, 95% used [0x000000076b580000,0x0000000772c8e660,0x0000000773280000)
  from space 8704K, 9% used [0x0000000773f00000,0x0000000773fc6440,0x0000000774780000)
  to   space 10752K, 0% used [0x0000000773280000,0x0000000773280000,0x0000000773d00000)
 ParOldGen       total 250368K, used 162460K [0x00000006c2000000, 0x00000006d1480000, 0x000000076b580000)
  object space 250368K, 64% used [0x00000006c2000000,0x00000006cbea7338,0x00000006d1480000)
 Metaspace       used 13079K, capacity 13610K, committed 13824K, reserved 1060864K
  class space    used 1819K, capacity 1993K, committed 2048K, reserved 1048576K
Event: 3.260 GC heap after
Heap after GC invocations=6 (full 1):
 PSYoungGen      total 138752K, used 3722K [0x000000076b580000, 0x000000077c580000, 0x00000007c0000000)
  eden space 128000K, 0% used [0x000000076b580000,0x000000076b580000,0x0000000773280000)
  from space 10752K, 34% used [0x0000000773280000,0x0000000773622910,0x0000000773d00000)
  to   space 13824K, 0% used [0x000000077b800000,0x000000077b800000,0x000000077c580000)
 ParOldGen       total 250368K, used 243193K [0x00000006c2000000, 0x00000006d1480000, 0x000000076b580000)
  object space 250368K, 97% used [0x00000006c2000000,0x00000006d0d7e778,0x00000006d1480000)
 Metaspace       used 13079K, capacity 13610K, committed 13824K, reserved 1060864K
  class space    used 1819K, capacity 1993K, committed 2048K, reserved 1048576K
}
Event: 3.260 GC heap before
{Heap before GC invocations=7 (full 2):
 PSYoungGen      total 138752K, used 3722K [0x000000076b580000, 0x000000077c580000, 0x00000007c0000000)
  eden space 128000K, 0% used [0x000000076b580000,0x000000076b580000,0x0000000773280000)
  from space 10752K, 34% used [0x0000000773280000,0x0000000773622910,0x0000000773d00000)
  to   space 13824K, 0% used [0x000000077b800000,0x000000077b800000,0x000000077c580000)
 ParOldGen       total 250368K, used 243193K [0x00000006c2000000, 0x00000006d1480000, 0x000000076b580000)
  object space 250368K, 97% used [0x00000006c2000000,0x00000006d0d7e778,0x00000006d1480000)
 Metaspace       used 13079K, capacity 13610K, committed 13824K, reserved 1060864K
  class space    used 1819K, capacity 1993K, committed 2048K, reserved 1048576K
Event: 3.301 GC heap after
Heap after GC invocations=7 (full 2):
 PSYoungGen      total 138752K, used 0K [0x000000076b580000, 0x000000077c580000, 0x00000007c0000000)
  eden space 128000K, 0% used [0x000000076b580000,0x000000076b580000,0x0000000773280000)
  from space 10752K, 0% used [0x0000000773280000,0x0000000773280000,0x0000000773d00000)
  to   space 13824K, 0% used [0x000000077b800000,0x000000077b800000,0x000000077c580000)
 ParOldGen       total 250368K, used 245366K [0x00000006c2000000, 0x00000006d1480000, 0x000000076b580000)
  object space 250368K, 98% used [0x00000006c2000000,0x00000006d0f9d858,0x00000006d1480000)
 Metaspace       used 13079K, capacity 13610K, committed 13824K, reserved 1060864K
  class space    used 1819K, capacity 1993K, committed 2048K, reserved 1048576K
}
Event: 3.432 GC heap before
{Heap before GC invocations=8 (full 3):
 PSYoungGen      total 138752K, used 116673K [0x000000076b580000, 0x000000077c580000, 0x00000007c0000000)
  eden space 128000K, 91% used [0x000000076b580000,0x0000000772770418,0x0000000773280000)
  from space 10752K, 0% used [0x0000000773280000,0x0000000773280000,0x0000000773d00000)
  to   space 13824K, 0% used [0x000000077b800000,0x000000077b800000,0x000000077c580000)
 ParOldGen       total 250368K, used 245366K [0x00000006c2000000, 0x00000006d1480000, 0x000000076b580000)
  object space 250368K, 98% used [0x00000006c2000000,0x00000006d0f9d858,0x00000006d1480000)
 Metaspace       used 13103K, capacity 13680K, committed 13824K, reserved 1060864K
  class space    used 1822K, capacity 1994K, committed 2048K, reserved 1048576K
Event: 3.470 GC heap after
Heap after GC invocations=8 (full 3):
 PSYoungGen      total 138752K, used 0K [0x000000076b580000, 0x000000077c580000, 0x00000007c0000000)
  eden space 128000K, 0% used [0x000000076b580000,0x000000076b580000,0x0000000773280000)
  from space 10752K, 0% used [0x0000000773280000,0x0000000773280000,0x0000000773d00000)
  to   space 13824K, 0% used [0x000000077b800000,0x000000077b800000,0x000000077c580000)
 ParOldGen       total 413696K, used 227825K [0x00000006c2000000, 0x00000006db400000, 0x000000076b580000)
  object space 413696K, 55% used [0x00000006c2000000,0x00000006cfe7c438,0x00000006db400000)
 Metaspace       used 13103K, capacity 13680K, committed 13824K, reserved 1060864K
  class space    used 1822K, capacity 1994K, committed 2048K, reserved 1048576K
}

Deoptimization events (10 events):
Event: 1.188 Thread 0x000002095ef7d800 Uncommon trap: reason=class_check action=maybe_recompile pc=0x00000209432ce1c0 method=java.lang.String.equals(Ljava/lang/Object;)Z @ 8
Event: 1.188 Thread 0x000002095ef7d800 Uncommon trap: reason=class_check action=maybe_recompile pc=0x00000209432ce1c0 method=java.lang.String.equals(Ljava/lang/Object;)Z @ 8
Event: 1.188 Thread 0x000002095ef7d800 Uncommon trap: reason=class_check action=maybe_recompile pc=0x00000209432ce1c0 method=java.lang.String.equals(Ljava/lang/Object;)Z @ 8
Event: 1.190 Thread 0x000002095ef7d800 Uncommon trap: reason=class_check action=maybe_recompile pc=0x00000209432ce1c0 method=java.lang.String.equals(Ljava/lang/Object;)Z @ 8
Event: 1.234 Thread 0x000002095ef7d800 Uncommon trap: reason=unstable_if action=reinterpret pc=0x0000020943491360 method=sun.net.www.ParseUtil.encodePath(Ljava/lang/String;Z)Ljava/lang/String; @ 109
Event: 3.137 Thread 0x000002095ef7d800 Uncommon trap: reason=unstable_if action=reinterpret pc=0x00000209433eeb84 method=com.sun.javafx.iio.common.RoughScaler.putSourceScanline([BI)Z @ 33
Event: 3.138 Thread 0x000002095ef7d800 Uncommon trap: reason=unstable_if action=reinterpret pc=0x0000020943593f5c method=com.sun.javafx.iio.gif.GIFImageLoader2.restoreToBackground([BIIII)V @ 7
Event: 3.148 Thread 0x000002095ef7d800 Uncommon trap: reason=unstable_if action=reinterpret pc=0x000002094340e794 method=com.sun.javafx.image.impl.ByteBgra$ToByteBgraPreConv.doConvert([BII[BIIII)V @ 75
Event: 3.162 Thread 0x000002095ef7d800 Uncommon trap: reason=unstable_if action=reinterpret pc=0x000002094341a1f0 method=com.sun.javafx.iio.png.PNGImageLoader2.paethPr(III)I @ 30
Event: 3.162 Thread 0x000002095ef7d800 Uncommon trap: reason=unstable_if action=reinterpret pc=0x000002094341c8ec method=java.lang.Math.abs(I)I @ 1

Classes redefined (0 events):
No events

Internal exceptions (10 events):
Event: 0.213 Thread 0x0000020941691000 Exception <a 'java/security/PrivilegedActionException'> (0x000000076b8cf218) thrown at [C:\jenkins\workspace\8-2-build-windows-amd64-cygwin\jdk8u261\295\hotspot\src\share\vm\prims\jvm.cpp, line 1512]
Event: 0.213 Thread 0x0000020941691000 Exception <a 'java/security/PrivilegedActionException'> (0x000000076b8cf428) thrown at [C:\jenkins\workspace\8-2-build-windows-amd64-cygwin\jdk8u261\295\hotspot\src\share\vm\prims\jvm.cpp, line 1512]
Event: 0.215 Thread 0x0000020941691000 Exception <a 'java/security/PrivilegedActionException'> (0x000000076b8d3338) thrown at [C:\jenkins\workspace\8-2-build-windows-amd64-cygwin\jdk8u261\295\hotspot\src\share\vm\prims\jvm.cpp, line 1512]
Event: 0.215 Thread 0x0000020941691000 Exception <a 'java/security/PrivilegedActionException'> (0x000000076b8d3548) thrown at [C:\jenkins\workspace\8-2-build-windows-amd64-cygwin\jdk8u261\295\hotspot\src\share\vm\prims\jvm.cpp, line 1512]
Event: 0.215 Thread 0x0000020941691000 Exception <a 'java/lang/NullPointerException'> (0x000000076b8d3b20) thrown at [C:\jenkins\workspace\8-2-build-windows-amd64-cygwin\jdk8u261\295\hotspot\src\share\vm\interpreter\linkResolver.cpp, line 1185]
Event: 0.666 Thread 0x000002095ef7d800 Exception <a 'java/lang/NullPointerException'> (0x000000076c3a84b0) thrown at [C:\jenkins\workspace\8-2-build-windows-amd64-cygwin\jdk8u261\295\hotspot\src\share\vm\interpreter\linkResolver.cpp, line 1185]
Event: 0.666 Thread 0x000002095ef7d800 Exception <a 'java/lang/NullPointerException'> (0x000000076c3a84b0) thrown at [C:\jenkins\workspace\8-2-build-windows-amd64-cygwin\jdk8u261\295\hotspot\src\share\vm\prims\jvm.cpp, line 1516]
Event: 1.048 Thread 0x000002095ef7d800 Implicit null exception at 0x0000020943469af5 to 0x0000020943469e11
Event: 3.555 Thread 0x000002095ef7d800 Exception <a 'java/util/ConcurrentModificationException'> (0x000000076c2f16d0) thrown at [C:\jenkins\workspace\8-2-build-windows-amd64-cygwin\jdk8u261\295\hotspot\src\share\vm\prims\jvm.cpp, line 1516]
Event: 3.564 Thread 0x000002095ef7d800 Exception <a 'java/util/ConcurrentModificationException'> (0x000000076c2f7c40) thrown at [C:\jenkins\workspace\8-2-build-windows-amd64-cygwin\jdk8u261\295\hotspot\src\share\vm\prims\jvm.cpp, line 1516]

Events (10 events):
Event: 3.546 loading class sun/misc/FDBigInteger
Event: 3.547 loading class sun/misc/FDBigInteger done
Event: 3.553 loading class java/lang/Throwable$WrappedPrintStream
Event: 3.553 loading class java/lang/Throwable$PrintStreamOrWriter
Event: 3.553 loading class java/lang/Throwable$PrintStreamOrWriter done
Event: 3.553 loading class java/lang/Throwable$WrappedPrintStream done
Event: 3.553 loading class java/util/IdentityHashMap$KeySet
Event: 3.553 loading class java/util/IdentityHashMap$KeySet done
Event: 3.555 loading class java/util/ConcurrentModificationException
Event: 3.555 loading class java/util/ConcurrentModificationException done


Dynamic libraries:
0x00007ff7b2220000 - 0x00007ff7b2267000 	C:\Program Files\Java\jdk1.8.0_261\bin\javaw.exe
0x00007ffacb9c0000 - 0x00007ffacbbc9000 	C:\WINDOWS\SYSTEM32\ntdll.dll
0x00007ffacb010000 - 0x00007ffacb0ce000 	C:\WINDOWS\System32\KERNEL32.DLL
0x00007ffac9450000 - 0x00007ffac97cb000 	C:\WINDOWS\System32\KERNELBASE.dll
0x00007ffacb2b0000 - 0x00007ffacb35e000 	C:\WINDOWS\System32\ADVAPI32.dll
0x00007ffacb0e0000 - 0x00007ffacb183000 	C:\WINDOWS\System32\msvcrt.dll
0x00007ffacaa60000 - 0x00007ffacaafe000 	C:\WINDOWS\System32\sechost.dll
0x00007ffacb190000 - 0x00007ffacb2b0000 	C:\WINDOWS\System32\RPCRT4.dll
0x00007ffacb520000 - 0x00007ffacb6cd000 	C:\WINDOWS\System32\USER32.dll
0x00007ffac8f50000 - 0x00007ffac8f76000 	C:\WINDOWS\System32\win32u.dll
0x00007ffacab10000 - 0x00007ffacab39000 	C:\WINDOWS\System32\GDI32.dll
0x00007ffac9290000 - 0x00007ffac93a8000 	C:\WINDOWS\System32\gdi32full.dll
0x00007ffac93b0000 - 0x00007ffac944d000 	C:\WINDOWS\System32\msvcp_win.dll
0x00007ffac8f80000 - 0x00007ffac9091000 	C:\WINDOWS\System32\ucrtbase.dll
0x00007ffab43f0000 - 0x00007ffab4695000 	C:\WINDOWS\WinSxS\amd64_microsoft.windows.common-controls_6595b64144ccf1df_6.0.22000.120_none_9d947278b86cc467\COMCTL32.dll
0x00007ffacb6d0000 - 0x00007ffacb702000 	C:\WINDOWS\System32\IMM32.DLL
0x00007ffac2de0000 - 0x00007ffac2df5000 	C:\Program Files\Java\jdk1.8.0_261\jre\bin\vcruntime140.dll
0x00007ffac13a0000 - 0x00007ffac143b000 	C:\Program Files\Java\jdk1.8.0_261\jre\bin\msvcp140.dll
0x000000005d7e0000 - 0x000000005e04c000 	C:\Program Files\Java\jdk1.8.0_261\jre\bin\server\jvm.dll
0x00007ffacb0d0000 - 0x00007ffacb0d8000 	C:\WINDOWS\System32\PSAPI.DLL
0x00007ffaa1f70000 - 0x00007ffaa1f79000 	C:\WINDOWS\SYSTEM32\WSOCK32.dll
0x00007ffac10f0000 - 0x00007ffac1123000 	C:\WINDOWS\SYSTEM32\WINMM.dll
0x00007ffacb910000 - 0x00007ffacb97f000 	C:\WINDOWS\System32\WS2_32.dll
0x00007ffac17a0000 - 0x00007ffac17aa000 	C:\WINDOWS\SYSTEM32\VERSION.dll
0x00007ffac7fc0000 - 0x00007ffac7fd8000 	C:\WINDOWS\SYSTEM32\kernel.appcore.dll
0x00007ffaa1d00000 - 0x00007ffaa1d10000 	C:\Program Files\Java\jdk1.8.0_261\jre\bin\verify.dll
0x00007ffa6da70000 - 0x00007ffa6da9b000 	C:\Program Files\Java\jdk1.8.0_261\jre\bin\java.dll
0x00007ffa6da50000 - 0x00007ffa6da68000 	C:\Program Files\Java\jdk1.8.0_261\jre\bin\zip.dll
0x00007ffac9e20000 - 0x00007ffaca5d7000 	C:\WINDOWS\System32\SHELL32.dll
0x00007ffac6f50000 - 0x00007ffac77b5000 	C:\WINDOWS\SYSTEM32\windows.storage.dll
0x00007ffaca5e0000 - 0x00007ffaca958000 	C:\WINDOWS\System32\combase.dll
0x00007ffac6de0000 - 0x00007ffac6f46000 	C:\WINDOWS\SYSTEM32\wintypes.dll
0x00007ffac9a90000 - 0x00007ffac9b7a000 	C:\WINDOWS\System32\SHCORE.dll
0x00007ffac98d0000 - 0x00007ffac992d000 	C:\WINDOWS\System32\shlwapi.dll
0x00007ffac8dc0000 - 0x00007ffac8de1000 	C:\WINDOWS\SYSTEM32\profapi.dll
0x0000020941920000 - 0x0000020941923000 	C:\Program Files\Java\jdk1.8.0_261\jre\bin\api-ms-win-core-console-l1-1-0.dll
0x0000020941930000 - 0x0000020941933000 	C:\Program Files\Java\jdk1.8.0_261\jre\bin\api-ms-win-core-datetime-l1-1-0.dll
0x0000020941940000 - 0x0000020941943000 	C:\Program Files\Java\jdk1.8.0_261\jre\bin\api-ms-win-core-debug-l1-1-0.dll
0x0000020941950000 - 0x0000020941953000 	C:\Program Files\Java\jdk1.8.0_261\jre\bin\api-ms-win-core-errorhandling-l1-1-0.dll
0x0000020941960000 - 0x0000020941964000 	C:\Program Files\Java\jdk1.8.0_261\jre\bin\api-ms-win-core-file-l1-1-0.dll
0x0000020941970000 - 0x0000020941973000 	C:\Program Files\Java\jdk1.8.0_261\jre\bin\api-ms-win-core-file-l1-2-0.dll
0x0000020941980000 - 0x0000020941983000 	C:\Program Files\Java\jdk1.8.0_261\jre\bin\api-ms-win-core-file-l2-1-0.dll
0x0000020941990000 - 0x0000020941993000 	C:\Program Files\Java\jdk1.8.0_261\jre\bin\api-ms-win-core-handle-l1-1-0.dll
0x00000209419a0000 - 0x00000209419a3000 	C:\Program Files\Java\jdk1.8.0_261\jre\bin\api-ms-win-core-heap-l1-1-0.dll
0x00000209419b0000 - 0x00000209419b3000 	C:\Program Files\Java\jdk1.8.0_261\jre\bin\api-ms-win-core-interlocked-l1-1-0.dll
0x00000209419c0000 - 0x00000209419c3000 	C:\Program Files\Java\jdk1.8.0_261\jre\bin\api-ms-win-core-libraryloader-l1-1-0.dll
0x00000209419d0000 - 0x00000209419d3000 	C:\Program Files\Java\jdk1.8.0_261\jre\bin\api-ms-win-core-localization-l1-2-0.dll
0x00000209419e0000 - 0x00000209419e3000 	C:\Program Files\Java\jdk1.8.0_261\jre\bin\api-ms-win-core-memory-l1-1-0.dll
0x00000209419f0000 - 0x00000209419f3000 	C:\Program Files\Java\jdk1.8.0_261\jre\bin\api-ms-win-core-namedpipe-l1-1-0.dll
0x000002095ece0000 - 0x000002095ece3000 	C:\Program Files\Java\jdk1.8.0_261\jre\bin\api-ms-win-core-processenvironment-l1-1-0.dll
0x000002095ecf0000 - 0x000002095ecf3000 	C:\Program Files\Java\jdk1.8.0_261\jre\bin\api-ms-win-core-processthreads-l1-1-0.dll
0x000002095ed00000 - 0x000002095ed03000 	C:\Program Files\Java\jdk1.8.0_261\jre\bin\api-ms-win-core-processthreads-l1-1-1.dll
0x000002095ed10000 - 0x000002095ed13000 	C:\Program Files\Java\jdk1.8.0_261\jre\bin\api-ms-win-core-profile-l1-1-0.dll
0x000002095ed20000 - 0x000002095ed23000 	C:\Program Files\Java\jdk1.8.0_261\jre\bin\api-ms-win-core-rtlsupport-l1-1-0.dll
0x000002095ed30000 - 0x000002095ed33000 	C:\Program Files\Java\jdk1.8.0_261\jre\bin\api-ms-win-core-string-l1-1-0.dll
0x000002095ed40000 - 0x000002095ed43000 	C:\Program Files\Java\jdk1.8.0_261\jre\bin\api-ms-win-core-synch-l1-1-0.dll
0x000002095ed50000 - 0x000002095ed53000 	C:\Program Files\Java\jdk1.8.0_261\jre\bin\api-ms-win-core-synch-l1-2-0.dll
0x000002095ed60000 - 0x000002095ed63000 	C:\Program Files\Java\jdk1.8.0_261\jre\bin\api-ms-win-core-sysinfo-l1-1-0.dll
0x000002095ed70000 - 0x000002095ed73000 	C:\Program Files\Java\jdk1.8.0_261\jre\bin\api-ms-win-core-timezone-l1-1-0.dll
0x000002095ed80000 - 0x000002095ed83000 	C:\Program Files\Java\jdk1.8.0_261\jre\bin\api-ms-win-core-util-l1-1-0.dll
0x000002095ed90000 - 0x000002095ed93000 	C:\Program Files\Java\jdk1.8.0_261\jre\bin\api-ms-win-crt-conio-l1-1-0.dll
0x000002095eda0000 - 0x000002095eda4000 	C:\Program Files\Java\jdk1.8.0_261\jre\bin\api-ms-win-crt-convert-l1-1-0.dll
0x000002095edb0000 - 0x000002095edb3000 	C:\Program Files\Java\jdk1.8.0_261\jre\bin\api-ms-win-crt-environment-l1-1-0.dll
0x000002095edc0000 - 0x000002095edc3000 	C:\Program Files\Java\jdk1.8.0_261\jre\bin\api-ms-win-crt-filesystem-l1-1-0.dll
0x000002095edd0000 - 0x000002095edd3000 	C:\Program Files\Java\jdk1.8.0_261\jre\bin\api-ms-win-crt-heap-l1-1-0.dll
0x000002095ede0000 - 0x000002095ede3000 	C:\Program Files\Java\jdk1.8.0_261\jre\bin\api-ms-win-crt-locale-l1-1-0.dll
0x000002095edf0000 - 0x000002095edf5000 	C:\Program Files\Java\jdk1.8.0_261\jre\bin\api-ms-win-crt-math-l1-1-0.dll
0x000002095ee00000 - 0x000002095ee05000 	C:\Program Files\Java\jdk1.8.0_261\jre\bin\api-ms-win-crt-multibyte-l1-1-0.dll
0x000002095ee10000 - 0x000002095ee20000 	C:\Program Files\Java\jdk1.8.0_261\jre\bin\api-ms-win-crt-private-l1-1-0.dll
0x000002095ee20000 - 0x000002095ee23000 	C:\Program Files\Java\jdk1.8.0_261\jre\bin\api-ms-win-crt-process-l1-1-0.dll
0x000002095ee30000 - 0x000002095ee34000 	C:\Program Files\Java\jdk1.8.0_261\jre\bin\api-ms-win-crt-runtime-l1-1-0.dll
0x000002095ee40000 - 0x000002095ee44000 	C:\Program Files\Java\jdk1.8.0_261\jre\bin\api-ms-win-crt-stdio-l1-1-0.dll
0x000002095ee50000 - 0x000002095ee54000 	C:\Program Files\Java\jdk1.8.0_261\jre\bin\api-ms-win-crt-string-l1-1-0.dll
0x000002095ee60000 - 0x000002095ee63000 	C:\Program Files\Java\jdk1.8.0_261\jre\bin\api-ms-win-crt-time-l1-1-0.dll
0x000002095ee70000 - 0x000002095ee73000 	C:\Program Files\Java\jdk1.8.0_261\jre\bin\api-ms-win-crt-utility-l1-1-0.dll
0x00007ffac12a0000 - 0x00007ffac139c000 	C:\Program Files\Java\jdk1.8.0_261\jre\bin\ucrtbase.dll
0x00007ffac2a50000 - 0x00007ffac2aa1000 	C:\Program Files\Java\jdk1.8.0_261\jre\bin\concrt140.dll
0x00007ffac2db0000 - 0x00007ffac2dd3000 	C:\Program Files\Java\jdk1.8.0_261\jre\bin\prism_d3d.dll
0x00007ffabd470000 - 0x00007ffabd616000 	C:\WINDOWS\system32\d3d9.dll
0x00007ffac67e0000 - 0x00007ffac680f000 	C:\WINDOWS\SYSTEM32\dwmapi.dll
0x00007ffac6380000 - 0x00007ffac63b8000 	C:\WINDOWS\SYSTEM32\dxcore.dll
0x00007ffac6040000 - 0x00007ffac60ec000 	C:\WINDOWS\system32\uxtheme.dll
0x00007ffab67a0000 - 0x00007ffab6905000 	C:\WINDOWS\System32\DriverStore\FileRepository\iigd_dch.inf_amd64_e6980897e3126266\igdumdim64.dll
0x00007ffacb710000 - 0x00007ffacb8aa000 	C:\WINDOWS\System32\ole32.dll
0x00007ffa1e550000 - 0x00007ffa221db000 	C:\WINDOWS\System32\DriverStore\FileRepository\iigd_dch.inf_amd64_e6980897e3126266\igd9dxva64.dll
0x00007ffaca960000 - 0x00007ffacaa36000 	C:\WINDOWS\System32\OLEAUT32.dll
0x00007ffacaba0000 - 0x00007ffacb00c000 	C:\WINDOWS\System32\SETUPAPI.dll
0x00007ffac8b60000 - 0x00007ffac8bac000 	C:\WINDOWS\SYSTEM32\cfgmgr32.dll
0x00007ffabed20000 - 0x00007ffabf056000 	C:\WINDOWS\System32\DriverStore\FileRepository\iigd_dch.inf_amd64_e6980897e3126266\igdgmm64.dll
0x00007ffac45d0000 - 0x00007ffac4614000 	C:\WINDOWS\SYSTEM32\directxdatabasehelper.dll
0x00007ffac7fe0000 - 0x00007ffac8014000 	C:\WINDOWS\SYSTEM32\ntmarta.dll
0x00007ffac1250000 - 0x00007ffac1295000 	C:\Program Files\Java\jdk1.8.0_261\jre\bin\glass.dll
0x00007ffac99a0000 - 0x00007ffac9a8c000 	C:\WINDOWS\System32\COMDLG32.dll
0x00007ffacb360000 - 0x00007ffacb47d000 	C:\WINDOWS\System32\MSCTF.dll
0x00007ffac90a0000 - 0x00007ffac911f000 	C:\WINDOWS\System32\bcryptPrimitives.dll
0x00007ffa6eea0000 - 0x00007ffa6eec7000 	C:\WINDOWS\System32\DriverStore\FileRepository\iigd_dch.inf_amd64_e6980897e3126266\igdinfo64.dll
0x00007ffac86f0000 - 0x00007ffac8708000 	C:\WINDOWS\SYSTEM32\CRYPTSP.dll
0x00007ffac7f20000 - 0x00007ffac7f55000 	C:\WINDOWS\system32\rsaenh.dll
0x00007ffac86e0000 - 0x00007ffac86ec000 	C:\WINDOWS\SYSTEM32\CRYPTBASE.dll
0x00007ffac8870000 - 0x00007ffac8897000 	C:\WINDOWS\SYSTEM32\bcrypt.dll
0x00007ffab9470000 - 0x00007ffabc1ff000 	C:\WINDOWS\System32\DriverStore\FileRepository\iigd_dch.inf_amd64_e6980897e3126266\igc64.dll
0x00007ffac2a30000 - 0x00007ffac2a44000 	C:\Program Files\Java\jdk1.8.0_261\jre\bin\javafx_font.dll
0x00007ffaaa480000 - 0x00007ffaaa6df000 	C:\WINDOWS\SYSTEM32\dwrite.dll
0x00007ffac9ba0000 - 0x00007ffac9c55000 	C:\WINDOWS\System32\clbcatq.dll
0x00007ffac15d0000 - 0x00007ffac177e000 	C:\WINDOWS\SYSTEM32\WindowsCodecs.dll
0x00007ffaa7840000 - 0x00007ffaa789d000 	C:\WINDOWS\system32\dataexchange.dll
0x00007ffac2fb0000 - 0x00007ffac3216000 	C:\WINDOWS\system32\twinapi.appcore.dll
0x00007ffac4860000 - 0x00007ffac4892000 	C:\Program Files\Common Files\Microsoft Shared\Ink\rtscom.dll
0x00007ffab17e0000 - 0x00007ffab190d000 	C:\WINDOWS\SYSTEM32\textinputframework.dll
0x00007ffac5c60000 - 0x00007ffac5d91000 	C:\WINDOWS\SYSTEM32\CoreMessaging.dll
0x00007ffac33e0000 - 0x00007ffac374d000 	C:\WINDOWS\SYSTEM32\CoreUIComponents.dll
0x00007ffac4b80000 - 0x00007ffac5138000 	C:\WINDOWS\SYSTEM32\d2d1.dll
0x00007ffac2740000 - 0x00007ffac29c0000 	C:\WINDOWS\SYSTEM32\d3d11.dll
0x00007ffac61b0000 - 0x00007ffac62a3000 	C:\WINDOWS\SYSTEM32\dxgi.dll
0x00007ffac1d60000 - 0x00007ffac2462000 	C:\WINDOWS\SYSTEM32\D3D10Warp.dll
0x00007ffaace10000 - 0x00007ffaace22000 	C:\Program Files\Java\jdk1.8.0_261\jre\bin\prism_common.dll

VM Arguments:
jvm_args: -Dfile.encoding=Cp1252 
java_command: Game.RunGame
java_class_path (initial): C:\Users\Jay Latigay\CMSC 22\MiniProject\bin;C:\Users\Jay Latigay\OneDrive\Desktop\eclipse\plugins\org.eclipse.fx.ide.css.jfx8_2.4.0.201605112122.jar
Launcher Type: SUN_STANDARD

Environment Variables:
PATH=C:/Program Files/Java/jdk1.8.0_261/bin/../jre/bin/server;C:/Program Files/Java/jdk1.8.0_261/bin/../jre/bin;C:/Program Files/Java/jdk1.8.0_261/bin/../jre/lib/amd64;C:\Windows\system32;C:\Windows;C:\Windows\System32\Wbem;C:\Windows\System32\WindowsPowerShell\v1.0\;C:\Windows\System32\OpenSSH\;C:\Program Files (x86)\NVIDIA Corporation\PhysX\Common;C:\Program Files\NVIDIA Corporation\NVIDIA NvDLISR;C:\WINDOWS\system32;C:\WINDOWS;C:\WINDOWS\System32\Wbem;C:\WINDOWS\System32\WindowsPowerShell\v1.0\;C:\WINDOWS\System32\OpenSSH\;C:\Program Files\Git\cmd;C:\Program Files\Java\jdk1.8.0_261\bin;C:\Program Files\PowerShell\7\;C:\Users\Jay Latigay\AppData\Local\Programs\Python\Python310\Scripts\;C:\Users\Jay Latigay\AppData\Local\Programs\Python\Python310\;C:\Users\Jay Latigay\AppData\Local\Microsoft\WindowsApps;;C:\Users\Jay Latigay\OneDrive\Desktop\eclipse;
USERNAME=Jay Latigay
OS=Windows_NT
PROCESSOR_IDENTIFIER=Intel64 Family 6 Model 165 Stepping 2, GenuineIntel



---------------  S Y S T E M  ---------------

OS: Windows 10.0 , 64 bit Build 22000 (10.0.22000.1335)

CPU:total 12 (initial active 12) (6 cores per cpu, 2 threads per core) family 6 model 165 stepping 2, cmov, cx8, fxsr, mmx, sse, sse2, sse3, ssse3, sse4.1, sse4.2, popcnt, avx, avx2, aes, clmul, erms, 3dnowpref, lzcnt, ht, tsc, tscinvbit, bmi1, bmi2, adx

Memory: 4k page, physical 16641840k(5365632k free), swap 66973488k(4140k free)

vm_info: Java HotSpot(TM) 64-Bit Server VM (25.261-b12) for windows-amd64 JRE (1.8.0_261-b12), built on Jun 18 2020 06:56:32 by "" with unknown MS VC++:1916

time: Tue Jan 10 07:03:16 2023
timezone: Malay Peninsula Standard Time
elapsed time: 3 seconds (0d 0h 0m 3s)

