#
# There is insufficient memory for the Java Runtime Environment to continue.
# Native memory allocation (malloc) failed to allocate 787776 bytes for Chunk::new
# Possible reasons:
#   The system is out of physical RAM or swap space
#   The process is running with CompressedOops enabled, and the Java Heap may be blocking the growth of the native heap
# Possible solutions:
#   Reduce memory load on the system
#   Increase physical memory or swap space
#   Check if swap backing store is full
#   Decrease Java heap size (-Xmx/-Xms)
#   Decrease number of Java threads
#   Decrease Java thread stack sizes (-Xss)
#   Set larger code cache with -XX:ReservedCodeCacheSize=
#   JVM is running with Zero Based Compressed Oops mode in which the Java heap is
#     placed in the first 32GB address space. The Java Heap base address is the
#     maximum limit for the native heap growth. Please use -XX:HeapBaseMinAddress
#     to set the Java Heap base and to place the Java Heap above 32GB virtual address.
# This output file may be truncated or incomplete.
#
#  Out of Memory Error (allocation.cpp:389), pid=20864, tid=0x000000000000733c
#
# JRE version: Java(TM) SE Runtime Environment (8.0_261-b12) (build 1.8.0_261-b12)
# Java VM: Java HotSpot(TM) 64-Bit Server VM (25.261-b12 mixed mode windows-amd64 compressed oops)
# Failed to write core dump. Minidumps are not enabled by default on client versions of Windows
#

---------------  T H R E A D  ---------------

Current thread (0x0000020578f32800):  JavaThread "C2 CompilerThread2" daemon [_thread_in_native, id=29500, stack(0x000000a383c00000,0x000000a383d00000)]

Stack: [0x000000a383c00000,0x000000a383d00000]
Native frames: (J=compiled Java code, j=interpreted, Vv=VM code, C=native code)
V  [jvm.dll+0x33e5f9]
V  [jvm.dll+0x2850e2]
V  [jvm.dll+0x285d8d]
V  [jvm.dll+0x27c895]
V  [jvm.dll+0xe4d6c]
V  [jvm.dll+0xe556c]
V  [jvm.dll+0x461812]
V  [jvm.dll+0x49cc3d]
V  [jvm.dll+0x450e26]
V  [jvm.dll+0x44eb84]
V  [jvm.dll+0x439bc7]
V  [jvm.dll+0xbbbcb]
V  [jvm.dll+0xba22b]
V  [jvm.dll+0x24d962]
V  [jvm.dll+0x2a1cfc]
C  [ucrtbase.dll+0x26c0c]
C  [KERNEL32.DLL+0x155a0]
C  [ntdll.dll+0x485b]


Current CompileTask:
C2:   4753 1605 %     4      
[error occurred during error reporting (printing current compile task), id 0xe0000001]


---------------  P R O C E S S  ---------------

Java Threads: ( => current thread )
  0x0000020502152000 
[error occurred during error reporting (printing all threads), id 0xc0000005]

VM state:at safepoint (normal execution)

VM Mutex/Monitor currently owned by a thread:  ([mutex/lock_event])
[0x000002055e20f280] Threads_lock - owner thread: 0x0000020578ec3800
[0x000002055e202550] Heap_lock - owner thread: 0x000002057b9fe800

heap address: 0x00000006c2000000, size: 4064 MB, Compressed Oops mode: Zero based, Oop shift amount: 3
Narrow klass base: 0x0000000000000000, Narrow klass shift: 3
Compressed class space size: 1073741824 Address: 0x00000007c0000000

Heap:
 PSYoungGen      total 246272K, used 544K [0x000000076b580000, 0x000000077c580000, 0x00000007c0000000)
  eden space 229888K, 0% used [0x000000076b580000,0x000000076b580000,0x0000000779600000)
  from space 16384K, 3% used [0x000000077a580000,0x000000077a608000,0x000000077b580000)
  to   space 13824K, 0% used [0x000000077b800000,0x000000077b800000,0x000000077c580000)
 ParOldGen       total 414208K, used 248866K [0x00000006c2000000, 0x00000006db480000, 0x000000076b580000)
  object space 414208K, 60% used [0x00000006c2000000,0x00000006d1308a18,0x00000006db480000)
 Metaspace       used 13476K, capacity 14016K, committed 14080K, reserved 1064960K
  class space    used 1831K, capacity 1996K, committed 2048K, reserved 1048576K

Card table byte_map: [0x000002056f020000,0x000002056f820000] byte_map_base: 0x000002056ba10000

Marking Bits: (ParMarkBitMap*) 0x0000000074d04fb0
 Begin Bits: [0x000002056fd70000, 0x0000020573cf0000)
 End Bits:   [0x0000020573cf0000, 0x0000020577c70000)

Polling page: 0x000002055e390000

CodeCache: size=245760Kb used=5378Kb max_used=5378Kb free=240381Kb
 bounds [0x000002055fc60000, 0x00000205601b0000, 0x000002056ec60000]
 total_blobs=2273 nmethods=1634 adapters=551
 compilation: enabled

Compilation events (10 events):
Event: 4.702 Thread 0x0000020578f33800 1629       1       com.sun.javafx.tk.quantum.GlassScene::getDepthBuffer (5 bytes)
Event: 4.702 Thread 0x0000020578f33800 nmethod 1629 0x000002056019f710 code [0x000002056019f860, 0x000002056019f978]
Event: 4.702 Thread 0x0000020578f33800 1630       1       com.sun.javafx.tk.quantum.SceneState::getCamera (5 bytes)
Event: 4.702 Thread 0x0000020578f33800 nmethod 1630 0x000002056019f450 code [0x000002056019f5a0, 0x000002056019f6b8]
Event: 4.703 Thread 0x0000020578f33800 1631       3       com.sun.javafx.text.PrismTextLayout::initCache (276 bytes)
Event: 4.704 Thread 0x0000020578f33800 nmethod 1631 0x00000205601a1d90 code [0x00000205601a1f80, 0x00000205601a2ae0]
Event: 4.704 Thread 0x0000020578f33800 1632       3       com.sun.javafx.text.PrismTextLayout::copyCache (49 bytes)
Event: 4.704 Thread 0x0000020578f33800 nmethod 1632 0x00000205601a2e10 code [0x00000205601a2f80, 0x00000205601a3250]
Event: 4.704 Thread 0x0000020578f33800 1633       3       com.sun.javafx.font.PrismFont::equals (52 bytes)
Event: 4.704 Thread 0x0000020578f33800 nmethod 1633 0x00000205601a3310 code [0x00000205601a34a0, 0x00000205601a3a10]

GC Heap History (10 events):
Event: 3.222 GC heap before
{Heap before GC invocations=6 (full 1):
 PSYoungGen      total 136704K, used 122704K [0x000000076b580000, 0x0000000774780000, 0x00000007c0000000)
  eden space 128000K, 95% used [0x000000076b580000,0x0000000772c8dd00,0x0000000773280000)
  from space 8704K, 9% used [0x0000000773f00000,0x0000000773fc6440,0x0000000774780000)
  to   space 10752K, 0% used [0x0000000773280000,0x0000000773280000,0x0000000773d00000)
 ParOldGen       total 250368K, used 162452K [0x00000006c2000000, 0x00000006d1480000, 0x000000076b580000)
  object space 250368K, 64% used [0x00000006c2000000,0x00000006cbea5080,0x00000006d1480000)
 Metaspace       used 13092K, capacity 13610K, committed 13824K, reserved 1060864K
  class space    used 1821K, capacity 1993K, committed 2048K, reserved 1048576K
Event: 3.252 GC heap after
Heap after GC invocations=6 (full 1):
 PSYoungGen      total 138752K, used 3722K [0x000000076b580000, 0x000000077c580000, 0x00000007c0000000)
  eden space 128000K, 0% used [0x000000076b580000,0x000000076b580000,0x0000000773280000)
  from space 10752K, 34% used [0x0000000773280000,0x0000000773622910,0x0000000773d00000)
  to   space 13824K, 0% used [0x000000077b800000,0x000000077b800000,0x000000077c580000)
 ParOldGen       total 250368K, used 243185K [0x00000006c2000000, 0x00000006d1480000, 0x000000076b580000)
  object space 250368K, 97% used [0x00000006c2000000,0x00000006d0d7c4c0,0x00000006d1480000)
 Metaspace       used 13092K, capacity 13610K, committed 13824K, reserved 1060864K
  class space    used 1821K, capacity 1993K, committed 2048K, reserved 1048576K
}
Event: 3.252 GC heap before
{Heap before GC invocations=7 (full 2):
 PSYoungGen      total 138752K, used 3722K [0x000000076b580000, 0x000000077c580000, 0x00000007c0000000)
  eden space 128000K, 0% used [0x000000076b580000,0x000000076b580000,0x0000000773280000)
  from space 10752K, 34% used [0x0000000773280000,0x0000000773622910,0x0000000773d00000)
  to   space 13824K, 0% used [0x000000077b800000,0x000000077b800000,0x000000077c580000)
 ParOldGen       total 250368K, used 243185K [0x00000006c2000000, 0x00000006d1480000, 0x000000076b580000)
  object space 250368K, 97% used [0x00000006c2000000,0x00000006d0d7c4c0,0x00000006d1480000)
 Metaspace       used 13092K, capacity 13610K, committed 13824K, reserved 1060864K
  class space    used 1821K, capacity 1993K, committed 2048K, reserved 1048576K
Event: 3.297 GC heap after
Heap after GC invocations=7 (full 2):
 PSYoungGen      total 138752K, used 0K [0x000000076b580000, 0x000000077c580000, 0x00000007c0000000)
  eden space 128000K, 0% used [0x000000076b580000,0x000000076b580000,0x0000000773280000)
  from space 10752K, 0% used [0x0000000773280000,0x0000000773280000,0x0000000773d00000)
  to   space 13824K, 0% used [0x000000077b800000,0x000000077b800000,0x000000077c580000)
 ParOldGen       total 414208K, used 245357K [0x00000006c2000000, 0x00000006db480000, 0x000000076b580000)
  object space 414208K, 59% used [0x00000006c2000000,0x00000006d0f9b5a8,0x00000006db480000)
 Metaspace       used 13092K, capacity 13610K, committed 13824K, reserved 1060864K
  class space    used 1821K, capacity 1993K, committed 2048K, reserved 1048576K
}
Event: 3.596 GC heap before
{Heap before GC invocations=8 (full 2):
 PSYoungGen      total 138752K, used 117590K [0x000000076b580000, 0x000000077c580000, 0x00000007c0000000)
  eden space 128000K, 91% used [0x000000076b580000,0x0000000772855928,0x0000000773280000)
  from space 10752K, 0% used [0x0000000773280000,0x0000000773280000,0x0000000773d00000)
  to   space 13824K, 0% used [0x000000077b800000,0x000000077b800000,0x000000077c580000)
 ParOldGen       total 414208K, used 245357K [0x00000006c2000000, 0x00000006db480000, 0x000000076b580000)
  object space 414208K, 59% used [0x00000006c2000000,0x00000006d0f9b5a8,0x00000006db480000)
 Metaspace       used 13189K, capacity 13810K, committed 14080K, reserved 1060864K
  class space    used 1827K, capacity 1995K, committed 2048K, reserved 1048576K
Event: 3.613 GC heap after
Heap after GC invocations=8 (full 2):
 PSYoungGen      total 243712K, used 13641K [0x000000076b580000, 0x000000077c580000, 0x00000007c0000000)
  eden space 229888K, 0% used [0x000000076b580000,0x000000076b580000,0x0000000779600000)
  from space 13824K, 98% used [0x000000077b800000,0x000000077c552410,0x000000077c580000)
  to   space 16384K, 0% used [0x000000077a580000,0x000000077a580000,0x000000077b580000)
 ParOldGen       total 414208K, used 248671K [0x00000006c2000000, 0x00000006db480000, 0x000000076b580000)
  object space 414208K, 60% used [0x00000006c2000000,0x00000006d12d7eb8,0x00000006db480000)
 Metaspace       used 13189K, capacity 13810K, committed 14080K, reserved 1060864K
  class space    used 1827K, capacity 1995K, committed 2048K, reserved 1048576K
}
Event: 4.098 GC heap before
{Heap before GC invocations=9 (full 2):
 PSYoungGen      total 243712K, used 242322K [0x000000076b580000, 0x000000077c580000, 0x00000007c0000000)
  eden space 229888K, 99% used [0x000000076b580000,0x00000007794d2710,0x0000000779600000)
  from space 13824K, 98% used [0x000000077b800000,0x000000077c552410,0x000000077c580000)
  to   space 16384K, 0% used [0x000000077a580000,0x000000077a580000,0x000000077b580000)
 ParOldGen       total 414208K, used 248671K [0x00000006c2000000, 0x00000006db480000, 0x000000076b580000)
  object space 414208K, 60% used [0x00000006c2000000,0x00000006d12d7eb8,0x00000006db480000)
 Metaspace       used 13362K, capacity 13946K, committed 14080K, reserved 1060864K
  class space    used 1830K, capacity 1995K, committed 2048K, reserved 1048576K
Event: 4.109 GC heap after
Heap after GC invocations=9 (full 2):
 PSYoungGen      total 246272K, used 13737K [0x000000076b580000, 0x000000077c580000, 0x00000007c0000000)
  eden space 229888K, 0% used [0x000000076b580000,0x000000076b580000,0x0000000779600000)
  from space 16384K, 83% used [0x000000077a580000,0x000000077b2ea410,0x000000077b580000)
  to   space 13824K, 0% used [0x000000077b800000,0x000000077b800000,0x000000077c580000)
 ParOldGen       total 414208K, used 248679K [0x00000006c2000000, 0x00000006db480000, 0x000000076b580000)
  object space 414208K, 60% used [0x00000006c2000000,0x00000006d12d9eb8,0x00000006db480000)
 Metaspace       used 13362K, capacity 13946K, committed 14080K, reserved 1060864K
  class space    used 1830K, capacity 1995K, committed 2048K, reserved 1048576K
}
Event: 4.514 GC heap before
{Heap before GC invocations=10 (full 2):
 PSYoungGen      total 246272K, used 241856K [0x000000076b580000, 0x000000077c580000, 0x00000007c0000000)
  eden space 229888K, 99% used [0x000000076b580000,0x0000000779445cd0,0x0000000779600000)
  from space 16384K, 83% used [0x000000077a580000,0x000000077b2ea410,0x000000077b580000)
  to   space 13824K, 0% used [0x000000077b800000,0x000000077b800000,0x000000077c580000)
 ParOldGen       total 414208K, used 248679K [0x00000006c2000000, 0x00000006db480000, 0x000000076b580000)
  object space 414208K, 60% used [0x00000006c2000000,0x00000006d12d9eb8,0x00000006db480000)
 Metaspace       used 13451K, capacity 14010K, committed 14080K, reserved 1060864K
  class space    used 1830K, capacity 1995K, committed 2048K, reserved 1048576K
Event: 4.518 GC heap after
Heap after GC invocations=10 (full 2):
 PSYoungGen      total 243712K, used 13801K [0x000000076b580000, 0x000000077c580000, 0x00000007c0000000)
  eden space 229888K, 0% used [0x000000076b580000,0x000000076b580000,0x0000000779600000)
  from space 13824K, 99% used [0x000000077b800000,0x000000077c57a410,0x000000077c580000)
  to   space 16384K, 0% used [0x000000077a580000,0x000000077a580000,0x000000077b580000)
 ParOldGen       total 414208K, used 248711K [0x00000006c2000000, 0x00000006db480000, 0x000000076b580000)
  object space 414208K, 60% used [0x00000006c2000000,0x00000006d12e1eb8,0x00000006db480000)
 Metaspace       used 13451K, capacity 14010K, committed 14080K, reserved 1060864K
  class space    used 1830K, capacity 1995K, committed 2048K, reserved 1048576K
}

Deoptimization events (10 events):
Event: 1.240 Thread 0x000002057b9fe800 Uncommon trap: reason=class_check action=maybe_recompile pc=0x000002055fd7e2c0 method=java.lang.String.equals(Ljava/lang/Object;)Z @ 8
Event: 1.242 Thread 0x000002057b9fe800 Uncommon trap: reason=class_check action=maybe_recompile pc=0x000002055fd7e2c0 method=java.lang.String.equals(Ljava/lang/Object;)Z @ 8
Event: 1.289 Thread 0x000002057b9fe800 Uncommon trap: reason=unstable_if action=reinterpret pc=0x000002055ff41ae0 method=sun.net.www.ParseUtil.encodePath(Ljava/lang/String;Z)Ljava/lang/String; @ 109
Event: 1.330 Thread 0x000002057b9fe800 Uncommon trap: reason=unstable_if action=reinterpret pc=0x000002055ff9b868 method=jdk.internal.org.objectweb.asm.Type.getArgumentsAndReturnSizes(Ljava/lang/String;)I @ 47
Event: 3.121 Thread 0x000002057b9fe800 Uncommon trap: reason=unstable_if action=reinterpret pc=0x000002055fea3944 method=com.sun.javafx.iio.common.RoughScaler.putSourceScanline([BI)Z @ 33
Event: 3.123 Thread 0x000002057b9fe800 Uncommon trap: reason=unstable_if action=reinterpret pc=0x000002056004a5dc method=com.sun.javafx.iio.gif.GIFImageLoader2.restoreToBackground([BIIII)V @ 7
Event: 3.133 Thread 0x000002057b9fe800 Uncommon trap: reason=unstable_if action=reinterpret pc=0x000002055fec1a14 method=com.sun.javafx.image.impl.ByteBgra$ToByteBgraPreConv.doConvert([BII[BIIII)V @ 75
Event: 3.148 Thread 0x000002057b9fe800 Uncommon trap: reason=unstable_if action=reinterpret pc=0x000002055fec9f30 method=com.sun.javafx.iio.png.PNGImageLoader2.paethPr(III)I @ 30
Event: 3.149 Thread 0x000002057b9fe800 Uncommon trap: reason=unstable_if action=reinterpret pc=0x000002055fecc62c method=java.lang.Math.abs(I)I @ 1
Event: 3.693 Thread 0x000002057b9fe800 Uncommon trap: reason=unstable_if action=reinterpret pc=0x000002056007e750 method=java.util.ArrayList$Itr.checkForComodification()V @ 11

Classes redefined (0 events):
No events

Internal exceptions (10 events):
Event: 4.284 Thread 0x000002057b980800 Implicit null exception at 0x00000205600b1714 to 0x00000205600b489f
Event: 4.284 Thread 0x000002057b980800 Exception <a 'java/lang/NullPointerException'> (0x0000000770786078) thrown at [C:\jenkins\workspace\8-2-build-windows-amd64-cygwin\jdk8u261\295\hotspot\src\share\vm\runtime\sharedRuntime.cpp, line 605]
Event: 4.286 Thread 0x000002057b980800 Implicit null exception at 0x00000205600b1714 to 0x00000205600b489f
Event: 4.286 Thread 0x000002057b980800 Exception <a 'java/lang/NullPointerException'> (0x000000077078c138) thrown at [C:\jenkins\workspace\8-2-build-windows-amd64-cygwin\jdk8u261\295\hotspot\src\share\vm\runtime\sharedRuntime.cpp, line 605]
Event: 4.404 Thread 0x000002057b980800 Implicit null exception at 0x00000205600b1714 to 0x00000205600b489f
Event: 4.404 Thread 0x000002057b980800 Exception <a 'java/lang/NullPointerException'> (0x00000007707921f8) thrown at [C:\jenkins\workspace\8-2-build-windows-amd64-cygwin\jdk8u261\295\hotspot\src\share\vm\runtime\sharedRuntime.cpp, line 605]
Event: 4.405 Thread 0x000002057b9fe800 Exception <a 'java/util/ConcurrentModificationException'> (0x000000077593c170) thrown at [C:\jenkins\workspace\8-2-build-windows-amd64-cygwin\jdk8u261\295\hotspot\src\share\vm\prims\jvm.cpp, line 1516]
Event: 4.414 Thread 0x000002057b9fe800 Exception <a 'java/util/ConcurrentModificationException'> (0x0000000775941f38) thrown at [C:\jenkins\workspace\8-2-build-windows-amd64-cygwin\jdk8u261\295\hotspot\src\share\vm\prims\jvm.cpp, line 1516]
Event: 4.628 Thread 0x000002057b9fe800 Exception <a 'java/util/ConcurrentModificationException'> (0x000000076bc41fc0) thrown at [C:\jenkins\workspace\8-2-build-windows-amd64-cygwin\jdk8u261\295\hotspot\src\share\vm\prims\jvm.cpp, line 1516]
Event: 4.637 Thread 0x000002057b9fe800 Exception <a 'java/util/ConcurrentModificationException'> (0x000000076bc47cf0) thrown at [C:\jenkins\workspace\8-2-build-windows-amd64-cygwin\jdk8u261\295\hotspot\src\share\vm\prims\jvm.cpp, line 1516]

Events (10 events):
Event: 4.202 Thread 0x000002057b9fe800 DEOPT PACKING pc=0x000002056004948f sp=0x000000a3842fd310
Event: 4.202 Thread 0x000002057b9fe800 DEOPT UNPACKING pc=0x000002055fca7898 sp=0x000000a3842fd028 mode 0
Event: 4.202 Thread 0x000002057b9fe800 DEOPT PACKING pc=0x000002056004948f sp=0x000000a3842fd310
Event: 4.202 Thread 0x000002057b9fe800 DEOPT UNPACKING pc=0x000002055fca7898 sp=0x000000a3842fd028 mode 0
Event: 4.514 Executing VM operation: ParallelGCFailedAllocation
Event: 4.518 Executing VM operation: ParallelGCFailedAllocation done
Event: 4.518 Executing VM operation: RevokeBias
Event: 4.518 Executing VM operation: RevokeBias done
Event: 4.719 loading class com/sun/javafx/tk/quantum/GlassViewEventHandler
Event: 4.719 loading class com/sun/javafx/tk/quantum/GlassViewEventHandler done


Dynamic libraries:
0x00007ff616b20000 - 0x00007ff616b67000 	C:\Program Files\Java\jdk1.8.0_261\bin\javaw.exe
0x00007ffb5a360000 - 0x00007ffb5a569000 	C:\WINDOWS\SYSTEM32\ntdll.dll
0x00007ffb58930000 - 0x00007ffb589ee000 	C:\WINDOWS\System32\KERNEL32.DLL
0x00007ffb57b40000 - 0x00007ffb57ebb000 	C:\WINDOWS\System32\KERNELBASE.dll
0x00007ffb58f70000 - 0x00007ffb5901e000 	C:\WINDOWS\System32\ADVAPI32.dll
0x00007ffb58400000 - 0x00007ffb584a3000 	C:\WINDOWS\System32\msvcrt.dll
0x00007ffb58e70000 - 0x00007ffb58f0e000 	C:\WINDOWS\System32\sechost.dll
0x00007ffb587a0000 - 0x00007ffb588c0000 	C:\WINDOWS\System32\RPCRT4.dll
0x00007ffb59b90000 - 0x00007ffb59d3d000 	C:\WINDOWS\System32\USER32.dll
0x00007ffb57950000 - 0x00007ffb57976000 	C:\WINDOWS\System32\win32u.dll
0x00007ffb58730000 - 0x00007ffb58759000 	C:\WINDOWS\System32\GDI32.dll
0x00007ffb57980000 - 0x00007ffb57a98000 	C:\WINDOWS\System32\gdi32full.dll
0x00007ffb57aa0000 - 0x00007ffb57b3d000 	C:\WINDOWS\System32\msvcp_win.dll
0x00007ffb57830000 - 0x00007ffb57941000 	C:\WINDOWS\System32\ucrtbase.dll
0x00007ffb42e30000 - 0x00007ffb430d5000 	C:\WINDOWS\WinSxS\amd64_microsoft.windows.common-controls_6595b64144ccf1df_6.0.22000.120_none_9d947278b86cc467\COMCTL32.dll
0x00007ffb58760000 - 0x00007ffb58792000 	C:\WINDOWS\System32\IMM32.DLL
0x00007ffb47070000 - 0x00007ffb47085000 	C:\Program Files\Java\jdk1.8.0_261\jre\bin\vcruntime140.dll
0x00007ffb45990000 - 0x00007ffb45a2b000 	C:\Program Files\Java\jdk1.8.0_261\jre\bin\msvcp140.dll
0x0000000074510000 - 0x0000000074d7c000 	C:\Program Files\Java\jdk1.8.0_261\jre\bin\server\jvm.dll
0x00007ffb58e60000 - 0x00007ffb58e68000 	C:\WINDOWS\System32\PSAPI.DLL
0x00007ffb46070000 - 0x00007ffb46079000 	C:\WINDOWS\SYSTEM32\WSOCK32.dll
0x00007ffb4f790000 - 0x00007ffb4f79a000 	C:\WINDOWS\SYSTEM32\VERSION.dll
0x00007ffb4f430000 - 0x00007ffb4f463000 	C:\WINDOWS\SYSTEM32\WINMM.dll
0x00007ffb588c0000 - 0x00007ffb5892f000 	C:\WINDOWS\System32\WS2_32.dll
0x00007ffb56960000 - 0x00007ffb56978000 	C:\WINDOWS\SYSTEM32\kernel.appcore.dll
0x00007ffb534d0000 - 0x00007ffb534e0000 	C:\Program Files\Java\jdk1.8.0_261\jre\bin\verify.dll
0x00007ffb45a30000 - 0x00007ffb45a5b000 	C:\Program Files\Java\jdk1.8.0_261\jre\bin\java.dll
0x00007ffb51200000 - 0x00007ffb51218000 	C:\Program Files\Java\jdk1.8.0_261\jre\bin\zip.dll
0x00007ffb59040000 - 0x00007ffb597f7000 	C:\WINDOWS\System32\SHELL32.dll
0x00007ffb558f0000 - 0x00007ffb56155000 	C:\WINDOWS\SYSTEM32\windows.storage.dll
0x00007ffb59ec0000 - 0x00007ffb5a238000 	C:\WINDOWS\System32\combase.dll
0x00007ffb55780000 - 0x00007ffb558e6000 	C:\WINDOWS\SYSTEM32\wintypes.dll
0x00007ffb59dd0000 - 0x00007ffb59eba000 	C:\WINDOWS\System32\SHCORE.dll
0x00007ffb584b0000 - 0x00007ffb5850d000 	C:\WINDOWS\System32\shlwapi.dll
0x00007ffb57760000 - 0x00007ffb57781000 	C:\WINDOWS\SYSTEM32\profapi.dll
0x000002055e420000 - 0x000002055e423000 	C:\Program Files\Java\jdk1.8.0_261\jre\bin\api-ms-win-core-console-l1-1-0.dll
0x000002055e430000 - 0x000002055e433000 	C:\Program Files\Java\jdk1.8.0_261\jre\bin\api-ms-win-core-datetime-l1-1-0.dll
0x000002055e440000 - 0x000002055e443000 	C:\Program Files\Java\jdk1.8.0_261\jre\bin\api-ms-win-core-debug-l1-1-0.dll
0x000002055e450000 - 0x000002055e453000 	C:\Program Files\Java\jdk1.8.0_261\jre\bin\api-ms-win-core-errorhandling-l1-1-0.dll
0x000002055e460000 - 0x000002055e464000 	C:\Program Files\Java\jdk1.8.0_261\jre\bin\api-ms-win-core-file-l1-1-0.dll
0x000002055e470000 - 0x000002055e473000 	C:\Program Files\Java\jdk1.8.0_261\jre\bin\api-ms-win-core-file-l1-2-0.dll
0x000002055e480000 - 0x000002055e483000 	C:\Program Files\Java\jdk1.8.0_261\jre\bin\api-ms-win-core-file-l2-1-0.dll
0x000002055e490000 - 0x000002055e493000 	C:\Program Files\Java\jdk1.8.0_261\jre\bin\api-ms-win-core-handle-l1-1-0.dll
0x000002055e4a0000 - 0x000002055e4a3000 	C:\Program Files\Java\jdk1.8.0_261\jre\bin\api-ms-win-core-heap-l1-1-0.dll
0x000002057b790000 - 0x000002057b793000 	C:\Program Files\Java\jdk1.8.0_261\jre\bin\api-ms-win-core-interlocked-l1-1-0.dll
0x000002057b7a0000 - 0x000002057b7a3000 	C:\Program Files\Java\jdk1.8.0_261\jre\bin\api-ms-win-core-libraryloader-l1-1-0.dll
0x000002057b7b0000 - 0x000002057b7b3000 	C:\Program Files\Java\jdk1.8.0_261\jre\bin\api-ms-win-core-localization-l1-2-0.dll
0x000002057b7c0000 - 0x000002057b7c3000 	C:\Program Files\Java\jdk1.8.0_261\jre\bin\api-ms-win-core-memory-l1-1-0.dll
0x000002057b7d0000 - 0x000002057b7d3000 	C:\Program Files\Java\jdk1.8.0_261\jre\bin\api-ms-win-core-namedpipe-l1-1-0.dll
0x000002057b7e0000 - 0x000002057b7e3000 	C:\Program Files\Java\jdk1.8.0_261\jre\bin\api-ms-win-core-processenvironment-l1-1-0.dll
0x000002057b7f0000 - 0x000002057b7f3000 	C:\Program Files\Java\jdk1.8.0_261\jre\bin\api-ms-win-core-processthreads-l1-1-0.dll
0x000002057b800000 - 0x000002057b803000 	C:\Program Files\Java\jdk1.8.0_261\jre\bin\api-ms-win-core-processthreads-l1-1-1.dll
0x000002057b810000 - 0x000002057b813000 	C:\Program Files\Java\jdk1.8.0_261\jre\bin\api-ms-win-core-profile-l1-1-0.dll
0x000002057b820000 - 0x000002057b823000 	C:\Program Files\Java\jdk1.8.0_261\jre\bin\api-ms-win-core-rtlsupport-l1-1-0.dll
0x000002057b830000 - 0x000002057b833000 	C:\Program Files\Java\jdk1.8.0_261\jre\bin\api-ms-win-core-string-l1-1-0.dll
0x000002057b840000 - 0x000002057b843000 	C:\Program Files\Java\jdk1.8.0_261\jre\bin\api-ms-win-core-synch-l1-1-0.dll
0x000002057b850000 - 0x000002057b853000 	C:\Program Files\Java\jdk1.8.0_261\jre\bin\api-ms-win-core-synch-l1-2-0.dll
0x000002057b860000 - 0x000002057b863000 	C:\Program Files\Java\jdk1.8.0_261\jre\bin\api-ms-win-core-sysinfo-l1-1-0.dll
0x000002057b870000 - 0x000002057b873000 	C:\Program Files\Java\jdk1.8.0_261\jre\bin\api-ms-win-core-timezone-l1-1-0.dll
0x000002057b880000 - 0x000002057b883000 	C:\Program Files\Java\jdk1.8.0_261\jre\bin\api-ms-win-core-util-l1-1-0.dll
0x000002057b890000 - 0x000002057b893000 	C:\Program Files\Java\jdk1.8.0_261\jre\bin\api-ms-win-crt-conio-l1-1-0.dll
0x000002057b8a0000 - 0x000002057b8a4000 	C:\Program Files\Java\jdk1.8.0_261\jre\bin\api-ms-win-crt-convert-l1-1-0.dll
0x000002057b8b0000 - 0x000002057b8b3000 	C:\Program Files\Java\jdk1.8.0_261\jre\bin\api-ms-win-crt-environment-l1-1-0.dll
0x000002057b8c0000 - 0x000002057b8c3000 	C:\Program Files\Java\jdk1.8.0_261\jre\bin\api-ms-win-crt-filesystem-l1-1-0.dll
0x000002057b8d0000 - 0x000002057b8d3000 	C:\Program Files\Java\jdk1.8.0_261\jre\bin\api-ms-win-crt-heap-l1-1-0.dll
0x000002057b8e0000 - 0x000002057b8e3000 	C:\Program Files\Java\jdk1.8.0_261\jre\bin\api-ms-win-crt-locale-l1-1-0.dll
0x000002057b8f0000 - 0x000002057b8f5000 	C:\Program Files\Java\jdk1.8.0_261\jre\bin\api-ms-win-crt-math-l1-1-0.dll
0x000002057b900000 - 0x000002057b905000 	C:\Program Files\Java\jdk1.8.0_261\jre\bin\api-ms-win-crt-multibyte-l1-1-0.dll
0x000002057b910000 - 0x000002057b920000 	C:\Program Files\Java\jdk1.8.0_261\jre\bin\api-ms-win-crt-private-l1-1-0.dll
0x000002057b920000 - 0x000002057b923000 	C:\Program Files\Java\jdk1.8.0_261\jre\bin\api-ms-win-crt-process-l1-1-0.dll
0x000002057b930000 - 0x000002057b934000 	C:\Program Files\Java\jdk1.8.0_261\jre\bin\api-ms-win-crt-runtime-l1-1-0.dll
0x000002057b940000 - 0x000002057b944000 	C:\Program Files\Java\jdk1.8.0_261\jre\bin\api-ms-win-crt-stdio-l1-1-0.dll
0x000002057b950000 - 0x000002057b954000 	C:\Program Files\Java\jdk1.8.0_261\jre\bin\api-ms-win-crt-string-l1-1-0.dll
0x000002057b960000 - 0x000002057b963000 	C:\Program Files\Java\jdk1.8.0_261\jre\bin\api-ms-win-crt-time-l1-1-0.dll
0x000002057b970000 - 0x000002057b973000 	C:\Program Files\Java\jdk1.8.0_261\jre\bin\api-ms-win-crt-utility-l1-1-0.dll
0x00007ffb453f0000 - 0x00007ffb454ec000 	C:\Program Files\Java\jdk1.8.0_261\jre\bin\ucrtbase.dll
0x00007ffb45930000 - 0x00007ffb45981000 	C:\Program Files\Java\jdk1.8.0_261\jre\bin\concrt140.dll
0x00007ffb45900000 - 0x00007ffb45923000 	C:\Program Files\Java\jdk1.8.0_261\jre\bin\prism_d3d.dll
0x00007ffb477c0000 - 0x00007ffb47966000 	C:\WINDOWS\system32\d3d9.dll
0x00007ffb54f50000 - 0x00007ffb54f7f000 	C:\WINDOWS\SYSTEM32\dwmapi.dll
0x00007ffb54d20000 - 0x00007ffb54d58000 	C:\WINDOWS\SYSTEM32\dxcore.dll
0x00007ffb549e0000 - 0x00007ffb54a8c000 	C:\WINDOWS\system32\uxtheme.dll
0x00007ffb26500000 - 0x00007ffb26665000 	C:\WINDOWS\System32\DriverStore\FileRepository\iigd_dch.inf_amd64_e6980897e3126266\igdumdim64.dll
0x00007ffb58510000 - 0x00007ffb586aa000 	C:\WINDOWS\System32\ole32.dll
0x00007ffab16a0000 - 0x00007ffab532b000 	C:\WINDOWS\System32\DriverStore\FileRepository\iigd_dch.inf_amd64_e6980897e3126266\igd9dxva64.dll
0x00007ffb59800000 - 0x00007ffb598d6000 	C:\WINDOWS\System32\OLEAUT32.dll
0x00007ffb589f0000 - 0x00007ffb58e5c000 	C:\WINDOWS\System32\SETUPAPI.dll
0x00007ffb57500000 - 0x00007ffb5754c000 	C:\WINDOWS\SYSTEM32\cfgmgr32.dll
0x00007ffb4da40000 - 0x00007ffb4dd76000 	C:\WINDOWS\System32\DriverStore\FileRepository\iigd_dch.inf_amd64_e6980897e3126266\igdgmm64.dll
0x00007ffb52cb0000 - 0x00007ffb52cf4000 	C:\WINDOWS\SYSTEM32\directxdatabasehelper.dll
0x00007ffb56980000 - 0x00007ffb569b4000 	C:\WINDOWS\SYSTEM32\ntmarta.dll
0x00007ffb457e0000 - 0x00007ffb45825000 	C:\Program Files\Java\jdk1.8.0_261\jre\bin\glass.dll
0x00007ffb59aa0000 - 0x00007ffb59b8c000 	C:\WINDOWS\System32\COMDLG32.dll
0x00007ffb58200000 - 0x00007ffb5831d000 	C:\WINDOWS\System32\MSCTF.dll
0x00007ffb57f30000 - 0x00007ffb57faf000 	C:\WINDOWS\System32\bcryptPrimitives.dll
0x00007ffb128b0000 - 0x00007ffb128d7000 	C:\WINDOWS\System32\DriverStore\FileRepository\iigd_dch.inf_amd64_e6980897e3126266\igdinfo64.dll
0x00007ffb57090000 - 0x00007ffb570a8000 	C:\WINDOWS\SYSTEM32\CRYPTSP.dll
0x00007ffb568c0000 - 0x00007ffb568f5000 	C:\WINDOWS\system32\rsaenh.dll
0x00007ffb57080000 - 0x00007ffb5708c000 	C:\WINDOWS\SYSTEM32\CRYPTBASE.dll
0x00007ffb57210000 - 0x00007ffb57237000 	C:\WINDOWS\SYSTEM32\bcrypt.dll
0x00007ffb48140000 - 0x00007ffb4aecf000 	C:\WINDOWS\System32\DriverStore\FileRepository\iigd_dch.inf_amd64_e6980897e3126266\igc64.dll
0x00007ffb47050000 - 0x00007ffb47064000 	C:\Program Files\Java\jdk1.8.0_261\jre\bin\javafx_font.dll
0x00007ffb39140000 - 0x00007ffb3939f000 	C:\WINDOWS\SYSTEM32\dwrite.dll
0x00007ffb58330000 - 0x00007ffb583e5000 	C:\WINDOWS\System32\clbcatq.dll
0x00007ffb4f7a0000 - 0x00007ffb4f94e000 	C:\WINDOWS\SYSTEM32\WindowsCodecs.dll
0x00007ffb36130000 - 0x00007ffb3618d000 	C:\WINDOWS\system32\dataexchange.dll
0x00007ffb51610000 - 0x00007ffb51876000 	C:\WINDOWS\system32\twinapi.appcore.dll
0x00007ffb45780000 - 0x00007ffb457b2000 	C:\Program Files\Common Files\Microsoft Shared\Ink\rtscom.dll
0x00007ffb3ec70000 - 0x00007ffb3ed9d000 	C:\WINDOWS\SYSTEM32\textinputframework.dll
0x00007ffb54600000 - 0x00007ffb54731000 	C:\WINDOWS\SYSTEM32\CoreMessaging.dll
0x00007ffb51d20000 - 0x00007ffb5208d000 	C:\WINDOWS\SYSTEM32\CoreUIComponents.dll
0x00007ffb53510000 - 0x00007ffb53ac8000 	C:\WINDOWS\SYSTEM32\d2d1.dll
0x00007ffb51250000 - 0x00007ffb514d0000 	C:\WINDOWS\SYSTEM32\d3d11.dll
0x00007ffb54b50000 - 0x00007ffb54c43000 	C:\WINDOWS\SYSTEM32\dxgi.dll
0x00007ffb50760000 - 0x00007ffb50e62000 	C:\WINDOWS\SYSTEM32\D3D10Warp.dll
0x00007ffb458e0000 - 0x00007ffb458f2000 	C:\Program Files\Java\jdk1.8.0_261\jre\bin\prism_common.dll
0x00007ffb54f80000 - 0x00007ffb551a1000 	C:\WINDOWS\SYSTEM32\dbghelp.dll

VM Arguments:
jvm_args: -Dfile.encoding=Cp1252 
java_command: Game.RunGame
java_class_path (initial): C:\Users\Jay Latigay\CMSC 22\MiniProject\bin;C:\Users\Jay Latigay\OneDrive\Desktop\eclipse\plugins\org.eclipse.fx.ide.css.jfx8_2.4.0.201605112122.jar
Launcher Type: SUN_STANDARD

Environment Variables:
PATH=C:/Program Files/Java/jdk1.8.0_261/bin/../jre/bin/server;C:/Program Files/Java/jdk1.8.0_261/bin/../jre/bin;C:/Program Files/Java/jdk1.8.0_261/bin/../jre/lib/amd64;C:\Windows\system32;C:\Windows;C:\Windows\System32\Wbem;C:\Windows\System32\WindowsPowerShell\v1.0\;C:\Windows\System32\OpenSSH\;C:\Program Files (x86)\NVIDIA Corporation\PhysX\Common;C:\Program Files\NVIDIA Corporation\NVIDIA NvDLISR;C:\WINDOWS\system32;C:\WINDOWS;C:\WINDOWS\System32\Wbem;C:\WINDOWS\System32\WindowsPowerShell\v1.0\;C:\WINDOWS\System32\OpenSSH\;C:\Program Files\Git\cmd;C:\Program Files\Java\jdk1.8.0_261\bin;C:\Program Files\PowerShell\7\;C:\Users\Jay Latigay\AppData\Local\Programs\Python\Python310\Scripts\;C:\Users\Jay Latigay\AppData\Local\Programs\Python\Python310\;C:\Users\Jay Latigay\AppData\Local\Microsoft\WindowsApps;;C:\Users\Jay Latigay\OneDrive\Desktop\eclipse;
USERNAME=Jay Latigay
OS=Windows_NT
PROCESSOR_IDENTIFIER=Intel64 Family 6 Model 165 Stepping 2, GenuineIntel



---------------  S Y S T E M  ---------------

OS: Windows 10.0 , 64 bit Build 22000 (10.0.22000.1335)

CPU:total 12 (initial active 12) (6 cores per cpu, 2 threads per core) family 6 model 165 stepping 2, cmov, cx8, fxsr, mmx, sse, sse2, sse3, ssse3, sse4.1, sse4.2, popcnt, avx, avx2, aes, clmul, erms, 3dnowpref, lzcnt, ht, tsc, tscinvbit, bmi1, bmi2, adx

Memory: 4k page, physical 16641840k(3411920k free), swap 66973488k(18436k free)

vm_info: Java HotSpot(TM) 64-Bit Server VM (25.261-b12) for windows-amd64 JRE (1.8.0_261-b12), built on Jun 18 2020 06:56:32 by "" with unknown MS VC++:1916

time: Tue Jan 10 04:57:14 2023
timezone: Malay Peninsula Standard Time
elapsed time: 4 seconds (0d 0h 0m 4s)

