#
# There is insufficient memory for the Java Runtime Environment to continue.
# Native memory allocation (malloc) failed to allocate 1062176 bytes for Chunk::new
# Possible reasons:
#   The system is out of physical RAM or swap space
#   The process is running with CompressedOops enabled, and the Java Heap may be blocking the growth of the native heap
# Possible solutions:
#   Reduce memory load on the system
#   Increase physical memory or swap space
#   Check if swap backing store is full
#   Decrease Java heap size (-Xmx/-Xms)
#   Decrease number of Java threads
#   Decrease Java thread stack sizes (-Xss)
#   Set larger code cache with -XX:ReservedCodeCacheSize=
#   JVM is running with Zero Based Compressed Oops mode in which the Java heap is
#     placed in the first 32GB address space. The Java Heap base address is the
#     maximum limit for the native heap growth. Please use -XX:HeapBaseMinAddress
#     to set the Java Heap base and to place the Java Heap above 32GB virtual address.
# This output file may be truncated or incomplete.
#
#  Out of Memory Error (allocation.cpp:389), pid=26032, tid=0x0000000000001604
#
# JRE version: Java(TM) SE Runtime Environment (8.0_261-b12) (build 1.8.0_261-b12)
# Java VM: Java HotSpot(TM) 64-Bit Server VM (25.261-b12 mixed mode windows-amd64 compressed oops)
# Failed to write core dump. Minidumps are not enabled by default on client versions of Windows
#

---------------  T H R E A D  ---------------

Current thread (0x000001547e0f5000):  JavaThread "C2 CompilerThread1" daemon [_thread_in_native, id=5636, stack(0x000000303f600000,0x000000303f700000)]

Stack: [0x000000303f600000,0x000000303f700000]
Native frames: (J=compiled Java code, j=interpreted, Vv=VM code, C=native code)
V  [jvm.dll+0x33e5f9]
V  [jvm.dll+0x2850e2]
V  [jvm.dll+0x285d8d]
V  [jvm.dll+0x27c895]
V  [jvm.dll+0xe4d6c]
V  [jvm.dll+0xe556c]
V  [jvm.dll+0x461812]
V  [jvm.dll+0x49cc3d]
V  [jvm.dll+0x4518c1]
V  [jvm.dll+0x44eb84]
V  [jvm.dll+0x439bc7]
V  [jvm.dll+0xbbbcb]
V  [jvm.dll+0xba22b]
V  [jvm.dll+0x24d962]
V  [jvm.dll+0x2a1cfc]
C  [ucrtbase.dll+0x26c0c]
C  [KERNEL32.DLL+0x155a0]
C  [ntdll.dll+0x485b]


Current CompileTask:
C2:   3516 1504 %     4       Game.GameTimer::handle @ 294 (1410 bytes)


---------------  P R O C E S S  ---------------

Java Threads: ( => current thread )
  0x000001540ee3b000 JavaThread "Thread-47" [_thread_blocked, id=14920, stack(0x0000003043200000,0x0000003043300000)]
  0x000001540ee3a800 JavaThread "Thread-46" [_thread_blocked, id=22424, stack(0x0000003043100000,0x0000003043200000)]
  0x000001540ee39000 JavaThread "Thread-45" [_thread_blocked, id=26828, stack(0x0000003043000000,0x0000003043100000)]
  0x000001540ee36000 JavaThread "Thread-44" [_thread_blocked, id=25416, stack(0x0000003042f00000,0x0000003043000000)]
  0x000001540ee38000 JavaThread "Thread-43" [_thread_blocked, id=27624, stack(0x0000003042e00000,0x0000003042f00000)]
  0x000001540ee34800 JavaThread "Thread-42" [_thread_blocked, id=3904, stack(0x0000003042d00000,0x0000003042e00000)]
  0x000001540ee35000 JavaThread "Thread-41" [_thread_blocked, id=24232, stack(0x0000003042c00000,0x0000003042d00000)]
  0x0000015409101000 JavaThread "Thread-40" [_thread_blocked, id=20884, stack(0x0000003042b00000,0x0000003042c00000)]
  0x00000154090ff800 JavaThread "Thread-39" [_thread_blocked, id=21912, stack(0x0000003042a00000,0x0000003042b00000)]
  0x0000015409102000 JavaThread "Thread-38" [_thread_blocked, id=22436, stack(0x0000003042900000,0x0000003042a00000)]
  0x00000154090fe000 JavaThread "Thread-37" [_thread_blocked, id=8204, stack(0x0000003042800000,0x0000003042900000)]
  0x0000015409100800 JavaThread "Thread-36" [_thread_blocked, id=13044, stack(0x0000003042700000,0x0000003042800000)]
  0x00000154090ff000 JavaThread "Thread-35" [_thread_blocked, id=24472, stack(0x0000003042600000,0x0000003042700000)]
  0x00000154090fd800 JavaThread "Thread-34" [_thread_blocked, id=27256, stack(0x0000003042500000,0x0000003042600000)]
  0x00000154090fc800 JavaThread "Thread-33" [_thread_blocked, id=24760, stack(0x0000003042400000,0x0000003042500000)]
  0x0000015409102800 JavaThread "Thread-32" [_thread_blocked, id=18032, stack(0x0000003042300000,0x0000003042400000)]
  0x0000015409103800 JavaThread "Thread-31" [_thread_blocked, id=23656, stack(0x0000003042200000,0x0000003042300000)]
  0x00000154090f5000 JavaThread "Thread-30" [_thread_blocked, id=22248, stack(0x0000003042100000,0x0000003042200000)]
  0x00000154090f7800 JavaThread "Thread-29" [_thread_blocked, id=27140, stack(0x0000003042000000,0x0000003042100000)]
  0x00000154090f6800 JavaThread "Thread-28" [_thread_blocked, id=21228, stack(0x0000003041f00000,0x0000003042000000)]
  0x00000154090fc000 JavaThread "Thread-27" [_thread_blocked, id=25892, stack(0x0000003041e00000,0x0000003041f00000)]
  0x00000154090f8000 JavaThread "Thread-26" [_thread_blocked, id=26496, stack(0x0000003041d00000,0x0000003041e00000)]
  0x00000154090fb000 JavaThread "Thread-25" [_thread_blocked, id=23096, stack(0x0000003041c00000,0x0000003041d00000)]
  0x00000154090f6000 JavaThread "Thread-24" [_thread_blocked, id=10756, stack(0x0000003041b00000,0x0000003041c00000)]
  0x00000154090fa800 JavaThread "Thread-23" [_thread_blocked, id=26272, stack(0x0000003041a00000,0x0000003041b00000)]
  0x00000154090f9800 JavaThread "Thread-22" [_thread_blocked, id=26152, stack(0x0000003041900000,0x0000003041a00000)]
  0x00000154090f4800 JavaThread "Thread-21" [_thread_blocked, id=4692, stack(0x0000003041800000,0x0000003041900000)]
  0x00000154090f9000 JavaThread "Thread-20" [_thread_blocked, id=17084, stack(0x0000003041700000,0x0000003041800000)]
  0x000001540ef4c000 JavaThread "Thread-19" [_thread_blocked, id=24884, stack(0x0000003041600000,0x0000003041700000)]
  0x000001540ef4b800 JavaThread "Thread-18" [_thread_blocked, id=25268, stack(0x0000003041500000,0x0000003041600000)]
  0x000001540ef47000 JavaThread "Thread-17" [_thread_blocked, id=23948, stack(0x0000003041400000,0x0000003041500000)]
  0x000001540ef49000 JavaThread "Thread-16" [_thread_blocked, id=21440, stack(0x0000003041300000,0x0000003041400000)]
  0x000001540ef48800 JavaThread "Thread-15" [_thread_blocked, id=16976, stack(0x0000003041200000,0x0000003041300000)]
  0x000001540ef4a800 JavaThread "Thread-14" [_thread_blocked, id=27472, stack(0x0000003041100000,0x0000003041200000)]
  0x000001540ef4a000 JavaThread "Thread-13" [_thread_blocked, id=20248, stack(0x0000003041000000,0x0000003041100000)]
  0x000001540ef4d000 JavaThread "Thread-12" [_thread_blocked, id=16248, stack(0x0000003040f00000,0x0000003041000000)]
  0x000001540ef4d800 JavaThread "Thread-11" [_thread_blocked, id=27628, stack(0x0000003040e00000,0x0000003040f00000)]
  0x000001540ef47800 JavaThread "Thread-10" [_thread_blocked, id=25896, stack(0x0000003040d00000,0x0000003040e00000)]
  0x00000154092a5800 JavaThread "Thread-9" [_thread_blocked, id=16688, stack(0x0000003040c00000,0x0000003040d00000)]
  0x00000154092a5000 JavaThread "Thread-8" [_thread_blocked, id=25284, stack(0x0000003040b00000,0x0000003040c00000)]
  0x000001540ef80000 JavaThread "Thread-7" [_thread_blocked, id=26836, stack(0x0000003040a00000,0x0000003040b00000)]
  0x000001540efc2000 JavaThread "Thread-6" [_thread_blocked, id=21124, stack(0x0000003040900000,0x0000003040a00000)]
  0x00000154091a4000 JavaThread "Prism Font Disposer" daemon [_thread_blocked, id=26860, stack(0x0000003040600000,0x0000003040700000)]
  0x0000015408d54800 JavaThread "Thread-3" daemon [_thread_in_native, id=13544, stack(0x0000003040100000,0x0000003040200000)]
  0x0000015408d17000 JavaThread "JavaFX-Launcher" [_thread_blocked, id=27328, stack(0x0000003040200000,0x0000003040300000)]
  0x0000015408b33800 JavaThread "JavaFX Application Thread" [_thread_in_native, id=25012, stack(0x000000303fd00000,0x000000303fe00000)]
  0x0000015408b21000 JavaThread "Thread-1" daemon [_thread_blocked, id=16308, stack(0x000000303fc00000,0x000000303fd00000)]
  0x0000015408919800 JavaThread "QuantumRenderer-0" daemon [_thread_blocked, id=27136, stack(0x000000303fb00000,0x000000303fc00000)]
  0x00000154085ae800 JavaThread "Service Thread" daemon [_thread_blocked, id=21024, stack(0x000000303f900000,0x000000303fa00000)]
  0x000001547e101000 JavaThread "C1 CompilerThread3" daemon [_thread_blocked, id=27604, stack(0x000000303f800000,0x000000303f900000)]
  0x000001547e0fe000 JavaThread "C2 CompilerThread2" daemon [_thread_blocked, id=18124, stack(0x000000303f700000,0x000000303f800000)]
=>0x000001547e0f5000 JavaThread "C2 CompilerThread1" daemon [_thread_in_native, id=5636, stack(0x000000303f600000,0x000000303f700000)]
  0x000001547e0ee000 JavaThread "C2 CompilerThread0" daemon [_thread_blocked, id=27112, stack(0x000000303f500000,0x000000303f600000)]
  0x000001547e0ed800 JavaThread "Attach Listener" daemon [_thread_blocked, id=17280, stack(0x000000303f400000,0x000000303f500000)]
  0x000001547e0ec800 JavaThread "Signal Dispatcher" daemon [_thread_blocked, id=24828, stack(0x000000303f300000,0x000000303f400000)]
  0x000001547e0cb800 JavaThread "Finalizer" daemon [_thread_blocked, id=26700, stack(0x000000303f200000,0x000000303f300000)]
  0x000001547e0c4800 JavaThread "Reference Handler" daemon [_thread_blocked, id=17220, stack(0x000000303f100000,0x000000303f200000)]
  0x000001546b224000 JavaThread "main" [_thread_blocked, id=24600, stack(0x000000303e500000,0x000000303e600000)]

Other Threads:
  0x000001547e09b000 VMThread [stack: 0x000000303f000000,0x000000303f100000] [id=12332]
  0x00000154085d9800 WatcherThread [stack: 0x000000303fa00000,0x000000303fb00000] [id=10696]

VM state:not at safepoint (normal execution)

VM Mutex/Monitor currently owned by a thread: None

heap address: 0x00000006c2000000, size: 4064 MB, Compressed Oops mode: Zero based, Oop shift amount: 3
Narrow klass base: 0x0000000000000000, Narrow klass shift: 3
Compressed class space size: 1073741824 Address: 0x00000007c0000000

Heap:
 PSYoungGen      total 138240K, used 48923K [0x000000076b580000, 0x000000077c480000, 0x00000007c0000000)
  eden space 127488K, 38% used [0x000000076b580000,0x000000076e546f50,0x0000000773200000)
  from space 10752K, 0% used [0x0000000773200000,0x0000000773200000,0x0000000773c80000)
  to   space 14336K, 0% used [0x000000077b680000,0x000000077b680000,0x000000077c480000)
 ParOldGen       total 263680K, used 228200K [0x00000006c2000000, 0x00000006d2180000, 0x000000076b580000)
  object space 263680K, 86% used [0x00000006c2000000,0x00000006cfeda0a0,0x00000006d2180000)
 Metaspace       used 13437K, capacity 14074K, committed 14336K, reserved 1060864K
  class space    used 1829K, capacity 1995K, committed 2048K, reserved 1048576K

Card table byte_map: [0x000001547c0a0000,0x000001547c8a0000] byte_map_base: 0x0000015478a90000

Marking Bits: (ParMarkBitMap*) 0x0000000074d04fb0
 Begin Bits: [0x0000015400000000, 0x0000015403f80000)
 End Bits:   [0x0000015403f80000, 0x0000015407f00000)

Polling page: 0x000001546b4d0000

CodeCache: size=245760Kb used=5520Kb max_used=5520Kb free=240239Kb
 bounds [0x000001546cce0000, 0x000001546d250000, 0x000001547bce0000]
 total_blobs=2249 nmethods=1610 adapters=551
 compilation: enabled

Compilation events (10 events):
Event: 3.412 Thread 0x000001547e101000 1601       3       com.sun.javafx.sg.prism.NGNode::render (38 bytes)
Event: 3.412 Thread 0x000001547e101000 nmethod 1601 0x000001546d23dd10 code [0x000001546d23de80, 0x000001546d23e220]
Event: 3.412 Thread 0x000001547e101000 1602       3       com.sun.javafx.sg.prism.NGNode::clearDirty (26 bytes)
Event: 3.412 Thread 0x000001547e101000 nmethod 1602 0x000001546d23e2d0 code [0x000001546d23e440, 0x000001546d23e6b0]
Event: 3.412 Thread 0x000001547e101000 1603       3       com.sun.javafx.sg.prism.NGNode::doRender (473 bytes)
Event: 3.414 Thread 0x000001547e101000 nmethod 1603 0x000001546d23e790 code [0x000001546d23eb20, 0x000001546d241470]
Event: 3.414 Thread 0x000001547e101000 1604       3       com.sun.prism.impl.BaseGraphics::setState3D (6 bytes)
Event: 3.414 Thread 0x000001547e101000 nmethod 1604 0x000001546d242b50 code [0x000001546d242ca0, 0x000001546d242df8]
Event: 3.415 Thread 0x000001547e101000 1605       3       sun.misc.Unsafe::getAndAddInt (27 bytes)
Event: 3.415 Thread 0x000001547e101000 nmethod 1605 0x000001546d243290 code [0x000001546d243400, 0x000001546d243618]

GC Heap History (10 events):
Event: 2.746 GC heap before
{Heap before GC invocations=8 (full 3):
 PSYoungGen      total 138240K, used 117570K [0x000000076b580000, 0x000000077c480000, 0x00000007c0000000)
  eden space 127488K, 92% used [0x000000076b580000,0x0000000772850888,0x0000000773200000)
  from space 10752K, 0% used [0x0000000773200000,0x0000000773200000,0x0000000773c80000)
  to   space 14336K, 0% used [0x000000077b680000,0x000000077b680000,0x000000077c480000)
 ParOldGen       total 263680K, used 258588K [0x00000006c2000000, 0x00000006d2180000, 0x000000076b580000)
  object space 263680K, 98% used [0x00000006c2000000,0x00000006d1c870e0,0x00000006d2180000)
 Metaspace       used 13111K, capacity 13682K, committed 13824K, reserved 1060864K
  class space    used 1825K, capacity 1995K, committed 2048K, reserved 1048576K
Event: 2.777 GC heap after
Heap after GC invocations=8 (full 3):
 PSYoungGen      total 138240K, used 0K [0x000000076b580000, 0x000000077c480000, 0x00000007c0000000)
  eden space 127488K, 0% used [0x000000076b580000,0x000000076b580000,0x0000000773200000)
  from space 10752K, 0% used [0x0000000773200000,0x0000000773200000,0x0000000773c80000)
  to   space 14336K, 0% used [0x000000077b680000,0x000000077b680000,0x000000077c480000)
 ParOldGen       total 263680K, used 241093K [0x00000006c2000000, 0x00000006d2180000, 0x000000076b580000)
  object space 263680K, 91% used [0x00000006c2000000,0x00000006d0b71488,0x00000006d2180000)
 Metaspace       used 13111K, capacity 13682K, committed 13824K, reserved 1060864K
  class space    used 1825K, capacity 1995K, committed 2048K, reserved 1048576K
}
Event: 2.949 GC heap before
{Heap before GC invocations=9 (full 4):
 PSYoungGen      total 138240K, used 127137K [0x000000076b580000, 0x000000077c480000, 0x00000007c0000000)
  eden space 127488K, 99% used [0x000000076b580000,0x00000007731a8688,0x0000000773200000)
  from space 10752K, 0% used [0x0000000773200000,0x0000000773200000,0x0000000773c80000)
  to   space 14336K, 0% used [0x000000077b680000,0x000000077b680000,0x000000077c480000)
 ParOldGen       total 263680K, used 257624K [0x00000006c2000000, 0x00000006d2180000, 0x000000076b580000)
  object space 263680K, 97% used [0x00000006c2000000,0x00000006d1b961a8,0x00000006d2180000)
 Metaspace       used 13235K, capacity 13810K, committed 14080K, reserved 1060864K
  class space    used 1829K, capacity 1995K, committed 2048K, reserved 1048576K
Event: 2.959 GC heap after
Heap after GC invocations=9 (full 4):
 PSYoungGen      total 138240K, used 0K [0x000000076b580000, 0x000000077c480000, 0x00000007c0000000)
  eden space 127488K, 0% used [0x000000076b580000,0x000000076b580000,0x0000000773200000)
  from space 10752K, 0% used [0x0000000773200000,0x0000000773200000,0x0000000773c80000)
  to   space 14336K, 0% used [0x000000077b680000,0x000000077b680000,0x000000077c480000)
 ParOldGen       total 263680K, used 227961K [0x00000006c2000000, 0x00000006d2180000, 0x000000076b580000)
  object space 263680K, 86% used [0x00000006c2000000,0x00000006cfe9e740,0x00000006d2180000)
 Metaspace       used 13235K, capacity 13810K, committed 14080K, reserved 1060864K
  class space    used 1829K, capacity 1995K, committed 2048K, reserved 1048576K
}
Event: 3.149 GC heap before
{Heap before GC invocations=10 (full 5):
 PSYoungGen      total 138240K, used 115939K [0x000000076b580000, 0x000000077c480000, 0x00000007c0000000)
  eden space 127488K, 90% used [0x000000076b580000,0x00000007726b8c60,0x0000000773200000)
  from space 10752K, 0% used [0x0000000773200000,0x0000000773200000,0x0000000773c80000)
  to   space 14336K, 0% used [0x000000077b680000,0x000000077b680000,0x000000077c480000)
 ParOldGen       total 263680K, used 227961K [0x00000006c2000000, 0x00000006d2180000, 0x000000076b580000)
  object space 263680K, 86% used [0x00000006c2000000,0x00000006cfe9e740,0x00000006d2180000)
 Metaspace       used 13358K, capacity 13882K, committed 14080K, reserved 1060864K
  class space    used 1829K, capacity 1995K, committed 2048K, reserved 1048576K
Event: 3.158 GC heap after
Heap after GC invocations=10 (full 5):
 PSYoungGen      total 138240K, used 0K [0x000000076b580000, 0x000000077c480000, 0x00000007c0000000)
  eden space 127488K, 0% used [0x000000076b580000,0x000000076b580000,0x0000000773200000)
  from space 10752K, 0% used [0x0000000773200000,0x0000000773200000,0x0000000773c80000)
  to   space 14336K, 0% used [0x000000077b680000,0x000000077b680000,0x000000077c480000)
 ParOldGen       total 263680K, used 228054K [0x00000006c2000000, 0x00000006d2180000, 0x000000076b580000)
  object space 263680K, 86% used [0x00000006c2000000,0x00000006cfeb5848,0x00000006d2180000)
 Metaspace       used 13358K, capacity 13882K, committed 14080K, reserved 1060864K
  class space    used 1829K, capacity 1995K, committed 2048K, reserved 1048576K
}
Event: 3.334 GC heap before
{Heap before GC invocations=11 (full 6):
 PSYoungGen      total 138240K, used 115863K [0x000000076b580000, 0x000000077c480000, 0x00000007c0000000)
  eden space 127488K, 90% used [0x000000076b580000,0x00000007726a5c90,0x0000000773200000)
  from space 10752K, 0% used [0x0000000773200000,0x0000000773200000,0x0000000773c80000)
  to   space 14336K, 0% used [0x000000077b680000,0x000000077b680000,0x000000077c480000)
 ParOldGen       total 263680K, used 228054K [0x00000006c2000000, 0x00000006d2180000, 0x000000076b580000)
  object space 263680K, 86% used [0x00000006c2000000,0x00000006cfeb5848,0x00000006d2180000)
 Metaspace       used 13417K, capacity 14010K, committed 14080K, reserved 1060864K
  class space    used 1829K, capacity 1995K, committed 2048K, reserved 1048576K
Event: 3.343 GC heap after
Heap after GC invocations=11 (full 6):
 PSYoungGen      total 138240K, used 0K [0x000000076b580000, 0x000000077c480000, 0x00000007c0000000)
  eden space 127488K, 0% used [0x000000076b580000,0x000000076b580000,0x0000000773200000)
  from space 10752K, 0% used [0x0000000773200000,0x0000000773200000,0x0000000773c80000)
  to   space 14336K, 0% used [0x000000077b680000,0x000000077b680000,0x000000077c480000)
 ParOldGen       total 263680K, used 228122K [0x00000006c2000000, 0x00000006d2180000, 0x000000076b580000)
  object space 263680K, 86% used [0x00000006c2000000,0x00000006cfec6a20,0x00000006d2180000)
 Metaspace       used 13417K, capacity 14010K, committed 14080K, reserved 1060864K
  class space    used 1829K, capacity 1995K, committed 2048K, reserved 1048576K
}
Event: 3.467 GC heap before
{Heap before GC invocations=12 (full 7):
 PSYoungGen      total 138240K, used 115373K [0x000000076b580000, 0x000000077c480000, 0x00000007c0000000)
  eden space 127488K, 90% used [0x000000076b580000,0x000000077262b670,0x0000000773200000)
  from space 10752K, 0% used [0x0000000773200000,0x0000000773200000,0x0000000773c80000)
  to   space 14336K, 0% used [0x000000077b680000,0x000000077b680000,0x000000077c480000)
 ParOldGen       total 263680K, used 228122K [0x00000006c2000000, 0x00000006d2180000, 0x000000076b580000)
  object space 263680K, 86% used [0x00000006c2000000,0x00000006cfec6a20,0x00000006d2180000)
 Metaspace       used 13435K, capacity 14010K, committed 14080K, reserved 1060864K
  class space    used 1829K, capacity 1995K, committed 2048K, reserved 1048576K
Event: 3.476 GC heap after
Heap after GC invocations=12 (full 7):
 PSYoungGen      total 138240K, used 0K [0x000000076b580000, 0x000000077c480000, 0x00000007c0000000)
  eden space 127488K, 0% used [0x000000076b580000,0x000000076b580000,0x0000000773200000)
  from space 10752K, 0% used [0x0000000773200000,0x0000000773200000,0x0000000773c80000)
  to   space 14336K, 0% used [0x000000077b680000,0x000000077b680000,0x000000077c480000)
 ParOldGen       total 263680K, used 228200K [0x00000006c2000000, 0x00000006d2180000, 0x000000076b580000)
  object space 263680K, 86% used [0x00000006c2000000,0x00000006cfeda0a0,0x00000006d2180000)
 Metaspace       used 13435K, capacity 14010K, committed 14080K, reserved 1060864K
  class space    used 1829K, capacity 1995K, committed 2048K, reserved 1048576K
}

Deoptimization events (10 events):
Event: 0.646 Thread 0x0000015408b33800 Uncommon trap: reason=class_check action=maybe_recompile pc=0x000001546cdfe1c0 method=java.lang.String.equals(Ljava/lang/Object;)Z @ 8
Event: 0.647 Thread 0x0000015408b33800 Uncommon trap: reason=class_check action=maybe_recompile pc=0x000001546cdfe1c0 method=java.lang.String.equals(Ljava/lang/Object;)Z @ 8
Event: 0.670 Thread 0x0000015408b33800 Uncommon trap: reason=unstable_if action=reinterpret pc=0x000001546cfbada0 method=sun.net.www.ParseUtil.encodePath(Ljava/lang/String;Z)Ljava/lang/String; @ 109
Event: 2.392 Thread 0x0000015408b33800 Uncommon trap: reason=unstable_if action=reinterpret pc=0x000001546cf1e404 method=com.sun.javafx.iio.common.RoughScaler.putSourceScanline([BI)Z @ 33
Event: 2.393 Thread 0x0000015408b33800 Uncommon trap: reason=unstable_if action=reinterpret pc=0x000001546d0b455c method=com.sun.javafx.iio.gif.GIFImageLoader2.restoreToBackground([BIIII)V @ 7
Event: 2.399 Thread 0x0000015408b33800 Uncommon trap: reason=unstable_if action=reinterpret pc=0x000001546cf38c14 method=com.sun.javafx.image.impl.ByteBgra$ToByteBgraPreConv.doConvert([BII[BIIII)V @ 75
Event: 2.406 Thread 0x0000015408b33800 Uncommon trap: reason=unstable_if action=reinterpret pc=0x000001546cf449b0 method=com.sun.javafx.iio.png.PNGImageLoader2.paethPr(III)I @ 30
Event: 2.406 Thread 0x0000015408b33800 Uncommon trap: reason=unstable_if action=reinterpret pc=0x000001546cf470ac method=java.lang.Math.abs(I)I @ 1
Event: 2.412 Thread 0x0000015408b33800 Uncommon trap: reason=unstable_if action=reinterpret pc=0x000001546cf47b48 method=java.lang.Math.abs(I)I @ 1
Event: 2.828 Thread 0x0000015408b33800 Uncommon trap: reason=unloaded action=reinterpret pc=0x000001546d0df74c method=java.util.ArrayList$Itr.checkForComodification()V @ 14

Classes redefined (0 events):
No events

Internal exceptions (10 events):
Event: 3.409 Thread 0x0000015408919800 Implicit null exception at 0x000001546d1c8a24 to 0x000001546d1cbbaf
Event: 3.409 Thread 0x0000015408919800 Exception <a 'java/lang/NullPointerException'> (0x000000076e5539e0) thrown at [C:\jenkins\workspace\8-2-build-windows-amd64-cygwin\jdk8u261\295\hotspot\src\share\vm\runtime\sharedRuntime.cpp, line 605]
Event: 3.411 Thread 0x0000015408919800 Implicit null exception at 0x000001546d1c8a24 to 0x000001546d1cbbaf
Event: 3.411 Thread 0x0000015408919800 Exception <a 'java/lang/NullPointerException'> (0x000000076e559aa0) thrown at [C:\jenkins\workspace\8-2-build-windows-amd64-cygwin\jdk8u261\295\hotspot\src\share\vm\runtime\sharedRuntime.cpp, line 605]
Event: 3.412 Thread 0x0000015408919800 Implicit null exception at 0x000001546d1c8a24 to 0x000001546d1cbbaf
Event: 3.412 Thread 0x0000015408919800 Exception <a 'java/lang/NullPointerException'> (0x000000076e55fb60) thrown at [C:\jenkins\workspace\8-2-build-windows-amd64-cygwin\jdk8u261\295\hotspot\src\share\vm\runtime\sharedRuntime.cpp, line 605]
Event: 3.414 Thread 0x0000015408919800 Implicit null exception at 0x000001546d1c8a24 to 0x000001546d1cbbaf
Event: 3.414 Thread 0x0000015408919800 Exception <a 'java/lang/NullPointerException'> (0x000000076e565c20) thrown at [C:\jenkins\workspace\8-2-build-windows-amd64-cygwin\jdk8u261\295\hotspot\src\share\vm\runtime\sharedRuntime.cpp, line 605]
Event: 3.415 Thread 0x0000015408919800 Implicit null exception at 0x000001546d1c8a24 to 0x000001546d1cbbaf
Event: 3.415 Thread 0x0000015408919800 Exception <a 'java/lang/NullPointerException'> (0x000000076e56bce0) thrown at [C:\jenkins\workspace\8-2-build-windows-amd64-cygwin\jdk8u261\295\hotspot\src\share\vm\runtime\sharedRuntime.cpp, line 605]

Events (10 events):
Event: 3.149 Executing VM operation: ParallelGCFailedAllocation
Event: 3.158 Executing VM operation: ParallelGCFailedAllocation done
Event: 3.188 Thread 0x0000015408b33800 DEOPT PACKING pc=0x000001546d0b950f sp=0x000000303fdfcd50
Event: 3.188 Thread 0x0000015408b33800 DEOPT UNPACKING pc=0x000001546cd27898 sp=0x000000303fdfca68 mode 0
Event: 3.188 Thread 0x0000015408b33800 DEOPT PACKING pc=0x000001546d0b950f sp=0x000000303fdfcd50
Event: 3.188 Thread 0x0000015408b33800 DEOPT UNPACKING pc=0x000001546cd27898 sp=0x000000303fdfca68 mode 0
Event: 3.334 Executing VM operation: ParallelGCFailedAllocation
Event: 3.344 Executing VM operation: ParallelGCFailedAllocation done
Event: 3.467 Executing VM operation: ParallelGCFailedAllocation
Event: 3.476 Executing VM operation: ParallelGCFailedAllocation done


Dynamic libraries:
0x00007ff616b20000 - 0x00007ff616b67000 	C:\Program Files\Java\jdk1.8.0_261\bin\javaw.exe
0x00007ffb5a360000 - 0x00007ffb5a569000 	C:\WINDOWS\SYSTEM32\ntdll.dll
0x00007ffb58930000 - 0x00007ffb589ee000 	C:\WINDOWS\System32\KERNEL32.DLL
0x00007ffb57b40000 - 0x00007ffb57ebb000 	C:\WINDOWS\System32\KERNELBASE.dll
0x00007ffb58f70000 - 0x00007ffb5901e000 	C:\WINDOWS\System32\ADVAPI32.dll
0x00007ffb58400000 - 0x00007ffb584a3000 	C:\WINDOWS\System32\msvcrt.dll
0x00007ffb58e70000 - 0x00007ffb58f0e000 	C:\WINDOWS\System32\sechost.dll
0x00007ffb587a0000 - 0x00007ffb588c0000 	C:\WINDOWS\System32\RPCRT4.dll
0x00007ffb59b90000 - 0x00007ffb59d3d000 	C:\WINDOWS\System32\USER32.dll
0x00007ffb57950000 - 0x00007ffb57976000 	C:\WINDOWS\System32\win32u.dll
0x00007ffb58730000 - 0x00007ffb58759000 	C:\WINDOWS\System32\GDI32.dll
0x00007ffb57980000 - 0x00007ffb57a98000 	C:\WINDOWS\System32\gdi32full.dll
0x00007ffb57aa0000 - 0x00007ffb57b3d000 	C:\WINDOWS\System32\msvcp_win.dll
0x00007ffb57830000 - 0x00007ffb57941000 	C:\WINDOWS\System32\ucrtbase.dll
0x00007ffb42e30000 - 0x00007ffb430d5000 	C:\WINDOWS\WinSxS\amd64_microsoft.windows.common-controls_6595b64144ccf1df_6.0.22000.120_none_9d947278b86cc467\COMCTL32.dll
0x00007ffb58760000 - 0x00007ffb58792000 	C:\WINDOWS\System32\IMM32.DLL
0x00007ffb34180000 - 0x00007ffb34195000 	C:\Program Files\Java\jdk1.8.0_261\jre\bin\vcruntime140.dll
0x00007ffb340e0000 - 0x00007ffb3417b000 	C:\Program Files\Java\jdk1.8.0_261\jre\bin\msvcp140.dll
0x0000000074510000 - 0x0000000074d7c000 	C:\Program Files\Java\jdk1.8.0_261\jre\bin\server\jvm.dll
0x00007ffb58e60000 - 0x00007ffb58e68000 	C:\WINDOWS\System32\PSAPI.DLL
0x00007ffb4f430000 - 0x00007ffb4f463000 	C:\WINDOWS\SYSTEM32\WINMM.dll
0x00007ffb4f790000 - 0x00007ffb4f79a000 	C:\WINDOWS\SYSTEM32\VERSION.dll
0x00007ffb46070000 - 0x00007ffb46079000 	C:\WINDOWS\SYSTEM32\WSOCK32.dll
0x00007ffb588c0000 - 0x00007ffb5892f000 	C:\WINDOWS\System32\WS2_32.dll
0x00007ffb56960000 - 0x00007ffb56978000 	C:\WINDOWS\SYSTEM32\kernel.appcore.dll
0x00007ffb326e0000 - 0x00007ffb326f0000 	C:\Program Files\Java\jdk1.8.0_261\jre\bin\verify.dll
0x00007ffb2ae80000 - 0x00007ffb2aeab000 	C:\Program Files\Java\jdk1.8.0_261\jre\bin\java.dll
0x00007ffb2a550000 - 0x00007ffb2a568000 	C:\Program Files\Java\jdk1.8.0_261\jre\bin\zip.dll
0x00007ffb59040000 - 0x00007ffb597f7000 	C:\WINDOWS\System32\SHELL32.dll
0x00007ffb558f0000 - 0x00007ffb56155000 	C:\WINDOWS\SYSTEM32\windows.storage.dll
0x00007ffb59ec0000 - 0x00007ffb5a238000 	C:\WINDOWS\System32\combase.dll
0x00007ffb55780000 - 0x00007ffb558e6000 	C:\WINDOWS\SYSTEM32\wintypes.dll
0x00007ffb59dd0000 - 0x00007ffb59eba000 	C:\WINDOWS\System32\SHCORE.dll
0x00007ffb584b0000 - 0x00007ffb5850d000 	C:\WINDOWS\System32\shlwapi.dll
0x00007ffb57760000 - 0x00007ffb57781000 	C:\WINDOWS\SYSTEM32\profapi.dll
0x000001546b510000 - 0x000001546b513000 	C:\Program Files\Java\jdk1.8.0_261\jre\bin\api-ms-win-core-console-l1-1-0.dll
0x000001546b520000 - 0x000001546b523000 	C:\Program Files\Java\jdk1.8.0_261\jre\bin\api-ms-win-core-datetime-l1-1-0.dll
0x000001547ff10000 - 0x000001547ff13000 	C:\Program Files\Java\jdk1.8.0_261\jre\bin\api-ms-win-core-debug-l1-1-0.dll
0x000001547ff20000 - 0x000001547ff23000 	C:\Program Files\Java\jdk1.8.0_261\jre\bin\api-ms-win-core-errorhandling-l1-1-0.dll
0x000001547ff30000 - 0x000001547ff34000 	C:\Program Files\Java\jdk1.8.0_261\jre\bin\api-ms-win-core-file-l1-1-0.dll
0x000001547ff40000 - 0x000001547ff43000 	C:\Program Files\Java\jdk1.8.0_261\jre\bin\api-ms-win-core-file-l1-2-0.dll
0x000001547ff50000 - 0x000001547ff53000 	C:\Program Files\Java\jdk1.8.0_261\jre\bin\api-ms-win-core-file-l2-1-0.dll
0x000001547ff60000 - 0x000001547ff63000 	C:\Program Files\Java\jdk1.8.0_261\jre\bin\api-ms-win-core-handle-l1-1-0.dll
0x000001547ff70000 - 0x000001547ff73000 	C:\Program Files\Java\jdk1.8.0_261\jre\bin\api-ms-win-core-heap-l1-1-0.dll
0x000001547ff80000 - 0x000001547ff83000 	C:\Program Files\Java\jdk1.8.0_261\jre\bin\api-ms-win-core-interlocked-l1-1-0.dll
0x000001547ff90000 - 0x000001547ff93000 	C:\Program Files\Java\jdk1.8.0_261\jre\bin\api-ms-win-core-libraryloader-l1-1-0.dll
0x000001547ffa0000 - 0x000001547ffa3000 	C:\Program Files\Java\jdk1.8.0_261\jre\bin\api-ms-win-core-localization-l1-2-0.dll
0x000001547ffb0000 - 0x000001547ffb3000 	C:\Program Files\Java\jdk1.8.0_261\jre\bin\api-ms-win-core-memory-l1-1-0.dll
0x000001547ffc0000 - 0x000001547ffc3000 	C:\Program Files\Java\jdk1.8.0_261\jre\bin\api-ms-win-core-namedpipe-l1-1-0.dll
0x000001547ffd0000 - 0x000001547ffd3000 	C:\Program Files\Java\jdk1.8.0_261\jre\bin\api-ms-win-core-processenvironment-l1-1-0.dll
0x000001547ffe0000 - 0x000001547ffe3000 	C:\Program Files\Java\jdk1.8.0_261\jre\bin\api-ms-win-core-processthreads-l1-1-0.dll
0x000001547fff0000 - 0x000001547fff3000 	C:\Program Files\Java\jdk1.8.0_261\jre\bin\api-ms-win-core-processthreads-l1-1-1.dll
0x0000015408960000 - 0x0000015408963000 	C:\Program Files\Java\jdk1.8.0_261\jre\bin\api-ms-win-core-profile-l1-1-0.dll
0x0000015408970000 - 0x0000015408973000 	C:\Program Files\Java\jdk1.8.0_261\jre\bin\api-ms-win-core-rtlsupport-l1-1-0.dll
0x0000015408980000 - 0x0000015408983000 	C:\Program Files\Java\jdk1.8.0_261\jre\bin\api-ms-win-core-string-l1-1-0.dll
0x0000015408990000 - 0x0000015408993000 	C:\Program Files\Java\jdk1.8.0_261\jre\bin\api-ms-win-core-synch-l1-1-0.dll
0x00000154089a0000 - 0x00000154089a3000 	C:\Program Files\Java\jdk1.8.0_261\jre\bin\api-ms-win-core-synch-l1-2-0.dll
0x00000154089b0000 - 0x00000154089b3000 	C:\Program Files\Java\jdk1.8.0_261\jre\bin\api-ms-win-core-sysinfo-l1-1-0.dll
0x00000154089c0000 - 0x00000154089c3000 	C:\Program Files\Java\jdk1.8.0_261\jre\bin\api-ms-win-core-timezone-l1-1-0.dll
0x00000154089d0000 - 0x00000154089d3000 	C:\Program Files\Java\jdk1.8.0_261\jre\bin\api-ms-win-core-util-l1-1-0.dll
0x00000154089e0000 - 0x00000154089e3000 	C:\Program Files\Java\jdk1.8.0_261\jre\bin\api-ms-win-crt-conio-l1-1-0.dll
0x00000154089f0000 - 0x00000154089f4000 	C:\Program Files\Java\jdk1.8.0_261\jre\bin\api-ms-win-crt-convert-l1-1-0.dll
0x0000015408a00000 - 0x0000015408a03000 	C:\Program Files\Java\jdk1.8.0_261\jre\bin\api-ms-win-crt-environment-l1-1-0.dll
0x0000015408a10000 - 0x0000015408a13000 	C:\Program Files\Java\jdk1.8.0_261\jre\bin\api-ms-win-crt-filesystem-l1-1-0.dll
0x0000015408a20000 - 0x0000015408a23000 	C:\Program Files\Java\jdk1.8.0_261\jre\bin\api-ms-win-crt-heap-l1-1-0.dll
0x0000015408a30000 - 0x0000015408a33000 	C:\Program Files\Java\jdk1.8.0_261\jre\bin\api-ms-win-crt-locale-l1-1-0.dll
0x0000015408a40000 - 0x0000015408a45000 	C:\Program Files\Java\jdk1.8.0_261\jre\bin\api-ms-win-crt-math-l1-1-0.dll
0x0000015408a50000 - 0x0000015408a55000 	C:\Program Files\Java\jdk1.8.0_261\jre\bin\api-ms-win-crt-multibyte-l1-1-0.dll
0x0000015408a60000 - 0x0000015408a70000 	C:\Program Files\Java\jdk1.8.0_261\jre\bin\api-ms-win-crt-private-l1-1-0.dll
0x0000015408a70000 - 0x0000015408a73000 	C:\Program Files\Java\jdk1.8.0_261\jre\bin\api-ms-win-crt-process-l1-1-0.dll
0x0000015408a80000 - 0x0000015408a84000 	C:\Program Files\Java\jdk1.8.0_261\jre\bin\api-ms-win-crt-runtime-l1-1-0.dll
0x0000015408a90000 - 0x0000015408a94000 	C:\Program Files\Java\jdk1.8.0_261\jre\bin\api-ms-win-crt-stdio-l1-1-0.dll
0x0000015408aa0000 - 0x0000015408aa4000 	C:\Program Files\Java\jdk1.8.0_261\jre\bin\api-ms-win-crt-string-l1-1-0.dll
0x0000015408ab0000 - 0x0000015408ab3000 	C:\Program Files\Java\jdk1.8.0_261\jre\bin\api-ms-win-crt-time-l1-1-0.dll
0x0000015408ac0000 - 0x0000015408ac3000 	C:\Program Files\Java\jdk1.8.0_261\jre\bin\api-ms-win-crt-utility-l1-1-0.dll
0x00007ffb14e30000 - 0x00007ffb14f2c000 	C:\Program Files\Java\jdk1.8.0_261\jre\bin\ucrtbase.dll
0x00007ffb34080000 - 0x00007ffb340d1000 	C:\Program Files\Java\jdk1.8.0_261\jre\bin\concrt140.dll
0x00007ffb34050000 - 0x00007ffb34073000 	C:\Program Files\Java\jdk1.8.0_261\jre\bin\prism_d3d.dll
0x00007ffb477c0000 - 0x00007ffb47966000 	C:\WINDOWS\system32\d3d9.dll
0x00007ffb54f50000 - 0x00007ffb54f7f000 	C:\WINDOWS\SYSTEM32\dwmapi.dll
0x00007ffb54d20000 - 0x00007ffb54d58000 	C:\WINDOWS\SYSTEM32\dxcore.dll
0x00007ffb549e0000 - 0x00007ffb54a8c000 	C:\WINDOWS\system32\uxtheme.dll
0x00007ffb458f0000 - 0x00007ffb45a55000 	C:\WINDOWS\System32\DriverStore\FileRepository\iigd_dch.inf_amd64_e6980897e3126266\igdumdim64.dll
0x00007ffb58510000 - 0x00007ffb586aa000 	C:\WINDOWS\System32\ole32.dll
0x00007ffab16a0000 - 0x00007ffab532b000 	C:\WINDOWS\System32\DriverStore\FileRepository\iigd_dch.inf_amd64_e6980897e3126266\igd9dxva64.dll
0x00007ffb59800000 - 0x00007ffb598d6000 	C:\WINDOWS\System32\OLEAUT32.dll
0x00007ffb589f0000 - 0x00007ffb58e5c000 	C:\WINDOWS\System32\SETUPAPI.dll
0x00007ffb57500000 - 0x00007ffb5754c000 	C:\WINDOWS\SYSTEM32\cfgmgr32.dll
0x00007ffb4da40000 - 0x00007ffb4dd76000 	C:\WINDOWS\System32\DriverStore\FileRepository\iigd_dch.inf_amd64_e6980897e3126266\igdgmm64.dll
0x00007ffb52cb0000 - 0x00007ffb52cf4000 	C:\WINDOWS\SYSTEM32\directxdatabasehelper.dll
0x00007ffb56980000 - 0x00007ffb569b4000 	C:\WINDOWS\SYSTEM32\ntmarta.dll
0x00007ffb20fb0000 - 0x00007ffb20ff5000 	C:\Program Files\Java\jdk1.8.0_261\jre\bin\glass.dll
0x00007ffb59aa0000 - 0x00007ffb59b8c000 	C:\WINDOWS\System32\COMDLG32.dll
0x00007ffb58200000 - 0x00007ffb5831d000 	C:\WINDOWS\System32\MSCTF.dll
0x00007ffb57f30000 - 0x00007ffb57faf000 	C:\WINDOWS\System32\bcryptPrimitives.dll
0x00007ffb128b0000 - 0x00007ffb128d7000 	C:\WINDOWS\System32\DriverStore\FileRepository\iigd_dch.inf_amd64_e6980897e3126266\igdinfo64.dll
0x00007ffb57090000 - 0x00007ffb570a8000 	C:\WINDOWS\SYSTEM32\CRYPTSP.dll
0x00007ffb568c0000 - 0x00007ffb568f5000 	C:\WINDOWS\system32\rsaenh.dll
0x00007ffb57080000 - 0x00007ffb5708c000 	C:\WINDOWS\SYSTEM32\CRYPTBASE.dll
0x00007ffb57210000 - 0x00007ffb57237000 	C:\WINDOWS\SYSTEM32\bcrypt.dll
0x00007ffb48140000 - 0x00007ffb4aecf000 	C:\WINDOWS\System32\DriverStore\FileRepository\iigd_dch.inf_amd64_e6980897e3126266\igc64.dll
0x00007ffb34030000 - 0x00007ffb34044000 	C:\Program Files\Java\jdk1.8.0_261\jre\bin\javafx_font.dll
0x00007ffb39140000 - 0x00007ffb3939f000 	C:\WINDOWS\SYSTEM32\dwrite.dll
0x00007ffb58330000 - 0x00007ffb583e5000 	C:\WINDOWS\System32\clbcatq.dll
0x00007ffb4f7a0000 - 0x00007ffb4f94e000 	C:\WINDOWS\SYSTEM32\WindowsCodecs.dll
0x00007ffb36130000 - 0x00007ffb3618d000 	C:\WINDOWS\system32\dataexchange.dll
0x00007ffb51610000 - 0x00007ffb51876000 	C:\WINDOWS\system32\twinapi.appcore.dll
0x00007ffb532c0000 - 0x00007ffb532f2000 	C:\Program Files\Common Files\Microsoft Shared\Ink\rtscom.dll
0x00007ffb3ec70000 - 0x00007ffb3ed9d000 	C:\WINDOWS\SYSTEM32\textinputframework.dll
0x00007ffb54600000 - 0x00007ffb54731000 	C:\WINDOWS\SYSTEM32\CoreMessaging.dll
0x00007ffb51d20000 - 0x00007ffb5208d000 	C:\WINDOWS\SYSTEM32\CoreUIComponents.dll
0x00007ffb53510000 - 0x00007ffb53ac8000 	C:\WINDOWS\SYSTEM32\d2d1.dll
0x00007ffb51250000 - 0x00007ffb514d0000 	C:\WINDOWS\SYSTEM32\d3d11.dll
0x00007ffb54b50000 - 0x00007ffb54c43000 	C:\WINDOWS\SYSTEM32\dxgi.dll
0x00007ffb50760000 - 0x00007ffb50e62000 	C:\WINDOWS\SYSTEM32\D3D10Warp.dll
0x00007ffb2b280000 - 0x00007ffb2b292000 	C:\Program Files\Java\jdk1.8.0_261\jre\bin\prism_common.dll
0x00007ffb54f80000 - 0x00007ffb551a1000 	C:\WINDOWS\SYSTEM32\dbghelp.dll

VM Arguments:
jvm_args: -Dfile.encoding=Cp1252 
java_command: Game.RunGame
java_class_path (initial): C:\Users\Jay Latigay\CMSC 22\MiniProject\bin;C:\Users\Jay Latigay\OneDrive\Desktop\eclipse\plugins\org.eclipse.fx.ide.css.jfx8_2.4.0.201605112122.jar
Launcher Type: SUN_STANDARD

Environment Variables:
PATH=C:/Program Files/Java/jdk1.8.0_261/bin/../jre/bin/server;C:/Program Files/Java/jdk1.8.0_261/bin/../jre/bin;C:/Program Files/Java/jdk1.8.0_261/bin/../jre/lib/amd64;C:\Windows\system32;C:\Windows;C:\Windows\System32\Wbem;C:\Windows\System32\WindowsPowerShell\v1.0\;C:\Windows\System32\OpenSSH\;C:\Program Files (x86)\NVIDIA Corporation\PhysX\Common;C:\Program Files\NVIDIA Corporation\NVIDIA NvDLISR;C:\WINDOWS\system32;C:\WINDOWS;C:\WINDOWS\System32\Wbem;C:\WINDOWS\System32\WindowsPowerShell\v1.0\;C:\WINDOWS\System32\OpenSSH\;C:\Program Files\Git\cmd;C:\Program Files\Java\jdk1.8.0_261\bin;C:\Program Files\PowerShell\7\;C:\Users\Jay Latigay\AppData\Local\Programs\Python\Python310\Scripts\;C:\Users\Jay Latigay\AppData\Local\Programs\Python\Python310\;C:\Users\Jay Latigay\AppData\Local\Microsoft\WindowsApps;;C:\Users\Jay Latigay\OneDrive\Desktop\eclipse;
USERNAME=Jay Latigay
OS=Windows_NT
PROCESSOR_IDENTIFIER=Intel64 Family 6 Model 165 Stepping 2, GenuineIntel



---------------  S Y S T E M  ---------------

OS: Windows 10.0 , 64 bit Build 22000 (10.0.22000.1335)

CPU:total 12 (initial active 12) (6 cores per cpu, 2 threads per core) family 6 model 165 stepping 2, cmov, cx8, fxsr, mmx, sse, sse2, sse3, ssse3, sse4.1, sse4.2, popcnt, avx, avx2, aes, clmul, erms, 3dnowpref, lzcnt, ht, tsc, tscinvbit, bmi1, bmi2, adx

Memory: 4k page, physical 16641840k(526772k free), swap 66973488k(3132k free)

vm_info: Java HotSpot(TM) 64-Bit Server VM (25.261-b12) for windows-amd64 JRE (1.8.0_261-b12), built on Jun 18 2020 06:56:32 by "" with unknown MS VC++:1916

time: Tue Jan 10 01:28:44 2023
timezone: Malay Peninsula Standard Time
elapsed time: 3 seconds (0d 0h 0m 3s)

